{"ts":"2026-03-05T12:09:27.352","level":"debug","req":"ecfba450","msg":"form_api: JSON output","ctx":{"bytes":4957}}
{"ts":"2026-03-05T12:09:27.447","level":"debug","req":"1bda4104","msg":"form_api: JSON output","ctx":{"bytes":774405}}
{"ts":"2026-03-05T12:09:27.606","level":"debug","req":"67866c11","msg":"form_api: JSON output","ctx":{"bytes":774405}}
{"ts":"2026-03-05T12:09:28.408","level":"debug","req":"15f6ae38","msg":"form_api: JSON output","ctx":{"bytes":15544}}
{"ts":"2026-03-05T12:09:29.468","level":"debug","req":"693da8c1","msg":"form_api: JSON output","ctx":{"bytes":15544}}
{"ts":"2026-03-05T12:09:29.652","level":"debug","req":"cbfa5d8b","msg":"form_api: JSON output","ctx":{"bytes":15374}}
{"ts":"2026-03-05T12:09:42.931","level":"debug","req":"52b56807","msg":"form_api: JSON output","ctx":{"bytes":12755}}
{"ts":"2026-03-05T12:09:43.322","level":"debug","req":"49c06483","msg":"form_api: JSON output","ctx":{"bytes":12755}}
{"ts":"2026-03-05T12:09:43.520","level":"debug","req":"ffe38202","msg":"form_api: JSON output","ctx":{"bytes":17681}}
{"ts":"2026-03-05T12:09:44.300","level":"debug","req":"c9293c8b","msg":"FormDataProvider: Record","ctx":{"field":"HoofdopleiderOpmerking_Oud","bytes":1362,"last30hex":"3e3c42523e5375636365732c2067726f657420456c696e653c42523e0d0a"}}
{"ts":"2026-03-05T12:09:44.438","level":"debug","req":"907b5a47","msg":"form_api: JSON output","ctx":{"bytes":27482}}
{"ts":"2026-03-05T12:09:44.460","level":"debug","req":"c9293c8b","msg":"form_api: Before json_encode","ctx":{"field":"HoofdopleiderOpmerking_Oud","bytes":1362,"last30hex":"3e3c42523e5375636365732c2067726f657420456c696e653c42523e0d0a"}}
{"ts":"2026-03-05T12:09:44.460","level":"debug","req":"c9293c8b","msg":"form_api: JSON output","ctx":{"bytes":23187}}
{"ts":"2026-03-05T12:09:44.694","level":"debug","req":"a5958010","msg":"form_api: JSON output","ctx":{"bytes":23174}}
{"ts":"2026-03-05T12:09:50.543","level":"debug","req":"a02404ab","msg":"form_api: JSON output","ctx":{"bytes":15155}}
{"ts":"2026-03-05T12:09:50.934","level":"debug","req":"349cb764","msg":"form_api: JSON output","ctx":{"bytes":14651}}
{"ts":"2026-03-05T12:09:52.449","level":"debug","req":"d579bebe","msg":"form_api: JSON output","ctx":{"bytes":127429}}
{"ts":"2026-03-05T12:09:52.460","level":"debug","req":"067109aa","msg":"form_api: JSON output","ctx":{"bytes":55605}}
{"ts":"2026-03-05T12:09:52.561","level":"debug","req":"6737a4ea","msg":"form_api: JSON output","ctx":{"bytes":55603}}
{"ts":"2026-03-05T12:09:53.428","level":"debug","req":"014e1187","msg":"form_api: JSON output","ctx":{"bytes":9355}}
{"ts":"2026-03-05T12:09:53.587","level":"debug","req":"22271a06","msg":"form_api: JSON output","ctx":{"bytes":9355}}
{"ts":"2026-03-05T12:09:53.702","level":"debug","req":"4c9b521b","msg":"form_api: JSON output","ctx":{"bytes":1331}}
{"ts":"2026-03-05T12:09:53.761","level":"debug","req":"7e8c0626","msg":"form_api: JSON output","ctx":{"bytes":6843}}
{"ts":"2026-03-05T12:09:58.108","level":"debug","req":"6227fe30","msg":"form_api: JSON output","ctx":{"bytes":9350}}
{"ts":"2026-03-05T12:09:58.529","level":"debug","req":"3dd9b641","msg":"form_api: JSON output","ctx":{"bytes":3517}}
{"ts":"2026-03-05T12:10:15.288","level":"debug","req":"e920f9d1","msg":"form_api: JSON output","ctx":{"bytes":57280}}
{"ts":"2026-03-05T12:10:15.803","level":"debug","req":"f9035388","msg":"form_api: JSON output","ctx":{"bytes":9770}}
{"ts":"2026-03-05T12:10:26.584","level":"debug","req":"ff3301b0","msg":"form_api: JSON output","ctx":{"bytes":9383}}
{"ts":"2026-03-05T12:10:26.739","level":"debug","req":"ce7e1491","msg":"form_api: JSON output","ctx":{"bytes":9383}}
{"ts":"2026-03-05T12:12:09.655","level":"debug","req":"1f0adc4d","msg":"form_api: JSON output","ctx":{"bytes":9413}}
{"ts":"2026-03-05T12:14:26.806","level":"debug","req":"cd473200","msg":"form_api: JSON output","ctx":{"bytes":57345}}
{"ts":"2026-03-05T12:14:26.867","level":"debug","req":"459e6956","msg":"form_api: JSON output","ctx":{"bytes":57347}}
{"ts":"2026-03-05T12:14:37.273","level":"debug","req":"06192a11","msg":"form_api: JSON output","ctx":{"bytes":9382}}
{"ts":"2026-03-05T12:14:55.759","level":"debug","req":"5c099cb9","msg":"form_api: JSON output","ctx":{"bytes":9415}}
{"ts":"2026-03-05T12:15:04.217","level":"debug","req":"e5dc85ab","msg":"form_api: JSON output","ctx":{"bytes":9382}}
{"ts":"2026-03-05T12:15:05.132","level":"debug","req":"ea278fa0","msg":"form_api: JSON output","ctx":{"bytes":9401}}
{"ts":"2026-03-05T12:15:07.667","level":"debug","req":"cd4c3daf","msg":"form_api: JSON output","ctx":{"bytes":3368}}
{"ts":"2026-03-05T12:17:21.548","level":"debug","req":"1924b2f0","msg":"form_api: JSON output","ctx":{"bytes":9350}}
{"ts":"2026-03-05T12:17:23.521","level":"debug","req":"764c3e33","msg":"form_api: JSON output","ctx":{"bytes":9770}}
{"ts":"2026-03-05T12:17:28.875","level":"debug","req":"36d9a969","msg":"form_api: JSON output","ctx":{"bytes":9770}}
{"ts":"2026-03-05T12:17:36.054","level":"debug","req":"27e2f693","msg":"form_api: JSON output","ctx":{"bytes":9878}}
{"ts":"2026-03-05T12:17:37.404","level":"debug","req":"f0c12634","msg":"form_api: JSON output","ctx":{"bytes":9770}}
{"ts":"2026-03-05T12:17:37.432","level":"debug","req":"b1410d63","msg":"form_api: JSON output","ctx":{"bytes":127429}}
{"ts":"2026-03-05T12:17:38.361","level":"debug","req":"c1719985","msg":"form_api: JSON output","ctx":{"bytes":1331}}
{"ts":"2026-03-05T12:17:38.394","level":"debug","req":"1b028182","msg":"form_api: JSON output","ctx":{"bytes":1331}}
{"ts":"2026-03-05T12:17:38.481","level":"debug","req":"f60b295a","msg":"form_api: JSON output","ctx":{"bytes":6450}}
{"ts":"2026-03-05T12:17:47.021","level":"debug","req":"2949049c","msg":"form_api: JSON output","ctx":{"bytes":10173}}
{"ts":"2026-03-05T12:17:50.471","level":"debug","req":"4c29db7d","msg":"form_api: JSON output","ctx":{"bytes":10173}}
{"ts":"2026-03-05T12:18:06.419","level":"debug","req":"0a06f04c","msg":"form_api: JSON output","ctx":{"bytes":9383}}
{"ts":"2026-03-05T12:18:26.140","level":"debug","req":"dc865017","msg":"form_api: JSON output","ctx":{"bytes":9770}}
{"ts":"2026-03-05T12:18:27.075","level":"debug","req":"97d0c14f","msg":"form_api: JSON output","ctx":{"bytes":10175}}
{"ts":"2026-03-05T12:19:00.014","level":"debug","req":"e717f12d","msg":"form_api: JSON output","ctx":{"bytes":11333}}
{"ts":"2026-03-05T12:30:14.849","level":"debug","req":"6fd7d472","msg":"form_api: JSON output","ctx":{"bytes":9383}}
{"ts":"2026-03-05T12:30:15.530","level":"debug","req":"828dd9e3","msg":"form_api: JSON output","ctx":{"bytes":127429}}
{"ts":"2026-03-05T12:30:15.574","level":"debug","req":"61720d08","msg":"form_api: JSON output","ctx":{"bytes":9383}}
{"ts":"2026-03-05T12:30:16.296","level":"debug","req":"e29d7515","msg":"form_api: JSON output","ctx":{"bytes":1331}}
{"ts":"2026-03-05T12:30:16.430","level":"debug","req":"0984652a","msg":"form_api: JSON output","ctx":{"bytes":6449}}
{"ts":"2026-03-05T12:30:22.708","level":"debug","req":"b579acd0","msg":"form_api: JSON output","ctx":{"bytes":4957}}
{"ts":"2026-03-05T12:30:23.133","level":"debug","req":"f5241087","msg":"form_api: JSON output","ctx":{"bytes":774403}}
{"ts":"2026-03-05T12:30:23.172","level":"debug","req":"cf063432","msg":"form_api: JSON output","ctx":{"bytes":4957}}
{"ts":"2026-03-05T12:30:23.702","level":"debug","req":"3bfab6f4","msg":"form_api: JSON output","ctx":{"bytes":774405}}
{"ts":"2026-03-05T12:31:14.272","level":"debug","req":"5725d9e4","msg":"form_api: JSON output","ctx":{"bytes":4957}}
{"ts":"2026-03-05T12:31:14.430","level":"debug","req":"96919fbc","msg":"form_api: JSON output","ctx":{"bytes":14763}}
{"ts":"2026-03-05T12:31:14.793","level":"debug","req":"d434feab","msg":"form_api: JSON output","ctx":{"bytes":16879}}
{"ts":"2026-03-05T12:31:21.086","level":"debug","req":"f161ad1b","msg":"form_api: JSON output","ctx":{"bytes":9381}}
{"ts":"2026-03-05T12:31:23.403","level":"debug","req":"c7435c49","msg":"form_api: JSON output","ctx":{"bytes":9381}}
{"ts":"2026-03-05T12:31:23.444","level":"debug","req":"c8fa2928","msg":"form_api: JSON output","ctx":{"bytes":127429}}
{"ts":"2026-03-05T12:31:23.636","level":"debug","req":"da9f64d5","msg":"form_api: JSON output","ctx":{"bytes":1331}}
{"ts":"2026-03-05T12:31:23.742","level":"debug","req":"5940564a","msg":"form_api: JSON output","ctx":{"bytes":6850}}
{"ts":"2026-03-05T12:31:23.766","level":"debug","req":"f0ce7451","msg":"form_api: JSON output","ctx":{"bytes":1331}}
{"ts":"2026-03-05T12:31:48.695","level":"debug","req":"a6cf6f67","msg":"form_api: JSON output","ctx":{"bytes":9382}}
{"ts":"2026-03-05T12:31:51.496","level":"debug","req":"664f6c6a","msg":"form_api: JSON output","ctx":{"bytes":9382}}
{"ts":"2026-03-05T12:31:51.688","level":"debug","req":"20edc454","msg":"form_api: JSON output","ctx":{"bytes":9381}}
{"ts":"2026-03-05T12:32:32.529","level":"debug","req":"8bfcdd87","msg":"form_api: JSON output","ctx":{"bytes":9383}}
{"ts":"2026-03-05T12:35:46.843","level":"debug","req":"8c8476d4","msg":"form_api: JSON output","ctx":{"bytes":127429}}
{"ts":"2026-03-05T12:35:46.844","level":"debug","req":"1c524091","msg":"form_api: JSON output","ctx":{"bytes":9381}}
{"ts":"2026-03-05T12:35:47.092","level":"debug","req":"478a277e","msg":"form_api: JSON output","ctx":{"bytes":1331}}
{"ts":"2026-03-05T12:35:47.129","level":"debug","req":"f8c146a2","msg":"form_api: JSON output","ctx":{"bytes":1331}}
{"ts":"2026-03-05T12:35:47.218","level":"debug","req":"04e6616e","msg":"form_api: JSON output","ctx":{"bytes":7132}}
{"ts":"2026-03-05T12:35:59.510","level":"debug","req":"5ba2e012","msg":"form_api: JSON output","ctx":{"bytes":9355}}
{"ts":"2026-03-05T12:35:59.561","level":"debug","req":"410b4316","msg":"form_api: JSON output","ctx":{"bytes":127429}}
{"ts":"2026-03-05T12:35:59.744","level":"debug","req":"b3677c3a","msg":"form_api: JSON output","ctx":{"bytes":1331}}
{"ts":"2026-03-05T12:35:59.812","level":"debug","req":"882386b9","msg":"form_api: JSON output","ctx":{"bytes":1331}}
{"ts":"2026-03-05T12:35:59.927","level":"debug","req":"05f031cc","msg":"form_api: JSON output","ctx":{"bytes":6843}}
{"ts":"2026-03-05T12:36:27.765","level":"debug","req":"6656e0c8","msg":"form_api: JSON output","ctx":{"bytes":9355}}
{"ts":"2026-03-05T12:36:28.033","level":"debug","req":"9f15870e","msg":"form_api: JSON output","ctx":{"bytes":1331}}
{"ts":"2026-03-05T12:36:28.160","level":"debug","req":"4374dde4","msg":"form_api: JSON output","ctx":{"bytes":6843}}
{"ts":"2026-03-05T12:37:49.531","level":"debug","req":"8a23cd6f","msg":"form_api: JSON output","ctx":{"bytes":9383}}
{"ts":"2026-03-05T12:37:49.584","level":"debug","req":"8236964f","msg":"form_api: JSON output","ctx":{"bytes":127429}}
{"ts":"2026-03-05T12:37:49.764","level":"debug","req":"064364d5","msg":"form_api: JSON output","ctx":{"bytes":1331}}
{"ts":"2026-03-05T12:37:49.830","level":"debug","req":"f1ecf713","msg":"form_api: JSON output","ctx":{"bytes":1331}}
{"ts":"2026-03-05T12:37:49.873","level":"debug","req":"fe7f6496","msg":"form_api: JSON output","ctx":{"bytes":11777}}
{"ts":"2026-03-05T12:37:55.220","level":"debug","req":"429761c5","msg":"form_api: JSON output","ctx":{"bytes":9325}}
{"ts":"2026-03-05T12:37:55.243","level":"debug","req":"f93de05f","msg":"form_api: JSON output","ctx":{"bytes":127429}}
{"ts":"2026-03-05T12:37:55.470","level":"debug","req":"c28afb41","msg":"form_api: JSON output","ctx":{"bytes":1331}}
{"ts":"2026-03-05T12:37:55.560","level":"debug","req":"7b344fa4","msg":"form_api: JSON output","ctx":{"bytes":1331}}
{"ts":"2026-03-05T12:37:55.569","level":"debug","req":"2b10e019","msg":"form_api: JSON output","ctx":{"bytes":6451}}
{"ts":"2026-03-05T12:39:26.046","level":"debug","req":"e87d75f7","msg":"form_api: JSON output","ctx":{"bytes":4455}}
{"ts":"2026-03-05T12:39:29.405","level":"debug","req":"1ab3b0b7","msg":"form_api: JSON output","ctx":{"bytes":57305}}
{"ts":"2026-03-05T12:39:29.506","level":"debug","req":"e649e678","msg":"form_api: JSON output","ctx":{"bytes":127429}}
{"ts":"2026-03-05T12:39:29.511","level":"debug","req":"1bf2b39d","msg":"form_api: JSON output","ctx":{"bytes":127429}}
{"ts":"2026-03-05T12:39:29.725","level":"debug","req":"734e369a","msg":"form_api: JSON output","ctx":{"bytes":57307}}
{"ts":"2026-03-05T12:39:29.794","level":"debug","req":"09d264e6","msg":"form_api: JSON output","ctx":{"bytes":44846}}
{"ts":"2026-03-05T12:39:30.100","level":"debug","req":"e2629a98","msg":"form_api: JSON output","ctx":{"bytes":12175}}
{"ts":"2026-03-05T12:39:30.429","level":"debug","req":"e290c0cd","msg":"form_api: JSON output","ctx":{"bytes":12175}}
{"ts":"2026-03-05T12:39:32.405","level":"debug","req":"92298498","msg":"form_api: JSON output","ctx":{"bytes":12175}}
{"ts":"2026-03-05T12:39:32.589","level":"debug","req":"15b858e8","msg":"form_api: JSON output","ctx":{"bytes":11402}}
{"ts":"2026-03-05T12:39:39.006","level":"debug","req":"42ed3525","msg":"form_api: JSON output","ctx":{"bytes":11402}}
{"ts":"2026-03-05T12:39:39.018","level":"debug","req":"d690de56","msg":"form_api: JSON output","ctx":{"bytes":127429}}
{"ts":"2026-03-05T12:39:39.840","level":"debug","req":"bd32e87f","msg":"form_api: JSON output","ctx":{"bytes":1388}}
{"ts":"2026-03-05T12:39:39.959","level":"debug","req":"540bdd7b","msg":"form_api: JSON output","ctx":{"bytes":7722}}
{"ts":"2026-03-05T12:39:39.960","level":"debug","req":"f99280bc","msg":"form_api: JSON output","ctx":{"bytes":1388}}
{"ts":"2026-03-05T12:39:47.252","level":"debug","req":"5521d668","msg":"form_api: JSON output","ctx":{"bytes":12142}}
{"ts":"2026-03-05T12:39:48.622","level":"debug","req":"f9f686f1","msg":"form_api: JSON output","ctx":{"bytes":127429}}
{"ts":"2026-03-05T12:39:48.628","level":"debug","req":"7ac9ea35","msg":"form_api: JSON output","ctx":{"bytes":12142}}
{"ts":"2026-03-05T12:39:48.909","level":"debug","req":"43cccc09","msg":"form_api: JSON output","ctx":{"bytes":1388}}
{"ts":"2026-03-05T12:39:49.009","level":"debug","req":"18ecef9c","msg":"form_api: JSON output","ctx":{"bytes":5342}}
{"ts":"2026-03-05T12:41:56.727","level":"debug","req":"ed9166ef","msg":"form_api: JSON output","ctx":{"bytes":20157}}
{"ts":"2026-03-05T12:41:56.742","level":"debug","req":"4914e85a","msg":"form_api: JSON output","ctx":{"bytes":20157}}
{"ts":"2026-03-05T12:41:57.845","level":"debug","req":"08fc9ab5","msg":"form_api: JSON output","ctx":{"bytes":2375}}
{"ts":"2026-03-05T12:41:58.395","level":"debug","req":"332e2d61","msg":"form_api: JSON output","ctx":{"bytes":2375}}
{"ts":"2026-03-05T12:43:46.146","level":"debug","req":"78331a45","msg":"form_api: JSON output","ctx":{"bytes":10047}}
{"ts":"2026-03-05T12:43:46.172","level":"debug","req":"069078ab","msg":"form_api: JSON output","ctx":{"bytes":10047}}
{"ts":"2026-03-05T12:43:46.820","level":"debug","req":"2f1e2450","msg":"form_api: JSON output","ctx":{"bytes":12004}}
{"ts":"2026-03-05T12:43:47.857","level":"debug","req":"f37335b0","msg":"form_api: JSON output","ctx":{"bytes":12004}}
{"ts":"2026-03-05T12:43:50.457","level":"debug","req":"4c40a7c2","msg":"FormDataProvider: Record","ctx":{"field":"HulpTekst","bytes":4003,"last30hex":"69656b6520706f70756c61746965732e3c2f6c693e0d0a3c2f756c3e0d0a"}}
{"ts":"2026-03-05T12:43:50.573","level":"debug","req":"4c40a7c2","msg":"form_api: Before json_encode","ctx":{"field":"HulpTekst","bytes":4003,"last30hex":"69656b6520706f70756c61746965732e3c2f6c693e0d0a3c2f756c3e0d0a"}}
{"ts":"2026-03-05T12:43:50.574","level":"debug","req":"4c40a7c2","msg":"form_api: JSON output","ctx":{"bytes":4490}}
{"ts":"2026-03-05T12:43:54.934","level":"debug","req":"b4cdf347","msg":"FormDataProvider: Record","ctx":{"field":"HulpTekst","bytes":1748,"last30hex":"616e64656c696e672e3c2f7370616e3e3c2f6c693e0d0a3c2f756c3e0d0a"}}
{"ts":"2026-03-05T12:43:55.037","level":"debug","req":"b4cdf347","msg":"form_api: Before json_encode","ctx":{"field":"HulpTekst","bytes":1748,"last30hex":"616e64656c696e672e3c2f7370616e3e3c2f6c693e0d0a3c2f756c3e0d0a"}}
{"ts":"2026-03-05T12:43:55.038","level":"debug","req":"b4cdf347","msg":"form_api: JSON output","ctx":{"bytes":2235}}
{"ts":"2026-03-05T12:44:00.668","level":"debug","req":"e276f4a7","msg":"SAVE REQUEST","ctx":{"jsonForm":"competentie_templates","recordId":"5","POST":{"action":"save","jsonForm":"competentie_templates","ID":"5","actie":"","_changelog":"<table cellspacing=\"0\" cellpadding=\"3\"><tr><th style=\"font-size:10pt;background-color:#002350;color:white;text-align:left\">Veld</th><th style=\"font-size:10pt;background-color:#002350;color:white;text-align:left\">was</th><th style=\"font-size:10pt;background-color:#002350;color:white;text-align:left\">gewijzigd in</th></tr>\r\n<TR id=\"Beschrijving\" vAlign=\"Top\"><TD style=\"border-bottom:1px solid #003366;border-left:1px solid #003366\">Beschrijving</TD><TD style=\"border-bottom:1px solid #003366\">Competentieprofiel KNPtjes&nbsp;</TD><TD style=\"border-bottom:1px solid #003366;border-right:1px solid #003366\">Competentieprofiel KNP&nbsp;</TD></TR>\r\n<TR id=\"Actief\" vAlign=\"Top\"><TD style=\"border-bottom:1px solid #003366;border-left:1px solid #003366\">Actief</TD><TD style=\"border-bottom:1px solid #003366\">Uit&nbsp;</TD><TD style=\"border-bottom:1px solid #003366;border-right:1px solid #003366\">Aan&nbsp;</TD></TR>\r\n<TR id=\"Zelfevaluatie verplicht\" vAlign=\"Top\"><TD style=\"border-bottom:1px solid #003366;border-left:1px solid #003366\">Zelfevaluatie verplicht</TD><TD style=\"border-bottom:1px solid #003366\">Uit&nbsp;</TD><TD style=\"border-bottom:1px solid #003366;border-right:1px solid #003366\">Aan&nbsp;</TD></TR>\r\n<TR id=\"1e termijn\" vAlign=\"Top\"><TD style=\"border-bottom:1px solid #003366;border-left:1px solid #003366\">1e termijn</TD><TD style=\"border-bottom:1px solid #003366\">Uit&nbsp;</TD><TD style=\"border-bottom:1px solid #003366;border-right:1px solid #003366\">Aan&nbsp;</TD></TR>\r\n<TR id=\"2e termijn\" vAlign=\"Top\"><TD style=\"border-bottom:1px solid #003366;border-left:1px solid #003366\">2e termijn</TD><TD style=\"border-bottom:1px solid #003366\">Uit&nbsp;</TD><TD style=\"border-bottom:1px solid #003366;border-right:1px solid #003366\">Aan&nbsp;</TD></TR>\r\n<TR id=\"3e termijn\" vAlign=\"Top\"><TD style=\"border-bottom:1px solid #003366;border-left:1px solid #003366\">3e termijn</TD><TD style=\"border-bottom:1px solid #003366\">Uit&nbsp;</TD><TD style=\"border-bottom:1px solid #003366;border-right:1px solid #003366\">Aan&nbsp;</TD></TR>\r\n<TR id=\"4e termijn\" vAlign=\"Top\"><TD style=\"border-bottom:1px solid #003366;border-left:1px solid #003366\">4e termijn</TD><TD style=\"border-bottom:1px solid #003366\">Uit&nbsp;</TD><TD style=\"border-bottom:1px solid #003366;border-right:1px solid #003366\">Aan&nbsp;</TD></TR>\r\n</table>","_changelog_flds":"Beschrijving,Actief,bZelfEvaluatie,GESCHIKTHEIDSBEOORDELING_1,GESCHIKTHEIDSBEOORDELING_2,GESCHIKTHEIDSBEOORDELING_3,GESCHIKTHEIDSBEOORDELING_4","_changelog_type":"edit","_changelog_email":"","_changelog_user":"Diederik Stenvers","_changelog_form":"competentie_templates","_changelog_formname":"competentie_templates","_changelog_copy":"","_changelog_copy_id":"","required":"","__fully_loaded":"Y","Actief":"True","Beschrijving":"Competentieprofiel KNP","bZelfEvaluatie":"True","bZelfEvaluatie__label":"Zelfevaluatie verplicht","TERMIJN_MAANDEN_1":"12","TERMIJN_MAANDEN_1__label":"1e termijn","TERMIJN_MAANDEN_2":"12","TERMIJN_MAANDEN_2__label":"2e termijn","TERMIJN_MAANDEN_3":"12","TERMIJN_MAANDEN_3__label":"3e termijn","TERMIJN_MAANDEN_4":"12","TERMIJN_MAANDEN_4__label":"4e termijn","GESCHIKTHEIDSBEOORDELING_1":"True","GESCHIKTHEIDSBEOORDELING_1__label":"1e termijn","GESCHIKTHEIDSBEOORDELING_2":"True","GESCHIKTHEIDSBEOORDELING_2__label":"2e termijn","GESCHIKTHEIDSBEOORDELING_3":"True","GESCHIKTHEIDSBEOORDELING_3__label":"3e termijn","GESCHIKTHEIDSBEOORDELING_4":"True","GESCHIKTHEIDSBEOORDELING_4__label":"4e termijn"}}}
{"ts":"2026-03-05T12:44:00.764","level":"debug","req":"e276f4a7","msg":"SAVE: POST keys","ctx":{"keys":["action","jsonForm","ID","actie","_changelog","_changelog_flds","_changelog_type","_changelog_email","_changelog_user","_changelog_form","_changelog_formname","_changelog_copy","_changelog_copy_id","required","__fully_loaded","Actief","Beschrijving","bZelfEvaluatie","bZelfEvaluatie__label","TERMIJN_MAANDEN_1","TERMIJN_MAANDEN_1__label","TERMIJN_MAANDEN_2","TERMIJN_MAANDEN_2__label","TERMIJN_MAANDEN_3","TERMIJN_MAANDEN_3__label","TERMIJN_MAANDEN_4","TERMIJN_MAANDEN_4__label","GESCHIKTHEIDSBEOORDELING_1","GESCHIKTHEIDSBEOORDELING_1__label","GESCHIKTHEIDSBEOORDELING_2","GESCHIKTHEIDSBEOORDELING_2__label","GESCHIKTHEIDSBEOORDELING_3","GESCHIKTHEIDSBEOORDELING_3__label","GESCHIKTHEIDSBEOORDELING_4","GESCHIKTHEIDSBEOORDELING_4__label"]}}
{"ts":"2026-03-05T12:44:00.765","level":"debug","req":"e276f4a7","msg":"SAVE: userLevel NOT in POST"}
{"ts":"2026-03-05T12:44:00.766","level":"debug","req":"e276f4a7","msg":"SAVE changelog data","ctx":{"keys":["_changelog","_changelog_flds","_changelog_type","_changelog_email","_changelog_user","_changelog_form","_changelog_formname","_changelog_copy","_changelog_copy_id"],"changelogLength":2328,"changelogPreview":"<table cellspacing=\"0\" cellpadding=\"3\"><tr><th style=\"font-size:10pt;background-color:#002350;color:white;text-align:left\">Veld</th><th style=\"font-size:10pt;background-color:#002350;color:white;text-"}}
{"ts":"2026-03-05T12:44:00.768","level":"debug","req":"e276f4a7","msg":"SAVE: Valid fields","ctx":{"fields":["actief","beschrijving","bzelfevaluatie","_group_3","termijn_maanden_1","termijn_maanden_2","termijn_maanden_3","termijn_maanden_4","_group_8","geschiktheidsbeoordeling_1","geschiktheidsbeoordeling_2","geschiktheidsbeoordeling_3","geschiktheidsbeoordeling_4"]}}
{"ts":"2026-03-05T12:44:00.769","level":"debug","req":"e276f4a7","msg":"SAVE: Received data keys","ctx":{"keys":["actie","required","Actief","Beschrijving","bZelfEvaluatie","bZelfEvaluatie__label","TERMIJN_MAANDEN_1","TERMIJN_MAANDEN_1__label","TERMIJN_MAANDEN_2","TERMIJN_MAANDEN_2__label","TERMIJN_MAANDEN_3","TERMIJN_MAANDEN_3__label","TERMIJN_MAANDEN_4","TERMIJN_MAANDEN_4__label","GESCHIKTHEIDSBEOORDELING_1","GESCHIKTHEIDSBEOORDELING_1__label","GESCHIKTHEIDSBEOORDELING_2","GESCHIKTHEIDSBEOORDELING_2__label","GESCHIKTHEIDSBEOORDELING_3","GESCHIKTHEIDSBEOORDELING_3__label","GESCHIKTHEIDSBEOORDELING_4","GESCHIKTHEIDSBEOORDELING_4__label"]}}
{"ts":"2026-03-05T12:44:00.769","level":"debug","req":"e276f4a7","msg":"SAVE: userEmail NOT in received data"}
{"ts":"2026-03-05T12:44:00.770","level":"debug","req":"e276f4a7","msg":"SAVE: SQL","ctx":{"sql":"UPDATE [tblCompetentieTemplate] SET [Actief] = True, [Beschrijving] = 'Competentieprofiel KNP', [bZelfEvaluatie] = True, [TERMIJN_MAANDEN_1] = 12, [TERMIJN_MAANDEN_2] = 12, [TERMIJN_MAANDEN_3] = 12, [TERMIJN_MAANDEN_4] = 12, [GESCHIKTHEIDSBEOORDELING_1] = True, [GESCHIKTHEIDSBEOORDELING_2] = True, [GESCHIKTHEIDSBEOORDELING_3] = True, [GESCHIKTHEIDSBEOORDELING_4] = True WHERE [ID] = 5"}}
{"ts":"2026-03-05T12:44:00.775","level":"debug","req":"e276f4a7","msg":"SAVE: Rows affected","ctx":{"count":1}}
{"ts":"2026-03-05T12:44:00.776","level":"debug","req":"e276f4a7","msg":"SAVE: Skipping verification for Access","ctx":{"id":"5"}}
{"ts":"2026-03-05T12:44:00.777","level":"debug","req":"e276f4a7","msg":"logMonitoring START","ctx":{"form":"competentie_templates","action":"edit","recordId":"5"}}
{"ts":"2026-03-05T12:44:00.777","level":"debug","req":"e276f4a7","msg":"logMonitoring: username=Diederik Stenvers"}
{"ts":"2026-03-05T12:44:00.778","level":"debug","req":"e276f4a7","msg":"logMonitoring: changelog_length=2328"}
{"ts":"2026-03-05T12:44:00.779","level":"debug","req":"e276f4a7","msg":"logMonitoring: notification_length=2445"}
{"ts":"2026-03-05T12:44:00.779","level":"debug","req":"e276f4a7","msg":"logMonitoring: Executing INSERT","ctx":{"sqlLength":2638}}
{"ts":"2026-03-05T12:44:00.794","level":"debug","req":"e276f4a7","msg":"logMonitoring: INSERT successful"}
{"ts":"2026-03-05T12:44:00.795","level":"debug","req":"e276f4a7","msg":"logMonitoring END"}
{"ts":"2026-03-05T12:44:01.095","level":"debug","req":"aa424fe9","msg":"getRowHtml: RESULT","ctx":{"htmlLength":1290,"totalTds":11,"emptyTds":0,"htmlPreview":"<tr class=\"listrow\" data-id=\"5\"><td data-field=\"Actief\" data-type=\"boolean\" data-value=\"1\"><span class=\"row-menu-trigger\" data-id=\"5\">&#8942;</span><lib-switch data-field=\"Actief\" checked></lib-switch></td><td data-field=\"Beschrijving\" data-type=\"text\">Competentieprofiel KNP</td><td data-field=\"bZelfEvaluatie\" data-type=\"boolean\" data-value=\"1\"><lib-switch data-field=\"bZelfEvaluatie\" checked></lib-switch></td><td data-field=\"TERMIJN_MAANDEN_1\" data-type=\"number\">12</td><td data-field=\"TERMIJN_MA"}}
{"ts":"2026-03-05T12:44:01.096","level":"debug","req":"aa424fe9","msg":"form_api: JSON output","ctx":{"bytes":3473}}
{"ts":"2026-03-05T12:57:37.521","level":"debug","req":"a51f0e2c","msg":"form_api: JSON output","ctx":{"bytes":11943}}
{"ts":"2026-03-05T12:57:38.000","level":"debug","req":"150b2d1f","msg":"form_api: JSON output","ctx":{"bytes":11943}}
{"ts":"2026-03-05T12:57:43.175","level":"debug","req":"630787b8","msg":"form_api: JSON output","ctx":{"bytes":1082}}
{"ts":"2026-03-05T12:57:47.581","level":"debug","req":"62191f92","msg":"form_api: JSON output","ctx":{"bytes":2993}}
{"ts":"2026-03-05T12:57:47.598","level":"debug","req":"bb4f0a8d","msg":"form_api: JSON output","ctx":{"bytes":2993}}
{"ts":"2026-03-05T12:59:50.795","level":"debug","req":"c7ab084f","msg":"form_api: JSON output","ctx":{"bytes":18144}}
{"ts":"2026-03-05T12:59:50.830","level":"debug","req":"db5f07c0","msg":"form_api: JSON output","ctx":{"bytes":18144}}
{"ts":"2026-03-05T12:59:50.850","level":"debug","req":"d967bebf","msg":"form_api: JSON output","ctx":{"bytes":29735}}
{"ts":"2026-03-05T12:59:51.089","level":"debug","req":"9164a675","msg":"form_api: JSON output","ctx":{"bytes":29735}}
{"ts":"2026-03-05T12:59:51.921","level":"debug","req":"5bdcc493","msg":"form_api: JSON output","ctx":{"bytes":1175}}
{"ts":"2026-03-05T12:59:52.747","level":"debug","req":"8d449e0d","msg":"form_api: JSON output","ctx":{"bytes":1136}}
{"ts":"2026-03-05T12:59:54.566","level":"debug","req":"909f3573","msg":"form_api: JSON output","ctx":{"bytes":18144}}
{"ts":"2026-03-05T13:00:10.507","level":"debug","req":"b0d56fa9","msg":"form_api: JSON output","ctx":{"bytes":1156}}
{"ts":"2026-03-05T13:00:13.590","level":"debug","req":"bdbb9ce1","msg":"form_api: JSON output","ctx":{"bytes":63351}}
{"ts":"2026-03-05T13:00:13.592","level":"debug","req":"71f8961b","msg":"form_api: JSON output","ctx":{"bytes":74777}}
{"ts":"2026-03-05T13:00:13.598","level":"debug","req":"dfc66363","msg":"form_api: JSON output","ctx":{"bytes":63351}}
{"ts":"2026-03-05T13:00:13.823","level":"debug","req":"22c1cf86","msg":"form_api: JSON output","ctx":{"bytes":74777}}
{"ts":"2026-03-05T13:00:14.264","level":"debug","req":"812f7cf0","msg":"form_api: JSON output","ctx":{"bytes":32826}}
{"ts":"2026-03-05T13:00:14.268","level":"debug","req":"0fd94be4","msg":"form_api: JSON output","ctx":{"bytes":32826}}
{"ts":"2026-03-05T13:00:17.585","level":"debug","req":"d72f85b1","msg":"form_api: JSON output","ctx":{"bytes":1175}}
{"ts":"2026-03-05T13:00:17.606","level":"debug","req":"18ef43e5","msg":"form_api: JSON output","ctx":{"bytes":18144}}
