{"ts":"2026-03-03T08:33:51.960","level":"debug","req":"52950a90","msg":"form_api: JSON output","ctx":{"bytes":5189}}
{"ts":"2026-03-03T08:33:53.068","level":"debug","req":"92d5d8c1","msg":"form_api: JSON output","ctx":{"bytes":2311}}
{"ts":"2026-03-03T08:34:16.376","level":"debug","req":"0984d0ee","msg":"form_api: JSON output","ctx":{"bytes":2315}}
{"ts":"2026-03-03T08:34:18.010","level":"debug","req":"e6e91f34","msg":"form_api: JSON output","ctx":{"bytes":5191}}
{"ts":"2026-03-03T08:34:20.084","level":"debug","req":"3a0ff01f","msg":"form_api: JSON output","ctx":{"bytes":1131}}
{"ts":"2026-03-03T08:34:29.292","level":"debug","req":"4d134702","msg":"form_api: JSON output","ctx":{"bytes":1131}}
{"ts":"2026-03-03T08:34:30.918","level":"debug","req":"5e2388a0","msg":"form_api: JSON output","ctx":{"bytes":1050}}
{"ts":"2026-03-03T08:34:31.468","level":"debug","req":"840d08d1","msg":"form_api: JSON output","ctx":{"bytes":1050}}
{"ts":"2026-03-03T08:34:53.662","level":"debug","req":"edd3af86","msg":"form_api: JSON output","ctx":{"bytes":127429}}
{"ts":"2026-03-03T08:34:53.693","level":"debug","req":"d6efa6b7","msg":"form_api: JSON output","ctx":{"bytes":46512}}
{"ts":"2026-03-03T08:34:53.913","level":"debug","req":"5643997f","msg":"form_api: JSON output","ctx":{"bytes":46512}}
{"ts":"2026-03-03T08:34:59.665","level":"debug","req":"2ef76e9a","msg":"form_api: JSON output","ctx":{"bytes":4957}}
{"ts":"2026-03-03T08:34:59.964","level":"debug","req":"e5e13371","msg":"form_api: JSON output","ctx":{"bytes":774405}}
{"ts":"2026-03-03T08:35:00.298","level":"debug","req":"a9016528","msg":"form_api: JSON output","ctx":{"bytes":774403}}
{"ts":"2026-03-03T08:35:04.420","level":"debug","req":"acb9dfc4","msg":"form_api: JSON output","ctx":{"bytes":16132}}
{"ts":"2026-03-03T08:35:34.134","level":"debug","req":"a029da34","msg":"form_api: JSON output","ctx":{"bytes":14651}}
{"ts":"2026-03-03T08:35:35.311","level":"debug","req":"30a82f38","msg":"form_api: JSON output","ctx":{"bytes":14763}}
{"ts":"2026-03-03T08:35:35.605","level":"debug","req":"1aec80c7","msg":"form_api: JSON output","ctx":{"bytes":11278}}
{"ts":"2026-03-03T08:35:35.832","level":"debug","req":"36fbda52","msg":"form_api: JSON output","ctx":{"bytes":13055}}
{"ts":"2026-03-03T08:35:36.228","level":"debug","req":"f0d29a3b","msg":"form_api: JSON output","ctx":{"bytes":16628}}
{"ts":"2026-03-03T08:35:36.437","level":"debug","req":"becc090c","msg":"form_api: JSON output","ctx":{"bytes":12634}}
{"ts":"2026-03-03T08:35:36.920","level":"debug","req":"63652b9c","msg":"form_api: JSON output","ctx":{"bytes":12634}}
{"ts":"2026-03-03T08:35:37.253","level":"debug","req":"f6c6829d","msg":"form_api: JSON output","ctx":{"bytes":6235}}
{"ts":"2026-03-03T08:35:48.144","level":"debug","req":"d4265617","msg":"form_api: JSON output","ctx":{"bytes":12634}}
{"ts":"2026-03-03T08:35:48.430","level":"debug","req":"ffe18a99","msg":"form_api: JSON output","ctx":{"bytes":6235}}
{"ts":"2026-03-03T08:36:35.261","level":"debug","req":"ff78c168","msg":"form_api: JSON output","ctx":{"bytes":27482}}
{"ts":"2026-03-03T08:36:35.273","level":"debug","req":"2aa4d538","msg":"form_api: JSON output","ctx":{"bytes":5020}}
{"ts":"2026-03-03T08:36:35.707","level":"debug","req":"f7771b2c","msg":"form_api: JSON output","ctx":{"bytes":10687}}
{"ts":"2026-03-03T08:38:04.540","level":"debug","req":"085220de","msg":"form_api: JSON output","ctx":{"bytes":5046}}
{"ts":"2026-03-03T08:38:04.916","level":"debug","req":"7942881d","msg":"form_api: JSON output","ctx":{"bytes":10687}}
{"ts":"2026-03-03T08:38:25.802","level":"debug","req":"13952954","msg":"form_api: JSON output","ctx":{"bytes":14033}}
{"ts":"2026-03-03T08:38:26.636","level":"debug","req":"0e9da108","msg":"form_api: JSON output","ctx":{"bytes":14033}}
{"ts":"2026-03-03T08:38:26.958","level":"debug","req":"4ef7a439","msg":"form_api: JSON output","ctx":{"bytes":15350}}
{"ts":"2026-03-03T08:39:01.923","level":"debug","req":"f5fe1c3b","msg":"form_api: JSON output","ctx":{"bytes":12592}}
{"ts":"2026-03-03T08:39:02.756","level":"debug","req":"52edbcae","msg":"form_api: JSON output","ctx":{"bytes":12592}}
{"ts":"2026-03-03T08:39:03.066","level":"debug","req":"5c07900b","msg":"form_api: JSON output","ctx":{"bytes":6440}}
{"ts":"2026-03-03T08:42:30.438","level":"debug","req":"80ec5e9f","msg":"resolveJsonFormFkLabels: query failed","ctx":{"field":"fkEindEvaluatie","sql":"SELECT TOP 1 tblEvalDocument.ID, tblEvalTemplate.afdeling & \"- \" & tblEvalDocument.Naam & iif( tblEvalTemplate.bActive=True and tblEvalDocument.bActive=True,'', ' (NIET ACTIEF)')  as Descr \r\nFROM (tblEvalTemplate INNER JOIN (tblOpleidingen INNER JOIN tblAgenda ON tblOpleidingen.ID = tblAgenda.fkOpleiding) ON tblEvalTemplate.ID = tblOpleidingen.fkEvaluatieTemplate) INNER JOIN tblEvalDocument ON tblEvalTemplate.ID = tblEvalDocument.fkEvalTemplate \r\nWHERE ((tblEvalDocument.fkEvalType<>10 and tblAgenda.ID=[id]) AND ([tblEvalDocument].[ID] = 4)) ORDER BY tblEvalDocument.Sortorder, tblEvalDocument.Naam","error":"Native ODBC error: [Microsoft][ODBC Microsoft Access-stuurprogramma] Het opgegeven veld [id] kan naar meer dan een tabel verwijzen in de component FROM van uw SQL-instructie."}}
{"ts":"2026-03-03T08:42:30.546","level":"debug","req":"80ec5e9f","msg":"form_api: JSON output","ctx":{"bytes":3445}}
{"ts":"2026-03-03T13:32:59.865","level":"debug","req":"ebe40d7e","msg":"form_api: JSON output","ctx":{"bytes":4957}}
{"ts":"2026-03-03T13:33:02.762","level":"debug","req":"461731a8","msg":"form_api: JSON output","ctx":{"bytes":774407}}
{"ts":"2026-03-03T13:33:03.066","level":"debug","req":"6407e26c","msg":"form_api: JSON output","ctx":{"bytes":774405}}
{"ts":"2026-03-03T13:33:31.340","level":"debug","req":"d1bb7188","msg":"form_api: JSON output","ctx":{"bytes":208278}}
{"ts":"2026-03-03T13:33:32.178","level":"debug","req":"066d2460","msg":"FormDataProvider: Record","ctx":{"field":"Notificatie","bytes":1011,"last30hex":"6e203542266e6273703b3c2f54443e3c2f54523e0d0a3c2f7461626c653e"}}
{"ts":"2026-03-03T13:33:32.180","level":"debug","req":"066d2460","msg":"form_api: Before json_encode","ctx":{"field":"Notificatie","bytes":1011,"last30hex":"6e203542266e6273703b3c2f54443e3c2f54523e0d0a3c2f7461626c653e"}}
{"ts":"2026-03-03T13:33:32.181","level":"debug","req":"066d2460","msg":"form_api: JSON output","ctx":{"bytes":1358}}
{"ts":"2026-03-03T13:33:45.968","level":"debug","req":"739d7150","msg":"form_api: JSON output","ctx":{"bytes":3598}}
{"ts":"2026-03-03T13:33:47.480","level":"debug","req":"0e472031","msg":"FormDataProvider: Record","ctx":{"field":"Notificatie","bytes":1210,"last30hex":"61756c742e6173703f466f726d49443d38392649443d3135353c2f613e2e"}}
{"ts":"2026-03-03T13:33:47.482","level":"debug","req":"0e472031","msg":"form_api: Before json_encode","ctx":{"field":"Notificatie","bytes":1210,"last30hex":"61756c742e6173703f466f726d49443d38392649443d3135353c2f613e2e"}}
{"ts":"2026-03-03T13:33:47.483","level":"debug","req":"0e472031","msg":"form_api: JSON output","ctx":{"bytes":1538}}
{"ts":"2026-03-03T13:33:49.542","level":"debug","req":"5c3e38c3","msg":"FormDataProvider: Record","ctx":{"field":"Notificatie","bytes":1210,"last30hex":"61756c742e6173703f466f726d49443d38392649443d3135353c2f613e2e"}}
{"ts":"2026-03-03T13:33:49.543","level":"debug","req":"5c3e38c3","msg":"form_api: Before json_encode","ctx":{"field":"Notificatie","bytes":1210,"last30hex":"61756c742e6173703f466f726d49443d38392649443d3135353c2f613e2e"}}
{"ts":"2026-03-03T13:33:49.544","level":"debug","req":"5c3e38c3","msg":"form_api: JSON output","ctx":{"bytes":1538}}
{"ts":"2026-03-03T13:33:54.035","level":"debug","req":"4433552f","msg":"FormDataProvider: Record","ctx":{"field":"Notificatie","bytes":5548,"last30hex":"756c742e6173703f466f726d49443d3132392649443d3131333c2f613e2e"}}
{"ts":"2026-03-03T13:33:54.037","level":"debug","req":"4433552f","msg":"form_api: Before json_encode","ctx":{"field":"Notificatie","bytes":5548,"last30hex":"756c742e6173703f466f726d49443d3132392649443d3131333c2f613e2e"}}
{"ts":"2026-03-03T13:33:54.037","level":"debug","req":"4433552f","msg":"form_api: JSON output","ctx":{"bytes":6062}}
{"ts":"2026-03-03T13:33:54.566","level":"debug","req":"0523cac7","msg":"FormDataProvider: Record","ctx":{"field":"Notificatie","bytes":5548,"last30hex":"756c742e6173703f466f726d49443d3132392649443d3131333c2f613e2e"}}
{"ts":"2026-03-03T13:33:54.567","level":"debug","req":"0523cac7","msg":"form_api: Before json_encode","ctx":{"field":"Notificatie","bytes":5548,"last30hex":"756c742e6173703f466f726d49443d3132392649443d3131333c2f613e2e"}}
{"ts":"2026-03-03T13:33:54.568","level":"debug","req":"0523cac7","msg":"form_api: JSON output","ctx":{"bytes":6062}}
{"ts":"2026-03-03T13:33:56.530","level":"debug","req":"577e372d","msg":"FormDataProvider: Record","ctx":{"field":"Notificatie","bytes":2143,"last30hex":"61756c742e6173703f466f726d49443d38392649443d3135353c2f613e2e"}}
{"ts":"2026-03-03T13:33:56.531","level":"debug","req":"577e372d","msg":"form_api: Before json_encode","ctx":{"field":"Notificatie","bytes":2143,"last30hex":"61756c742e6173703f466f726d49443d38392649443d3135353c2f613e2e"}}
{"ts":"2026-03-03T13:33:56.532","level":"debug","req":"577e372d","msg":"form_api: JSON output","ctx":{"bytes":2511}}
{"ts":"2026-03-03T13:33:56.843","level":"debug","req":"16f38b34","msg":"FormDataProvider: Record","ctx":{"field":"Notificatie","bytes":2143,"last30hex":"61756c742e6173703f466f726d49443d38392649443d3135353c2f613e2e"}}
{"ts":"2026-03-03T13:33:56.845","level":"debug","req":"16f38b34","msg":"form_api: Before json_encode","ctx":{"field":"Notificatie","bytes":2143,"last30hex":"61756c742e6173703f466f726d49443d38392649443d3135353c2f613e2e"}}
{"ts":"2026-03-03T13:33:56.846","level":"debug","req":"16f38b34","msg":"form_api: JSON output","ctx":{"bytes":2511}}
{"ts":"2026-03-03T13:35:10.537","level":"debug","req":"d7aa1a32","msg":"FormDataProvider: Record","ctx":{"field":"Notificatie","bytes":10633,"last30hex":"266e6273703b3c2f54443e3c2f54523e0d0a3c2f7461626c653e3c42523e"}}
{"ts":"2026-03-03T13:35:10.540","level":"debug","req":"d7aa1a32","msg":"form_api: Before json_encode","ctx":{"field":"Notificatie","bytes":10633,"last30hex":"266e6273703b3c2f54443e3c2f54523e0d0a3c2f7461626c653e3c42523e"}}
{"ts":"2026-03-03T13:35:10.541","level":"debug","req":"d7aa1a32","msg":"form_api: JSON output","ctx":{"bytes":11394}}
{"ts":"2026-03-03T13:36:59.087","level":"debug","req":"6f050754","msg":"FormDataProvider: Record","ctx":{"field":"Notificatie","bytes":1210,"last30hex":"61756c742e6173703f466f726d49443d38392649443d3135353c2f613e2e"}}
{"ts":"2026-03-03T13:36:59.092","level":"debug","req":"6f050754","msg":"form_api: Before json_encode","ctx":{"field":"Notificatie","bytes":1210,"last30hex":"61756c742e6173703f466f726d49443d38392649443d3135353c2f613e2e"}}
{"ts":"2026-03-03T13:36:59.092","level":"debug","req":"6f050754","msg":"form_api: JSON output","ctx":{"bytes":1538}}
{"ts":"2026-03-03T13:41:24.265","level":"debug","req":"7a4de4bf","msg":"form_api: JSON output","ctx":{"bytes":208278}}
{"ts":"2026-03-03T13:41:32.550","level":"debug","req":"d57651c1","msg":"FormDataProvider: Record","ctx":{"field":"Notificatie","bytes":119010,"last30hex":"3e556974266e6273703b3c2f54443e3c2f54523e0d0a3c2f7461626c653e"}}
{"ts":"2026-03-03T13:41:32.552","level":"debug","req":"d57651c1","msg":"form_api: Before json_encode","ctx":{"field":"Notificatie","bytes":119010,"last30hex":"3e556974266e6273703b3c2f54443e3c2f54523e0d0a3c2f7461626c653e"}}
{"ts":"2026-03-03T13:41:32.553","level":"debug","req":"d57651c1","msg":"form_api: JSON output","ctx":{"bytes":125444}}
{"ts":"2026-03-03T13:41:33.807","level":"debug","req":"9f9e5453","msg":"form_api: JSON output","ctx":{"bytes":210721}}
{"ts":"2026-03-03T13:41:40.084","level":"debug","req":"6765edc6","msg":"form_api: JSON output","ctx":{"bytes":210766}}
{"ts":"2026-03-03T13:41:45.561","level":"debug","req":"740d293a","msg":"form_api: JSON output","ctx":{"bytes":3598}}
{"ts":"2026-03-03T14:00:56.647","level":"debug","req":"e3ffb612","msg":"form_api: JSON output","ctx":{"bytes":5191}}
{"ts":"2026-03-03T14:00:59.610","level":"debug","req":"2c21bbf4","msg":"form_api: JSON output","ctx":{"bytes":1002}}
{"ts":"2026-03-03T14:01:00.106","level":"debug","req":"61d05a17","msg":"form_api: JSON output","ctx":{"bytes":1002}}
{"ts":"2026-03-03T14:01:11.978","level":"debug","req":"af2d85f8","msg":"form_api: JSON output","ctx":{"bytes":1458}}
{"ts":"2026-03-03T14:01:15.368","level":"debug","req":"439f9f4e","msg":"FormDataProvider: Record","ctx":{"field":"Inhoud","bytes":1408,"last30hex":"6c6173733d22726f77223e74656b73742077657276656e643c2f6469763e"}}
{"ts":"2026-03-03T14:01:15.537","level":"debug","req":"439f9f4e","msg":"form_api: Before json_encode","ctx":{"field":"Inhoud","bytes":1408,"last30hex":"6c6173733d22726f77223e74656b73742077657276656e643c2f6469763e"}}
{"ts":"2026-03-03T14:01:15.538","level":"debug","req":"439f9f4e","msg":"form_api: JSON output","ctx":{"bytes":4322}}
{"ts":"2026-03-03T14:01:34.116","level":"debug","req":"49ec042c","msg":"FormDataProvider: Record","ctx":{"field":"Inhoud","bytes":15338,"last30hex":"2d3e3c64697620636c6173733d22726f77223e74656b73743c2f6469763e"}}
{"ts":"2026-03-03T14:01:34.259","level":"debug","req":"49ec042c","msg":"form_api: Before json_encode","ctx":{"field":"Inhoud","bytes":15338,"last30hex":"2d3e3c64697620636c6173733d22726f77223e74656b73743c2f6469763e"}}
{"ts":"2026-03-03T14:01:34.260","level":"debug","req":"49ec042c","msg":"form_api: JSON output","ctx":{"bytes":20284}}
{"ts":"2026-03-03T14:01:47.282","level":"debug","req":"51d4a908","msg":"FormDataProvider: Record","ctx":{"field":"Inhoud","bytes":1047,"last30hex":"7275657d2d2d3e3c64697620636c6173733d22726f77223e3c2f6469763e"}}
{"ts":"2026-03-03T14:01:47.433","level":"debug","req":"51d4a908","msg":"form_api: Before json_encode","ctx":{"field":"Inhoud","bytes":1047,"last30hex":"7275657d2d2d3e3c64697620636c6173733d22726f77223e3c2f6469763e"}}
{"ts":"2026-03-03T14:01:47.434","level":"debug","req":"51d4a908","msg":"form_api: JSON output","ctx":{"bytes":2998}}
{"ts":"2026-03-03T14:01:53.106","level":"debug","req":"4b229144","msg":"FormDataProvider: Record","ctx":{"field":"Inhoud","bytes":20484,"last30hex":"7275657d2d2d3e3c64697620636c6173733d22726f77223e3c2f6469763e"}}
{"ts":"2026-03-03T14:01:53.256","level":"debug","req":"4b229144","msg":"form_api: Before json_encode","ctx":{"field":"Inhoud","bytes":20484,"last30hex":"7275657d2d2d3e3c64697620636c6173733d22726f77223e3c2f6469763e"}}
{"ts":"2026-03-03T14:01:53.257","level":"debug","req":"4b229144","msg":"form_api: JSON output","ctx":{"bytes":25609}}
{"ts":"2026-03-03T14:01:55.719","level":"debug","req":"c5fed391","msg":"FormDataProvider: Record","ctx":{"field":"Inhoud","bytes":26094,"last30hex":"2d2d3e3c64697620636c6173733d22726f77223e746162323c2f6469763e"}}
{"ts":"2026-03-03T14:01:55.858","level":"debug","req":"c5fed391","msg":"form_api: Before json_encode","ctx":{"field":"Inhoud","bytes":26094,"last30hex":"2d2d3e3c64697620636c6173733d22726f77223e746162323c2f6469763e"}}
{"ts":"2026-03-03T14:01:55.859","level":"debug","req":"c5fed391","msg":"form_api: JSON output","ctx":{"bytes":31471}}
{"ts":"2026-03-03T14:37:47.893","level":"debug","req":"3ea669dd","msg":"form_api: JSON output","ctx":{"bytes":1458}}
{"ts":"2026-03-03T14:37:48.332","level":"debug","req":"308d6383","msg":"FormDataProvider: Record","ctx":{"field":"Inhoud","bytes":26094,"last30hex":"2d2d3e3c64697620636c6173733d22726f77223e746162323c2f6469763e"}}
{"ts":"2026-03-03T14:37:48.437","level":"debug","req":"308d6383","msg":"form_api: Before json_encode","ctx":{"field":"Inhoud","bytes":26094,"last30hex":"2d2d3e3c64697620636c6173733d22726f77223e746162323c2f6469763e"}}
{"ts":"2026-03-03T14:37:48.437","level":"debug","req":"308d6383","msg":"form_api: JSON output","ctx":{"bytes":31471}}
{"ts":"2026-03-03T14:37:48.506","level":"debug","req":"d944907f","msg":"FormDataProvider: Record","ctx":{"field":"Inhoud","bytes":26094,"last30hex":"2d2d3e3c64697620636c6173733d22726f77223e746162323c2f6469763e"}}
{"ts":"2026-03-03T14:37:48.591","level":"debug","req":"d944907f","msg":"form_api: Before json_encode","ctx":{"field":"Inhoud","bytes":26094,"last30hex":"2d2d3e3c64697620636c6173733d22726f77223e746162323c2f6469763e"}}
{"ts":"2026-03-03T14:37:48.592","level":"debug","req":"d944907f","msg":"form_api: JSON output","ctx":{"bytes":31471}}
{"ts":"2026-03-03T14:49:23.190","level":"debug","req":"ec712a07","msg":"FormDataProvider: Record","ctx":{"field":"Inhoud","bytes":26094,"last30hex":"2d2d3e3c64697620636c6173733d22726f77223e746162323c2f6469763e"}}
{"ts":"2026-03-03T14:49:23.310","level":"debug","req":"d38e869d","msg":"form_api: JSON output","ctx":{"bytes":1458}}
{"ts":"2026-03-03T14:49:23.327","level":"debug","req":"4549f131","msg":"form_api: JSON output","ctx":{"bytes":1458}}
{"ts":"2026-03-03T14:49:23.390","level":"debug","req":"ec712a07","msg":"form_api: Before json_encode","ctx":{"field":"Inhoud","bytes":26094,"last30hex":"2d2d3e3c64697620636c6173733d22726f77223e746162323c2f6469763e"}}
{"ts":"2026-03-03T14:49:23.391","level":"debug","req":"ec712a07","msg":"form_api: JSON output","ctx":{"bytes":31471}}
{"ts":"2026-03-03T14:49:23.410","level":"debug","req":"8a6a1b6e","msg":"FormDataProvider: Record","ctx":{"field":"Inhoud","bytes":26094,"last30hex":"2d2d3e3c64697620636c6173733d22726f77223e746162323c2f6469763e"}}
{"ts":"2026-03-03T14:49:23.581","level":"debug","req":"8a6a1b6e","msg":"form_api: Before json_encode","ctx":{"field":"Inhoud","bytes":26094,"last30hex":"2d2d3e3c64697620636c6173733d22726f77223e746162323c2f6469763e"}}
{"ts":"2026-03-03T14:49:23.582","level":"debug","req":"8a6a1b6e","msg":"form_api: JSON output","ctx":{"bytes":31471}}
{"ts":"2026-03-03T14:50:36.019","level":"debug","req":"c69139b0","msg":"FormDataProvider: Record","ctx":{"field":"Inhoud","bytes":26094,"last30hex":"2d2d3e3c64697620636c6173733d22726f77223e746162323c2f6469763e"}}
{"ts":"2026-03-03T14:50:36.026","level":"debug","req":"7c6e26ee","msg":"FormDataProvider: Record","ctx":{"field":"Inhoud","bytes":26094,"last30hex":"2d2d3e3c64697620636c6173733d22726f77223e746162323c2f6469763e"}}
{"ts":"2026-03-03T14:50:36.176","level":"debug","req":"c69139b0","msg":"form_api: Before json_encode","ctx":{"field":"Inhoud","bytes":26094,"last30hex":"2d2d3e3c64697620636c6173733d22726f77223e746162323c2f6469763e"}}
{"ts":"2026-03-03T14:50:36.177","level":"debug","req":"c69139b0","msg":"form_api: JSON output","ctx":{"bytes":31471}}
{"ts":"2026-03-03T14:50:36.182","level":"debug","req":"7c6e26ee","msg":"form_api: Before json_encode","ctx":{"field":"Inhoud","bytes":26094,"last30hex":"2d2d3e3c64697620636c6173733d22726f77223e746162323c2f6469763e"}}
{"ts":"2026-03-03T14:50:36.183","level":"debug","req":"7c6e26ee","msg":"form_api: JSON output","ctx":{"bytes":31471}}
{"ts":"2026-03-03T14:51:31.488","level":"debug","req":"7546f497","msg":"FormDataProvider: Record","ctx":{"field":"Inhoud","bytes":26094,"last30hex":"2d2d3e3c64697620636c6173733d22726f77223e746162323c2f6469763e"}}
{"ts":"2026-03-03T14:51:31.497","level":"debug","req":"2323b9f1","msg":"FormDataProvider: Record","ctx":{"field":"Inhoud","bytes":26094,"last30hex":"2d2d3e3c64697620636c6173733d22726f77223e746162323c2f6469763e"}}
{"ts":"2026-03-03T14:51:31.676","level":"debug","req":"7546f497","msg":"form_api: Before json_encode","ctx":{"field":"Inhoud","bytes":26094,"last30hex":"2d2d3e3c64697620636c6173733d22726f77223e746162323c2f6469763e"}}
{"ts":"2026-03-03T14:51:31.677","level":"debug","req":"7546f497","msg":"form_api: JSON output","ctx":{"bytes":31471}}
{"ts":"2026-03-03T14:51:31.679","level":"debug","req":"2323b9f1","msg":"form_api: Before json_encode","ctx":{"field":"Inhoud","bytes":26094,"last30hex":"2d2d3e3c64697620636c6173733d22726f77223e746162323c2f6469763e"}}
{"ts":"2026-03-03T14:51:31.680","level":"debug","req":"2323b9f1","msg":"form_api: JSON output","ctx":{"bytes":31471}}
{"ts":"2026-03-03T14:52:01.419","level":"debug","req":"e884082d","msg":"form_api: JSON output","ctx":{"bytes":127429}}
{"ts":"2026-03-03T14:52:01.425","level":"debug","req":"bf668432","msg":"form_api: JSON output","ctx":{"bytes":127429}}
{"ts":"2026-03-03T14:52:01.447","level":"debug","req":"c77d8f9f","msg":"form_api: JSON output","ctx":{"bytes":48404}}
{"ts":"2026-03-03T14:52:01.630","level":"debug","req":"7f0635a8","msg":"form_api: JSON output","ctx":{"bytes":48402}}
{"ts":"2026-03-03T14:52:02.813","level":"debug","req":"8ce6f06b","msg":"form_api: JSON output","ctx":{"bytes":10970}}
{"ts":"2026-03-03T14:52:03.106","level":"debug","req":"38e98312","msg":"form_api: JSON output","ctx":{"bytes":10568}}
{"ts":"2026-03-03T14:52:06.063","level":"debug","req":"4a930d45","msg":"form_api: JSON output","ctx":{"bytes":1458}}
{"ts":"2026-03-03T14:52:06.072","level":"debug","req":"1ed9ebf3","msg":"form_api: JSON output","ctx":{"bytes":1458}}
{"ts":"2026-03-03T14:52:09.084","level":"debug","req":"b8ca76e9","msg":"FormDataProvider: Record","ctx":{"field":"Inhoud","bytes":26094,"last30hex":"2d2d3e3c64697620636c6173733d22726f77223e746162323c2f6469763e"}}
{"ts":"2026-03-03T14:52:09.254","level":"debug","req":"b8ca76e9","msg":"form_api: Before json_encode","ctx":{"field":"Inhoud","bytes":26094,"last30hex":"2d2d3e3c64697620636c6173733d22726f77223e746162323c2f6469763e"}}
{"ts":"2026-03-03T14:52:09.255","level":"debug","req":"b8ca76e9","msg":"form_api: JSON output","ctx":{"bytes":31471}}
{"ts":"2026-03-03T14:56:30.453","level":"debug","req":"e1cf99fe","msg":"form_api: JSON output","ctx":{"bytes":13262}}
{"ts":"2026-03-03T15:00:21.173","level":"debug","req":"8edba28d","msg":"FormDataProvider: Record","ctx":{"field":"Inhoud","bytes":26094,"last30hex":"2d2d3e3c64697620636c6173733d22726f77223e746162323c2f6469763e"}}
{"ts":"2026-03-03T15:00:21.272","level":"debug","req":"59105bdc","msg":"form_api: JSON output","ctx":{"bytes":1458}}
{"ts":"2026-03-03T15:00:21.285","level":"debug","req":"a6132f47","msg":"form_api: JSON output","ctx":{"bytes":1458}}
{"ts":"2026-03-03T15:00:21.357","level":"debug","req":"8edba28d","msg":"form_api: Before json_encode","ctx":{"field":"Inhoud","bytes":26094,"last30hex":"2d2d3e3c64697620636c6173733d22726f77223e746162323c2f6469763e"}}
{"ts":"2026-03-03T15:00:21.358","level":"debug","req":"8edba28d","msg":"form_api: JSON output","ctx":{"bytes":31471}}
{"ts":"2026-03-03T15:00:21.370","level":"debug","req":"946c123c","msg":"FormDataProvider: Record","ctx":{"field":"Inhoud","bytes":26094,"last30hex":"2d2d3e3c64697620636c6173733d22726f77223e746162323c2f6469763e"}}
{"ts":"2026-03-03T15:00:21.541","level":"debug","req":"946c123c","msg":"form_api: Before json_encode","ctx":{"field":"Inhoud","bytes":26094,"last30hex":"2d2d3e3c64697620636c6173733d22726f77223e746162323c2f6469763e"}}
{"ts":"2026-03-03T15:00:21.541","level":"debug","req":"946c123c","msg":"form_api: JSON output","ctx":{"bytes":31471}}
{"ts":"2026-03-03T15:00:29.019","level":"debug","req":"a8f771b3","msg":"form_api: JSON output","ctx":{"bytes":4957}}
{"ts":"2026-03-03T15:02:35.825","level":"debug","req":"22cb05d9","msg":"form_api: JSON output","ctx":{"bytes":4957}}
{"ts":"2026-03-03T15:02:35.884","level":"debug","req":"2c1aa054","msg":"form_api: JSON output","ctx":{"bytes":4957}}
{"ts":"2026-03-03T15:02:36.114","level":"debug","req":"bca994be","msg":"form_api: JSON output","ctx":{"bytes":774403}}
{"ts":"2026-03-03T15:02:36.389","level":"debug","req":"69e2904a","msg":"form_api: JSON output","ctx":{"bytes":774405}}
{"ts":"2026-03-03T15:02:44.416","level":"debug","req":"9ff0ef47","msg":"form_api: JSON output","ctx":{"bytes":16606}}
{"ts":"2026-03-03T15:02:45.157","level":"debug","req":"7466c39a","msg":"form_api: JSON output","ctx":{"bytes":4957}}
{"ts":"2026-03-03T15:02:45.256","level":"debug","req":"45233d69","msg":"form_api: JSON output","ctx":{"bytes":16606}}
{"ts":"2026-03-03T15:02:46.234","level":"debug","req":"2bfa28cd","msg":"form_api: JSON output","ctx":{"bytes":14752}}
{"ts":"2026-03-03T15:09:11.638","level":"debug","req":"51652b90","msg":"form_api: JSON output","ctx":{"bytes":4957}}
{"ts":"2026-03-03T15:09:11.729","level":"debug","req":"d7039893","msg":"form_api: JSON output","ctx":{"bytes":16606}}
{"ts":"2026-03-03T15:09:12.711","level":"debug","req":"ccd0f427","msg":"form_api: JSON output","ctx":{"bytes":14752}}
{"ts":"2026-03-03T15:10:21.244","level":"debug","req":"53b4401f","msg":"form_api: JSON output","ctx":{"bytes":16606}}
{"ts":"2026-03-03T15:10:21.333","level":"debug","req":"f9f09a79","msg":"form_api: JSON output","ctx":{"bytes":16606}}
{"ts":"2026-03-03T15:10:21.700","level":"debug","req":"34d010f5","msg":"form_api: JSON output","ctx":{"bytes":14752}}
{"ts":"2026-03-03T15:10:22.521","level":"debug","req":"ebb5306b","msg":"form_api: JSON output","ctx":{"bytes":14752}}
{"ts":"2026-03-03T15:16:52.155","level":"debug","req":"1cbbe069","msg":"form_api: JSON output","ctx":{"bytes":4957}}
{"ts":"2026-03-03T15:16:52.183","level":"debug","req":"7cabd8fa","msg":"form_api: JSON output","ctx":{"bytes":4957}}
{"ts":"2026-03-03T15:16:52.268","level":"debug","req":"f078051c","msg":"form_api: JSON output","ctx":{"bytes":16606}}
{"ts":"2026-03-03T15:16:52.469","level":"debug","req":"48162115","msg":"form_api: JSON output","ctx":{"bytes":16606}}
{"ts":"2026-03-03T15:16:53.360","level":"debug","req":"38c503a5","msg":"form_api: JSON output","ctx":{"bytes":14752}}
{"ts":"2026-03-03T15:16:53.381","level":"debug","req":"68871f28","msg":"form_api: JSON output","ctx":{"bytes":14752}}
{"ts":"2026-03-03T15:17:36.718","level":"debug","req":"28e48ebf","msg":"form_api: JSON output","ctx":{"bytes":16606}}
{"ts":"2026-03-03T15:17:36.825","level":"debug","req":"aba7b4f0","msg":"form_api: JSON output","ctx":{"bytes":16606}}
{"ts":"2026-03-03T15:17:37.311","level":"debug","req":"998d8d9c","msg":"form_api: JSON output","ctx":{"bytes":14752}}
{"ts":"2026-03-03T15:17:37.890","level":"debug","req":"421e0edd","msg":"form_api: JSON output","ctx":{"bytes":14752}}
{"ts":"2026-03-03T15:36:09.683","level":"debug","req":"d229a15c","msg":"form_api: JSON output","ctx":{"bytes":1843}}
{"ts":"2026-03-03T15:36:09.700","level":"debug","req":"1990b685","msg":"form_api: JSON output","ctx":{"bytes":1843}}
{"ts":"2026-03-03T15:36:12.472","level":"debug","req":"b64e0600","msg":"form_api: JSON output","ctx":{"bytes":2933}}
{"ts":"2026-03-03T15:36:20.819","level":"debug","req":"b9636fe9","msg":"form_api: JSON output","ctx":{"bytes":2933}}
{"ts":"2026-03-03T15:36:23.613","level":"debug","req":"54fa6df3","msg":"form_api: JSON output","ctx":{"bytes":18148}}
{"ts":"2026-03-03T15:36:23.629","level":"debug","req":"95ba2a4d","msg":"form_api: JSON output","ctx":{"bytes":18148}}
{"ts":"2026-03-03T15:36:23.647","level":"debug","req":"c04119b9","msg":"form_api: JSON output","ctx":{"bytes":29739}}
{"ts":"2026-03-03T15:36:23.869","level":"debug","req":"685b5bc9","msg":"form_api: JSON output","ctx":{"bytes":29737}}
{"ts":"2026-03-03T15:36:25.604","level":"debug","req":"20d5a345","msg":"form_api: JSON output","ctx":{"bytes":18148}}
{"ts":"2026-03-03T15:36:30.250","level":"debug","req":"250e5ca4","msg":"form_api: JSON output","ctx":{"bytes":1251}}
{"ts":"2026-03-03T15:36:32.025","level":"debug","req":"422bb99c","msg":"form_api: JSON output","ctx":{"bytes":1175}}
{"ts":"2026-03-03T15:36:32.663","level":"debug","req":"8b238b21","msg":"form_api: JSON output","ctx":{"bytes":1175}}
{"ts":"2026-03-03T15:36:32.693","level":"debug","req":"ca5314de","msg":"form_api: JSON output","ctx":{"bytes":18148}}
{"ts":"2026-03-03T15:37:08.870","level":"debug","req":"ed72d0a0","msg":"form_api: JSON output","ctx":{"bytes":1156}}
{"ts":"2026-03-03T15:37:09.317","level":"debug","req":"05573f88","msg":"form_api: JSON output","ctx":{"bytes":1156}}
