{"ts":"2026-02-27T07:03:23.085","level":"debug","req":"bb17bb72","msg":"form_api: JSON output","ctx":{"bytes":12508}}
{"ts":"2026-02-27T07:03:33.038","level":"debug","req":"46b1f0ab","msg":"form_api: JSON output","ctx":{"bytes":1075}}
{"ts":"2026-02-27T07:03:34.065","level":"debug","req":"f4315731","msg":"form_api: JSON output","ctx":{"bytes":16883}}
{"ts":"2026-02-27T07:03:35.069","level":"debug","req":"e26def69","msg":"form_api: JSON output","ctx":{"bytes":12024}}
{"ts":"2026-02-27T07:03:37.050","level":"debug","req":"99777940","msg":"form_api: JSON output","ctx":{"bytes":16883}}
{"ts":"2026-02-27T07:03:44.045","level":"debug","req":"a1d211fd","msg":"form_api: JSON output","ctx":{"bytes":12508}}
{"ts":"2026-02-27T07:03:48.057","level":"debug","req":"08d2b135","msg":"form_api: JSON output","ctx":{"bytes":12508}}
{"ts":"2026-02-27T07:03:53.057","level":"debug","req":"6500d765","msg":"form_api: JSON output","ctx":{"bytes":12508}}
{"ts":"2026-02-27T07:03:54.075","level":"debug","req":"14ed2233","msg":"form_api: JSON output","ctx":{"bytes":15964}}
{"ts":"2026-02-27T07:03:55.069","level":"debug","req":"faa9ad39","msg":"form_api: JSON output","ctx":{"bytes":15964}}
{"ts":"2026-02-27T07:03:56.064","level":"debug","req":"3f28a36f","msg":"form_api: JSON output","ctx":{"bytes":15964}}
{"ts":"2026-02-27T07:03:58.947","level":"debug","req":"f3df2878","msg":"form_api: JSON output","ctx":{"bytes":22820}}
{"ts":"2026-02-27T07:04:01.053","level":"debug","req":"ceb1d252","msg":"form_api: JSON output","ctx":{"bytes":7081}}
{"ts":"2026-02-27T07:04:05.070","level":"debug","req":"b3eb4610","msg":"form_api: JSON output","ctx":{"bytes":39653}}
{"ts":"2026-02-27T07:04:14.061","level":"debug","req":"c4b20931","msg":"form_api: JSON output","ctx":{"bytes":12508}}
{"ts":"2026-02-27T07:04:15.051","level":"debug","req":"3890813e","msg":"form_api: JSON output","ctx":{"bytes":8632}}
{"ts":"2026-02-27T07:04:20.045","level":"debug","req":"0f71ae62","msg":"form_api: JSON output","ctx":{"bytes":12508}}
{"ts":"2026-02-27T07:04:24.065","level":"debug","req":"9454e47b","msg":"form_api: JSON output","ctx":{"bytes":16883}}
{"ts":"2026-02-27T07:04:25.056","level":"debug","req":"00987c5c","msg":"form_api: JSON output","ctx":{"bytes":16883}}
{"ts":"2026-02-27T07:04:30.056","level":"debug","req":"21ad2951","msg":"form_api: JSON output","ctx":{"bytes":16883}}
{"ts":"2026-02-27T07:04:31.130","level":"debug","req":"802bc697","msg":"form_api: JSON output","ctx":{"bytes":16883}}
{"ts":"2026-02-27T07:04:32.053","level":"debug","req":"1e260400","msg":"form_api: JSON output","ctx":{"bytes":16883}}
{"ts":"2026-02-27T07:04:33.059","level":"debug","req":"85dff1bb","msg":"form_api: JSON output","ctx":{"bytes":16883}}
{"ts":"2026-02-27T07:04:34.054","level":"debug","req":"cfd7b97e","msg":"form_api: JSON output","ctx":{"bytes":16883}}
{"ts":"2026-02-27T07:04:36.062","level":"debug","req":"b9bca813","msg":"form_api: JSON output","ctx":{"bytes":16883}}
{"ts":"2026-02-27T07:04:37.061","level":"debug","req":"e9d862b0","msg":"form_api: JSON output","ctx":{"bytes":12508}}
{"ts":"2026-02-27T07:04:38.060","level":"debug","req":"0f031c94","msg":"form_api: JSON output","ctx":{"bytes":12508}}
{"ts":"2026-02-27T07:04:40.048","level":"debug","req":"40e9916b","msg":"form_api: JSON output","ctx":{"bytes":16883}}
{"ts":"2026-02-27T07:04:41.046","level":"debug","req":"8097278a","msg":"form_api: JSON output","ctx":{"bytes":16883}}
{"ts":"2026-02-27T07:04:45.122","level":"debug","req":"99659601","msg":"form_api: JSON output","ctx":{"bytes":63434}}
{"ts":"2026-02-27T07:04:46.052","level":"debug","req":"74ade862","msg":"form_api: JSON output","ctx":{"bytes":16883}}
{"ts":"2026-02-27T07:04:51.051","level":"debug","req":"989c8f60","msg":"form_api: JSON output","ctx":{"bytes":2479}}
{"ts":"2026-02-27T07:04:52.038","level":"debug","req":"a5491a6d","msg":"form_api: JSON output","ctx":{"bytes":2479}}
{"ts":"2026-02-27T07:04:53.043","level":"debug","req":"bcb2a6ee","msg":"form_api: JSON output","ctx":{"bytes":12508}}
{"ts":"2026-02-27T07:04:54.057","level":"debug","req":"1bc49721","msg":"form_api: JSON output","ctx":{"bytes":1103}}
{"ts":"2026-02-27T07:05:04.055","level":"debug","req":"09307536","msg":"form_api: JSON output","ctx":{"bytes":16883}}
{"ts":"2026-02-27T07:05:05.049","level":"debug","req":"a034dfdf","msg":"form_api: JSON output","ctx":{"bytes":12024}}
{"ts":"2026-02-27T07:05:07.042","level":"debug","req":"e3024ea1","msg":"form_api: JSON output","ctx":{"bytes":6448}}
{"ts":"2026-02-27T07:05:08.041","level":"debug","req":"f5f98d7a","msg":"form_api: JSON output","ctx":{"bytes":1075}}
{"ts":"2026-02-27T07:05:12.047","level":"debug","req":"26fa8983","msg":"form_api: JSON output","ctx":{"bytes":1815}}
{"ts":"2026-02-27T07:05:16.041","level":"debug","req":"b275a0c5","msg":"form_api: JSON output","ctx":{"bytes":1075}}
{"ts":"2026-02-27T07:05:17.034","level":"debug","req":"82c5885d","msg":"form_api: JSON output","ctx":{"bytes":1075}}
{"ts":"2026-02-27T07:05:24.062","level":"debug","req":"f709b7c4","msg":"form_api: JSON output","ctx":{"bytes":12508}}
{"ts":"2026-02-27T07:05:26.059","level":"debug","req":"7de4a0b4","msg":"form_api: JSON output","ctx":{"bytes":12508}}
{"ts":"2026-02-27T07:05:28.058","level":"debug","req":"cae802ec","msg":"form_api: JSON output","ctx":{"bytes":12508}}
{"ts":"2026-02-27T07:05:29.053","level":"debug","req":"10bdf59a","msg":"form_api: JSON output","ctx":{"bytes":12508}}
{"ts":"2026-02-27T07:05:33.052","level":"debug","req":"689b5e70","msg":"form_api: JSON output","ctx":{"bytes":12024}}
{"ts":"2026-02-27T07:05:34.034","level":"debug","req":"ea867b40","msg":"form_api: JSON output","ctx":{"bytes":2479}}
{"ts":"2026-02-27T07:05:38.101","level":"debug","req":"9a4f809a","msg":"form_api: JSON output","ctx":{"bytes":69575}}
{"ts":"2026-02-27T07:05:39.059","level":"debug","req":"7379a285","msg":"form_api: JSON output","ctx":{"bytes":16883}}
{"ts":"2026-02-27T07:05:40.061","level":"debug","req":"b71e2091","msg":"form_api: JSON output","ctx":{"bytes":12508}}
{"ts":"2026-02-27T07:05:41.052","level":"debug","req":"ba58a768","msg":"form_api: JSON output","ctx":{"bytes":16883}}
{"ts":"2026-02-27T07:05:42.053","level":"debug","req":"ee2f7ef6","msg":"form_api: JSON output","ctx":{"bytes":12508}}
{"ts":"2026-02-27T07:05:43.049","level":"debug","req":"3727a426","msg":"form_api: JSON output","ctx":{"bytes":12508}}
{"ts":"2026-02-27T07:05:47.039","level":"debug","req":"9d233cd6","msg":"form_api: JSON output","ctx":{"bytes":8632}}
{"ts":"2026-02-27T07:05:48.049","level":"debug","req":"6e6f7d01","msg":"form_api: JSON output","ctx":{"bytes":8632}}
{"ts":"2026-02-27T07:05:50.061","level":"debug","req":"400fbbb1","msg":"form_api: JSON output","ctx":{"bytes":12024}}
{"ts":"2026-02-27T07:05:51.054","level":"debug","req":"947afa0b","msg":"form_api: JSON output","ctx":{"bytes":12024}}
{"ts":"2026-02-27T07:05:52.056","level":"debug","req":"17ec14c3","msg":"form_api: JSON output","ctx":{"bytes":12508}}
{"ts":"2026-02-27T07:05:54.051","level":"debug","req":"8512bd51","msg":"form_api: JSON output","ctx":{"bytes":8632}}
{"ts":"2026-02-27T07:05:55.041","level":"debug","req":"50ae885f","msg":"form_api: JSON output","ctx":{"bytes":6448}}
{"ts":"2026-02-27T07:05:58.045","level":"debug","req":"9892b8c5","msg":"form_api: JSON output","ctx":{"bytes":1103}}
{"ts":"2026-02-27T07:06:00.071","level":"debug","req":"68edc796","msg":"form_api: JSON output","ctx":{"bytes":39653}}
{"ts":"2026-02-27T07:06:02.037","level":"debug","req":"4c60dd7f","msg":"form_api: JSON output","ctx":{"bytes":1075}}
{"ts":"2026-02-27T07:06:03.057","level":"debug","req":"f23436c7","msg":"form_api: JSON output","ctx":{"bytes":1075}}
{"ts":"2026-02-27T07:06:06.065","level":"debug","req":"42e18c0a","msg":"form_api: JSON output","ctx":{"bytes":12508}}
{"ts":"2026-02-27T07:06:07.083","level":"debug","req":"554fdf8e","msg":"form_api: JSON output","ctx":{"bytes":44846}}
{"ts":"2026-02-27T07:06:08.095","level":"debug","req":"c5169d49","msg":"form_api: JSON output","ctx":{"bytes":69575}}
{"ts":"2026-02-27T07:06:14.522","level":"debug","req":"14080abc","msg":"form_api: JSON output","ctx":{"bytes":16883}}
{"ts":"2026-02-27T07:06:15.142","level":"debug","req":"c232f871","msg":"form_api: JSON output","ctx":{"bytes":1815}}
{"ts":"2026-02-27T07:06:15.622","level":"debug","req":"31cbdca5","msg":"form_api: JSON output","ctx":{"bytes":16883}}
{"ts":"2026-02-27T07:06:16.681","level":"debug","req":"8574775b","msg":"form_api: JSON output","ctx":{"bytes":12508}}
{"ts":"2026-02-27T07:06:16.934","level":"debug","req":"7748ff3c","msg":"form_api: JSON output","ctx":{"bytes":16883}}
{"ts":"2026-02-27T07:06:17.177","level":"debug","req":"79acc437","msg":"form_api: JSON output","ctx":{"bytes":16883}}
{"ts":"2026-02-27T07:06:17.435","level":"debug","req":"f6eef707","msg":"form_api: JSON output","ctx":{"bytes":16883}}
{"ts":"2026-02-27T07:06:17.834","level":"debug","req":"bde6a365","msg":"form_api: JSON output","ctx":{"bytes":16883}}
{"ts":"2026-02-27T07:06:18.234","level":"debug","req":"08b6f158","msg":"form_api: JSON output","ctx":{"bytes":16883}}
{"ts":"2026-02-27T07:06:18.493","level":"debug","req":"525cc866","msg":"form_api: JSON output","ctx":{"bytes":12508}}
{"ts":"2026-02-27T07:06:19.041","level":"debug","req":"267d69fd","msg":"form_api: JSON output","ctx":{"bytes":51838}}
{"ts":"2026-02-27T07:06:19.279","level":"debug","req":"13869a2d","msg":"form_api: JSON output","ctx":{"bytes":16883}}
{"ts":"2026-02-27T07:06:19.526","level":"debug","req":"9ebe0cd1","msg":"form_api: JSON output","ctx":{"bytes":16883}}
{"ts":"2026-02-27T07:06:19.761","level":"debug","req":"adb46aca","msg":"form_api: JSON output","ctx":{"bytes":16883}}
{"ts":"2026-02-27T07:06:20.003","level":"debug","req":"e7d06571","msg":"form_api: JSON output","ctx":{"bytes":16883}}
{"ts":"2026-02-27T07:06:20.448","level":"debug","req":"b61ab744","msg":"form_api: JSON output","ctx":{"bytes":69575}}
{"ts":"2026-02-27T07:06:20.692","level":"debug","req":"121f71d5","msg":"form_api: JSON output","ctx":{"bytes":16883}}
{"ts":"2026-02-27T07:06:21.949","level":"debug","req":"984fd6d1","msg":"form_api: JSON output","ctx":{"bytes":16883}}
{"ts":"2026-02-27T07:07:07.639","level":"debug","req":"9afac1a8","msg":"form_api: JSON output","ctx":{"bytes":12508}}
{"ts":"2026-02-27T07:07:09.858","level":"debug","req":"cad415bb","msg":"form_api: JSON output","ctx":{"bytes":1075}}
{"ts":"2026-02-27T07:07:10.094","level":"debug","req":"278136f0","msg":"form_api: JSON output","ctx":{"bytes":16883}}
{"ts":"2026-02-27T07:07:10.339","level":"debug","req":"a532152c","msg":"form_api: JSON output","ctx":{"bytes":12024}}
{"ts":"2026-02-27T07:07:10.809","level":"debug","req":"f5dc4008","msg":"form_api: JSON output","ctx":{"bytes":16883}}
{"ts":"2026-02-27T07:07:12.381","level":"debug","req":"a9220b70","msg":"form_api: JSON output","ctx":{"bytes":12508}}
{"ts":"2026-02-27T07:07:13.287","level":"debug","req":"9a80a093","msg":"form_api: JSON output","ctx":{"bytes":12508}}
{"ts":"2026-02-27T07:07:14.229","level":"debug","req":"af92dae2","msg":"form_api: JSON output","ctx":{"bytes":12508}}
{"ts":"2026-02-27T07:07:14.492","level":"debug","req":"5cd1d5d9","msg":"form_api: JSON output","ctx":{"bytes":15964}}
{"ts":"2026-02-27T07:07:14.740","level":"debug","req":"cf246c0d","msg":"form_api: JSON output","ctx":{"bytes":15964}}
{"ts":"2026-02-27T07:07:14.991","level":"debug","req":"30ea9aa1","msg":"form_api: JSON output","ctx":{"bytes":15964}}
{"ts":"2026-02-27T07:07:16.350","level":"debug","req":"db517614","msg":"form_api: JSON output","ctx":{"bytes":22820}}
{"ts":"2026-02-27T07:07:16.699","level":"debug","req":"40a5be33","msg":"form_api: JSON output","ctx":{"bytes":7081}}
{"ts":"2026-02-27T07:07:17.634","level":"debug","req":"f89bde75","msg":"form_api: JSON output","ctx":{"bytes":39653}}
{"ts":"2026-02-27T07:07:19.596","level":"debug","req":"d0e423a0","msg":"form_api: JSON output","ctx":{"bytes":12508}}
{"ts":"2026-02-27T07:07:20.283","level":"debug","req":"bcbcae4f","msg":"form_api: JSON output","ctx":{"bytes":8632}}
{"ts":"2026-02-27T07:07:20.820","level":"debug","req":"a9c5395c","msg":"form_api: JSON output","ctx":{"bytes":12508}}
{"ts":"2026-02-27T07:07:21.239","level":"debug","req":"59e1319e","msg":"form_api: JSON output","ctx":{"bytes":16883}}
{"ts":"2026-02-27T07:07:21.379","level":"debug","req":"b34e9200","msg":"form_api: JSON output","ctx":{"bytes":16883}}
{"ts":"2026-02-27T07:07:21.995","level":"debug","req":"7ab6fd14","msg":"form_api: JSON output","ctx":{"bytes":16883}}
{"ts":"2026-02-27T07:07:22.117","level":"debug","req":"8b3b3750","msg":"form_api: JSON output","ctx":{"bytes":16883}}
{"ts":"2026-02-27T07:07:22.239","level":"debug","req":"5616ec03","msg":"form_api: JSON output","ctx":{"bytes":16883}}
{"ts":"2026-02-27T07:07:22.378","level":"debug","req":"0e77c3e3","msg":"form_api: JSON output","ctx":{"bytes":16883}}
{"ts":"2026-02-27T07:07:22.519","level":"debug","req":"eddda968","msg":"form_api: JSON output","ctx":{"bytes":16883}}
{"ts":"2026-02-27T07:07:22.822","level":"debug","req":"57951adc","msg":"form_api: JSON output","ctx":{"bytes":16883}}
{"ts":"2026-02-27T07:07:23.071","level":"debug","req":"b64eaede","msg":"form_api: JSON output","ctx":{"bytes":12508}}
{"ts":"2026-02-27T07:07:23.315","level":"debug","req":"f4a75f29","msg":"form_api: JSON output","ctx":{"bytes":12508}}
{"ts":"2026-02-27T07:07:23.707","level":"debug","req":"d24c46c0","msg":"form_api: JSON output","ctx":{"bytes":16883}}
{"ts":"2026-02-27T07:07:23.961","level":"debug","req":"3e59325e","msg":"form_api: JSON output","ctx":{"bytes":16883}}
{"ts":"2026-02-27T07:07:24.916","level":"debug","req":"85b60e9e","msg":"form_api: JSON output","ctx":{"bytes":63434}}
{"ts":"2026-02-27T07:07:25.164","level":"debug","req":"e5db242a","msg":"form_api: JSON output","ctx":{"bytes":16883}}
{"ts":"2026-02-27T07:07:26.162","level":"debug","req":"bcb87a8d","msg":"form_api: JSON output","ctx":{"bytes":2479}}
{"ts":"2026-02-27T07:07:26.390","level":"debug","req":"31843e81","msg":"form_api: JSON output","ctx":{"bytes":2479}}
{"ts":"2026-02-27T07:07:26.628","level":"debug","req":"5d67bd66","msg":"form_api: JSON output","ctx":{"bytes":12508}}
{"ts":"2026-02-27T07:07:26.866","level":"debug","req":"c1bb5881","msg":"form_api: JSON output","ctx":{"bytes":1103}}
{"ts":"2026-02-27T07:07:28.741","level":"debug","req":"07405d63","msg":"form_api: JSON output","ctx":{"bytes":16883}}
{"ts":"2026-02-27T07:07:28.968","level":"debug","req":"30d4ca78","msg":"form_api: JSON output","ctx":{"bytes":12024}}
{"ts":"2026-02-27T07:07:29.440","level":"debug","req":"4fbcb62d","msg":"form_api: JSON output","ctx":{"bytes":6448}}
{"ts":"2026-02-27T07:07:29.650","level":"debug","req":"27d65916","msg":"form_api: JSON output","ctx":{"bytes":1075}}
{"ts":"2026-02-27T07:07:30.572","level":"debug","req":"a95cd9b2","msg":"form_api: JSON output","ctx":{"bytes":1815}}
{"ts":"2026-02-27T07:07:31.478","level":"debug","req":"a82e5381","msg":"form_api: JSON output","ctx":{"bytes":1075}}
{"ts":"2026-02-27T07:07:31.691","level":"debug","req":"28a67bc7","msg":"form_api: JSON output","ctx":{"bytes":1075}}
{"ts":"2026-02-27T07:07:33.289","level":"debug","req":"b23df88c","msg":"form_api: JSON output","ctx":{"bytes":12508}}
{"ts":"2026-02-27T07:07:33.745","level":"debug","req":"1a10c087","msg":"form_api: JSON output","ctx":{"bytes":12508}}
{"ts":"2026-02-27T07:07:34.205","level":"debug","req":"88de7db9","msg":"form_api: JSON output","ctx":{"bytes":12508}}
{"ts":"2026-02-27T07:07:34.449","level":"debug","req":"70347220","msg":"form_api: JSON output","ctx":{"bytes":12508}}
{"ts":"2026-02-27T15:22:36.211","level":"debug","req":"affaa83d","msg":"form_api: JSON output","ctx":{"bytes":976529}}
{"ts":"2026-02-27T15:22:36.325","level":"debug","req":"ad770c25","msg":"form_api: JSON output","ctx":{"bytes":976529}}
{"ts":"2026-02-27T15:22:53.653","level":"debug","req":"b9913d67","msg":"form_api: JSON output","ctx":{"bytes":12485}}
{"ts":"2026-02-27T15:22:53.677","level":"debug","req":"b5db5828","msg":"form_api: JSON output","ctx":{"bytes":12485}}
{"ts":"2026-02-27T15:23:35.149","level":"debug","req":"2b7097f3","msg":"form_api: JSON output","ctx":{"bytes":976529}}
{"ts":"2026-02-27T15:23:35.163","level":"debug","req":"5dc1cad6","msg":"form_api: JSON output","ctx":{"bytes":976529}}
{"ts":"2026-02-27T15:23:54.498","level":"debug","req":"ab92585f","msg":"form_api: JSON output","ctx":{"bytes":2238}}
{"ts":"2026-02-27T15:23:54.962","level":"debug","req":"3ff67903","msg":"form_api: JSON output","ctx":{"bytes":14417}}
{"ts":"2026-02-27T15:23:58.670","level":"debug","req":"836db74f","msg":"form_api: JSON output","ctx":{"bytes":1345}}
{"ts":"2026-02-27T15:23:58.679","level":"debug","req":"0dd8acc7","msg":"form_api: JSON output","ctx":{"bytes":16922}}
{"ts":"2026-02-27T15:34:16.760","level":"debug","req":"93ce3a80","msg":"form_api: JSON output","ctx":{"bytes":2253}}
{"ts":"2026-02-27T15:34:27.867","level":"debug","req":"95229791","msg":"form_api: JSON output","ctx":{"bytes":2253}}
{"ts":"2026-02-27T15:34:28.196","level":"debug","req":"81bb7cb6","msg":"form_api: JSON output","ctx":{"bytes":11119}}
{"ts":"2026-02-27T15:40:52.847","level":"debug","req":"f98148a4","msg":"form_api: JSON output","ctx":{"bytes":976529}}
{"ts":"2026-02-27T15:40:52.852","level":"debug","req":"aeea54ce","msg":"form_api: JSON output","ctx":{"bytes":976529}}
{"ts":"2026-02-27T15:41:01.591","level":"debug","req":"4c402b66","msg":"form_api: JSON output","ctx":{"bytes":4754}}
{"ts":"2026-02-27T15:41:01.600","level":"debug","req":"bdb75498","msg":"form_api: JSON output","ctx":{"bytes":4754}}
{"ts":"2026-02-27T15:44:29.622","level":"debug","req":"0830d69c","msg":"form_api: JSON output","ctx":{"bytes":1588}}
{"ts":"2026-02-27T15:44:29.970","level":"debug","req":"abce48b4","msg":"form_api: JSON output","ctx":{"bytes":1862}}
{"ts":"2026-02-27T15:44:35.000","level":"debug","req":"0e545e88","msg":"form_api: JSON output","ctx":{"bytes":1588}}
{"ts":"2026-02-27T15:44:35.298","level":"debug","req":"f2b53895","msg":"form_api: JSON output","ctx":{"bytes":1862}}
{"ts":"2026-02-27T15:55:01.015","level":"debug","req":"a0190200","msg":"form_api: JSON output","ctx":{"bytes":8197}}
{"ts":"2026-02-27T15:55:01.250","level":"debug","req":"34a827bb","msg":"form_api: JSON output","ctx":{"bytes":8197}}
{"ts":"2026-02-27T18:36:22.269","level":"debug","req":"793783cd","msg":"form_api: JSON output","ctx":{"bytes":8195}}
{"ts":"2026-02-27T18:36:22.380","level":"debug","req":"3d826fb4","msg":"form_api: JSON output","ctx":{"bytes":8195}}
{"ts":"2026-02-27T19:20:51.582","level":"debug","req":"c4549c38","msg":"form_api: JSON output","ctx":{"bytes":8197}}
{"ts":"2026-02-27T19:20:52.114","level":"debug","req":"b873d7b9","msg":"form_api: JSON output","ctx":{"bytes":8195}}
{"ts":"2026-02-27T19:21:14.826","level":"debug","req":"872ecccc","msg":"form_api: JSON output","ctx":{"bytes":36911}}
{"ts":"2026-02-27T19:21:14.826","level":"debug","req":"ba7a53e1","msg":"form_api: JSON output","ctx":{"bytes":36911}}
{"ts":"2026-02-27T19:21:15.101","level":"debug","req":"cc85b899","msg":"form_api: JSON output","ctx":{"bytes":1017361}}
{"ts":"2026-02-27T19:21:15.538","level":"debug","req":"7111d68b","msg":"form_api: JSON output","ctx":{"bytes":1017363}}
{"ts":"2026-02-27T19:27:15.447","level":"debug","req":"db57bed9","msg":"form_api: JSON output","ctx":{"bytes":1017363}}
{"ts":"2026-02-27T19:27:15.894","level":"debug","req":"9c80a941","msg":"form_api: JSON output","ctx":{"bytes":1017363}}
{"ts":"2026-02-27T20:12:17.247","level":"debug","req":"2dc07a2c","msg":"form_api: JSON output","ctx":{"bytes":11161}}
{"ts":"2026-02-27T20:12:17.376","level":"debug","req":"e550b3eb","msg":"form_api: JSON output","ctx":{"bytes":11161}}
{"ts":"2026-02-27T20:12:19.439","level":"debug","req":"19db03a3","msg":"form_api: JSON output","ctx":{"bytes":55571}}
{"ts":"2026-02-27T20:12:19.558","level":"debug","req":"8897c658","msg":"form_api: JSON output","ctx":{"bytes":7014}}
{"ts":"2026-02-27T20:12:48.262","level":"debug","req":"6e46398f","msg":"form_api: JSON output","ctx":{"bytes":12550}}
{"ts":"2026-02-27T20:12:48.408","level":"debug","req":"0b3470e3","msg":"form_api: JSON output","ctx":{"bytes":1210}}
{"ts":"2026-02-27T20:12:48.659","level":"debug","req":"17d1caea","msg":"form_api: JSON output","ctx":{"bytes":1210}}
{"ts":"2026-02-27T20:12:51.176","level":"debug","req":"2362cfe1","msg":"form_api: JSON output","ctx":{"bytes":127429}}
{"ts":"2026-02-27T20:12:51.370","level":"debug","req":"90e69efa","msg":"form_api: JSON output","ctx":{"bytes":144479}}
{"ts":"2026-02-27T20:12:51.627","level":"debug","req":"28d336b1","msg":"form_api: JSON output","ctx":{"bytes":144477}}
{"ts":"2026-02-27T20:12:52.312","level":"debug","req":"61f31b09","msg":"form_api: JSON output","ctx":{"bytes":4957}}
{"ts":"2026-02-27T20:12:52.557","level":"debug","req":"efce2d01","msg":"form_api: JSON output","ctx":{"bytes":774405}}
{"ts":"2026-02-27T20:12:52.904","level":"debug","req":"de936021","msg":"form_api: JSON output","ctx":{"bytes":774405}}
{"ts":"2026-02-27T20:14:49.227","level":"debug","req":"978788da","msg":"form_api: JSON output","ctx":{"bytes":774405}}
{"ts":"2026-02-27T20:14:49.359","level":"debug","req":"9c65cec9","msg":"form_api: JSON output","ctx":{"bytes":774405}}
{"ts":"2026-02-27T20:19:57.646","level":"debug","req":"68b247b5","msg":"form_api: JSON output","ctx":{"bytes":4957}}
{"ts":"2026-02-27T20:19:57.671","level":"debug","req":"8dfdb896","msg":"form_api: JSON output","ctx":{"bytes":4957}}
{"ts":"2026-02-27T20:19:57.891","level":"debug","req":"b4b009a2","msg":"form_api: JSON output","ctx":{"bytes":774405}}
{"ts":"2026-02-27T20:19:58.142","level":"debug","req":"03dc3e0d","msg":"form_api: JSON output","ctx":{"bytes":774405}}
{"ts":"2026-02-27T20:20:05.729","level":"debug","req":"0660345a","msg":"form_api: JSON output","ctx":{"bytes":774338}}
{"ts":"2026-02-27T20:25:49.980","level":"debug","req":"718c719f","msg":"form_api: JSON output","ctx":{"bytes":5185}}
{"ts":"2026-02-27T20:26:05.908","level":"debug","req":"cd19560c","msg":"form_api: JSON output","ctx":{"bytes":2315}}
{"ts":"2026-02-27T20:26:16.896","level":"debug","req":"82809e9e","msg":"form_api: JSON output","ctx":{"bytes":6131}}
{"ts":"2026-02-27T20:26:17.261","level":"debug","req":"fd5ecb19","msg":"form_api: JSON output","ctx":{"bytes":5486}}
{"ts":"2026-02-27T20:31:26.247","level":"debug","req":"db81bebc","msg":"form_api: JSON output","ctx":{"bytes":4957}}
{"ts":"2026-02-27T20:31:26.264","level":"debug","req":"f9412885","msg":"form_api: JSON output","ctx":{"bytes":4957}}
{"ts":"2026-02-27T20:31:26.516","level":"debug","req":"439d147e","msg":"form_api: JSON output","ctx":{"bytes":774405}}
{"ts":"2026-02-27T20:31:26.758","level":"debug","req":"fc47c12b","msg":"form_api: JSON output","ctx":{"bytes":774405}}
{"ts":"2026-02-27T20:31:59.985","level":"debug","req":"b36c83c8","msg":"form_api: JSON output","ctx":{"bytes":774405}}
{"ts":"2026-02-27T20:32:00.004","level":"debug","req":"0e7a9e64","msg":"form_api: JSON output","ctx":{"bytes":774405}}
{"ts":"2026-02-27T20:32:45.454","level":"debug","req":"811782c6","msg":"form_api: JSON output","ctx":{"bytes":4957}}
{"ts":"2026-02-27T20:32:45.596","level":"debug","req":"336c6bb1","msg":"form_api: JSON output","ctx":{"bytes":16132}}
{"ts":"2026-02-27T20:32:51.114","level":"debug","req":"e9dc1d7e","msg":"form_api: JSON output","ctx":{"bytes":16132}}
{"ts":"2026-02-27T20:32:51.959","level":"debug","req":"491bcfdf","msg":"form_api: JSON output","ctx":{"bytes":16251}}
{"ts":"2026-02-27T20:33:24.353","level":"debug","req":"2b6e18a8","msg":"SAVE REQUEST","ctx":{"jsonForm":"opleidingen","recordId":"17","POST":{"action":"save","ID":"17","jsonForm":"opleidingen","BNSOpleiding":"True"}}}
{"ts":"2026-02-27T20:33:24.449","level":"debug","req":"2b6e18a8","msg":"SAVE: POST keys","ctx":{"keys":["action","ID","jsonForm","BNSOpleiding"]}}
{"ts":"2026-02-27T20:33:24.449","level":"debug","req":"2b6e18a8","msg":"SAVE: userLevel NOT in POST"}
{"ts":"2026-02-27T20:33:24.450","level":"debug","req":"2b6e18a8","msg":"SAVE changelog data","ctx":{"keys":[],"changelogLength":0,"changelogPreview":""}}
{"ts":"2026-02-27T20:33:24.453","level":"debug","req":"2b6e18a8","msg":"SAVE: Valid fields","ctx":{"fields":["_group_0","code","titel","bnsopleiding","startdatum","datonsite","datdocentenonline","datmedewonline","fkoplsoort","fkdifferentiatie","bbigvo","bbigkj","bbigo","bmoodlegekoppeld","bblended","bpuuronline","verstuurmails","breadonly","bverbergpersoonlijsten","_group_19","contact1","contact2","fkplanner","_group_23","fkevaluatietemplate","fkurentemplate","templatewerkplan","fkkbttemplate","templatehalfjaarverslag","templatejaarverslag","verslagbijlage1oms","verslagbijlage1template","verslagbijlage1verplicht","verslagbijlage2oms","verslagbijlage2template","verslagbijlage2verplicht","verslagbijlage3oms","verslagbijlage3template","verslagbijlage3verplicht","eindverslagtemplate","fkcompetentietemplate","vervangendeopdrachttemplate","fkvatemplate","aanmeldingseisen","opleidingsovereenkomst","vrijstellingseisen","_group_46","studiegids","blnwijzigbaardraaiboek","draaiboekintro","supervisieverklaring","promptusid"]}}
{"ts":"2026-02-27T20:33:24.454","level":"debug","req":"2b6e18a8","msg":"SAVE: Received data keys","ctx":{"keys":["BNSOpleiding"]}}
{"ts":"2026-02-27T20:33:24.455","level":"debug","req":"2b6e18a8","msg":"SAVE: userEmail NOT in received data"}
{"ts":"2026-02-27T20:33:24.456","level":"debug","req":"2b6e18a8","msg":"SAVE: SQL","ctx":{"sql":"UPDATE [tblOpleidingen] SET [BNSOpleiding] = True WHERE [ID] = 17"}}
{"ts":"2026-02-27T20:33:24.464","level":"debug","req":"2b6e18a8","msg":"SAVE: Rows affected","ctx":{"count":1}}
{"ts":"2026-02-27T20:33:24.465","level":"debug","req":"2b6e18a8","msg":"SAVE: Skipping verification for Access","ctx":{"id":"17"}}
{"ts":"2026-02-27T20:33:24.466","level":"debug","req":"2b6e18a8","msg":"logMonitoring START","ctx":{"form":"opleidingen","action":"edit","recordId":"17"}}
{"ts":"2026-02-27T20:33:24.467","level":"debug","req":"2b6e18a8","msg":"logMonitoring: username=Diederik Stenvers"}
{"ts":"2026-02-27T20:33:24.467","level":"debug","req":"2b6e18a8","msg":"logMonitoring: changelog_length=0"}
{"ts":"2026-02-27T20:33:24.468","level":"debug","req":"2b6e18a8","msg":"logMonitoring: notification_length=100"}
{"ts":"2026-02-27T20:33:24.469","level":"debug","req":"2b6e18a8","msg":"logMonitoring: Executing INSERT","ctx":{"sqlLength":274}}
{"ts":"2026-02-27T20:33:24.484","level":"debug","req":"2b6e18a8","msg":"logMonitoring: INSERT successful"}
{"ts":"2026-02-27T20:33:24.485","level":"debug","req":"2b6e18a8","msg":"logMonitoring END"}
{"ts":"2026-02-27T20:33:25.839","level":"debug","req":"d609cc55","msg":"SAVE REQUEST","ctx":{"jsonForm":"opleidingen","recordId":"17","POST":{"action":"save","ID":"17","jsonForm":"opleidingen","BNSOpleiding":"False"}}}
{"ts":"2026-02-27T20:33:25.931","level":"debug","req":"d609cc55","msg":"SAVE: POST keys","ctx":{"keys":["action","ID","jsonForm","BNSOpleiding"]}}
{"ts":"2026-02-27T20:33:25.932","level":"debug","req":"d609cc55","msg":"SAVE: userLevel NOT in POST"}
{"ts":"2026-02-27T20:33:25.933","level":"debug","req":"d609cc55","msg":"SAVE changelog data","ctx":{"keys":[],"changelogLength":0,"changelogPreview":""}}
{"ts":"2026-02-27T20:33:25.936","level":"debug","req":"d609cc55","msg":"SAVE: Valid fields","ctx":{"fields":["_group_0","code","titel","bnsopleiding","startdatum","datonsite","datdocentenonline","datmedewonline","fkoplsoort","fkdifferentiatie","bbigvo","bbigkj","bbigo","bmoodlegekoppeld","bblended","bpuuronline","verstuurmails","breadonly","bverbergpersoonlijsten","_group_19","contact1","contact2","fkplanner","_group_23","fkevaluatietemplate","fkurentemplate","templatewerkplan","fkkbttemplate","templatehalfjaarverslag","templatejaarverslag","verslagbijlage1oms","verslagbijlage1template","verslagbijlage1verplicht","verslagbijlage2oms","verslagbijlage2template","verslagbijlage2verplicht","verslagbijlage3oms","verslagbijlage3template","verslagbijlage3verplicht","eindverslagtemplate","fkcompetentietemplate","vervangendeopdrachttemplate","fkvatemplate","aanmeldingseisen","opleidingsovereenkomst","vrijstellingseisen","_group_46","studiegids","blnwijzigbaardraaiboek","draaiboekintro","supervisieverklaring","promptusid"]}}
{"ts":"2026-02-27T20:33:25.937","level":"debug","req":"d609cc55","msg":"SAVE: Received data keys","ctx":{"keys":["BNSOpleiding"]}}
{"ts":"2026-02-27T20:33:25.937","level":"debug","req":"d609cc55","msg":"SAVE: userEmail NOT in received data"}
{"ts":"2026-02-27T20:33:25.938","level":"debug","req":"d609cc55","msg":"SAVE: SQL","ctx":{"sql":"UPDATE [tblOpleidingen] SET [BNSOpleiding] = False WHERE [ID] = 17"}}
{"ts":"2026-02-27T20:33:25.941","level":"debug","req":"d609cc55","msg":"SAVE: Rows affected","ctx":{"count":1}}
{"ts":"2026-02-27T20:33:25.942","level":"debug","req":"d609cc55","msg":"SAVE: Skipping verification for Access","ctx":{"id":"17"}}
{"ts":"2026-02-27T20:33:25.943","level":"debug","req":"d609cc55","msg":"logMonitoring START","ctx":{"form":"opleidingen","action":"edit","recordId":"17"}}
{"ts":"2026-02-27T20:33:25.944","level":"debug","req":"d609cc55","msg":"logMonitoring: username=Diederik Stenvers"}
{"ts":"2026-02-27T20:33:25.945","level":"debug","req":"d609cc55","msg":"logMonitoring: changelog_length=0"}
{"ts":"2026-02-27T20:33:25.946","level":"debug","req":"d609cc55","msg":"logMonitoring: notification_length=100"}
{"ts":"2026-02-27T20:33:25.947","level":"debug","req":"d609cc55","msg":"logMonitoring: Executing INSERT","ctx":{"sqlLength":274}}
{"ts":"2026-02-27T20:33:25.950","level":"debug","req":"d609cc55","msg":"logMonitoring: INSERT successful"}
{"ts":"2026-02-27T20:33:25.951","level":"debug","req":"d609cc55","msg":"logMonitoring END"}
{"ts":"2026-02-27T20:33:28.604","level":"debug","req":"7dc4a8c9","msg":"form_api: JSON output","ctx":{"bytes":4957}}
{"ts":"2026-02-27T20:33:28.723","level":"debug","req":"fb88b8f7","msg":"form_api: JSON output","ctx":{"bytes":16606}}
{"ts":"2026-02-27T20:33:29.643","level":"debug","req":"6a5f6735","msg":"form_api: JSON output","ctx":{"bytes":14752}}
{"ts":"2026-02-27T20:34:41.379","level":"debug","req":"fecd4713","msg":"form_api: JSON output","ctx":{"bytes":29445}}
{"ts":"2026-02-27T20:34:47.195","level":"debug","req":"70d4dc4e","msg":"form_api: JSON output","ctx":{"bytes":4957}}
{"ts":"2026-02-27T20:34:49.420","level":"debug","req":"30653a9a","msg":"form_api: JSON output","ctx":{"bytes":774338}}
{"ts":"2026-02-27T20:34:55.982","level":"debug","req":"099a0aae","msg":"form_api: JSON output","ctx":{"bytes":4290}}
{"ts":"2026-02-27T20:37:21.157","level":"debug","req":"9d151aee","msg":"form_api: JSON output","ctx":{"bytes":4957}}
{"ts":"2026-02-27T20:37:21.172","level":"debug","req":"ee9314b5","msg":"form_api: JSON output","ctx":{"bytes":4957}}
{"ts":"2026-02-27T20:37:21.414","level":"debug","req":"d504da56","msg":"form_api: JSON output","ctx":{"bytes":774405}}
{"ts":"2026-02-27T20:37:21.678","level":"debug","req":"9f741f90","msg":"form_api: JSON output","ctx":{"bytes":774405}}
{"ts":"2026-02-27T20:38:26.009","level":"debug","req":"96850876","msg":"form_api: JSON output","ctx":{"bytes":18340}}
{"ts":"2026-02-27T20:38:26.768","level":"debug","req":"d0d70090","msg":"form_api: JSON output","ctx":{"bytes":16606}}
{"ts":"2026-02-27T20:38:27.122","level":"debug","req":"4723a604","msg":"form_api: JSON output","ctx":{"bytes":14752}}
{"ts":"2026-02-27T20:39:28.627","level":"debug","req":"617b88cd","msg":"form_api: JSON output","ctx":{"bytes":774345}}
{"ts":"2026-02-27T20:40:41.269","level":"debug","req":"c1389e51","msg":"form_api: JSON output","ctx":{"bytes":4957}}
{"ts":"2026-02-27T20:40:41.296","level":"debug","req":"53a42919","msg":"form_api: JSON output","ctx":{"bytes":4957}}
{"ts":"2026-02-27T20:40:41.427","level":"debug","req":"77591787","msg":"form_api: JSON output","ctx":{"bytes":16606}}
{"ts":"2026-02-27T20:40:41.653","level":"debug","req":"4449f757","msg":"form_api: JSON output","ctx":{"bytes":16606}}
{"ts":"2026-02-27T20:40:42.467","level":"debug","req":"05f332f9","msg":"form_api: JSON output","ctx":{"bytes":14752}}
{"ts":"2026-02-27T20:40:42.662","level":"debug","req":"3334b003","msg":"form_api: JSON output","ctx":{"bytes":14752}}
{"ts":"2026-02-27T20:40:50.566","level":"debug","req":"09ecf790","msg":"form_api: JSON output","ctx":{"bytes":774405}}
{"ts":"2026-02-27T20:40:50.734","level":"debug","req":"959ec3fc","msg":"form_api: JSON output","ctx":{"bytes":774405}}
{"ts":"2026-02-27T20:41:42.892","level":"debug","req":"194df5c4","msg":"form_api: JSON output","ctx":{"bytes":774405}}
{"ts":"2026-02-27T20:41:42.902","level":"debug","req":"493ff1c9","msg":"form_api: JSON output","ctx":{"bytes":774405}}
