{"ts":"2026-02-12T00:00:24.462","level":"debug","req":"40965c4d","msg":"form_api: JSON output","ctx":{"bytes":101988}}
{"ts":"2026-02-12T00:00:24.624","level":"debug","req":"6f982c89","msg":"form_api: JSON output","ctx":{"bytes":101988}}
{"ts":"2026-02-12T00:00:38.564","level":"debug","req":"581c23b9","msg":"form_api: JSON output","ctx":{"bytes":101988}}
{"ts":"2026-02-12T00:00:38.719","level":"debug","req":"2b810bd3","msg":"form_api: JSON output","ctx":{"bytes":101988}}
{"ts":"2026-02-12T00:00:55.660","level":"debug","req":"9f2b0032","msg":"form_api: JSON output","ctx":{"bytes":101986}}
{"ts":"2026-02-12T00:00:55.815","level":"debug","req":"2e28cacd","msg":"form_api: JSON output","ctx":{"bytes":101988}}
{"ts":"2026-02-12T00:01:13.680","level":"debug","req":"30ddea26","msg":"form_api: JSON output","ctx":{"bytes":101988}}
{"ts":"2026-02-12T00:01:13.828","level":"debug","req":"09008ac0","msg":"form_api: JSON output","ctx":{"bytes":101988}}
{"ts":"2026-02-12T00:01:16.428","level":"debug","req":"070209af","msg":"form_api: JSON output","ctx":{"bytes":101988}}
{"ts":"2026-02-12T00:01:16.577","level":"debug","req":"2645879d","msg":"form_api: JSON output","ctx":{"bytes":101988}}
{"ts":"2026-02-12T00:01:22.321","level":"debug","req":"bb47b973","msg":"form_api: JSON output","ctx":{"bytes":93461}}
{"ts":"2026-02-12T00:01:22.482","level":"debug","req":"180701e4","msg":"form_api: JSON output","ctx":{"bytes":93461}}
{"ts":"2026-02-12T00:01:23.431","level":"debug","req":"f16563cd","msg":"form_api: JSON output","ctx":{"bytes":102704}}
{"ts":"2026-02-12T00:01:29.436","level":"debug","req":"4687e6b1","msg":"form_api: JSON output","ctx":{"bytes":93459}}
{"ts":"2026-02-12T00:01:29.803","level":"debug","req":"c5bb3139","msg":"form_api: JSON output","ctx":{"bytes":93461}}
{"ts":"2026-02-12T00:01:30.824","level":"debug","req":"ce7b4b60","msg":"form_api: JSON output","ctx":{"bytes":102704}}
{"ts":"2026-02-12T00:01:31.372","level":"debug","req":"9b1c9c7c","msg":"form_api: JSON output","ctx":{"bytes":101988}}
{"ts":"2026-02-12T00:01:31.905","level":"debug","req":"76b8c9fe","msg":"form_api: JSON output","ctx":{"bytes":101988}}
{"ts":"2026-02-12T00:01:33.493","level":"debug","req":"77b986db","msg":"form_api: JSON output","ctx":{"bytes":101988}}
{"ts":"2026-02-12T00:01:33.651","level":"debug","req":"5738ad6d","msg":"form_api: JSON output","ctx":{"bytes":101986}}
{"ts":"2026-02-12T00:01:38.568","level":"debug","req":"853db8b9","msg":"form_api: JSON output","ctx":{"bytes":101988}}
{"ts":"2026-02-12T00:01:38.725","level":"debug","req":"b7dcd5fd","msg":"form_api: JSON output","ctx":{"bytes":101986}}
{"ts":"2026-02-12T00:02:21.461","level":"debug","req":"18191997","msg":"form_api: JSON output","ctx":{"bytes":101988}}
{"ts":"2026-02-12T00:02:23.976","level":"debug","req":"3ab73530","msg":"form_api: JSON output","ctx":{"bytes":101988}}
{"ts":"2026-02-12T00:02:28.259","level":"debug","req":"c011080a","msg":"form_api: JSON output","ctx":{"bytes":93461}}
{"ts":"2026-02-12T00:02:29.240","level":"debug","req":"bbe6ade6","msg":"form_api: JSON output","ctx":{"bytes":101986}}
{"ts":"2026-02-12T00:02:29.380","level":"debug","req":"f67b11df","msg":"form_api: JSON output","ctx":{"bytes":101921}}
{"ts":"2026-02-12T00:02:37.754","level":"debug","req":"aab8bcd7","msg":"form_api: JSON output","ctx":{"bytes":101988}}
{"ts":"2026-02-12T00:02:38.097","level":"debug","req":"fae05e6f","msg":"form_api: JSON output","ctx":{"bytes":27609}}
{"ts":"2026-02-12T00:02:41.408","level":"debug","req":"b993bdcd","msg":"form_api: JSON output","ctx":{"bytes":101988}}
{"ts":"2026-02-12T00:02:42.059","level":"debug","req":"40604e14","msg":"form_api: JSON output","ctx":{"bytes":27609}}
{"ts":"2026-02-12T00:02:42.395","level":"debug","req":"5392b335","msg":"form_api: JSON output","ctx":{"bytes":27609}}
{"ts":"2026-02-12T00:02:45.430","level":"debug","req":"8e160c98","msg":"form_api: JSON output","ctx":{"bytes":127429}}
{"ts":"2026-02-12T00:02:51.420","level":"debug","req":"5635ddbc","msg":"form_api: JSON output","ctx":{"bytes":101921}}
{"ts":"2026-02-12T00:02:54.517","level":"debug","req":"4cb1ddfc","msg":"form_api: JSON output","ctx":{"bytes":1568}}
{"ts":"2026-02-12T00:02:59.777","level":"debug","req":"a371ac00","msg":"form_api: JSON output","ctx":{"bytes":1568}}
{"ts":"2026-02-12T00:03:00.661","level":"debug","req":"e9228e03","msg":"form_api: JSON output","ctx":{"bytes":1726}}
{"ts":"2026-02-12T00:03:02.520","level":"debug","req":"2babbe9d","msg":"form_api: JSON output","ctx":{"bytes":5575}}
{"ts":"2026-02-12T00:03:19.753","level":"debug","req":"0e4c260c","msg":"form_api: JSON output","ctx":{"bytes":1568}}
{"ts":"2026-02-12T00:03:20.378","level":"debug","req":"95daea90","msg":"form_api: JSON output","ctx":{"bytes":1726}}
{"ts":"2026-02-12T00:03:21.452","level":"debug","req":"7acfa17b","msg":"form_api: JSON output","ctx":{"bytes":5575}}
{"ts":"2026-02-12T00:03:35.373","level":"debug","req":"081fd6f5","msg":"form_api: JSON output","ctx":{"bytes":1568}}
{"ts":"2026-02-12T00:03:36.267","level":"debug","req":"173c2bc0","msg":"form_api: JSON output","ctx":{"bytes":1726}}
{"ts":"2026-02-12T00:03:37.124","level":"debug","req":"86c4ba9e","msg":"form_api: JSON output","ctx":{"bytes":5575}}
{"ts":"2026-02-12T00:03:48.175","level":"debug","req":"041fe54c","msg":"form_api: JSON output","ctx":{"bytes":1568}}
{"ts":"2026-02-12T00:03:48.861","level":"debug","req":"1f3aaba9","msg":"form_api: JSON output","ctx":{"bytes":1726}}
{"ts":"2026-02-12T00:03:49.857","level":"debug","req":"af7e66e6","msg":"form_api: JSON output","ctx":{"bytes":5575}}
{"ts":"2026-02-12T00:03:58.600","level":"debug","req":"a474427a","msg":"form_api: JSON output","ctx":{"bytes":212594}}
{"ts":"2026-02-12T00:04:00.771","level":"debug","req":"9cac273a","msg":"form_api: JSON output","ctx":{"bytes":212592}}
{"ts":"2026-02-12T00:04:04.593","level":"debug","req":"074a7bdb","msg":"form_api: JSON output","ctx":{"bytes":212594}}
{"ts":"2026-02-12T00:05:22.997","level":"debug","req":"411759cb","msg":"form_api: JSON output","ctx":{"bytes":101986}}
{"ts":"2026-02-12T00:05:24.295","level":"debug","req":"885dbfe9","msg":"form_api: JSON output","ctx":{"bytes":101988}}
{"ts":"2026-02-12T00:05:27.568","level":"debug","req":"de6ceb41","msg":"form_api: JSON output","ctx":{"bytes":93461}}
{"ts":"2026-02-12T00:05:28.901","level":"debug","req":"faba8f01","msg":"form_api: JSON output","ctx":{"bytes":101921}}
{"ts":"2026-02-12T00:05:28.905","level":"debug","req":"0a73a1ef","msg":"form_api: JSON output","ctx":{"bytes":101986}}
{"ts":"2026-02-12T00:05:30.076","level":"debug","req":"bbc6f885","msg":"form_api: JSON output","ctx":{"bytes":101988}}
{"ts":"2026-02-12T00:05:30.173","level":"debug","req":"64e23d64","msg":"form_api: JSON output","ctx":{"bytes":27609}}
{"ts":"2026-02-12T00:05:31.300","level":"debug","req":"f74be263","msg":"form_api: JSON output","ctx":{"bytes":27609}}
{"ts":"2026-02-12T00:05:31.315","level":"debug","req":"ac776947","msg":"form_api: JSON output","ctx":{"bytes":101988}}
{"ts":"2026-02-12T00:05:33.690","level":"debug","req":"98780e22","msg":"form_api: JSON output","ctx":{"bytes":127429}}
{"ts":"2026-02-12T00:05:38.350","level":"debug","req":"307954f8","msg":"form_api: JSON output","ctx":{"bytes":1568}}
{"ts":"2026-02-12T00:05:40.175","level":"debug","req":"e929caef","msg":"form_api: JSON output","ctx":{"bytes":1568}}
{"ts":"2026-02-12T00:05:40.809","level":"debug","req":"93039fa3","msg":"form_api: JSON output","ctx":{"bytes":1726}}
{"ts":"2026-02-12T00:05:41.325","level":"debug","req":"82f647b1","msg":"form_api: JSON output","ctx":{"bytes":5575}}
{"ts":"2026-02-12T00:05:55.824","level":"debug","req":"812c4241","msg":"form_api: JSON output","ctx":{"bytes":1568}}
{"ts":"2026-02-12T00:05:56.449","level":"debug","req":"99a457e2","msg":"form_api: JSON output","ctx":{"bytes":1726}}
{"ts":"2026-02-12T00:05:57.266","level":"debug","req":"b50931f6","msg":"form_api: JSON output","ctx":{"bytes":5575}}
{"ts":"2026-02-12T00:06:08.059","level":"debug","req":"7d4d2107","msg":"form_api: JSON output","ctx":{"bytes":1568}}
{"ts":"2026-02-12T00:06:08.822","level":"debug","req":"c06f5637","msg":"form_api: JSON output","ctx":{"bytes":1726}}
{"ts":"2026-02-12T00:06:09.572","level":"debug","req":"3668c3e3","msg":"form_api: JSON output","ctx":{"bytes":5575}}
{"ts":"2026-02-12T00:06:28.645","level":"debug","req":"a5f9a2f5","msg":"form_api: JSON output","ctx":{"bytes":1568}}
{"ts":"2026-02-12T00:06:29.247","level":"debug","req":"1fb8e418","msg":"form_api: JSON output","ctx":{"bytes":1726}}
{"ts":"2026-02-12T00:06:30.141","level":"debug","req":"56da0509","msg":"form_api: JSON output","ctx":{"bytes":5575}}
{"ts":"2026-02-12T00:08:18.056","level":"debug","req":"57efc8cb","msg":"form_api: JSON output","ctx":{"bytes":101921}}
{"ts":"2026-02-12T00:12:33.275","level":"debug","req":"5bbcb3f4","msg":"form_api: JSON output","ctx":{"bytes":50639}}
{"ts":"2026-02-12T00:12:34.008","level":"debug","req":"b2de25c6","msg":"form_api: JSON output","ctx":{"bytes":50639}}
{"ts":"2026-02-12T00:12:41.036","level":"debug","req":"12b62d27","msg":"form_api: JSON output","ctx":{"bytes":50639}}
{"ts":"2026-02-12T00:12:41.797","level":"debug","req":"cf519640","msg":"form_api: JSON output","ctx":{"bytes":50639}}
{"ts":"2026-02-12T00:12:42.397","level":"debug","req":"2d5e8f68","msg":"form_api: JSON output","ctx":{"bytes":50639}}
{"ts":"2026-02-12T00:12:43.119","level":"debug","req":"52039030","msg":"form_api: JSON output","ctx":{"bytes":50639}}
{"ts":"2026-02-12T00:12:49.406","level":"debug","req":"76217309","msg":"form_api: JSON output","ctx":{"bytes":50639}}
{"ts":"2026-02-12T00:12:54.143","level":"debug","req":"e236e595","msg":"form_api: JSON output","ctx":{"bytes":101988}}
{"ts":"2026-02-12T00:12:55.267","level":"debug","req":"b8c7aef3","msg":"form_api: JSON output","ctx":{"bytes":101988}}
{"ts":"2026-02-12T00:12:57.973","level":"debug","req":"b57ded0d","msg":"form_api: JSON output","ctx":{"bytes":101988}}
{"ts":"2026-02-12T00:12:59.239","level":"debug","req":"3c46137a","msg":"form_api: JSON output","ctx":{"bytes":101986}}
{"ts":"2026-02-12T00:13:07.996","level":"debug","req":"bb55e072","msg":"form_api: JSON output","ctx":{"bytes":102704}}
{"ts":"2026-02-12T00:13:08.410","level":"debug","req":"e0a4c2f8","msg":"form_api: JSON output","ctx":{"bytes":50639}}
{"ts":"2026-02-12T00:13:09.292","level":"debug","req":"f8bb3f84","msg":"form_api: JSON output","ctx":{"bytes":50639}}
{"ts":"2026-02-12T00:14:29.690","level":"debug","req":"9804435c","msg":"form_api: JSON output","ctx":{"bytes":101986}}
{"ts":"2026-02-12T00:14:29.845","level":"debug","req":"35e16824","msg":"form_api: JSON output","ctx":{"bytes":101988}}
{"ts":"2026-02-12T00:14:40.187","level":"debug","req":"9026acdd","msg":"form_api: JSON output","ctx":{"bytes":101986}}
{"ts":"2026-02-12T00:14:40.551","level":"debug","req":"968ac528","msg":"form_api: JSON output","ctx":{"bytes":101986}}
{"ts":"2026-02-12T00:14:43.055","level":"debug","req":"6baf7eea","msg":"form_api: JSON output","ctx":{"bytes":101988}}
{"ts":"2026-02-12T00:14:43.198","level":"debug","req":"61ca8e2a","msg":"form_api: JSON output","ctx":{"bytes":101986}}
{"ts":"2026-02-12T00:14:54.687","level":"debug","req":"4821ab1a","msg":"form_api: JSON output","ctx":{"bytes":93461}}
{"ts":"2026-02-12T00:14:54.847","level":"debug","req":"f669a1ed","msg":"form_api: JSON output","ctx":{"bytes":93461}}
{"ts":"2026-02-12T00:14:55.920","level":"debug","req":"1724ab1a","msg":"form_api: JSON output","ctx":{"bytes":102704}}
{"ts":"2026-02-12T00:14:56.163","level":"debug","req":"37b3d3d8","msg":"form_api: JSON output","ctx":{"bytes":9442}}
{"ts":"2026-02-12T00:14:58.982","level":"debug","req":"020cc67d","msg":"form_api: JSON output","ctx":{"bytes":93459}}
{"ts":"2026-02-12T00:14:59.488","level":"debug","req":"e9f39461","msg":"form_api: JSON output","ctx":{"bytes":93461}}
{"ts":"2026-02-12T00:15:10.298","level":"debug","req":"9ce38680","msg":"form_api: JSON output","ctx":{"bytes":101986}}
{"ts":"2026-02-12T00:15:12.462","level":"debug","req":"e1338050","msg":"form_api: JSON output","ctx":{"bytes":101988}}
{"ts":"2026-02-12T00:15:12.830","level":"debug","req":"bc0f44ca","msg":"form_api: JSON output","ctx":{"bytes":101988}}
{"ts":"2026-02-12T00:15:15.220","level":"debug","req":"4b651e89","msg":"form_api: JSON output","ctx":{"bytes":101988}}
{"ts":"2026-02-12T00:15:15.378","level":"debug","req":"164dc973","msg":"form_api: JSON output","ctx":{"bytes":101988}}
{"ts":"2026-02-12T00:17:30.810","level":"debug","req":"5156dd7e","msg":"form_api: JSON output","ctx":{"bytes":101988}}
{"ts":"2026-02-12T00:17:36.313","level":"debug","req":"0ba20af0","msg":"form_api: JSON output","ctx":{"bytes":101988}}
{"ts":"2026-02-12T00:17:47.734","level":"debug","req":"283865c2","msg":"form_api: JSON output","ctx":{"bytes":93459}}
{"ts":"2026-02-12T00:17:51.514","level":"debug","req":"fdd3104b","msg":"form_api: JSON output","ctx":{"bytes":101986}}
{"ts":"2026-02-12T00:17:51.660","level":"debug","req":"61d6cf2b","msg":"form_api: JSON output","ctx":{"bytes":101921}}
{"ts":"2026-02-12T00:17:53.098","level":"debug","req":"ba15ccbb","msg":"form_api: JSON output","ctx":{"bytes":101988}}
{"ts":"2026-02-12T00:17:53.228","level":"debug","req":"efa6f68d","msg":"form_api: JSON output","ctx":{"bytes":27609}}
{"ts":"2026-02-12T00:17:55.273","level":"debug","req":"1eedb859","msg":"form_api: JSON output","ctx":{"bytes":101988}}
{"ts":"2026-02-12T00:18:03.449","level":"debug","req":"1aa8205b","msg":"form_api: JSON output","ctx":{"bytes":127429}}
{"ts":"2026-02-12T00:18:12.202","level":"debug","req":"323d890a","msg":"form_api: JSON output","ctx":{"bytes":1568}}
{"ts":"2026-02-12T00:18:14.488","level":"debug","req":"26f0bfeb","msg":"form_api: JSON output","ctx":{"bytes":1568}}
{"ts":"2026-02-12T00:18:18.549","level":"debug","req":"104c5eb4","msg":"form_api: JSON output","ctx":{"bytes":1726}}
{"ts":"2026-02-12T00:18:19.296","level":"debug","req":"216bb243","msg":"form_api: JSON output","ctx":{"bytes":5575}}
{"ts":"2026-02-12T00:18:22.749","level":"debug","req":"a08b8892","msg":"form_api: JSON output","ctx":{"bytes":1568}}
{"ts":"2026-02-12T00:18:24.137","level":"debug","req":"537f69e5","msg":"form_api: JSON output","ctx":{"bytes":1726}}
{"ts":"2026-02-12T00:18:25.657","level":"debug","req":"de88832b","msg":"form_api: JSON output","ctx":{"bytes":5575}}
{"ts":"2026-02-12T00:20:25.101","level":"debug","req":"f0305ab7","msg":"form_api: JSON output","ctx":{"bytes":50639}}
{"ts":"2026-02-12T00:20:26.053","level":"debug","req":"5de867d7","msg":"form_api: JSON output","ctx":{"bytes":50639}}
{"ts":"2026-02-12T00:20:26.695","level":"debug","req":"f4283b24","msg":"form_api: JSON output","ctx":{"bytes":50639}}
{"ts":"2026-02-12T00:20:27.239","level":"debug","req":"a734da96","msg":"form_api: JSON output","ctx":{"bytes":50639}}
{"ts":"2026-02-12T00:20:36.013","level":"debug","req":"47e0acfd","msg":"form_api: JSON output","ctx":{"bytes":50639}}
{"ts":"2026-02-12T00:20:36.751","level":"debug","req":"9d5f0f4b","msg":"form_api: JSON output","ctx":{"bytes":50639}}
{"ts":"2026-02-12T00:20:37.446","level":"debug","req":"7d594693","msg":"form_api: JSON output","ctx":{"bytes":50639}}
{"ts":"2026-02-12T00:23:32.505","level":"debug","req":"8a367eb0","msg":"form_api: JSON output","ctx":{"bytes":50639}}
{"ts":"2026-02-12T00:23:33.116","level":"debug","req":"37ad423b","msg":"form_api: JSON output","ctx":{"bytes":50639}}
{"ts":"2026-02-12T00:23:39.174","level":"debug","req":"a47c4304","msg":"form_api: JSON output","ctx":{"bytes":50639}}
{"ts":"2026-02-12T00:23:39.771","level":"debug","req":"9b2e1265","msg":"form_api: JSON output","ctx":{"bytes":50639}}
{"ts":"2026-02-12T00:23:41.385","level":"debug","req":"eac59b76","msg":"form_api: JSON output","ctx":{"bytes":50639}}
{"ts":"2026-02-12T00:23:42.337","level":"debug","req":"834ec8e5","msg":"form_api: JSON output","ctx":{"bytes":50639}}
{"ts":"2026-02-12T00:23:42.937","level":"debug","req":"7167ca62","msg":"form_api: JSON output","ctx":{"bytes":50639}}
{"ts":"2026-02-12T00:23:57.308","level":"debug","req":"b4a9f942","msg":"form_api: JSON output","ctx":{"bytes":101988}}
{"ts":"2026-02-12T00:23:58.639","level":"debug","req":"aec0a725","msg":"form_api: JSON output","ctx":{"bytes":101988}}
{"ts":"2026-02-12T00:23:59.935","level":"debug","req":"b454fcbd","msg":"form_api: JSON output","ctx":{"bytes":101988}}
{"ts":"2026-02-12T00:24:04.181","level":"debug","req":"448028b4","msg":"form_api: JSON output","ctx":{"bytes":101988}}
{"ts":"2026-02-12T00:24:05.369","level":"debug","req":"c2c31a28","msg":"form_api: JSON output","ctx":{"bytes":102704}}
{"ts":"2026-02-12T00:24:05.828","level":"debug","req":"82585fce","msg":"form_api: JSON output","ctx":{"bytes":50639}}
{"ts":"2026-02-12T00:24:12.692","level":"debug","req":"e5549065","msg":"form_api: JSON output","ctx":{"bytes":50639}}
{"ts":"2026-02-12T00:27:46.486","level":"debug","req":"85102b60","msg":"form_api: JSON output","ctx":{"bytes":50639}}
{"ts":"2026-02-12T00:27:47.221","level":"debug","req":"f2ff3bfa","msg":"form_api: JSON output","ctx":{"bytes":50639}}
{"ts":"2026-02-12T00:27:48.076","level":"debug","req":"5087475b","msg":"form_api: JSON output","ctx":{"bytes":50639}}
{"ts":"2026-02-12T00:27:48.652","level":"debug","req":"31dba044","msg":"form_api: JSON output","ctx":{"bytes":50639}}
{"ts":"2026-02-12T00:27:49.243","level":"debug","req":"70459aba","msg":"form_api: JSON output","ctx":{"bytes":50639}}
{"ts":"2026-02-12T00:27:49.847","level":"debug","req":"29be8f30","msg":"form_api: JSON output","ctx":{"bytes":50639}}
{"ts":"2026-02-12T00:27:50.433","level":"debug","req":"174c4694","msg":"form_api: JSON output","ctx":{"bytes":50639}}
{"ts":"2026-02-12T00:27:51.174","level":"debug","req":"aadd3eab","msg":"form_api: JSON output","ctx":{"bytes":101988}}
{"ts":"2026-02-12T00:27:52.423","level":"debug","req":"364c6707","msg":"form_api: JSON output","ctx":{"bytes":101988}}
{"ts":"2026-02-12T00:27:53.601","level":"debug","req":"184c9948","msg":"form_api: JSON output","ctx":{"bytes":101986}}
{"ts":"2026-02-12T00:27:54.731","level":"debug","req":"327735b7","msg":"form_api: JSON output","ctx":{"bytes":101988}}
{"ts":"2026-02-12T00:27:55.794","level":"debug","req":"f5f86275","msg":"form_api: JSON output","ctx":{"bytes":101986}}
{"ts":"2026-02-12T00:27:56.998","level":"debug","req":"ed4a2e27","msg":"form_api: JSON output","ctx":{"bytes":101986}}
{"ts":"2026-02-12T00:27:58.222","level":"debug","req":"794b54d2","msg":"form_api: JSON output","ctx":{"bytes":101988}}
{"ts":"2026-02-12T00:27:59.192","level":"debug","req":"bbe7dd75","msg":"form_api: JSON output","ctx":{"bytes":101988}}
{"ts":"2026-02-12T00:28:00.478","level":"debug","req":"322b3e1a","msg":"form_api: JSON output","ctx":{"bytes":101988}}
{"ts":"2026-02-12T00:28:01.668","level":"debug","req":"694a3da0","msg":"form_api: JSON output","ctx":{"bytes":101986}}
{"ts":"2026-02-12T00:28:02.778","level":"debug","req":"5570b1ab","msg":"form_api: JSON output","ctx":{"bytes":102704}}
{"ts":"2026-02-12T00:28:03.150","level":"debug","req":"12db838b","msg":"form_api: JSON output","ctx":{"bytes":50639}}
{"ts":"2026-02-12T00:28:03.694","level":"debug","req":"f787d479","msg":"form_api: JSON output","ctx":{"bytes":50639}}
{"ts":"2026-02-12T07:06:11.083","level":"debug","req":"e6b2ddfa","msg":"form_api: JSON output","ctx":{"bytes":2980}}
{"ts":"2026-02-12T07:08:08.032","level":"debug","req":"586e6430","msg":"form_api: JSON output","ctx":{"bytes":36911}}
{"ts":"2026-02-12T07:08:08.046","level":"debug","req":"a5489740","msg":"form_api: JSON output","ctx":{"bytes":36911}}
{"ts":"2026-02-12T07:08:08.331","level":"debug","req":"9d4760c6","msg":"form_api: JSON output","ctx":{"bytes":136825}}
{"ts":"2026-02-12T07:08:08.585","level":"debug","req":"aa682c98","msg":"form_api: JSON output","ctx":{"bytes":136827}}
{"ts":"2026-02-12T07:08:19.826","level":"debug","req":"cfd68bf5","msg":"form_api: JSON output","ctx":{"bytes":99285}}
{"ts":"2026-02-12T07:08:19.832","level":"debug","req":"07b4d86a","msg":"form_api: JSON output","ctx":{"bytes":99283}}
{"ts":"2026-02-12T07:08:22.912","level":"debug","req":"9d2cd65d","msg":"form_api: JSON output","ctx":{"bytes":2456}}
{"ts":"2026-02-12T07:08:22.913","level":"debug","req":"f5bc27d0","msg":"form_api: JSON output","ctx":{"bytes":2456}}
{"ts":"2026-02-12T07:08:30.617","level":"debug","req":"7ae56330","msg":"form_api: JSON output","ctx":{"bytes":48790}}
{"ts":"2026-02-12T07:08:36.344","level":"debug","req":"d1d7a2bc","msg":"form_api: JSON output","ctx":{"bytes":1100}}
{"ts":"2026-02-12T07:08:36.615","level":"debug","req":"732ef363","msg":"form_api: JSON output","ctx":{"bytes":4563}}
{"ts":"2026-02-12T07:08:39.156","level":"debug","req":"a79f4f45","msg":"form_api: JSON output","ctx":{"bytes":1117}}
{"ts":"2026-02-12T07:08:39.159","level":"debug","req":"467e4371","msg":"form_api: JSON output","ctx":{"bytes":1371}}
{"ts":"2026-02-12T07:16:24.534","level":"debug","req":"0f22f61a","msg":"form_api: JSON output","ctx":{"bytes":48857}}
{"ts":"2026-02-12T07:16:24.546","level":"debug","req":"d4bbed67","msg":"form_api: JSON output","ctx":{"bytes":48855}}
{"ts":"2026-02-12T07:16:26.122","level":"debug","req":"ded4ab34","msg":"form_api: JSON output","ctx":{"bytes":1117}}
{"ts":"2026-02-12T07:16:26.140","level":"debug","req":"61f62c0f","msg":"form_api: JSON output","ctx":{"bytes":1371}}
{"ts":"2026-02-12T07:16:26.325","level":"debug","req":"d927c348","msg":"form_api: JSON output","ctx":{"bytes":1100}}
{"ts":"2026-02-12T07:16:26.615","level":"debug","req":"391db63d","msg":"form_api: JSON output","ctx":{"bytes":4563}}
{"ts":"2026-02-12T07:16:50.059","level":"debug","req":"cb5a7bae","msg":"form_api: JSON output","ctx":{"bytes":48857}}
{"ts":"2026-02-12T07:16:50.073","level":"debug","req":"94722e1f","msg":"form_api: JSON output","ctx":{"bytes":48857}}
{"ts":"2026-02-12T07:16:51.803","level":"debug","req":"5ca03f36","msg":"form_api: JSON output","ctx":{"bytes":1371}}
{"ts":"2026-02-12T07:16:51.983","level":"debug","req":"28cb68ec","msg":"form_api: JSON output","ctx":{"bytes":1100}}
{"ts":"2026-02-12T07:16:52.255","level":"debug","req":"d4fa02c9","msg":"form_api: JSON output","ctx":{"bytes":4563}}
{"ts":"2026-02-12T07:18:30.662","level":"debug","req":"14348ef1","msg":"SAVE REQUEST","ctx":{"jsonForm":"rino_contactpersonen","recordId":"9","POST":{"action":"save","jsonForm":"rino_contactpersonen","ID":"9","actie":"","_changelog":"<table cellspacing=\"0\" cellpadding=\"3\"><tr><th style=\"font-size:10pt;background-color:#002350;color:white;text-align:left\">Veld</th><th style=\"font-size:10pt;background-color:#002350;color:white;text-align:left\">was</th><th style=\"font-size:10pt;background-color:#002350;color:white;text-align:left\">gewijzigd in</th></tr>\r\n<TR id=\"Achternaam\" vAlign=\"Top\"><TD style=\"border-bottom:1px solid #003366;border-left:1px solid #003366\">Achternaam</TD><TD style=\"border-bottom:1px solid #003366\">&nbsp;</TD><TD style=\"border-bottom:1px solid #003366;border-right:1px solid #003366\">Stenvers&nbsp;</TD></TR>\r\n<TR id=\"E-mail notificaties nieuws\" vAlign=\"Top\"><TD style=\"border-bottom:1px solid #003366;border-left:1px solid #003366\">E-mail notificaties nieuws</TD><TD style=\"border-bottom:1px solid #003366\">Uit&nbsp;</TD><TD style=\"border-bottom:1px solid #003366;border-right:1px solid #003366\">Aan&nbsp;</TD></TR>\r\n<TR id=\"BIG medewerk(st)er\" vAlign=\"Top\"><TD style=\"border-bottom:1px solid #003366;border-left:1px solid #003366\">BIG medewerk(st)er</TD><TD style=\"border-bottom:1px solid #003366\">Uit&nbsp;</TD><TD style=\"border-bottom:1px solid #003366;border-right:1px solid #003366\">Aan&nbsp;</TD></TR>\r\n<TR id=\"ONE medewerk(st)er\" vAlign=\"Top\"><TD style=\"border-bottom:1px solid #003366;border-left:1px solid #003366\">ONE medewerk(st)er</TD><TD style=\"border-bottom:1px solid #003366\">Uit&nbsp;</TD><TD style=\"border-bottom:1px solid #003366;border-right:1px solid #003366\">Aan&nbsp;</TD></TR>\r\n<TR id=\"Toegang tot plannings-scherm\" vAlign=\"Top\"><TD style=\"border-bottom:1px solid #003366;border-left:1px solid #003366\">Toegang tot plannings-scherm</TD><TD style=\"border-bottom:1px solid #003366\">Uit&nbsp;</TD><TD style=\"border-bottom:1px solid #003366;border-right:1px solid #003366\">Aan&nbsp;</TD></TR>\r\n<TR id=\"Lid van het Servicebureau\" vAlign=\"Top\"><TD style=\"border-bottom:1px solid #003366;border-left:1px solid #003366\">Lid van het Servicebureau</TD><TD style=\"border-bottom:1px solid #003366\">Uit&nbsp;</TD><TD style=\"border-bottom:1px solid #003366;border-right:1px solid #003366\">Aan&nbsp;</TD></TR>\r\n<TR id=\"Supervisor rechten\" vAlign=\"Top\"><TD style=\"border-bottom:1px solid #003366;border-left:1px solid #003366\">Supervisor rechten</TD><TD style=\"border-bottom:1px solid #003366\">Uit&nbsp;</TD><TD style=\"border-bottom:1px solid #003366;border-right:1px solid #003366\">Aan&nbsp;</TD></TR>\r\n<TR id=\"Foto bij evaluatie-mail?\" vAlign=\"Top\"><TD style=\"border-bottom:1px solid #003366;border-left:1px solid #003366\">Foto bij evaluatie-mail?</TD><TD style=\"border-bottom:1px solid #003366\">Uit&nbsp;</TD><TD style=\"border-bottom:1px solid #003366;border-right:1px solid #003366\">Aan&nbsp;</TD></TR>\r\n</table>","_changelog_flds":"Achternaam,EmailNieuwsNotificaties,BIG,BNS,bPlanning,bServiceBureau,bSuperuser,bFotoInmail","_changelog_type":"edit","_changelog_email":"","_changelog_user":"Diederik Stenvers","_changelog_form":"rino_contactpersonen","_changelog_formname":"rino_contactpersonen","_changelog_copy":"","_changelog_copy_id":"","required":"","__fully_loaded":"Y","Naam":"Diederik Stenvers","Achternaam":"Stenvers","Functie":"tester","MV":"M","Telefoonnummer":"nooit bellen","Telefoonnummer__label":"Telefoon","Email":"diederik@stenversonline.nl","Email__label":"E-mail adres","NotificatiesImporten":"1","NotificatiesImporten__label":"Import notificaties","EmailNieuwsNotificaties":"True","EmailNieuwsNotificaties__label":"E-mail notificaties nieuws","BIG":"True","BIG__label":"BIG medewerk(st)er","BNS":"True","BNS__label":"ONE medewerk(st)er","bPlanning":"True","bPlanning__label":"Toegang tot plannings-scherm","bServiceBureau":"True","bServiceBureau__label":"Lid van het Servicebureau","bSuperuser":"True","bSuperuser__label":"Supervisor rechten","bFotoInmail":"True","bFotoInmail__label":"Foto bij evaluatie-mail?","guid__label":"Unieke code","PromptusID":"","PromptusID__label":"STB ID"}}}
{"ts":"2026-02-12T07:18:30.750","level":"debug","req":"14348ef1","msg":"SAVE: POST keys","ctx":{"keys":["action","jsonForm","ID","actie","_changelog","_changelog_flds","_changelog_type","_changelog_email","_changelog_user","_changelog_form","_changelog_formname","_changelog_copy","_changelog_copy_id","required","__fully_loaded","Naam","Achternaam","Functie","MV","Telefoonnummer","Telefoonnummer__label","Email","Email__label","NotificatiesImporten","NotificatiesImporten__label","EmailNieuwsNotificaties","EmailNieuwsNotificaties__label","BIG","BIG__label","BNS","BNS__label","bPlanning","bPlanning__label","bServiceBureau","bServiceBureau__label","bSuperuser","bSuperuser__label","bFotoInmail","bFotoInmail__label","guid__label","PromptusID","PromptusID__label"]}}
{"ts":"2026-02-12T07:18:30.751","level":"debug","req":"14348ef1","msg":"SAVE: userLevel NOT in POST"}
{"ts":"2026-02-12T07:18:30.752","level":"debug","req":"14348ef1","msg":"SAVE changelog data","ctx":{"keys":["_changelog","_changelog_flds","_changelog_type","_changelog_email","_changelog_user","_changelog_form","_changelog_formname","_changelog_copy","_changelog_copy_id"],"changelogLength":2716,"changelogPreview":"<table cellspacing=\"0\" cellpadding=\"3\"><tr><th style=\"font-size:10pt;background-color:#002350;color:white;text-align:left\">Veld</th><th style=\"font-size:10pt;background-color:#002350;color:white;text-"}}
{"ts":"2026-02-12T07:18:30.753","level":"debug","req":"14348ef1","msg":"SAVE: Valid fields","ctx":{"fields":["naam","achternaam","functie","mv","telefoonnummer","email","_group_6","notificatiesimporten","emailnieuwsnotificaties","_group_9","big","bns","bplanning","bservicebureau","bsuperuser","_group_15","bfotoinmail","promptusid"]}}
{"ts":"2026-02-12T07:18:30.754","level":"debug","req":"14348ef1","msg":"SAVE: Received data keys","ctx":{"keys":["actie","required","Naam","Achternaam","Functie","MV","Telefoonnummer","Telefoonnummer__label","Email","Email__label","NotificatiesImporten","NotificatiesImporten__label","EmailNieuwsNotificaties","EmailNieuwsNotificaties__label","BIG","BIG__label","BNS","BNS__label","bPlanning","bPlanning__label","bServiceBureau","bServiceBureau__label","bSuperuser","bSuperuser__label","bFotoInmail","bFotoInmail__label","guid__label","PromptusID","PromptusID__label"]}}
{"ts":"2026-02-12T07:18:30.755","level":"debug","req":"14348ef1","msg":"SAVE: userEmail NOT in received data"}
{"ts":"2026-02-12T07:18:30.756","level":"debug","req":"14348ef1","msg":"SAVE: SQL","ctx":{"sql":"UPDATE [tblContactpersonen] SET [Naam] = 'Diederik Stenvers', [Achternaam] = 'Stenvers', [Functie] = 'tester', [MV] = 'M', [Telefoonnummer] = 'nooit bellen', [Email] = 'diederik@stenversonline.nl', [NotificatiesImporten] = 1, [EmailNieuwsNotificaties] = True, [BIG] = True, [BNS] = True, [bPlanning] = True, [bServiceBureau] = True, [bSuperuser] = True, [bFotoInmail] = True, [PromptusID] = NULL WHERE [ID] = 9"}}
{"ts":"2026-02-12T07:18:30.775","level":"debug","req":"14348ef1","msg":"SAVE: Rows affected","ctx":{"count":1}}
{"ts":"2026-02-12T07:18:30.776","level":"debug","req":"14348ef1","msg":"SAVE: Skipping verification for Access","ctx":{"id":"9"}}
{"ts":"2026-02-12T07:18:30.777","level":"debug","req":"14348ef1","msg":"logMonitoring START","ctx":{"form":"rino_contactpersonen","action":"edit","recordId":"9"}}
{"ts":"2026-02-12T07:18:30.778","level":"debug","req":"14348ef1","msg":"logMonitoring: username=Diederik Stenvers"}
{"ts":"2026-02-12T07:18:30.778","level":"debug","req":"14348ef1","msg":"logMonitoring: changelog_length=2716"}
{"ts":"2026-02-12T07:18:30.779","level":"debug","req":"14348ef1","msg":"logMonitoring: notification_length=2832"}
{"ts":"2026-02-12T07:18:30.779","level":"debug","req":"14348ef1","msg":"logMonitoring: Executing INSERT","ctx":{"sqlLength":3023}}
{"ts":"2026-02-12T07:18:30.792","level":"debug","req":"14348ef1","msg":"logMonitoring: INSERT successful"}
{"ts":"2026-02-12T07:18:30.793","level":"debug","req":"14348ef1","msg":"logMonitoring END"}
{"ts":"2026-02-12T07:18:31.036","level":"debug","req":"7d9f3d1e","msg":"getRowHtml: RESULT","ctx":{"htmlLength":1508,"totalTds":15,"emptyTds":1,"htmlPreview":"<tr class=\"listrow\" data-id=\"9\"><td data-field=\"Naam\" data-type=\"text\"><span class=\"row-menu-trigger\" data-id=\"9\">&#8942;</span>Diederik Stenvers</td><td data-field=\"Achternaam\" data-type=\"text\">Stenvers                                                                    </td><td data-field=\"Functie\" data-type=\"text\">tester</td><td data-field=\"MV\" data-type=\"text\">M</td><td data-field=\"Telefoonnummer\" data-type=\"text\">nooit bellen</td><td data-field=\"Email\" data-type=\"text\">diederik@stenversonlin"}}
{"ts":"2026-02-12T07:18:31.037","level":"debug","req":"7d9f3d1e","msg":"form_api: JSON output","ctx":{"bytes":3947}}
{"ts":"2026-02-12T07:18:41.770","level":"debug","req":"4321124f","msg":"form_api: JSON output","ctx":{"bytes":1100}}
{"ts":"2026-02-12T07:18:42.045","level":"debug","req":"e6b08e14","msg":"form_api: JSON output","ctx":{"bytes":4563}}
{"ts":"2026-02-12T07:18:52.884","level":"debug","req":"f5e50308","msg":"form_api: JSON output","ctx":{"bytes":1117}}
{"ts":"2026-02-12T07:20:11.880","level":"debug","req":"aea29671","msg":"form_api: JSON output","ctx":{"bytes":93461}}
{"ts":"2026-02-12T07:20:11.881","level":"debug","req":"554c8bfd","msg":"form_api: JSON output","ctx":{"bytes":93461}}
{"ts":"2026-02-12T07:20:57.391","level":"debug","req":"d735d1c6","msg":"form_api: JSON output","ctx":{"bytes":4064}}
{"ts":"2026-02-12T07:21:01.012","level":"debug","req":"8aba0547","msg":"form_api: JSON output","ctx":{"bytes":1171}}
{"ts":"2026-02-12T07:21:01.207","level":"debug","req":"267fad7e","msg":"form_api: JSON output","ctx":{"bytes":7772}}
{"ts":"2026-02-12T07:21:42.209","level":"debug","req":"18e42905","msg":"SAVE REQUEST","ctx":{"jsonForm":"_menu_items","recordId":"80","POST":{"action":"save","jsonForm":"_menu_items","ID":"80","actie":"","_changelog":"<table cellspacing=\"0\" cellpadding=\"3\"><tr><th style=\"font-size:10pt;background-color:#002350;color:white;text-align:left\">Veld</th><th style=\"font-size:10pt;background-color:#002350;color:white;text-align:left\">was</th><th style=\"font-size:10pt;background-color:#002350;color:white;text-align:left\">gewijzigd in</th></tr>\r\n<TR id=\"Weergavenaam\" vAlign=\"Top\"><TD style=\"border-bottom:1px solid #003366;border-left:1px solid #003366\">Weergavenaam</TD><TD style=\"border-bottom:1px solid #003366\">&nbsp;</TD><TD style=\"border-bottom:1px solid #003366;border-right:1px solid #003366\">Logins&nbsp;</TD></TR>\r\n<TR id=\"Zichtbaar\" vAlign=\"Top\"><TD style=\"border-bottom:1px solid #003366;border-left:1px solid #003366\">Zichtbaar</TD><TD style=\"border-bottom:1px solid #003366\">Uit&nbsp;</TD><TD style=\"border-bottom:1px solid #003366;border-right:1px solid #003366\">Aan&nbsp;</TD></TR>\r\n</table>","_changelog_flds":"name,visible","_changelog_type":"edit","_changelog_email":"","_changelog_user":"Diederik Stenvers","_changelog_form":"_menu_items","_changelog_formname":"_menu_items","_changelog_copy":"","_changelog_copy_id":"","required":"","__fully_loaded":"Y","menuId":"34","menuId__label":"Menu ID","visible":"True","visible__label":"Zichtbaar","id":"80","name":"Logins","name__label":"Weergavenaam","order":"10","order__label":"Volgorde","form":"logins","form__label":"JSON formulier","formId":"64","formId__label":"Form ID (legacy)","href":"","href__label":"URL"}}}
{"ts":"2026-02-12T07:21:42.297","level":"debug","req":"18e42905","msg":"SAVE: POST keys","ctx":{"keys":["action","jsonForm","ID","actie","_changelog","_changelog_flds","_changelog_type","_changelog_email","_changelog_user","_changelog_form","_changelog_formname","_changelog_copy","_changelog_copy_id","required","__fully_loaded","menuId","menuId__label","visible","visible__label","id","name","name__label","order","order__label","form","form__label","formId","formId__label","href","href__label"]}}
{"ts":"2026-02-12T07:21:42.298","level":"debug","req":"18e42905","msg":"SAVE: userLevel NOT in POST"}
{"ts":"2026-02-12T07:21:42.299","level":"debug","req":"18e42905","msg":"SAVE changelog data","ctx":{"keys":["_changelog","_changelog_flds","_changelog_type","_changelog_email","_changelog_user","_changelog_form","_changelog_formname","_changelog_copy","_changelog_copy_id"],"changelogLength":886,"changelogPreview":"<table cellspacing=\"0\" cellpadding=\"3\"><tr><th style=\"font-size:10pt;background-color:#002350;color:white;text-align:left\">Veld</th><th style=\"font-size:10pt;background-color:#002350;color:white;text-"}}
{"ts":"2026-02-12T07:21:42.300","level":"debug","req":"18e42905","msg":"ConfigFormService::saveRecord","ctx":{"formName":"_menu_items","data":{"actie":"","required":"","menuId":"34","menuId__label":"Menu ID","visible":"True","visible__label":"Zichtbaar","name":"Logins","name__label":"Weergavenaam","order":"10","order__label":"Volgorde","form__label":"JSON formulier","formId":"64","formId__label":"Form ID (legacy)","href":"","href__label":"URL","id":"80"}}}
{"ts":"2026-02-12T07:21:42.302","level":"debug","req":"18e42905","msg":"ConfigFormService: searching for item","ctx":{"id":"80","parentKey":"menus","nestedKey":"items","parentCount":15}}
{"ts":"2026-02-12T07:21:42.303","level":"debug","req":"18e42905","msg":"ConfigFormService: found item, merging","ctx":{"parentIdx":2,"itemIdx":0,"originalItem":{"id":80,"name":"","order":10,"visible":true,"formId":64,"form":"logins"},"cleanedData":{"id":80,"visible":true,"name":"Logins","order":10,"formId":"64","href":null}}}
{"ts":"2026-02-12T07:21:42.305","level":"debug","req":"18e42905","msg":"ConfigFormService: save result","ctx":{"configFile":"menu","saveResult":true}}
{"ts":"2026-02-12T07:21:42.306","level":"debug","req":"18e42905","msg":"logMonitoring START","ctx":{"form":"_menu_items","action":"edit","recordId":"80"}}
{"ts":"2026-02-12T07:21:42.307","level":"debug","req":"18e42905","msg":"logMonitoring: username=Diederik Stenvers"}
{"ts":"2026-02-12T07:21:42.308","level":"debug","req":"18e42905","msg":"logMonitoring: changelog_length=886"}
{"ts":"2026-02-12T07:21:42.308","level":"debug","req":"18e42905","msg":"logMonitoring: notification_length=993"}
{"ts":"2026-02-12T07:21:42.309","level":"debug","req":"18e42905","msg":"logMonitoring: Executing INSERT","ctx":{"sqlLength":1166}}
{"ts":"2026-02-12T07:21:42.328","level":"debug","req":"18e42905","msg":"logMonitoring: INSERT successful"}
{"ts":"2026-02-12T07:21:42.329","level":"debug","req":"18e42905","msg":"logMonitoring END"}
{"ts":"2026-02-12T07:21:42.477","level":"debug","req":"186a343b","msg":"form_api: JSON output","ctx":{"bytes":3999}}
{"ts":"2026-02-12T07:22:31.499","level":"debug","req":"d0d69045","msg":"form_api: JSON output","ctx":{"bytes":518401}}
{"ts":"2026-02-12T07:22:31.499","level":"debug","req":"6646091e","msg":"form_api: JSON output","ctx":{"bytes":518401}}
{"ts":"2026-02-12T07:22:40.495","level":"debug","req":"7d296f9b","msg":"form_api: JSON output","ctx":{"bytes":2315}}
{"ts":"2026-02-12T07:24:30.231","level":"debug","req":"02bf52e3","msg":"form_api: JSON output","ctx":{"bytes":212614}}
{"ts":"2026-02-12T08:00:58.358","level":"debug","req":"a92b1ed2","msg":"form_api: JSON output","ctx":{"bytes":36911}}
{"ts":"2026-02-12T08:00:58.415","level":"debug","req":"2fe89239","msg":"form_api: JSON output","ctx":{"bytes":36911}}
{"ts":"2026-02-12T08:00:58.688","level":"debug","req":"093b461c","msg":"form_api: JSON output","ctx":{"bytes":136827}}
{"ts":"2026-02-12T08:00:58.896","level":"debug","req":"7a35d3d1","msg":"form_api: JSON output","ctx":{"bytes":136827}}
{"ts":"2026-02-12T08:01:01.152","level":"debug","req":"97332aa2","msg":"form_api: JSON output","ctx":{"bytes":1297}}
{"ts":"2026-02-12T11:02:36.862","level":"debug","req":"86f89a35","msg":"form_api: JSON output","ctx":{"bytes":36911}}
{"ts":"2026-02-12T11:02:36.976","level":"debug","req":"8d7dcdb2","msg":"form_api: JSON output","ctx":{"bytes":36911}}
{"ts":"2026-02-12T11:02:37.040","level":"debug","req":"0bdf4a90","msg":"form_api: JSON output","ctx":{"bytes":36911}}
{"ts":"2026-02-12T11:02:37.082","level":"debug","req":"f6e02100","msg":"form_api: JSON output","ctx":{"bytes":1297}}
{"ts":"2026-02-12T11:02:37.116","level":"debug","req":"038a54b4","msg":"form_api: JSON output","ctx":{"bytes":136827}}
{"ts":"2026-02-12T11:02:37.310","level":"debug","req":"e8be33bf","msg":"form_api: JSON output","ctx":{"bytes":136827}}
{"ts":"2026-02-12T11:10:34.312","level":"debug","req":"4406f5fe","msg":"form_api: JSON output","ctx":{"bytes":1297}}
{"ts":"2026-02-12T11:10:35.247","level":"debug","req":"cb697926","msg":"form_api: JSON output","ctx":{"bytes":1269}}
{"ts":"2026-02-12T11:10:48.077","level":"debug","req":"60151efe","msg":"SAVE REQUEST","ctx":{"jsonForm":"logins","recordId":"1648","POST":{"action":"save","jsonForm":"logins","ID":"1648","actie":"","_changelog":"<table cellspacing=\"0\" cellpadding=\"3\"><tr><th style=\"font-size:10pt;background-color:#002350;color:white;text-align:left\">Veld</th><th style=\"font-size:10pt;background-color:#002350;color:white;text-align:left\">was</th><th style=\"font-size:10pt;background-color:#002350;color:white;text-align:left\">gewijzigd in</th></tr>\r\n<TR id=\"Roepnaam\" vAlign=\"Top\"><TD style=\"border-bottom:1px solid #003366;border-left:1px solid #003366\">Roepnaam</TD><TD style=\"border-bottom:1px solid #003366\">&nbsp;</TD><TD style=\"border-bottom:1px solid #003366;border-right:1px solid #003366\">annemarie&nbsp;</TD></TR>\r\n<TR id=\"Achternaam\" vAlign=\"Top\"><TD style=\"border-bottom:1px solid #003366;border-left:1px solid #003366\">Achternaam</TD><TD style=\"border-bottom:1px solid #003366\">&nbsp;</TD><TD style=\"border-bottom:1px solid #003366;border-right:1px solid #003366\">mijnsbergen&nbsp;</TD></TR>\r\n<TR id=\"Annemarie\" vAlign=\"Top\"><TD style=\"border-bottom:1px solid #003366;border-left:1px solid #003366\">Annemarie</TD><TD style=\"border-bottom:1px solid #003366\">Bas van Amstel;Annemarie&nbsp;</TD><TD style=\"border-bottom:1px solid #003366;border-right:1px solid #003366\">Annemarie&nbsp;</TD></TR>\r\n<TR id=\"Login actief?\" vAlign=\"Top\"><TD style=\"border-bottom:1px solid #003366;border-left:1px solid #003366\">Login actief?</TD><TD style=\"border-bottom:1px solid #003366\">Uit&nbsp;</TD><TD style=\"border-bottom:1px solid #003366;border-right:1px solid #003366\">Aan&nbsp;</TD></TR>\r\n<TR id=\"Opleidingsgericht\" vAlign=\"Top\"><TD style=\"border-bottom:1px solid #003366;border-left:1px solid #003366\">Opleidingsgericht</TD><TD style=\"border-bottom:1px solid #003366\">Uit&nbsp;</TD><TD style=\"border-bottom:1px solid #003366;border-right:1px solid #003366\">Aan&nbsp;</TD></TR>\r\n<TR id=\"Nieuws\" vAlign=\"Top\"><TD style=\"border-bottom:1px solid #003366;border-left:1px solid #003366\">Nieuws</TD><TD style=\"border-bottom:1px solid #003366\">Uit&nbsp;</TD><TD style=\"border-bottom:1px solid #003366;border-right:1px solid #003366\">Aan&nbsp;</TD></TR>\r\n</table>","_changelog_flds":"Roepnaam,AchternaamCompleet,fkAssistent,actief,notificaties_opleidingsgericht,notificaties_nieuws","_changelog_type":"edit","_changelog_email":"","_changelog_user":"Diederik Stenvers","_changelog_form":"logins","_changelog_formname":"logins","_changelog_copy":"","_changelog_copy_id":"","required":"","__fully_loaded":"Y","actief":"True","actief__label":"Login actief?","Login":"annemariemijnsbergen@rino.nl","Roepnaam":"annemarie","Tussenvoegsel":"","AchternaamCompleet":"mijnsbergen","AchternaamCompleet__label":"Achternaam","Weergavenaam":"","bKanTakenKrijgen":"False","bKanTakenKrijgen__label":"Kan taken gedelegeerd krijgen","PromptusID":"","PromptusID__label":"STB ID","email_primair__label":"Bevestigd","email_primair_onbevestigd":"","email_primair_onbevestigd__label":"Onbevestigd","fkDeelnemer":"","fkDeelnemer__label":"Deelnemer","fkDocent":"","fkDocent__label":"Docent","fkPraktijkOpleider":"","fkPraktijkOpleider__label":"Praktijkopleider","fkP_PraktOpl":"","fkP_PraktOpl__label":"P-opleider","fkSRHForumLid":"","fkSRHForumLid__label":"Inventarisatie contactpersoon","fkAssistent":"22","fkAssistent__label":"Annemarie","fkKlantContactpersoon":"","fkKlantContactpersoon__label":"Klant contactpersoon","fkWerkbegeleider":"","fkWerkbegeleider__label":"Werkbegeleider","fkSupervisor":"","fkSupervisor__label":"Supervisor","notificaties_opleidingsgericht":"True","notificaties_opleidingsgericht__label":"Opleidingsgericht","notificaties_nieuws":"True","notificaties_nieuws__label":"Nieuws","Werkervaring":"","datverstuurd__label":"Datum login verstuurd"}}}
{"ts":"2026-02-12T11:10:48.151","level":"debug","req":"60151efe","msg":"SAVE: POST keys","ctx":{"keys":["action","jsonForm","ID","actie","_changelog","_changelog_flds","_changelog_type","_changelog_email","_changelog_user","_changelog_form","_changelog_formname","_changelog_copy","_changelog_copy_id","required","__fully_loaded","actief","actief__label","Login","Roepnaam","Tussenvoegsel","AchternaamCompleet","AchternaamCompleet__label","Weergavenaam","bKanTakenKrijgen","bKanTakenKrijgen__label","PromptusID","PromptusID__label","email_primair__label","email_primair_onbevestigd","email_primair_onbevestigd__label","fkDeelnemer","fkDeelnemer__label","fkDocent","fkDocent__label","fkPraktijkOpleider","fkPraktijkOpleider__label","fkP_PraktOpl","fkP_PraktOpl__label","fkSRHForumLid","fkSRHForumLid__label","fkAssistent","fkAssistent__label","fkKlantContactpersoon","fkKlantContactpersoon__label","fkWerkbegeleider","fkWerkbegeleider__label","fkSupervisor","fkSupervisor__label","notificaties_opleidingsgericht","notificaties_opleidingsgericht__label","notificaties_nieuws","notificaties_nieuws__label","Werkervaring","datverstuurd__label"]}}
{"ts":"2026-02-12T11:10:48.152","level":"debug","req":"60151efe","msg":"SAVE: userLevel NOT in POST"}
{"ts":"2026-02-12T11:10:48.152","level":"debug","req":"60151efe","msg":"SAVE changelog data","ctx":{"keys":["_changelog","_changelog_flds","_changelog_type","_changelog_email","_changelog_user","_changelog_form","_changelog_formname","_changelog_copy","_changelog_copy_id"],"changelogLength":2029,"changelogPreview":"<table cellspacing=\"0\" cellpadding=\"3\"><tr><th style=\"font-size:10pt;background-color:#002350;color:white;text-align:left\">Veld</th><th style=\"font-size:10pt;background-color:#002350;color:white;text-"}}
{"ts":"2026-02-12T11:10:48.155","level":"debug","req":"60151efe","msg":"SAVE: Valid fields","ctx":{"fields":["actief","login","roepnaam","tussenvoegsel","achternaamcompleet","weergavenaam","bkantakenkrijgen","_group_7","promptusid","_group_9","email_primair_onbevestigd","_group_12","fkdeelnemer","fkdocent","fkpraktijkopleider","fkp_praktopl","fksrhforumlid","fkassistent","fkklantcontactpersoon","fkwerkbegeleider","fksupervisor","_group_22","notificaties_opleidingsgericht","notificaties_nieuws","_group_25","werkervaring","_group_27","datverstuurd"]}}
{"ts":"2026-02-12T11:10:48.155","level":"debug","req":"60151efe","msg":"SAVE: Received data keys","ctx":{"keys":["actie","required","actief","actief__label","Login","Roepnaam","Tussenvoegsel","AchternaamCompleet","AchternaamCompleet__label","Weergavenaam","bKanTakenKrijgen","bKanTakenKrijgen__label","PromptusID","PromptusID__label","email_primair__label","email_primair_onbevestigd","email_primair_onbevestigd__label","fkDeelnemer","fkDeelnemer__label","fkDocent","fkDocent__label","fkPraktijkOpleider","fkPraktijkOpleider__label","fkP_PraktOpl","fkP_PraktOpl__label","fkSRHForumLid","fkSRHForumLid__label","fkAssistent","fkAssistent__label","fkKlantContactpersoon","fkKlantContactpersoon__label","fkWerkbegeleider","fkWerkbegeleider__label","fkSupervisor","fkSupervisor__label","notificaties_opleidingsgericht","notificaties_opleidingsgericht__label","notificaties_nieuws","notificaties_nieuws__label","Werkervaring","datverstuurd__label"]}}
{"ts":"2026-02-12T11:10:48.156","level":"debug","req":"60151efe","msg":"SAVE: userEmail NOT in received data"}
{"ts":"2026-02-12T11:10:48.157","level":"debug","req":"60151efe","msg":"SAVE: SQL","ctx":{"sql":"UPDATE [tblLogins] SET [actief] = True, [Login] = 'annemariemijnsbergen@rino.nl', [Roepnaam] = 'annemarie', [Tussenvoegsel] = NULL, [AchternaamCompleet] = 'mijnsbergen', [Weergavenaam] = NULL, [bKanTakenKrijgen] = False, [PromptusID] = NULL, [email_primair_onbevestigd] = NULL, [fkDeelnemer] = NULL, [fkDocent] = NULL, [fkPraktijkOpleider] = NULL, [fkP_PraktOpl] = NULL, [fkSRHForumLid] = NULL, [fkAssistent] = 22, [fkKlantContactpersoon] = NULL, [fkWerkbegeleider] = NULL, [fkSupervisor] = NULL, [notificaties_opleidingsgericht] = True, [notificaties_nieuws] = True, [Werkervaring] = NULL WHERE [ID] = 1648"}}
{"ts":"2026-02-12T11:10:48.186","level":"debug","req":"60151efe","msg":"SAVE: Rows affected","ctx":{"count":1}}
{"ts":"2026-02-12T11:10:48.187","level":"debug","req":"60151efe","msg":"SAVE: Skipping verification for Access","ctx":{"id":"1648"}}
{"ts":"2026-02-12T11:10:48.188","level":"debug","req":"60151efe","msg":"logMonitoring START","ctx":{"form":"logins","action":"edit","recordId":"1648"}}
{"ts":"2026-02-12T11:10:48.189","level":"debug","req":"60151efe","msg":"logMonitoring: username=Diederik Stenvers"}
{"ts":"2026-02-12T11:10:48.189","level":"debug","req":"60151efe","msg":"logMonitoring: changelog_length=2029"}
{"ts":"2026-02-12T11:10:48.190","level":"debug","req":"60151efe","msg":"logMonitoring: notification_length=2153"}
{"ts":"2026-02-12T11:10:48.191","level":"debug","req":"60151efe","msg":"logMonitoring: Executing INSERT","ctx":{"sqlLength":2338}}
{"ts":"2026-02-12T11:10:48.194","level":"debug","req":"60151efe","msg":"logMonitoring: INSERT successful"}
{"ts":"2026-02-12T11:10:48.195","level":"debug","req":"60151efe","msg":"logMonitoring END"}
{"ts":"2026-02-12T11:10:48.550","level":"debug","req":"3aaefb0f","msg":"getRowHtml: RESULT","ctx":{"htmlLength":1819,"totalTds":21,"emptyTds":12,"htmlPreview":"<tr class=\"listrow\" data-id=\"1648\"><td data-field=\"actief\" data-type=\"boolean\" data-value=\"1\"><span class=\"row-menu-trigger\" data-id=\"1648\">&#8942;</span><lib-switch data-field=\"actief\" checked></lib-switch></td><td data-field=\"Login\" data-type=\"text\">annemariemijnsbergen@rino.nl</td><td data-field=\"Roepnaam\" data-type=\"text\">annemarie</td><td data-field=\"Tussenvoegsel\" data-type=\"text\"></td><td data-field=\"AchternaamCompleet\" data-type=\"text\">mijnsbergen</td><td data-field=\"Weergavenaam\" data-t"}}
{"ts":"2026-02-12T11:10:48.551","level":"debug","req":"3aaefb0f","msg":"form_api: JSON output","ctx":{"bytes":4936}}
{"ts":"2026-02-12T11:10:49.102","level":"debug","req":"34777037","msg":"form_api: JSON output","ctx":{"bytes":136760}}
{"ts":"2026-02-12T11:10:58.027","level":"debug","req":"580af856","msg":"form_api: JSON output","ctx":{"bytes":1273}}
{"ts":"2026-02-12T11:10:59.026","level":"debug","req":"3d52f6f2","msg":"form_api: JSON output","ctx":{"bytes":1285}}
{"ts":"2026-02-12T11:15:14.858","level":"debug","req":"956198e0","msg":"form_api: JSON output","ctx":{"bytes":136827}}
{"ts":"2026-02-12T11:15:15.103","level":"debug","req":"28611830","msg":"form_api: JSON output","ctx":{"bytes":1285}}
{"ts":"2026-02-12T11:15:15.343","level":"debug","req":"07c8c2c2","msg":"form_api: JSON output","ctx":{"bytes":136827}}
{"ts":"2026-02-12T11:27:33.678","level":"debug","req":"e01b2895","msg":"form_api: JSON output","ctx":{"bytes":1356}}
{"ts":"2026-02-12T11:29:18.350","level":"debug","req":"955b735f","msg":"form_api: JSON output","ctx":{"bytes":1273}}
{"ts":"2026-02-12T11:29:39.544","level":"debug","req":"adc45692","msg":"form_api: JSON output","ctx":{"bytes":136827}}
{"ts":"2026-02-12T11:29:40.099","level":"debug","req":"b48d9798","msg":"form_api: JSON output","ctx":{"bytes":136825}}
{"ts":"2026-02-12T11:29:40.645","level":"debug","req":"bc03b02c","msg":"form_api: JSON output","ctx":{"bytes":136825}}
{"ts":"2026-02-12T11:29:41.104","level":"debug","req":"ed52aed1","msg":"form_api: JSON output","ctx":{"bytes":1344}}
{"ts":"2026-02-12T11:29:41.185","level":"debug","req":"e75bdba9","msg":"form_api: JSON output","ctx":{"bytes":136827}}
{"ts":"2026-02-12T13:19:49.379","level":"debug","req":"daa17ddd","msg":"form_api: JSON output","ctx":{"bytes":212616}}
{"ts":"2026-02-12T13:30:45.571","level":"debug","req":"09d03d09","msg":"form_api: JSON output","ctx":{"bytes":36911}}
{"ts":"2026-02-12T13:30:45.819","level":"debug","req":"3e128e04","msg":"form_api: JSON output","ctx":{"bytes":36911}}
{"ts":"2026-02-12T13:30:45.920","level":"debug","req":"9427a601","msg":"form_api: JSON output","ctx":{"bytes":136827}}
{"ts":"2026-02-12T13:30:45.984","level":"debug","req":"de02d627","msg":"form_api: JSON output","ctx":{"bytes":136827}}
{"ts":"2026-02-12T13:30:46.526","level":"debug","req":"687f462b","msg":"form_api: JSON output","ctx":{"bytes":1285}}
{"ts":"2026-02-12T13:30:46.563","level":"debug","req":"6dbb8032","msg":"form_api: JSON output","ctx":{"bytes":36911}}
{"ts":"2026-02-12T13:30:57.346","level":"debug","req":"0527efc6","msg":"SAVE REQUEST","ctx":{"jsonForm":"logins","recordId":"1648","POST":{"action":"save","jsonForm":"logins","ID":"1648","actie":"","_changelog":"<table cellspacing=\"0\" cellpadding=\"3\"><tr><th style=\"font-size:10pt;background-color:#002350;color:white;text-align:left\">Veld</th><th style=\"font-size:10pt;background-color:#002350;color:white;text-align:left\">was</th><th style=\"font-size:10pt;background-color:#002350;color:white;text-align:left\">gewijzigd in</th></tr>\r\n<TR id=\"Weergavenaam\" vAlign=\"Top\"><TD style=\"border-bottom:1px solid #003366;border-left:1px solid #003366\">Weergavenaam</TD><TD style=\"border-bottom:1px solid #003366\">&nbsp;</TD><TD style=\"border-bottom:1px solid #003366;border-right:1px solid #003366\">annemarie mijnsbergen&nbsp;</TD></TR>\r\n<TR id=\"Login actief?\" vAlign=\"Top\"><TD style=\"border-bottom:1px solid #003366;border-left:1px solid #003366\">Login actief?</TD><TD style=\"border-bottom:1px solid #003366\">Uit&nbsp;</TD><TD style=\"border-bottom:1px solid #003366;border-right:1px solid #003366\">Aan&nbsp;</TD></TR>\r\n<TR id=\"Kan taken gedelegeerd krijgen\" vAlign=\"Top\"><TD style=\"border-bottom:1px solid #003366;border-left:1px solid #003366\">Kan taken gedelegeerd krijgen</TD><TD style=\"border-bottom:1px solid #003366\">Uit&nbsp;</TD><TD style=\"border-bottom:1px solid #003366;border-right:1px solid #003366\">Aan&nbsp;</TD></TR>\r\n<TR id=\"Opleidingsgericht\" vAlign=\"Top\"><TD style=\"border-bottom:1px solid #003366;border-left:1px solid #003366\">Opleidingsgericht</TD><TD style=\"border-bottom:1px solid #003366\">Uit&nbsp;</TD><TD style=\"border-bottom:1px solid #003366;border-right:1px solid #003366\">Aan&nbsp;</TD></TR>\r\n<TR id=\"Nieuws\" vAlign=\"Top\"><TD style=\"border-bottom:1px solid #003366;border-left:1px solid #003366\">Nieuws</TD><TD style=\"border-bottom:1px solid #003366\">Uit&nbsp;</TD><TD style=\"border-bottom:1px solid #003366;border-right:1px solid #003366\">Aan&nbsp;</TD></TR>\r\n</table>","_changelog_flds":"Weergavenaam,actief,bKanTakenKrijgen,notificaties_opleidingsgericht,notificaties_nieuws","_changelog_type":"edit","_changelog_email":"","_changelog_user":"Diederik Stenvers","_changelog_form":"logins","_changelog_formname":"logins","_changelog_copy":"","_changelog_copy_id":"","required":"","__fully_loaded":"Y","actief":"True","actief__label":"Login actief?","Login":"annemariemijnsbergen@rino.nl","Roepnaam":"annemarie","Tussenvoegsel":"","AchternaamCompleet":"mijnsbergen","AchternaamCompleet__label":"Achternaam","Weergavenaam":"annemarie mijnsbergen","bKanTakenKrijgen":"True","bKanTakenKrijgen__label":"Kan taken gedelegeerd krijgen","PromptusID":"","PromptusID__label":"STB ID","email_primair__label":"Bevestigd","email_primair_onbevestigd":"","email_primair_onbevestigd__label":"Onbevestigd","fkDeelnemer":"","fkDeelnemer__label":"Deelnemer","fkDocent":"","fkDocent__label":"Docent","fkPraktijkOpleider":"","fkPraktijkOpleider__label":"Praktijkopleider","fkP_PraktOpl":"","fkP_PraktOpl__label":"P-opleider","fkSRHForumLid":"","fkSRHForumLid__label":"Inventarisatie contactpersoon","fkAssistent":"22","fkAssistent__label":"Annemarie","fkKlantContactpersoon":"","fkKlantContactpersoon__label":"Klant contactpersoon","fkWerkbegeleider":"","fkWerkbegeleider__label":"Werkbegeleider","fkSupervisor":"","fkSupervisor__label":"Supervisor","notificaties_opleidingsgericht":"True","notificaties_opleidingsgericht__label":"Opleidingsgericht","notificaties_nieuws":"True","notificaties_nieuws__label":"Nieuws","Werkervaring":"","datverstuurd__label":"Datum login verstuurd"}}}
{"ts":"2026-02-12T13:30:57.436","level":"debug","req":"0527efc6","msg":"SAVE: POST keys","ctx":{"keys":["action","jsonForm","ID","actie","_changelog","_changelog_flds","_changelog_type","_changelog_email","_changelog_user","_changelog_form","_changelog_formname","_changelog_copy","_changelog_copy_id","required","__fully_loaded","actief","actief__label","Login","Roepnaam","Tussenvoegsel","AchternaamCompleet","AchternaamCompleet__label","Weergavenaam","bKanTakenKrijgen","bKanTakenKrijgen__label","PromptusID","PromptusID__label","email_primair__label","email_primair_onbevestigd","email_primair_onbevestigd__label","fkDeelnemer","fkDeelnemer__label","fkDocent","fkDocent__label","fkPraktijkOpleider","fkPraktijkOpleider__label","fkP_PraktOpl","fkP_PraktOpl__label","fkSRHForumLid","fkSRHForumLid__label","fkAssistent","fkAssistent__label","fkKlantContactpersoon","fkKlantContactpersoon__label","fkWerkbegeleider","fkWerkbegeleider__label","fkSupervisor","fkSupervisor__label","notificaties_opleidingsgericht","notificaties_opleidingsgericht__label","notificaties_nieuws","notificaties_nieuws__label","Werkervaring","datverstuurd__label"]}}
{"ts":"2026-02-12T13:30:57.436","level":"debug","req":"0527efc6","msg":"SAVE: userLevel NOT in POST"}
{"ts":"2026-02-12T13:30:57.437","level":"debug","req":"0527efc6","msg":"SAVE changelog data","ctx":{"keys":["_changelog","_changelog_flds","_changelog_type","_changelog_email","_changelog_user","_changelog_form","_changelog_formname","_changelog_copy","_changelog_copy_id"],"changelogLength":1781,"changelogPreview":"<table cellspacing=\"0\" cellpadding=\"3\"><tr><th style=\"font-size:10pt;background-color:#002350;color:white;text-align:left\">Veld</th><th style=\"font-size:10pt;background-color:#002350;color:white;text-"}}
{"ts":"2026-02-12T13:30:57.439","level":"debug","req":"0527efc6","msg":"SAVE: Valid fields","ctx":{"fields":["actief","login","roepnaam","tussenvoegsel","achternaamcompleet","weergavenaam","bkantakenkrijgen","_group_7","promptusid","_group_9","email_primair_onbevestigd","_group_12","fkdeelnemer","fkdocent","fkpraktijkopleider","fkp_praktopl","fksrhforumlid","fkassistent","fkklantcontactpersoon","fkwerkbegeleider","fksupervisor","_group_22","notificaties_opleidingsgericht","notificaties_nieuws","_group_25","werkervaring","_group_27","datverstuurd"]}}
{"ts":"2026-02-12T13:30:57.440","level":"debug","req":"0527efc6","msg":"SAVE: Received data keys","ctx":{"keys":["actie","required","actief","actief__label","Login","Roepnaam","Tussenvoegsel","AchternaamCompleet","AchternaamCompleet__label","Weergavenaam","bKanTakenKrijgen","bKanTakenKrijgen__label","PromptusID","PromptusID__label","email_primair__label","email_primair_onbevestigd","email_primair_onbevestigd__label","fkDeelnemer","fkDeelnemer__label","fkDocent","fkDocent__label","fkPraktijkOpleider","fkPraktijkOpleider__label","fkP_PraktOpl","fkP_PraktOpl__label","fkSRHForumLid","fkSRHForumLid__label","fkAssistent","fkAssistent__label","fkKlantContactpersoon","fkKlantContactpersoon__label","fkWerkbegeleider","fkWerkbegeleider__label","fkSupervisor","fkSupervisor__label","notificaties_opleidingsgericht","notificaties_opleidingsgericht__label","notificaties_nieuws","notificaties_nieuws__label","Werkervaring","datverstuurd__label"]}}
{"ts":"2026-02-12T13:30:57.441","level":"debug","req":"0527efc6","msg":"SAVE: userEmail NOT in received data"}
{"ts":"2026-02-12T13:30:57.442","level":"debug","req":"0527efc6","msg":"SAVE: SQL","ctx":{"sql":"UPDATE [tblLogins] SET [actief] = True, [Login] = 'annemariemijnsbergen@rino.nl', [Roepnaam] = 'annemarie', [Tussenvoegsel] = NULL, [AchternaamCompleet] = 'mijnsbergen', [Weergavenaam] = 'annemarie mijnsbergen', [bKanTakenKrijgen] = True, [PromptusID] = NULL, [email_primair_onbevestigd] = NULL, [fkDeelnemer] = NULL, [fkDocent] = NULL, [fkPraktijkOpleider] = NULL, [fkP_PraktOpl] = NULL, [fkSRHForumLid] = NULL, [fkAssistent] = 22, [fkKlantContactpersoon] = NULL, [fkWerkbegeleider] = NULL, [fkSupervisor] = NULL, [notificaties_opleidingsgericht] = True, [notificaties_nieuws] = True, [Werkervaring] = NULL WHERE [ID] = 1648"}}
{"ts":"2026-02-12T13:30:57.450","level":"debug","req":"0527efc6","msg":"SAVE: Rows affected","ctx":{"count":1}}
{"ts":"2026-02-12T13:30:57.451","level":"debug","req":"0527efc6","msg":"SAVE: Skipping verification for Access","ctx":{"id":"1648"}}
{"ts":"2026-02-12T13:30:57.452","level":"debug","req":"0527efc6","msg":"logMonitoring START","ctx":{"form":"logins","action":"edit","recordId":"1648"}}
{"ts":"2026-02-12T13:30:57.452","level":"debug","req":"0527efc6","msg":"logMonitoring: username=Diederik Stenvers"}
{"ts":"2026-02-12T13:30:57.453","level":"debug","req":"0527efc6","msg":"logMonitoring: changelog_length=1781"}
{"ts":"2026-02-12T13:30:57.454","level":"debug","req":"0527efc6","msg":"logMonitoring: notification_length=1905"}
{"ts":"2026-02-12T13:30:57.455","level":"debug","req":"0527efc6","msg":"logMonitoring: Executing INSERT","ctx":{"sqlLength":2090}}
{"ts":"2026-02-12T13:30:57.470","level":"debug","req":"0527efc6","msg":"logMonitoring: INSERT successful"}
{"ts":"2026-02-12T13:30:57.471","level":"debug","req":"0527efc6","msg":"logMonitoring END"}
{"ts":"2026-02-12T13:30:57.866","level":"debug","req":"909f0496","msg":"getRowHtml: RESULT","ctx":{"htmlLength":1848,"totalTds":21,"emptyTds":11,"htmlPreview":"<tr class=\"listrow\" data-id=\"1648\"><td data-field=\"actief\" data-type=\"boolean\" data-value=\"1\"><span class=\"row-menu-trigger\" data-id=\"1648\">&#8942;</span><lib-switch data-field=\"actief\" checked></lib-switch></td><td data-field=\"Login\" data-type=\"text\">annemariemijnsbergen@rino.nl</td><td data-field=\"Roepnaam\" data-type=\"text\">annemarie</td><td data-field=\"Tussenvoegsel\" data-type=\"text\"></td><td data-field=\"AchternaamCompleet\" data-type=\"text\">mijnsbergen</td><td data-field=\"Weergavenaam\" data-t"}}
{"ts":"2026-02-12T13:30:57.867","level":"debug","req":"909f0496","msg":"form_api: JSON output","ctx":{"bytes":5014}}
{"ts":"2026-02-12T13:30:58.482","level":"debug","req":"b8a6bc9e","msg":"form_api: JSON output","ctx":{"bytes":136781}}
{"ts":"2026-02-12T13:30:58.929","level":"debug","req":"e607a1ab","msg":"form_api: JSON output","ctx":{"bytes":1304}}
{"ts":"2026-02-12T13:31:27.981","level":"debug","req":"2db2f47f","msg":"SAVE REQUEST","ctx":{"jsonForm":"logins","recordId":"1648","POST":{"action":"save","jsonForm":"logins","ID":"1648","actie":"","_changelog":"<table cellspacing=\"0\" cellpadding=\"3\"><tr><th style=\"font-size:10pt;background-color:#002350;color:white;text-align:left\">Veld</th><th style=\"font-size:10pt;background-color:#002350;color:white;text-align:left\">was</th><th style=\"font-size:10pt;background-color:#002350;color:white;text-align:left\">gewijzigd in</th></tr>\r\n<TR id=\"Roepnaam\" vAlign=\"Top\"><TD style=\"border-bottom:1px solid #003366;border-left:1px solid #003366\">Roepnaam</TD><TD style=\"border-bottom:1px solid #003366\">annemarie&nbsp;</TD><TD style=\"border-bottom:1px solid #003366;border-right:1px solid #003366\">Annemarie&nbsp;</TD></TR>\r\n<TR id=\"Achternaam\" vAlign=\"Top\"><TD style=\"border-bottom:1px solid #003366;border-left:1px solid #003366\">Achternaam</TD><TD style=\"border-bottom:1px solid #003366\">mijnsbergen&nbsp;</TD><TD style=\"border-bottom:1px solid #003366;border-right:1px solid #003366\">Mijnsbergen&nbsp;</TD></TR>\r\n<TR id=\"Weergavenaam\" vAlign=\"Top\"><TD style=\"border-bottom:1px solid #003366;border-left:1px solid #003366\">Weergavenaam</TD><TD style=\"border-bottom:1px solid #003366\">annemarie mijnsbergen&nbsp;</TD><TD style=\"border-bottom:1px solid #003366;border-right:1px solid #003366\">Annemarie Mijnsbergen&nbsp;</TD></TR>\r\n<TR id=\"Login actief?\" vAlign=\"Top\"><TD style=\"border-bottom:1px solid #003366;border-left:1px solid #003366\">Login actief?</TD><TD style=\"border-bottom:1px solid #003366\">Uit&nbsp;</TD><TD style=\"border-bottom:1px solid #003366;border-right:1px solid #003366\">Aan&nbsp;</TD></TR>\r\n<TR id=\"Kan taken gedelegeerd krijgen\" vAlign=\"Top\"><TD style=\"border-bottom:1px solid #003366;border-left:1px solid #003366\">Kan taken gedelegeerd krijgen</TD><TD style=\"border-bottom:1px solid #003366\">Uit&nbsp;</TD><TD style=\"border-bottom:1px solid #003366;border-right:1px solid #003366\">Aan&nbsp;</TD></TR>\r\n<TR id=\"Opleidingsgericht\" vAlign=\"Top\"><TD style=\"border-bottom:1px solid #003366;border-left:1px solid #003366\">Opleidingsgericht</TD><TD style=\"border-bottom:1px solid #003366\">Uit&nbsp;</TD><TD style=\"border-bottom:1px solid #003366;border-right:1px solid #003366\">Aan&nbsp;</TD></TR>\r\n<TR id=\"Nieuws\" vAlign=\"Top\"><TD style=\"border-bottom:1px solid #003366;border-left:1px solid #003366\">Nieuws</TD><TD style=\"border-bottom:1px solid #003366\">Uit&nbsp;</TD><TD style=\"border-bottom:1px solid #003366;border-right:1px solid #003366\">Aan&nbsp;</TD></TR>\r\n</table>","_changelog_flds":"Roepnaam,AchternaamCompleet,Weergavenaam,actief,bKanTakenKrijgen,notificaties_opleidingsgericht,notificaties_nieuws","_changelog_type":"edit","_changelog_email":"","_changelog_user":"Diederik Stenvers","_changelog_form":"logins","_changelog_formname":"logins","_changelog_copy":"","_changelog_copy_id":"","required":"","__fully_loaded":"Y","actief":"True","actief__label":"Login actief?","Login":"annemariemijnsbergen@rino.nl","Roepnaam":"Annemarie","Tussenvoegsel":"","AchternaamCompleet":"Mijnsbergen","AchternaamCompleet__label":"Achternaam","Weergavenaam":"Annemarie Mijnsbergen","bKanTakenKrijgen":"True","bKanTakenKrijgen__label":"Kan taken gedelegeerd krijgen","PromptusID":"","PromptusID__label":"STB ID","email_primair__label":"Bevestigd","email_primair_onbevestigd":"","email_primair_onbevestigd__label":"Onbevestigd","fkDeelnemer":"","fkDeelnemer__label":"Deelnemer","fkDocent":"","fkDocent__label":"Docent","fkPraktijkOpleider":"","fkPraktijkOpleider__label":"Praktijkopleider","fkP_PraktOpl":"","fkP_PraktOpl__label":"P-opleider","fkSRHForumLid":"","fkSRHForumLid__label":"Inventarisatie contactpersoon","fkAssistent":"22","fkAssistent__label":"Annemarie","fkKlantContactpersoon":"","fkKlantContactpersoon__label":"Klant contactpersoon","fkWerkbegeleider":"","fkWerkbegeleider__label":"Werkbegeleider","fkSupervisor":"","fkSupervisor__label":"Supervisor","notificaties_opleidingsgericht":"True","notificaties_opleidingsgericht__label":"Opleidingsgericht","notificaties_nieuws":"True","notificaties_nieuws__label":"Nieuws","Werkervaring":"","datverstuurd__label":"Datum login verstuurd"}}}
{"ts":"2026-02-12T13:31:28.068","level":"debug","req":"2db2f47f","msg":"SAVE: POST keys","ctx":{"keys":["action","jsonForm","ID","actie","_changelog","_changelog_flds","_changelog_type","_changelog_email","_changelog_user","_changelog_form","_changelog_formname","_changelog_copy","_changelog_copy_id","required","__fully_loaded","actief","actief__label","Login","Roepnaam","Tussenvoegsel","AchternaamCompleet","AchternaamCompleet__label","Weergavenaam","bKanTakenKrijgen","bKanTakenKrijgen__label","PromptusID","PromptusID__label","email_primair__label","email_primair_onbevestigd","email_primair_onbevestigd__label","fkDeelnemer","fkDeelnemer__label","fkDocent","fkDocent__label","fkPraktijkOpleider","fkPraktijkOpleider__label","fkP_PraktOpl","fkP_PraktOpl__label","fkSRHForumLid","fkSRHForumLid__label","fkAssistent","fkAssistent__label","fkKlantContactpersoon","fkKlantContactpersoon__label","fkWerkbegeleider","fkWerkbegeleider__label","fkSupervisor","fkSupervisor__label","notificaties_opleidingsgericht","notificaties_opleidingsgericht__label","notificaties_nieuws","notificaties_nieuws__label","Werkervaring","datverstuurd__label"]}}
{"ts":"2026-02-12T13:31:28.069","level":"debug","req":"2db2f47f","msg":"SAVE: userLevel NOT in POST"}
{"ts":"2026-02-12T13:31:28.070","level":"debug","req":"2db2f47f","msg":"SAVE changelog data","ctx":{"keys":["_changelog","_changelog_flds","_changelog_type","_changelog_email","_changelog_user","_changelog_form","_changelog_formname","_changelog_copy","_changelog_copy_id"],"changelogLength":2378,"changelogPreview":"<table cellspacing=\"0\" cellpadding=\"3\"><tr><th style=\"font-size:10pt;background-color:#002350;color:white;text-align:left\">Veld</th><th style=\"font-size:10pt;background-color:#002350;color:white;text-"}}
{"ts":"2026-02-12T13:31:28.072","level":"debug","req":"2db2f47f","msg":"SAVE: Valid fields","ctx":{"fields":["actief","login","roepnaam","tussenvoegsel","achternaamcompleet","weergavenaam","bkantakenkrijgen","_group_7","promptusid","_group_9","email_primair_onbevestigd","_group_12","fkdeelnemer","fkdocent","fkpraktijkopleider","fkp_praktopl","fksrhforumlid","fkassistent","fkklantcontactpersoon","fkwerkbegeleider","fksupervisor","_group_22","notificaties_opleidingsgericht","notificaties_nieuws","_group_25","werkervaring","_group_27","datverstuurd"]}}
{"ts":"2026-02-12T13:31:28.073","level":"debug","req":"2db2f47f","msg":"SAVE: Received data keys","ctx":{"keys":["actie","required","actief","actief__label","Login","Roepnaam","Tussenvoegsel","AchternaamCompleet","AchternaamCompleet__label","Weergavenaam","bKanTakenKrijgen","bKanTakenKrijgen__label","PromptusID","PromptusID__label","email_primair__label","email_primair_onbevestigd","email_primair_onbevestigd__label","fkDeelnemer","fkDeelnemer__label","fkDocent","fkDocent__label","fkPraktijkOpleider","fkPraktijkOpleider__label","fkP_PraktOpl","fkP_PraktOpl__label","fkSRHForumLid","fkSRHForumLid__label","fkAssistent","fkAssistent__label","fkKlantContactpersoon","fkKlantContactpersoon__label","fkWerkbegeleider","fkWerkbegeleider__label","fkSupervisor","fkSupervisor__label","notificaties_opleidingsgericht","notificaties_opleidingsgericht__label","notificaties_nieuws","notificaties_nieuws__label","Werkervaring","datverstuurd__label"]}}
{"ts":"2026-02-12T13:31:28.074","level":"debug","req":"2db2f47f","msg":"SAVE: userEmail NOT in received data"}
{"ts":"2026-02-12T13:31:28.074","level":"debug","req":"2db2f47f","msg":"SAVE: SQL","ctx":{"sql":"UPDATE [tblLogins] SET [actief] = True, [Login] = 'annemariemijnsbergen@rino.nl', [Roepnaam] = 'Annemarie', [Tussenvoegsel] = NULL, [AchternaamCompleet] = 'Mijnsbergen', [Weergavenaam] = 'Annemarie Mijnsbergen', [bKanTakenKrijgen] = True, [PromptusID] = NULL, [email_primair_onbevestigd] = NULL, [fkDeelnemer] = NULL, [fkDocent] = NULL, [fkPraktijkOpleider] = NULL, [fkP_PraktOpl] = NULL, [fkSRHForumLid] = NULL, [fkAssistent] = 22, [fkKlantContactpersoon] = NULL, [fkWerkbegeleider] = NULL, [fkSupervisor] = NULL, [notificaties_opleidingsgericht] = True, [notificaties_nieuws] = True, [Werkervaring] = NULL WHERE [ID] = 1648"}}
{"ts":"2026-02-12T13:31:28.079","level":"debug","req":"2db2f47f","msg":"SAVE: Rows affected","ctx":{"count":1}}
{"ts":"2026-02-12T13:31:28.080","level":"debug","req":"2db2f47f","msg":"SAVE: Skipping verification for Access","ctx":{"id":"1648"}}
{"ts":"2026-02-12T13:31:28.081","level":"debug","req":"2db2f47f","msg":"logMonitoring START","ctx":{"form":"logins","action":"edit","recordId":"1648"}}
{"ts":"2026-02-12T13:31:28.082","level":"debug","req":"2db2f47f","msg":"logMonitoring: username=Diederik Stenvers"}
{"ts":"2026-02-12T13:31:28.082","level":"debug","req":"2db2f47f","msg":"logMonitoring: changelog_length=2378"}
{"ts":"2026-02-12T13:31:28.083","level":"debug","req":"2db2f47f","msg":"logMonitoring: notification_length=2502"}
{"ts":"2026-02-12T13:31:28.084","level":"debug","req":"2db2f47f","msg":"logMonitoring: Executing INSERT","ctx":{"sqlLength":2687}}
{"ts":"2026-02-12T13:31:28.087","level":"debug","req":"2db2f47f","msg":"logMonitoring: INSERT successful"}
{"ts":"2026-02-12T13:31:28.088","level":"debug","req":"2db2f47f","msg":"logMonitoring END"}
{"ts":"2026-02-12T13:31:28.459","level":"debug","req":"6f09e904","msg":"getRowHtml: RESULT","ctx":{"htmlLength":1848,"totalTds":21,"emptyTds":11,"htmlPreview":"<tr class=\"listrow\" data-id=\"1648\"><td data-field=\"actief\" data-type=\"boolean\" data-value=\"1\"><span class=\"row-menu-trigger\" data-id=\"1648\">&#8942;</span><lib-switch data-field=\"actief\" checked></lib-switch></td><td data-field=\"Login\" data-type=\"text\">annemariemijnsbergen@rino.nl</td><td data-field=\"Roepnaam\" data-type=\"text\">Annemarie</td><td data-field=\"Tussenvoegsel\" data-type=\"text\"></td><td data-field=\"AchternaamCompleet\" data-type=\"text\">Mijnsbergen</td><td data-field=\"Weergavenaam\" data-t"}}
{"ts":"2026-02-12T13:31:28.460","level":"debug","req":"6f09e904","msg":"form_api: JSON output","ctx":{"bytes":5014}}
{"ts":"2026-02-12T13:31:29.056","level":"debug","req":"0213aca4","msg":"form_api: JSON output","ctx":{"bytes":136781}}
{"ts":"2026-02-12T13:31:29.331","level":"debug","req":"78d3e85b","msg":"form_api: JSON output","ctx":{"bytes":1304}}
{"ts":"2026-02-12T13:49:19.967","level":"debug","req":"32a4fee3","msg":"form_api: JSON output","ctx":{"bytes":1346}}
{"ts":"2026-02-12T13:49:38.926","level":"debug","req":"31a689ed","msg":"form_api: JSON output","ctx":{"bytes":1270}}
{"ts":"2026-02-12T16:25:35.003","level":"debug","req":"af3fbc39","msg":"form_api: JSON output","ctx":{"bytes":36911}}
{"ts":"2026-02-12T16:25:35.113","level":"debug","req":"68fc67c7","msg":"form_api: JSON output","ctx":{"bytes":1023006}}
{"ts":"2026-02-12T16:25:35.221","level":"debug","req":"0d294882","msg":"form_api: JSON output","ctx":{"bytes":36911}}
{"ts":"2026-02-12T16:25:35.708","level":"debug","req":"7316437d","msg":"form_api: JSON output","ctx":{"bytes":1023006}}
{"ts":"2026-02-12T16:25:41.075","level":"debug","req":"ac56623f","msg":"form_api: JSON output","ctx":{"bytes":36911}}
{"ts":"2026-02-12T16:42:56.492","level":"error","req":"5e6ad8a6","msg":"API Error","ctx":{"action":"init","jsonForm":"marketingurl","exception":{"class":"TypeError","message":"array_values(): Argument #1 ($array) must be of type array, App\\Library\\RecordSet given","code":0,"file":"C:\\lab\\ai_conversion\\site\\cma\\classes\\Services\\JsonFormService.php","line":289,"trace":[{"file":"C:\\lab\\ai_conversion\\site\\cma\\classes\\Services\\JsonFormService.php","line":289,"function":"array_values","args":[{}]},{"file":"C:\\lab\\ai_conversion\\site\\cma\\classes\\Services\\ListService.php","line":327,"function":"getTableHtml","class":"Cma\\Services\\JsonFormService","type":"::","args":["marketingurl",null,{"displayMode":"2","limit":500}]},{"file":"C:\\lab\\ai_conversion\\site\\cma\\classes\\FormDataProvider.php","line":633,"function":"getJsonFormTableHtml","class":"Cma\\Services\\ListService","type":"::","args":["marketingurl",null,{"displayMode":"2","limit":500}]},{"file":"C:\\lab\\ai_conversion\\site\\cma\\form_api.php","line":541,"function":"getJsonFormTableHtml","class":"Cma\\FormDataProvider","type":"::","args":["marketingurl",null,{"displayMode":"2","limit":500}]},{"file":"C:\\lab\\ai_conversion\\site\\_bootstrap_wrapper.php","line":31,"args":["C:\\lab\\ai_conversion\\site\\cma\\form_api.php"],"function":"include"}]}},"url":"/cma/form_api.php?action=init&displayMode=2&jsonForm=marketingurl","method":"GET","ip":"172.29.208.1"}
{"ts":"2026-02-12T16:42:56.494","level":"debug","req":"5e6ad8a6","msg":"form_api: JSON output","ctx":{"bytes":1034}}
{"ts":"2026-02-12T16:42:56.686","level":"error","req":"9a51ae95","msg":"API Error","ctx":{"action":"tree","jsonForm":"marketingurl","exception":{"class":"TypeError","message":"array_values(): Argument #1 ($array) must be of type array, App\\Library\\RecordSet given","code":0,"file":"C:\\lab\\ai_conversion\\site\\cma\\classes\\Services\\JsonFormService.php","line":289,"trace":[{"file":"C:\\lab\\ai_conversion\\site\\cma\\classes\\Services\\JsonFormService.php","line":289,"function":"array_values","args":[{}]},{"file":"C:\\lab\\ai_conversion\\site\\cma\\classes\\Services\\ListService.php","line":327,"function":"getTableHtml","class":"Cma\\Services\\JsonFormService","type":"::","args":["marketingurl",null,{"displayMode":"2","limit":500}]},{"file":"C:\\lab\\ai_conversion\\site\\cma\\classes\\FormDataProvider.php","line":633,"function":"getJsonFormTableHtml","class":"Cma\\Services\\ListService","type":"::","args":["marketingurl",null,{"displayMode":"2","limit":500}]},{"file":"C:\\lab\\ai_conversion\\site\\cma\\form_api.php","line":644,"function":"getJsonFormTableHtml","class":"Cma\\FormDataProvider","type":"::","args":["marketingurl",null,{"displayMode":"2","limit":500}]},{"file":"C:\\lab\\ai_conversion\\site\\_bootstrap_wrapper.php","line":31,"args":["C:\\lab\\ai_conversion\\site\\cma\\form_api.php"],"function":"include"}]}},"url":"/cma/form_api.php?action=tree&displayMode=2&jsonForm=marketingurl","method":"GET","ip":"172.29.208.1"}
{"ts":"2026-02-12T16:42:56.689","level":"debug","req":"9a51ae95","msg":"form_api: JSON output","ctx":{"bytes":1034}}
{"ts":"2026-02-12T16:43:00.292","level":"error","req":"5bb1165d","msg":"API Error","ctx":{"action":"init","jsonForm":"cmamonitoring","exception":{"class":"TypeError","message":"array_values(): Argument #1 ($array) must be of type array, App\\Library\\RecordSet given","code":0,"file":"C:\\lab\\ai_conversion\\site\\cma\\classes\\Services\\JsonFormService.php","line":289,"trace":[{"file":"C:\\lab\\ai_conversion\\site\\cma\\classes\\Services\\JsonFormService.php","line":289,"function":"array_values","args":[{}]},{"file":"C:\\lab\\ai_conversion\\site\\cma\\classes\\Services\\ListService.php","line":327,"function":"getTableHtml","class":"Cma\\Services\\JsonFormService","type":"::","args":["cmamonitoring",null,{"displayMode":"2","limit":500}]},{"file":"C:\\lab\\ai_conversion\\site\\cma\\classes\\FormDataProvider.php","line":633,"function":"getJsonFormTableHtml","class":"Cma\\Services\\ListService","type":"::","args":["cmamonitoring",null,{"displayMode":"2","limit":500}]},{"file":"C:\\lab\\ai_conversion\\site\\cma\\form_api.php","line":541,"function":"getJsonFormTableHtml","class":"Cma\\FormDataProvider","type":"::","args":["cmamonitoring",null,{"displayMode":"2","limit":500}]},{"file":"C:\\lab\\ai_conversion\\site\\_bootstrap_wrapper.php","line":31,"args":["C:\\lab\\ai_conversion\\site\\cma\\form_api.php"],"function":"include"}]}},"url":"/cma/form_api.php?action=init&displayMode=2&jsonForm=cmamonitoring","method":"GET","ip":"172.29.208.1"}
{"ts":"2026-02-12T16:43:00.294","level":"debug","req":"5bb1165d","msg":"form_api: JSON output","ctx":{"bytes":1037}}
{"ts":"2026-02-12T16:43:00.489","level":"error","req":"c40ce6d5","msg":"API Error","ctx":{"action":"tree","jsonForm":"cmamonitoring","exception":{"class":"TypeError","message":"array_values(): Argument #1 ($array) must be of type array, App\\Library\\RecordSet given","code":0,"file":"C:\\lab\\ai_conversion\\site\\cma\\classes\\Services\\JsonFormService.php","line":289,"trace":[{"file":"C:\\lab\\ai_conversion\\site\\cma\\classes\\Services\\JsonFormService.php","line":289,"function":"array_values","args":[{}]},{"file":"C:\\lab\\ai_conversion\\site\\cma\\classes\\Services\\ListService.php","line":327,"function":"getTableHtml","class":"Cma\\Services\\JsonFormService","type":"::","args":["cmamonitoring",null,{"displayMode":"2","limit":500}]},{"file":"C:\\lab\\ai_conversion\\site\\cma\\classes\\FormDataProvider.php","line":633,"function":"getJsonFormTableHtml","class":"Cma\\Services\\ListService","type":"::","args":["cmamonitoring",null,{"displayMode":"2","limit":500}]},{"file":"C:\\lab\\ai_conversion\\site\\cma\\form_api.php","line":644,"function":"getJsonFormTableHtml","class":"Cma\\FormDataProvider","type":"::","args":["cmamonitoring",null,{"displayMode":"2","limit":500}]},{"file":"C:\\lab\\ai_conversion\\site\\_bootstrap_wrapper.php","line":31,"args":["C:\\lab\\ai_conversion\\site\\cma\\form_api.php"],"function":"include"}]}},"url":"/cma/form_api.php?action=tree&displayMode=2&jsonForm=cmamonitoring","method":"GET","ip":"172.29.208.1"}
{"ts":"2026-02-12T16:43:00.491","level":"debug","req":"c40ce6d5","msg":"form_api: JSON output","ctx":{"bytes":1037}}
