{"ts":"2026-03-09T09:18:52.649","level":"debug","req":"6433837a","msg":"form_api: JSON output","ctx":{"bytes":11161}}
{"ts":"2026-03-09T09:18:52.745","level":"debug","req":"9c423ecf","msg":"form_api: JSON output","ctx":{"bytes":11161}}
{"ts":"2026-03-09T09:18:59.261","level":"debug","req":"7cd910d0","msg":"form_api: JSON output","ctx":{"bytes":54385}}
{"ts":"2026-03-09T09:18:59.385","level":"debug","req":"f098f05d","msg":"form_api: JSON output","ctx":{"bytes":7014}}
{"ts":"2026-03-09T09:19:03.324","level":"debug","req":"f374214f","msg":"logMonitoring START","ctx":{"form":"users","action":"delete","recordId":"32"}}
{"ts":"2026-03-09T09:19:03.326","level":"debug","req":"f374214f","msg":"logMonitoring: username=Diederik Stenvers"}
{"ts":"2026-03-09T09:19:03.327","level":"debug","req":"f374214f","msg":"logMonitoring: changelog_length=2735"}
{"ts":"2026-03-09T09:19:03.328","level":"debug","req":"f374214f","msg":"logMonitoring: notification_length=2860"}
{"ts":"2026-03-09T09:19:03.328","level":"debug","req":"f374214f","msg":"logMonitoring: Executing INSERT","ctx":{"sqlLength":3029}}
{"ts":"2026-03-09T09:19:03.359","level":"debug","req":"f374214f","msg":"logMonitoring: INSERT successful"}
{"ts":"2026-03-09T09:19:03.360","level":"debug","req":"f374214f","msg":"logMonitoring END"}
{"ts":"2026-03-09T09:19:10.338","level":"debug","req":"98a5102d","msg":"form_api: JSON output","ctx":{"bytes":54377}}
{"ts":"2026-03-09T09:19:10.453","level":"debug","req":"f673f814","msg":"form_api: JSON output","ctx":{"bytes":7014}}
{"ts":"2026-03-09T09:19:12.959","level":"debug","req":"ad76e5a1","msg":"logMonitoring START","ctx":{"form":"users","action":"delete","recordId":"24"}}
{"ts":"2026-03-09T09:19:12.961","level":"debug","req":"ad76e5a1","msg":"logMonitoring: username=Diederik Stenvers"}
{"ts":"2026-03-09T09:19:12.961","level":"debug","req":"ad76e5a1","msg":"logMonitoring: changelog_length=2716"}
{"ts":"2026-03-09T09:19:12.962","level":"debug","req":"ad76e5a1","msg":"logMonitoring: notification_length=2836"}
{"ts":"2026-03-09T09:19:12.963","level":"debug","req":"ad76e5a1","msg":"logMonitoring: Executing INSERT","ctx":{"sqlLength":3005}}
{"ts":"2026-03-09T09:19:12.966","level":"debug","req":"ad76e5a1","msg":"logMonitoring: INSERT successful"}
{"ts":"2026-03-09T09:19:12.967","level":"debug","req":"ad76e5a1","msg":"logMonitoring END"}
{"ts":"2026-03-09T09:19:25.037","level":"debug","req":"b48aca3e","msg":"form_api: JSON output","ctx":{"bytes":54385}}
{"ts":"2026-03-09T09:19:25.171","level":"debug","req":"d1c8f5aa","msg":"form_api: JSON output","ctx":{"bytes":7014}}
{"ts":"2026-03-09T09:21:18.951","level":"debug","req":"af212e81","msg":"form_api: JSON output","ctx":{"bytes":54385}}
{"ts":"2026-03-09T09:21:19.196","level":"debug","req":"eef5e15e","msg":"form_api: JSON output","ctx":{"bytes":7014}}
{"ts":"2026-03-09T09:21:29.383","level":"debug","req":"99bc2357","msg":"logMonitoring START","ctx":{"form":"users","action":"delete","recordId":"14"}}
{"ts":"2026-03-09T09:21:29.386","level":"debug","req":"99bc2357","msg":"logMonitoring: username=Diederik Stenvers"}
{"ts":"2026-03-09T09:21:29.387","level":"debug","req":"99bc2357","msg":"logMonitoring: changelog_length=2732"}
{"ts":"2026-03-09T09:21:29.387","level":"debug","req":"99bc2357","msg":"logMonitoring: notification_length=2860"}
{"ts":"2026-03-09T09:21:29.388","level":"debug","req":"99bc2357","msg":"logMonitoring: Executing INSERT","ctx":{"sqlLength":3029}}
{"ts":"2026-03-09T09:21:29.397","level":"debug","req":"99bc2357","msg":"logMonitoring: INSERT successful"}
{"ts":"2026-03-09T09:21:29.398","level":"debug","req":"99bc2357","msg":"logMonitoring END"}
{"ts":"2026-03-09T09:26:02.442","level":"debug","req":"fd68d5fc","msg":"form_api: JSON output","ctx":{"bytes":10008}}
{"ts":"2026-03-09T09:26:02.566","level":"debug","req":"7ededa69","msg":"form_api: JSON output","ctx":{"bytes":10008}}
{"ts":"2026-03-09T09:30:25.977","level":"debug","req":"212d3a92","msg":"form_api: JSON output","ctx":{"bytes":54385}}
{"ts":"2026-03-09T09:30:26.099","level":"debug","req":"7d8a5db2","msg":"form_api: JSON output","ctx":{"bytes":7038}}
{"ts":"2026-03-09T09:30:30.155","level":"debug","req":"882e679e","msg":"form_api: JSON output","ctx":{"bytes":54385}}
{"ts":"2026-03-09T09:30:30.275","level":"debug","req":"075b59c8","msg":"form_api: JSON output","ctx":{"bytes":54385}}
{"ts":"2026-03-09T09:30:30.475","level":"debug","req":"a4ab924f","msg":"form_api: JSON output","ctx":{"bytes":7038}}
{"ts":"2026-03-09T09:30:30.588","level":"debug","req":"0361b27e","msg":"form_api: JSON output","ctx":{"bytes":7038}}
{"ts":"2026-03-09T09:47:31.289","level":"debug","req":"f1fd03dd","msg":"form_api: JSON output","ctx":{"bytes":54385}}
{"ts":"2026-03-09T09:47:31.415","level":"debug","req":"b70b0974","msg":"form_api: JSON output","ctx":{"bytes":54385}}
{"ts":"2026-03-09T09:47:31.490","level":"debug","req":"e20c1eb4","msg":"form_api: JSON output","ctx":{"bytes":7038}}
{"ts":"2026-03-09T09:47:31.620","level":"debug","req":"98383fe9","msg":"form_api: JSON output","ctx":{"bytes":7038}}
{"ts":"2026-03-09T09:47:38.654","level":"debug","req":"6bb007c1","msg":"form_api: JSON output","ctx":{"bytes":54385}}
{"ts":"2026-03-09T09:47:38.776","level":"debug","req":"e7f85a78","msg":"form_api: JSON output","ctx":{"bytes":54385}}
{"ts":"2026-03-09T09:47:38.855","level":"debug","req":"3ead9267","msg":"form_api: JSON output","ctx":{"bytes":7038}}
{"ts":"2026-03-09T09:47:38.977","level":"debug","req":"e0eba50a","msg":"form_api: JSON output","ctx":{"bytes":7038}}
{"ts":"2026-03-09T10:00:51.534","level":"debug","req":"7fc1cd10","msg":"form_api: JSON output","ctx":{"bytes":54385}}
{"ts":"2026-03-09T10:00:51.651","level":"debug","req":"cd20a905","msg":"form_api: JSON output","ctx":{"bytes":54385}}
{"ts":"2026-03-09T10:00:51.823","level":"debug","req":"7e5f233f","msg":"form_api: JSON output","ctx":{"bytes":7038}}
{"ts":"2026-03-09T10:00:51.934","level":"debug","req":"57d31db2","msg":"form_api: JSON output","ctx":{"bytes":7038}}
{"ts":"2026-03-09T10:01:17.413","level":"debug","req":"3ce11223","msg":"form_api: JSON output","ctx":{"bytes":100175}}
{"ts":"2026-03-09T10:01:17.569","level":"debug","req":"34514895","msg":"form_api: JSON output","ctx":{"bytes":100175}}
{"ts":"2026-03-09T10:01:24.053","level":"debug","req":"9667f588","msg":"form_api: JSON output","ctx":{"bytes":102834}}
{"ts":"2026-03-09T10:01:24.190","level":"debug","req":"49a7b42b","msg":"form_api: JSON output","ctx":{"bytes":9442}}
{"ts":"2026-03-09T10:01:24.316","level":"debug","req":"57d96f42","msg":"form_api: JSON output","ctx":{"bytes":2374}}
{"ts":"2026-03-09T10:01:27.616","level":"debug","req":"ab8fcf7d","msg":"form_api: JSON output","ctx":{"bytes":10006}}
{"ts":"2026-03-09T10:01:27.746","level":"debug","req":"7774306e","msg":"form_api: JSON output","ctx":{"bytes":10008}}
{"ts":"2026-03-09T10:01:32.179","level":"debug","req":"dbd278ec","msg":"form_api: JSON output","ctx":{"bytes":54385}}
{"ts":"2026-03-09T10:01:32.287","level":"debug","req":"3ec11180","msg":"form_api: JSON output","ctx":{"bytes":7014}}
{"ts":"2026-03-09T10:01:37.559","level":"debug","req":"c6abe367","msg":"form_api: JSON output","ctx":{"bytes":54385}}
{"ts":"2026-03-09T10:01:37.678","level":"debug","req":"65a57399","msg":"form_api: JSON output","ctx":{"bytes":7014}}
{"ts":"2026-03-09T10:01:41.037","level":"debug","req":"c1720b7a","msg":"form_api: JSON output","ctx":{"bytes":54377}}
{"ts":"2026-03-09T10:01:41.159","level":"debug","req":"55fa67a7","msg":"form_api: JSON output","ctx":{"bytes":7014}}
{"ts":"2026-03-09T10:02:04.930","level":"debug","req":"dc3763ea","msg":"form_api: JSON output","ctx":{"bytes":54385}}
{"ts":"2026-03-09T10:02:05.049","level":"debug","req":"7112e2d0","msg":"form_api: JSON output","ctx":{"bytes":7014}}
{"ts":"2026-03-09T10:03:01.443","level":"debug","req":"03cadf6c","msg":"form_api: JSON output","ctx":{"bytes":4953}}
{"ts":"2026-03-09T10:03:01.764","level":"debug","req":"cc53e176","msg":"form_api: JSON output","ctx":{"bytes":774401}}
{"ts":"2026-03-09T10:03:02.103","level":"debug","req":"2bc4fa4d","msg":"form_api: JSON output","ctx":{"bytes":774401}}
{"ts":"2026-03-09T10:03:03.828","level":"debug","req":"ed14e051","msg":"form_api: JSON output","ctx":{"bytes":15580}}
{"ts":"2026-03-09T10:03:10.285","level":"debug","req":"770e3892","msg":"form_api: JSON output","ctx":{"bytes":6460}}
{"ts":"2026-03-09T10:04:14.813","level":"debug","req":"8f853fb3","msg":"form_api: JSON output","ctx":{"bytes":13789}}
{"ts":"2026-03-09T10:26:26.647","level":"debug","req":"6fc96e4f","msg":"form_api: JSON output","ctx":{"bytes":6434}}
{"ts":"2026-03-09T10:26:26.788","level":"debug","req":"b46b4385","msg":"form_api: JSON output","ctx":{"bytes":127429}}
{"ts":"2026-03-09T10:26:26.855","level":"debug","req":"31a52371","msg":"form_api: JSON output","ctx":{"bytes":6436}}
{"ts":"2026-03-09T10:26:26.890","level":"debug","req":"1451511f","msg":"form_api: JSON output","ctx":{"bytes":44846}}
{"ts":"2026-03-09T10:26:28.219","level":"debug","req":"7feb4b3f","msg":"form_api: JSON output","ctx":{"bytes":12499}}
{"ts":"2026-03-09T10:26:28.466","level":"debug","req":"2fa52507","msg":"form_api: JSON output","ctx":{"bytes":1163}}
{"ts":"2026-03-09T10:26:28.587","level":"debug","req":"cc207d05","msg":"form_api: JSON output","ctx":{"bytes":5372}}
{"ts":"2026-03-09T10:26:31.040","level":"debug","req":"103b1b2c","msg":"form_api: JSON output","ctx":{"bytes":12511}}
{"ts":"2026-03-09T10:26:31.380","level":"debug","req":"e57e5344","msg":"form_api: JSON output","ctx":{"bytes":6502}}
{"ts":"2026-03-09T10:28:50.846","level":"debug","req":"375de76e","msg":"form_api: JSON output","ctx":{"bytes":12511}}
{"ts":"2026-03-09T10:28:51.161","level":"debug","req":"2c892e14","msg":"form_api: JSON output","ctx":{"bytes":12511}}
{"ts":"2026-03-09T10:28:51.221","level":"debug","req":"f42d3a84","msg":"form_api: JSON output","ctx":{"bytes":6502}}
{"ts":"2026-03-09T10:28:51.526","level":"debug","req":"325acc16","msg":"form_api: JSON output","ctx":{"bytes":6502}}
{"ts":"2026-03-09T10:28:54.280","level":"debug","req":"bcbd6a11","msg":"form_api: JSON output","ctx":{"bytes":6436}}
{"ts":"2026-03-09T10:28:54.467","level":"debug","req":"96681548","msg":"form_api: JSON output","ctx":{"bytes":6434}}
{"ts":"2026-03-09T10:30:55.541","level":"debug","req":"6e615d64","msg":"form_api: JSON output","ctx":{"bytes":16612}}
{"ts":"2026-03-09T10:30:57.251","level":"debug","req":"a1f2a65b","msg":"form_api: JSON output","ctx":{"bytes":4953}}
{"ts":"2026-03-09T10:30:57.557","level":"debug","req":"951fdf3b","msg":"form_api: JSON output","ctx":{"bytes":774399}}
{"ts":"2026-03-09T10:30:57.839","level":"debug","req":"0bb1bd4c","msg":"form_api: JSON output","ctx":{"bytes":774401}}
{"ts":"2026-03-09T10:31:01.145","level":"debug","req":"08e2103d","msg":"form_api: JSON output","ctx":{"bytes":6436}}
{"ts":"2026-03-09T10:31:01.342","level":"debug","req":"e5815373","msg":"form_api: JSON output","ctx":{"bytes":6434}}
{"ts":"2026-03-09T10:31:03.659","level":"debug","req":"46c64430","msg":"form_api: JSON output","ctx":{"bytes":36018}}
{"ts":"2026-03-09T10:31:05.722","level":"debug","req":"00582098","msg":"form_api: JSON output","ctx":{"bytes":63585}}
{"ts":"2026-03-09T10:31:05.743","level":"debug","req":"36119506","msg":"form_api: JSON output","ctx":{"bytes":60495}}
{"ts":"2026-03-09T10:31:05.962","level":"debug","req":"b03966f0","msg":"form_api: JSON output","ctx":{"bytes":63583}}
{"ts":"2026-03-09T10:31:05.975","level":"debug","req":"11950671","msg":"form_api: JSON output","ctx":{"bytes":15964}}
{"ts":"2026-03-09T10:31:13.994","level":"debug","req":"a362626f","msg":"form_api: JSON output","ctx":{"bytes":774399}}
{"ts":"2026-03-09T10:31:14.319","level":"debug","req":"dfbc9fa8","msg":"form_api: JSON output","ctx":{"bytes":774401}}
{"ts":"2026-03-09T10:31:19.700","level":"debug","req":"ccbba136","msg":"form_api: JSON output","ctx":{"bytes":16557}}
{"ts":"2026-03-09T10:31:21.763","level":"debug","req":"5f3072f5","msg":"form_api: JSON output","ctx":{"bytes":6961}}
{"ts":"2026-03-09T10:31:22.952","level":"debug","req":"91b54bf2","msg":"form_api: JSON output","ctx":{"bytes":5169}}
{"ts":"2026-03-09T10:31:26.546","level":"debug","req":"b02218f6","msg":"form_api: JSON output","ctx":{"bytes":11021}}
{"ts":"2026-03-09T10:31:27.785","level":"debug","req":"a7227794","msg":"form_api: JSON output","ctx":{"bytes":17078}}
{"ts":"2026-03-09T10:31:28.088","level":"debug","req":"f66c30ba","msg":"form_api: JSON output","ctx":{"bytes":14293}}
{"ts":"2026-03-09T10:31:28.553","level":"debug","req":"257e318b","msg":"form_api: JSON output","ctx":{"bytes":12424}}
{"ts":"2026-03-09T10:31:30.393","level":"debug","req":"79f5d2e0","msg":"form_api: JSON output","ctx":{"bytes":15580}}
{"ts":"2026-03-09T10:31:37.150","level":"debug","req":"aa78ee85","msg":"form_api: JSON output","ctx":{"bytes":15849}}
{"ts":"2026-03-09T10:32:06.930","level":"debug","req":"4d4d86dc","msg":"form_api: JSON output","ctx":{"bytes":15918}}
{"ts":"2026-03-09T10:32:17.605","level":"debug","req":"6c315cfb","msg":"form_api: JSON output","ctx":{"bytes":14952}}
{"ts":"2026-03-09T10:34:19.399","level":"debug","req":"111f7756","msg":"form_api: JSON output","ctx":{"bytes":16045}}
{"ts":"2026-03-09T10:34:22.001","level":"debug","req":"f248595d","msg":"form_api: JSON output","ctx":{"bytes":36085}}
{"ts":"2026-03-09T10:34:22.269","level":"debug","req":"d9970145","msg":"form_api: JSON output","ctx":{"bytes":36085}}
{"ts":"2026-03-09T10:34:53.723","level":"debug","req":"6953afef","msg":"form_api: JSON output","ctx":{"bytes":12581}}
{"ts":"2026-03-09T10:57:19.692","level":"debug","req":"b42c9bea","msg":"form_api: JSON output","ctx":{"bytes":36083}}
{"ts":"2026-03-09T10:57:19.804","level":"debug","req":"cd33d859","msg":"form_api: JSON output","ctx":{"bytes":127429}}
{"ts":"2026-03-09T10:57:19.819","level":"debug","req":"8b2cbced","msg":"form_api: JSON output","ctx":{"bytes":36085}}
{"ts":"2026-03-09T10:57:32.996","level":"debug","req":"6a5e5651","msg":"form_api: JSON output","ctx":{"bytes":12963}}
{"ts":"2026-03-09T10:57:35.709","level":"debug","req":"97fc2d2c","msg":"form_api: JSON output","ctx":{"bytes":36085}}
{"ts":"2026-03-09T10:57:35.972","level":"debug","req":"31d6395e","msg":"form_api: JSON output","ctx":{"bytes":36085}}
{"ts":"2026-03-09T10:57:41.335","level":"debug","req":"a0b67625","msg":"form_api: JSON output","ctx":{"bytes":12602}}
{"ts":"2026-03-09T10:57:50.004","level":"debug","req":"f336bc47","msg":"form_api: JSON output","ctx":{"bytes":36085}}
{"ts":"2026-03-09T10:57:50.235","level":"debug","req":"a96d0d0e","msg":"form_api: JSON output","ctx":{"bytes":36085}}
{"ts":"2026-03-09T10:57:52.061","level":"debug","req":"f5969489","msg":"form_api: JSON output","ctx":{"bytes":12581}}
{"ts":"2026-03-09T10:57:52.740","level":"debug","req":"8d6a479e","msg":"form_api: JSON output","ctx":{"bytes":12631}}
{"ts":"2026-03-09T10:57:54.127","level":"debug","req":"424dc9cb","msg":"form_api: JSON output","ctx":{"bytes":12683}}
{"ts":"2026-03-09T10:59:00.649","level":"debug","req":"aee1c21c","msg":"form_api: JSON output","ctx":{"bytes":36085}}
{"ts":"2026-03-09T10:59:00.885","level":"debug","req":"7475cbc2","msg":"form_api: JSON output","ctx":{"bytes":36085}}
{"ts":"2026-03-09T10:59:18.534","level":"debug","req":"86e41ece","msg":"form_api: JSON output","ctx":{"bytes":12611}}
{"ts":"2026-03-09T10:59:21.641","level":"debug","req":"5c869be9","msg":"form_api: JSON output","ctx":{"bytes":12628}}
{"ts":"2026-03-09T10:59:25.170","level":"debug","req":"d6e36490","msg":"form_api: JSON output","ctx":{"bytes":12683}}
{"ts":"2026-03-09T11:00:56.570","level":"debug","req":"66ddd46b","msg":"form_api: JSON output","ctx":{"bytes":12691}}
{"ts":"2026-03-09T11:23:40.125","level":"debug","req":"73615167","msg":"form_api: JSON output","ctx":{"bytes":36085}}
{"ts":"2026-03-09T11:23:40.251","level":"debug","req":"fb68bd39","msg":"form_api: JSON output","ctx":{"bytes":36085}}
{"ts":"2026-03-09T11:24:08.909","level":"debug","req":"5e41bf72","msg":"form_api: JSON output","ctx":{"bytes":12541}}
{"ts":"2026-03-09T11:24:09.433","level":"debug","req":"11a2ff70","msg":"form_api: JSON output","ctx":{"bytes":12499}}
{"ts":"2026-03-09T11:24:37.801","level":"debug","req":"cf77a98e","msg":"form_api: JSON output","ctx":{"bytes":12574}}
{"ts":"2026-03-09T11:28:39.290","level":"debug","req":"28113c95","msg":"form_api: JSON output","ctx":{"bytes":36085}}
{"ts":"2026-03-09T11:28:39.534","level":"debug","req":"8e73a8cf","msg":"form_api: JSON output","ctx":{"bytes":36085}}
{"ts":"2026-03-09T11:28:42.633","level":"debug","req":"cca19bf4","msg":"form_api: JSON output","ctx":{"bytes":6811}}
{"ts":"2026-03-09T11:28:42.639","level":"debug","req":"989a6e03","msg":"form_api: JSON output","ctx":{"bytes":6811}}
{"ts":"2026-03-09T11:28:43.292","level":"debug","req":"af3a5a1e","msg":"form_api: JSON output","ctx":{"bytes":12499}}
{"ts":"2026-03-09T11:28:49.064","level":"debug","req":"8708095b","msg":"form_api: JSON output","ctx":{"bytes":127429}}
{"ts":"2026-03-09T11:35:24.208","level":"debug","req":"571c6bfd","msg":"form_api: JSON output","ctx":{"bytes":6811}}
{"ts":"2026-03-09T11:35:24.296","level":"debug","req":"894774c6","msg":"form_api: JSON output","ctx":{"bytes":6811}}
{"ts":"2026-03-09T11:35:51.669","level":"debug","req":"3c8c1546","msg":"form_api: JSON output","ctx":{"bytes":6878}}
{"ts":"2026-03-09T11:35:51.898","level":"debug","req":"62525e1b","msg":"form_api: JSON output","ctx":{"bytes":6878}}
{"ts":"2026-03-09T11:35:57.822","level":"debug","req":"dacccb0d","msg":"form_api: JSON output","ctx":{"bytes":4953}}
{"ts":"2026-03-09T11:35:58.006","level":"debug","req":"37a4266d","msg":"form_api: JSON output","ctx":{"bytes":774401}}
{"ts":"2026-03-09T11:35:58.308","level":"debug","req":"38ad0fae","msg":"form_api: JSON output","ctx":{"bytes":774401}}
{"ts":"2026-03-09T11:36:05.133","level":"debug","req":"bf35f0d7","msg":"form_api: JSON output","ctx":{"bytes":6878}}
{"ts":"2026-03-09T11:36:05.362","level":"debug","req":"0121d10c","msg":"form_api: JSON output","ctx":{"bytes":6878}}
{"ts":"2026-03-09T11:37:01.706","level":"debug","req":"bf2cc8f4","msg":"form_api: JSON output","ctx":{"bytes":6878}}
{"ts":"2026-03-09T11:37:01.935","level":"debug","req":"6eff5050","msg":"form_api: JSON output","ctx":{"bytes":6878}}
{"ts":"2026-03-09T11:37:06.624","level":"debug","req":"7d7088cb","msg":"form_api: JSON output","ctx":{"bytes":51403}}
{"ts":"2026-03-09T11:37:06.649","level":"debug","req":"1081c37f","msg":"form_api: JSON output","ctx":{"bytes":60495}}
{"ts":"2026-03-09T11:37:06.881","level":"debug","req":"e0d608f4","msg":"form_api: JSON output","ctx":{"bytes":51403}}
{"ts":"2026-03-09T11:37:06.892","level":"debug","req":"c88b8c29","msg":"form_api: JSON output","ctx":{"bytes":15964}}
{"ts":"2026-03-09T11:37:12.985","level":"debug","req":"88d85d82","msg":"form_api: JSON output","ctx":{"bytes":2473}}
{"ts":"2026-03-09T11:37:13.198","level":"debug","req":"27b35334","msg":"form_api: JSON output","ctx":{"bytes":2475}}
{"ts":"2026-03-09T11:37:18.536","level":"debug","req":"a7997937","msg":"form_api: JSON output","ctx":{"bytes":2475}}
{"ts":"2026-03-09T11:37:18.714","level":"debug","req":"58177073","msg":"form_api: JSON output","ctx":{"bytes":2475}}
{"ts":"2026-03-09T11:37:19.355","level":"debug","req":"599bea02","msg":"form_api: JSON output","ctx":{"bytes":20157}}
{"ts":"2026-03-09T11:37:19.542","level":"debug","req":"fe11f501","msg":"form_api: JSON output","ctx":{"bytes":20155}}
{"ts":"2026-03-09T11:37:21.570","level":"debug","req":"aa87ff8f","msg":"form_api: JSON output","ctx":{"bytes":10041}}
{"ts":"2026-03-09T11:37:21.778","level":"debug","req":"266e6c4c","msg":"form_api: JSON output","ctx":{"bytes":10043}}
{"ts":"2026-03-09T11:37:24.019","level":"debug","req":"8bb28db8","msg":"form_api: JSON output","ctx":{"bytes":18144}}
{"ts":"2026-03-09T11:37:24.039","level":"debug","req":"c4beeb52","msg":"form_api: JSON output","ctx":{"bytes":29735}}
{"ts":"2026-03-09T11:37:24.295","level":"debug","req":"521b68a2","msg":"form_api: JSON output","ctx":{"bytes":29733}}
{"ts":"2026-03-09T12:49:20.052","level":"debug","req":"ae9f6b99","msg":"form_api: JSON output","ctx":{"bytes":1156}}
{"ts":"2026-03-09T12:49:25.345","level":"debug","req":"ba2268c5","msg":"form_api: JSON output","ctx":{"bytes":2989}}
{"ts":"2026-03-09T12:49:25.445","level":"debug","req":"ff242919","msg":"form_api: JSON output","ctx":{"bytes":2991}}
{"ts":"2026-03-09T12:49:35.984","level":"debug","req":"7bfb0091","msg":"form_api: JSON output","ctx":{"bytes":127429}}
{"ts":"2026-03-09T12:49:36.084","level":"debug","req":"7399cfbd","msg":"form_api: JSON output","ctx":{"bytes":6878}}
{"ts":"2026-03-09T12:49:36.330","level":"debug","req":"c015a0e8","msg":"form_api: JSON output","ctx":{"bytes":6878}}
{"ts":"2026-03-09T12:50:37.736","level":"debug","req":"7083d941","msg":"form_api: JSON output","ctx":{"bytes":6880}}
{"ts":"2026-03-09T12:50:37.994","level":"debug","req":"61f05524","msg":"form_api: JSON output","ctx":{"bytes":6876}}
{"ts":"2026-03-09T12:50:43.201","level":"debug","req":"91d0714e","msg":"form_api: JSON output","ctx":{"bytes":11553}}
{"ts":"2026-03-09T12:50:43.446","level":"debug","req":"ae3dab79","msg":"form_api: JSON output","ctx":{"bytes":11553}}
{"ts":"2026-03-09T12:50:43.627","level":"debug","req":"a797be81","msg":"resolveJsonFormFkLabels: query failed","ctx":{"field":"fkEindEvaluatie","sql":"SELECT TOP 1 tblEvalDocument.ID, tblEvalTemplate.afdeling & \"- \" & tblEvalDocument.Naam & iif( tblEvalTemplate.bActive=True and tblEvalDocument.bActive=True,'', ' (NIET ACTIEF)')  as Descr \r\nFROM (tblEvalTemplate INNER JOIN (tblOpleidingen INNER JOIN tblAgenda ON tblOpleidingen.ID = tblAgenda.fkOpleiding) ON tblEvalTemplate.ID = tblOpleidingen.fkEvaluatieTemplate) INNER JOIN tblEvalDocument ON tblEvalTemplate.ID = tblEvalDocument.fkEvalTemplate \r\nWHERE ((tblEvalDocument.fkEvalType<>10 and tblAgenda.ID=[id]) AND ([tblEvalDocument].[ID] = 38)) ORDER BY tblEvalDocument.Sortorder, tblEvalDocument.Naam","error":"Native ODBC error: [Microsoft][ODBC Microsoft Access-stuurprogramma] Het opgegeven veld [id] kan naar meer dan een tabel verwijzen in de component FROM van uw SQL-instructie."}}
{"ts":"2026-03-09T12:50:46.918","level":"debug","req":"a797be81","msg":"form_api: JSON output","ctx":{"bytes":3446}}
{"ts":"2026-03-09T12:50:47.138","level":"debug","req":"19ddcae3","msg":"resolveJsonFormFkLabels: query failed","ctx":{"field":"fkEindEvaluatie","sql":"SELECT TOP 1 tblEvalDocument.ID, tblEvalTemplate.afdeling & \"- \" & tblEvalDocument.Naam & iif( tblEvalTemplate.bActive=True and tblEvalDocument.bActive=True,'', ' (NIET ACTIEF)')  as Descr \r\nFROM (tblEvalTemplate INNER JOIN (tblOpleidingen INNER JOIN tblAgenda ON tblOpleidingen.ID = tblAgenda.fkOpleiding) ON tblEvalTemplate.ID = tblOpleidingen.fkEvaluatieTemplate) INNER JOIN tblEvalDocument ON tblEvalTemplate.ID = tblEvalDocument.fkEvalTemplate \r\nWHERE ((tblEvalDocument.fkEvalType<>10 and tblAgenda.ID=[id]) AND ([tblEvalDocument].[ID] = 38)) ORDER BY tblEvalDocument.Sortorder, tblEvalDocument.Naam","error":"Native ODBC error: [Microsoft][ODBC Microsoft Access-stuurprogramma] Het opgegeven veld [id] kan naar meer dan een tabel verwijzen in de component FROM van uw SQL-instructie."}}
{"ts":"2026-03-09T12:50:47.224","level":"debug","req":"19ddcae3","msg":"form_api: JSON output","ctx":{"bytes":3446}}
{"ts":"2026-03-09T12:50:47.473","level":"debug","req":"a7aa9c9f","msg":"form_api: JSON output","ctx":{"bytes":4953}}
{"ts":"2026-03-09T12:50:47.974","level":"debug","req":"7f0e02ea","msg":"form_api: JSON output","ctx":{"bytes":774401}}
{"ts":"2026-03-09T12:50:48.287","level":"debug","req":"fc9de7e6","msg":"form_api: JSON output","ctx":{"bytes":774399}}
{"ts":"2026-03-09T12:50:52.660","level":"debug","req":"f0457110","msg":"form_api: JSON output","ctx":{"bytes":16168}}
{"ts":"2026-03-09T12:50:53.010","level":"debug","req":"f66c8542","msg":"form_api: JSON output","ctx":{"bytes":16281}}
{"ts":"2026-03-09T12:51:01.393","level":"debug","req":"05245d60","msg":"form_api: JSON output","ctx":{"bytes":42763}}
{"ts":"2026-03-09T12:51:01.628","level":"debug","req":"c8a779fd","msg":"form_api: JSON output","ctx":{"bytes":42765}}
{"ts":"2026-03-09T12:52:19.059","level":"debug","req":"7e1ab9f1","msg":"form_api: JSON output","ctx":{"bytes":12628}}
{"ts":"2026-03-09T12:52:20.494","level":"debug","req":"56378f1a","msg":"form_api: JSON output","ctx":{"bytes":20157}}
{"ts":"2026-03-09T12:52:20.689","level":"debug","req":"cb9582ed","msg":"form_api: JSON output","ctx":{"bytes":20157}}
{"ts":"2026-03-09T12:52:21.592","level":"debug","req":"342e0c33","msg":"form_api: JSON output","ctx":{"bytes":2486}}
{"ts":"2026-03-09T12:52:21.921","level":"debug","req":"d4844fa8","msg":"form_api: JSON output","ctx":{"bytes":2539}}
{"ts":"2026-03-09T12:52:25.102","level":"debug","req":"9f4b13b2","msg":"form_api: JSON output","ctx":{"bytes":2539}}
{"ts":"2026-03-09T12:55:34.334","level":"debug","req":"0b8d86b9","msg":"form_api: JSON output","ctx":{"bytes":16168}}
{"ts":"2026-03-09T12:55:35.108","level":"debug","req":"66843f97","msg":"form_api: JSON output","ctx":{"bytes":16168}}
{"ts":"2026-03-09T12:55:35.418","level":"debug","req":"f999498d","msg":"form_api: JSON output","ctx":{"bytes":16281}}
{"ts":"2026-03-09T12:55:36.633","level":"debug","req":"03b54402","msg":"form_api: JSON output","ctx":{"bytes":16072}}
{"ts":"2026-03-09T12:55:37.981","level":"debug","req":"067c784b","msg":"form_api: JSON output","ctx":{"bytes":16072}}
{"ts":"2026-03-09T12:55:38.276","level":"debug","req":"c4c880cb","msg":"form_api: JSON output","ctx":{"bytes":22181}}
{"ts":"2026-03-09T12:56:18.845","level":"debug","req":"a6db7422","msg":"form_api: JSON output","ctx":{"bytes":13081}}
{"ts":"2026-03-09T12:56:19.667","level":"debug","req":"5d015e57","msg":"form_api: JSON output","ctx":{"bytes":13081}}
{"ts":"2026-03-09T12:56:19.896","level":"debug","req":"aec090db","msg":"form_api: JSON output","ctx":{"bytes":1081}}
{"ts":"2026-03-09T12:56:20.031","level":"debug","req":"25da9911","msg":"form_api: JSON output","ctx":{"bytes":15587}}
{"ts":"2026-03-09T12:56:21.448","level":"debug","req":"e6ee3e5b","msg":"form_api: JSON output","ctx":{"bytes":13081}}
{"ts":"2026-03-09T12:56:21.750","level":"debug","req":"b0d57bc5","msg":"form_api: JSON output","ctx":{"bytes":13081}}
{"ts":"2026-03-09T12:56:21.808","level":"debug","req":"e8d2a741","msg":"form_api: JSON output","ctx":{"bytes":15587}}
{"ts":"2026-03-09T12:56:22.099","level":"debug","req":"8cf96b5c","msg":"form_api: JSON output","ctx":{"bytes":15587}}
{"ts":"2026-03-09T12:56:26.729","level":"debug","req":"f7ae94c6","msg":"form_api: JSON output","ctx":{"bytes":774401}}
{"ts":"2026-03-09T12:56:27.057","level":"debug","req":"7b75c534","msg":"form_api: JSON output","ctx":{"bytes":774401}}
{"ts":"2026-03-09T12:56:30.947","level":"debug","req":"353b1c9e","msg":"form_api: JSON output","ctx":{"bytes":13789}}
{"ts":"2026-03-09T12:56:31.258","level":"debug","req":"d224b4e4","msg":"form_api: JSON output","ctx":{"bytes":16436}}
{"ts":"2026-03-09T12:56:34.748","level":"debug","req":"40f2c1dd","msg":"form_api: JSON output","ctx":{"bytes":62010}}
{"ts":"2026-03-09T12:56:34.996","level":"debug","req":"3a598595","msg":"form_api: JSON output","ctx":{"bytes":62012}}
{"ts":"2026-03-09T12:56:39.875","level":"debug","req":"9db9008c","msg":"form_api: JSON output","ctx":{"bytes":11860}}
{"ts":"2026-03-09T12:56:40.159","level":"debug","req":"d98d91e1","msg":"form_api: JSON output","ctx":{"bytes":11860}}
{"ts":"2026-03-09T12:56:40.374","level":"debug","req":"80b17281","msg":"form_api: JSON output","ctx":{"bytes":1109}}
{"ts":"2026-03-09T12:56:40.449","level":"debug","req":"5ac36107","msg":"form_api: JSON output","ctx":{"bytes":5385}}
{"ts":"2026-03-09T12:57:35.163","level":"debug","req":"e4098a16","msg":"form_api: JSON output","ctx":{"bytes":10152}}
{"ts":"2026-03-09T12:58:06.374","level":"debug","req":"4c8d7708","msg":"form_api: JSON output","ctx":{"bytes":10193}}
{"ts":"2026-03-09T12:58:06.893","level":"debug","req":"2d49c41d","msg":"form_api: JSON output","ctx":{"bytes":10193}}
{"ts":"2026-03-09T12:59:03.215","level":"debug","req":"d0a65680","msg":"form_api: JSON output","ctx":{"bytes":10545}}
{"ts":"2026-03-09T12:59:05.707","level":"debug","req":"54f86e51","msg":"form_api: JSON output","ctx":{"bytes":62012}}
{"ts":"2026-03-09T12:59:05.953","level":"debug","req":"88ad2cff","msg":"form_api: JSON output","ctx":{"bytes":62012}}
{"ts":"2026-03-09T12:59:14.416","level":"debug","req":"d21a6fc5","msg":"form_api: JSON output","ctx":{"bytes":11032}}
{"ts":"2026-03-09T12:59:15.116","level":"debug","req":"bcc89455","msg":"SAVE REQUEST","ctx":{"jsonForm":"rooster","recordId":"903","POST":{"action":"save","ID":"903","jsonForm":"rooster","bActief":"False"}}}
{"ts":"2026-03-09T12:59:15.194","level":"debug","req":"bcc89455","msg":"SAVE: POST keys","ctx":{"keys":["action","ID","jsonForm","bActief"]}}
{"ts":"2026-03-09T12:59:15.195","level":"debug","req":"bcc89455","msg":"SAVE: userLevel NOT in POST"}
{"ts":"2026-03-09T12:59:15.195","level":"debug","req":"bcc89455","msg":"SAVE changelog data","ctx":{"keys":[],"changelogLength":0,"changelogPreview":""}}
{"ts":"2026-03-09T12:59:15.197","level":"debug","req":"bcc89455","msg":"SAVE: Valid fields","ctx":{"fields":["_group_0","bactief","fkopleiding","fkopleidingsblok","omschrijving","datum","tijd","eindtijd","bonline","_group_11","fktoets","_group_13","draaiboektitel","visiblestate","bwijzigbaardocent","draaiboekpdf","_group_19","locatie","locatieadres","locatiepostcode","locatieplaats","rinozaal","route_aanvullend","zoommeetingid","zoomjoinurl","zoompassword","_group_29","presentieopmerking","docentakkoord","datumreminderom","_group_33","bevaluatiedeelnemer","bblokkeerblokevaluatie","fkeindevaluatie","bblokkeereindevaluatie","fkevaluatiedocumentincidenteel","evaluatie_eind_statistieken_verzonden","evaluatie_tussendoor_statistieken_verzonden","evaluatie_statistieken_tussen_hoofdopl_verzonden","evaluatie_statistieken_eind_hoofdopl_verzonden","evaluatie_statistieken_hoofddoc_verzonden","promptusid"]}}
{"ts":"2026-03-09T12:59:15.198","level":"debug","req":"bcc89455","msg":"SAVE: Received data keys","ctx":{"keys":["bActief"]}}
{"ts":"2026-03-09T12:59:15.198","level":"debug","req":"bcc89455","msg":"SAVE: userEmail NOT in received data"}
{"ts":"2026-03-09T12:59:15.199","level":"debug","req":"bcc89455","msg":"SAVE: SQL","ctx":{"sql":"UPDATE [tblAgenda] SET [bActief] = False WHERE [ID] = 903"}}
{"ts":"2026-03-09T12:59:15.226","level":"debug","req":"bcc89455","msg":"SAVE: Rows affected","ctx":{"count":1}}
{"ts":"2026-03-09T12:59:15.227","level":"debug","req":"bcc89455","msg":"SAVE: Skipping verification for Access","ctx":{"id":"903"}}
{"ts":"2026-03-09T12:59:15.227","level":"debug","req":"bcc89455","msg":"logMonitoring START","ctx":{"form":"rooster","action":"edit","recordId":"903"}}
{"ts":"2026-03-09T12:59:15.228","level":"debug","req":"bcc89455","msg":"logMonitoring: username=Diederik Stenvers"}
{"ts":"2026-03-09T12:59:15.228","level":"debug","req":"bcc89455","msg":"logMonitoring: changelog_length=0"}
{"ts":"2026-03-09T12:59:15.229","level":"debug","req":"bcc89455","msg":"logMonitoring: notification_length=97"}
{"ts":"2026-03-09T12:59:15.230","level":"debug","req":"bcc89455","msg":"logMonitoring: Executing INSERT","ctx":{"sqlLength":264}}
{"ts":"2026-03-09T12:59:15.250","level":"debug","req":"bcc89455","msg":"logMonitoring: INSERT successful"}
{"ts":"2026-03-09T12:59:15.251","level":"debug","req":"bcc89455","msg":"logMonitoring END"}
{"ts":"2026-03-09T12:59:16.841","level":"debug","req":"634f32b0","msg":"SAVE REQUEST","ctx":{"jsonForm":"rooster","recordId":"903","POST":{"action":"save","ID":"903","jsonForm":"rooster","bActief":"True"}}}
{"ts":"2026-03-09T12:59:16.934","level":"debug","req":"634f32b0","msg":"SAVE: POST keys","ctx":{"keys":["action","ID","jsonForm","bActief"]}}
{"ts":"2026-03-09T12:59:16.935","level":"debug","req":"634f32b0","msg":"SAVE: userLevel NOT in POST"}
{"ts":"2026-03-09T12:59:16.936","level":"debug","req":"634f32b0","msg":"SAVE changelog data","ctx":{"keys":[],"changelogLength":0,"changelogPreview":""}}
{"ts":"2026-03-09T12:59:16.938","level":"debug","req":"634f32b0","msg":"SAVE: Valid fields","ctx":{"fields":["_group_0","bactief","fkopleiding","fkopleidingsblok","omschrijving","datum","tijd","eindtijd","bonline","_group_11","fktoets","_group_13","draaiboektitel","visiblestate","bwijzigbaardocent","draaiboekpdf","_group_19","locatie","locatieadres","locatiepostcode","locatieplaats","rinozaal","route_aanvullend","zoommeetingid","zoomjoinurl","zoompassword","_group_29","presentieopmerking","docentakkoord","datumreminderom","_group_33","bevaluatiedeelnemer","bblokkeerblokevaluatie","fkeindevaluatie","bblokkeereindevaluatie","fkevaluatiedocumentincidenteel","evaluatie_eind_statistieken_verzonden","evaluatie_tussendoor_statistieken_verzonden","evaluatie_statistieken_tussen_hoofdopl_verzonden","evaluatie_statistieken_eind_hoofdopl_verzonden","evaluatie_statistieken_hoofddoc_verzonden","promptusid"]}}
{"ts":"2026-03-09T12:59:16.939","level":"debug","req":"634f32b0","msg":"SAVE: Received data keys","ctx":{"keys":["bActief"]}}
{"ts":"2026-03-09T12:59:16.940","level":"debug","req":"634f32b0","msg":"SAVE: userEmail NOT in received data"}
{"ts":"2026-03-09T12:59:16.941","level":"debug","req":"634f32b0","msg":"SAVE: SQL","ctx":{"sql":"UPDATE [tblAgenda] SET [bActief] = True WHERE [ID] = 903"}}
{"ts":"2026-03-09T12:59:16.944","level":"debug","req":"634f32b0","msg":"SAVE: Rows affected","ctx":{"count":1}}
{"ts":"2026-03-09T12:59:16.945","level":"debug","req":"634f32b0","msg":"SAVE: Skipping verification for Access","ctx":{"id":"903"}}
{"ts":"2026-03-09T12:59:16.945","level":"debug","req":"634f32b0","msg":"logMonitoring START","ctx":{"form":"rooster","action":"edit","recordId":"903"}}
{"ts":"2026-03-09T12:59:16.946","level":"debug","req":"634f32b0","msg":"logMonitoring: username=Diederik Stenvers"}
{"ts":"2026-03-09T12:59:16.947","level":"debug","req":"634f32b0","msg":"logMonitoring: changelog_length=0"}
{"ts":"2026-03-09T12:59:16.948","level":"debug","req":"634f32b0","msg":"logMonitoring: notification_length=97"}
{"ts":"2026-03-09T12:59:16.948","level":"debug","req":"634f32b0","msg":"logMonitoring: Executing INSERT","ctx":{"sqlLength":264}}
{"ts":"2026-03-09T12:59:16.951","level":"debug","req":"634f32b0","msg":"logMonitoring: INSERT successful"}
{"ts":"2026-03-09T12:59:16.952","level":"debug","req":"634f32b0","msg":"logMonitoring END"}
{"ts":"2026-03-09T12:59:24.441","level":"debug","req":"9b351ae8","msg":"form_api: JSON output","ctx":{"bytes":11416}}
{"ts":"2026-03-09T12:59:35.934","level":"debug","req":"f3765412","msg":"form_api: JSON output","ctx":{"bytes":10193}}
{"ts":"2026-03-09T13:00:09.336","level":"debug","req":"730028b3","msg":"form_api: JSON output","ctx":{"bytes":12695}}
{"ts":"2026-03-09T13:00:09.578","level":"debug","req":"452813bf","msg":"form_api: JSON output","ctx":{"bytes":1163}}
{"ts":"2026-03-09T13:00:09.725","level":"debug","req":"ea35b32e","msg":"form_api: JSON output","ctx":{"bytes":14591}}
{"ts":"2026-03-09T13:05:51.898","level":"debug","req":"34f6b5e2","msg":"form_api: JSON output","ctx":{"bytes":10249}}
{"ts":"2026-03-09T13:07:21.641","level":"debug","req":"bdc23912","msg":"form_api: JSON output","ctx":{"bytes":10130}}
{"ts":"2026-03-09T13:29:56.875","level":"debug","req":"f69fecb3","msg":"form_api: JSON output","ctx":{"bytes":62010}}
{"ts":"2026-03-09T13:29:56.910","level":"debug","req":"858083e4","msg":"form_api: JSON output","ctx":{"bytes":127429}}
{"ts":"2026-03-09T13:29:57.004","level":"debug","req":"c75e4b52","msg":"form_api: JSON output","ctx":{"bytes":62012}}
{"ts":"2026-03-09T13:29:57.131","level":"debug","req":"3f3a36d2","msg":"form_api: JSON output","ctx":{"bytes":44846}}
{"ts":"2026-03-09T13:29:58.840","level":"debug","req":"dca963cb","msg":"form_api: JSON output","ctx":{"bytes":9731}}
{"ts":"2026-03-09T13:35:00.688","level":"debug","req":"ac5a2fda","msg":"form_api: JSON output","ctx":{"bytes":62012}}
{"ts":"2026-03-09T13:35:00.943","level":"debug","req":"1348388a","msg":"form_api: JSON output","ctx":{"bytes":62012}}
{"ts":"2026-03-09T13:35:16.067","level":"debug","req":"cc65462f","msg":"form_api: JSON output","ctx":{"bytes":10130}}
{"ts":"2026-03-09T13:35:17.282","level":"debug","req":"945edc29","msg":"form_api: JSON output","ctx":{"bytes":10181}}
{"ts":"2026-03-09T13:36:25.219","level":"debug","req":"14327d12","msg":"form_api: JSON output","ctx":{"bytes":4433}}
{"ts":"2026-03-09T13:36:25.430","level":"debug","req":"12f1e1e0","msg":"form_api: JSON output","ctx":{"bytes":10589}}
{"ts":"2026-03-09T13:36:27.213","level":"debug","req":"34115a1f","msg":"form_api: JSON output","ctx":{"bytes":10589}}
{"ts":"2026-03-09T13:36:27.441","level":"debug","req":"30a3d845","msg":"form_api: JSON output","ctx":{"bytes":1109}}
{"ts":"2026-03-09T13:36:27.602","level":"debug","req":"9a25b1f4","msg":"form_api: JSON output","ctx":{"bytes":12989}}
{"ts":"2026-03-09T13:36:41.339","level":"debug","req":"31c9e169","msg":"form_api: JSON output","ctx":{"bytes":4953}}
{"ts":"2026-03-09T13:36:46.800","level":"debug","req":"3988944d","msg":"form_api: JSON output","ctx":{"bytes":60495}}
{"ts":"2026-03-09T13:37:14.417","level":"debug","req":"30b9cb07","msg":"form_api: JSON output","ctx":{"bytes":10219}}
{"ts":"2026-03-09T13:37:15.012","level":"debug","req":"dba0260b","msg":"form_api: JSON output","ctx":{"bytes":10219}}
{"ts":"2026-03-09T13:37:15.351","level":"debug","req":"b96c55b7","msg":"form_api: JSON output","ctx":{"bytes":6494}}
{"ts":"2026-03-09T13:37:24.445","level":"debug","req":"900606be","msg":"form_api: JSON output","ctx":{"bytes":9731}}
{"ts":"2026-03-09T13:37:27.687","level":"debug","req":"3ce22bde","msg":"form_api: JSON output","ctx":{"bytes":62012}}
{"ts":"2026-03-09T13:37:27.946","level":"debug","req":"40ddadfa","msg":"form_api: JSON output","ctx":{"bytes":62012}}
{"ts":"2026-03-09T13:37:28.504","level":"debug","req":"251a49da","msg":"form_api: JSON output","ctx":{"bytes":11415}}
{"ts":"2026-03-09T13:37:31.668","level":"debug","req":"1694b8f6","msg":"form_api: JSON output","ctx":{"bytes":11449}}
{"ts":"2026-03-09T13:37:33.360","level":"debug","req":"00db5ceb","msg":"form_api: JSON output","ctx":{"bytes":11032}}
{"ts":"2026-03-09T13:37:33.955","level":"debug","req":"aeda05f0","msg":"form_api: JSON output","ctx":{"bytes":11032}}
{"ts":"2026-03-09T13:37:34.280","level":"debug","req":"e12dc296","msg":"form_api: JSON output","ctx":{"bytes":12954}}
{"ts":"2026-03-09T14:10:05.374","level":"debug","req":"6a759767","msg":"form_api: JSON output","ctx":{"bytes":127429}}
{"ts":"2026-03-09T14:10:05.499","level":"debug","req":"d0a65205","msg":"form_api: JSON output","ctx":{"bytes":62010}}
{"ts":"2026-03-09T14:10:05.637","level":"debug","req":"14bafc87","msg":"form_api: JSON output","ctx":{"bytes":62012}}
{"ts":"2026-03-09T14:10:08.044","level":"debug","req":"5fe806ee","msg":"form_api: JSON output","ctx":{"bytes":11415}}
{"ts":"2026-03-09T14:10:09.794","level":"debug","req":"1e350fec","msg":"form_api: JSON output","ctx":{"bytes":11415}}
{"ts":"2026-03-09T14:10:10.058","level":"debug","req":"443697bf","msg":"form_api: JSON output","ctx":{"bytes":1109}}
{"ts":"2026-03-09T14:10:10.135","level":"debug","req":"fd67e06a","msg":"form_api: JSON output","ctx":{"bytes":6499}}
{"ts":"2026-03-09T14:10:11.435","level":"debug","req":"05240bb8","msg":"form_api: JSON output","ctx":{"bytes":10160}}
{"ts":"2026-03-09T14:10:12.024","level":"debug","req":"c079d945","msg":"form_api: JSON output","ctx":{"bytes":10160}}
{"ts":"2026-03-09T14:10:12.293","level":"debug","req":"9061dd9d","msg":"form_api: JSON output","ctx":{"bytes":6493}}
{"ts":"2026-03-09T14:10:19.037","level":"debug","req":"a1df4a4d","msg":"form_api: JSON output","ctx":{"bytes":11449}}
{"ts":"2026-03-09T14:11:51.250","level":"debug","req":"3d994084","msg":"form_api: JSON output","ctx":{"bytes":10130}}
{"ts":"2026-03-09T14:13:01.072","level":"debug","req":"95779fed","msg":"form_api: JSON output","ctx":{"bytes":10589}}
{"ts":"2026-03-09T14:13:33.617","level":"debug","req":"15cccf3f","msg":"form_api: JSON output","ctx":{"bytes":10207}}
{"ts":"2026-03-09T15:27:11.243","level":"debug","req":"42cb3ba0","msg":"form_api: JSON output","ctx":{"bytes":110395}}
{"ts":"2026-03-09T15:27:11.366","level":"debug","req":"3eef0380","msg":"form_api: JSON output","ctx":{"bytes":110397}}
{"ts":"2026-03-09T15:27:11.996","level":"debug","req":"41418512","msg":"form_api: JSON output","ctx":{"bytes":1583}}
{"ts":"2026-03-09T15:27:12.499","level":"debug","req":"ee66c6b0","msg":"form_api: JSON output","ctx":{"bytes":1583}}
{"ts":"2026-03-09T15:27:13.156","level":"debug","req":"29e670df","msg":"form_api: JSON output","ctx":{"bytes":1583}}
{"ts":"2026-03-09T15:27:18.065","level":"debug","req":"cb6e1ef0","msg":"form_api: JSON output","ctx":{"bytes":1215}}
{"ts":"2026-03-09T15:27:18.517","level":"debug","req":"adc460b9","msg":"form_api: JSON output","ctx":{"bytes":1233}}
{"ts":"2026-03-09T15:27:20.059","level":"debug","req":"8536e450","msg":"form_api: JSON output","ctx":{"bytes":1020}}
{"ts":"2026-03-09T15:27:20.645","level":"debug","req":"88744506","msg":"form_api: JSON output","ctx":{"bytes":1020}}
{"ts":"2026-03-09T15:30:23.259","level":"debug","req":"7637f1c4","msg":"form_api: JSON output","ctx":{"bytes":1621}}
{"ts":"2026-03-09T15:30:24.189","level":"debug","req":"73836b3a","msg":"form_api: JSON output","ctx":{"bytes":1621}}
{"ts":"2026-03-09T15:30:39.108","level":"debug","req":"284dfb66","msg":"form_api: JSON output","ctx":{"bytes":1185}}
{"ts":"2026-03-09T15:30:39.318","level":"debug","req":"298fde8f","msg":"form_api: JSON output","ctx":{"bytes":1185}}
{"ts":"2026-03-09T15:30:46.564","level":"debug","req":"f5ea8c1d","msg":"form_api: JSON output","ctx":{"bytes":11416}}
{"ts":"2026-03-09T15:30:46.581","level":"debug","req":"66b387c7","msg":"form_api: JSON output","ctx":{"bytes":127429}}
{"ts":"2026-03-09T15:30:46.786","level":"debug","req":"6e25e1b1","msg":"form_api: JSON output","ctx":{"bytes":1109}}
{"ts":"2026-03-09T15:30:46.900","level":"debug","req":"d4a65505","msg":"form_api: JSON output","ctx":{"bytes":5388}}
{"ts":"2026-03-09T15:30:53.809","level":"debug","req":"dd49c434","msg":"form_api: JSON output","ctx":{"bytes":11860}}
{"ts":"2026-03-09T15:30:54.353","level":"debug","req":"5edf087a","msg":"form_api: JSON output","ctx":{"bytes":11416}}
{"ts":"2026-03-09T15:31:05.735","level":"debug","req":"f01cb009","msg":"form_api: JSON output","ctx":{"bytes":43138}}
{"ts":"2026-03-09T15:31:05.984","level":"debug","req":"93873e9d","msg":"form_api: JSON output","ctx":{"bytes":43138}}
{"ts":"2026-03-09T15:31:06.258","level":"debug","req":"14c699fc","msg":"form_api: JSON output","ctx":{"bytes":3362}}
{"ts":"2026-03-09T15:31:06.506","level":"debug","req":"2b96f02c","msg":"form_api: JSON output","ctx":{"bytes":3362}}
{"ts":"2026-03-09T15:32:29.814","level":"debug","req":"e3766592","msg":"form_api: JSON output","ctx":{"bytes":4903}}
{"ts":"2026-03-09T15:33:14.715","level":"debug","req":"bf1addba","msg":"form_api: JSON output","ctx":{"bytes":10169}}
{"ts":"2026-03-09T15:33:35.161","level":"debug","req":"875edb9a","msg":"form_api: JSON output","ctx":{"bytes":10219}}
{"ts":"2026-03-09T15:33:36.464","level":"debug","req":"b7974188","msg":"form_api: JSON output","ctx":{"bytes":3362}}
{"ts":"2026-03-09T15:33:43.377","level":"debug","req":"af55cf30","msg":"form_api: JSON output","ctx":{"bytes":36073}}
{"ts":"2026-03-09T15:33:43.514","level":"debug","req":"5e2b07e7","msg":"form_api: JSON output","ctx":{"bytes":3362}}
{"ts":"2026-03-09T15:33:43.633","level":"debug","req":"9c883fc4","msg":"form_api: JSON output","ctx":{"bytes":36073}}
{"ts":"2026-03-09T15:33:43.945","level":"debug","req":"2bcf1d72","msg":"form_api: JSON output","ctx":{"bytes":10642}}
{"ts":"2026-03-09T15:33:44.246","level":"debug","req":"1a898a0c","msg":"form_api: JSON output","ctx":{"bytes":10642}}
{"ts":"2026-03-09T15:34:24.189","level":"debug","req":"775e4241","msg":"form_api: JSON output","ctx":{"bytes":36140}}
{"ts":"2026-03-09T15:34:24.444","level":"debug","req":"318276c9","msg":"form_api: JSON output","ctx":{"bytes":36140}}
{"ts":"2026-03-09T15:34:29.561","level":"debug","req":"ed2928ed","msg":"form_api: JSON output","ctx":{"bytes":10642}}
{"ts":"2026-03-09T15:34:32.592","level":"debug","req":"08fd8386","msg":"form_api: JSON output","ctx":{"bytes":11723}}
{"ts":"2026-03-09T15:34:32.829","level":"debug","req":"3980180d","msg":"form_api: JSON output","ctx":{"bytes":11131}}
{"ts":"2026-03-09T15:34:32.840","level":"debug","req":"1cb2d344","msg":"form_api: JSON output","ctx":{"bytes":11723}}
{"ts":"2026-03-09T15:34:33.098","level":"debug","req":"257bc576","msg":"resolveJsonFormFkLabels: query failed","ctx":{"field":"fkEindEvaluatie","sql":"SELECT TOP 1 tblEvalDocument.ID, tblEvalTemplate.afdeling & \"- \" & tblEvalDocument.Naam & iif( tblEvalTemplate.bActive=True and tblEvalDocument.bActive=True,'', ' (NIET ACTIEF)')  as Descr \r\nFROM (tblEvalTemplate INNER JOIN (tblOpleidingen INNER JOIN tblAgenda ON tblOpleidingen.ID = tblAgenda.fkOpleiding) ON tblEvalTemplate.ID = tblOpleidingen.fkEvaluatieTemplate) INNER JOIN tblEvalDocument ON tblEvalTemplate.ID = tblEvalDocument.fkEvalTemplate \r\nWHERE ((tblEvalDocument.fkEvalType<>10 and tblAgenda.ID=[id]) AND ([tblEvalDocument].[ID] = 38)) ORDER BY tblEvalDocument.Sortorder, tblEvalDocument.Naam","error":"Native ODBC error: [Microsoft][ODBC Microsoft Access-stuurprogramma] Het opgegeven veld [id] kan naar meer dan een tabel verwijzen in de component FROM van uw SQL-instructie."}}
{"ts":"2026-03-09T15:34:33.177","level":"debug","req":"257bc576","msg":"form_api: JSON output","ctx":{"bytes":3446}}
{"ts":"2026-03-09T15:34:33.388","level":"debug","req":"28ac50cc","msg":"resolveJsonFormFkLabels: query failed","ctx":{"field":"fkEindEvaluatie","sql":"SELECT TOP 1 tblEvalDocument.ID, tblEvalTemplate.afdeling & \"- \" & tblEvalDocument.Naam & iif( tblEvalTemplate.bActive=True and tblEvalDocument.bActive=True,'', ' (NIET ACTIEF)')  as Descr \r\nFROM (tblEvalTemplate INNER JOIN (tblOpleidingen INNER JOIN tblAgenda ON tblOpleidingen.ID = tblAgenda.fkOpleiding) ON tblEvalTemplate.ID = tblOpleidingen.fkEvaluatieTemplate) INNER JOIN tblEvalDocument ON tblEvalTemplate.ID = tblEvalDocument.fkEvalTemplate \r\nWHERE ((tblEvalDocument.fkEvalType<>10 and tblAgenda.ID=[id]) AND ([tblEvalDocument].[ID] = 38)) ORDER BY tblEvalDocument.Sortorder, tblEvalDocument.Naam","error":"Native ODBC error: [Microsoft][ODBC Microsoft Access-stuurprogramma] Het opgegeven veld [id] kan naar meer dan een tabel verwijzen in de component FROM van uw SQL-instructie."}}
{"ts":"2026-03-09T15:34:33.477","level":"debug","req":"28ac50cc","msg":"form_api: JSON output","ctx":{"bytes":3446}}
{"ts":"2026-03-09T15:37:26.026","level":"debug","req":"2249875c","msg":"form_api: JSON output","ctx":{"bytes":11790}}
{"ts":"2026-03-09T15:37:26.263","level":"debug","req":"4bf6b578","msg":"form_api: JSON output","ctx":{"bytes":11790}}
{"ts":"2026-03-09T15:37:32.130","level":"debug","req":"87ffe4a3","msg":"form_api: JSON output","ctx":{"bytes":4953}}
{"ts":"2026-03-09T15:37:32.334","level":"debug","req":"d9df6ab8","msg":"form_api: JSON output","ctx":{"bytes":774401}}
{"ts":"2026-03-09T15:37:32.656","level":"debug","req":"2f522b21","msg":"form_api: JSON output","ctx":{"bytes":774399}}
{"ts":"2026-03-09T15:37:40.135","level":"debug","req":"4e88ec47","msg":"form_api: JSON output","ctx":{"bytes":14475}}
{"ts":"2026-03-09T15:37:41.135","level":"debug","req":"52ac7ac2","msg":"form_api: JSON output","ctx":{"bytes":14475}}
{"ts":"2026-03-09T15:37:42.347","level":"debug","req":"a8c45468","msg":"form_api: JSON output","ctx":{"bytes":12311}}
{"ts":"2026-03-09T15:38:39.731","level":"debug","req":"5f5071ce","msg":"form_api: JSON output","ctx":{"bytes":9818}}
{"ts":"2026-03-09T15:41:48.911","level":"debug","req":"19cb3c41","msg":"form_api: JSON output","ctx":{"bytes":774401}}
{"ts":"2026-03-09T15:41:49.235","level":"debug","req":"a3e284a1","msg":"form_api: JSON output","ctx":{"bytes":774401}}
{"ts":"2026-03-09T15:42:08.286","level":"debug","req":"b64af4f5","msg":"form_api: JSON output","ctx":{"bytes":41165}}
{"ts":"2026-03-09T15:42:08.537","level":"debug","req":"93c0dbdc","msg":"form_api: JSON output","ctx":{"bytes":41165}}
{"ts":"2026-03-09T15:42:08.808","level":"debug","req":"774bb865","msg":"form_api: JSON output","ctx":{"bytes":12602}}
{"ts":"2026-03-09T15:42:09.126","level":"debug","req":"ddde0a1f","msg":"form_api: JSON output","ctx":{"bytes":12602}}
{"ts":"2026-03-09T15:42:11.050","level":"debug","req":"777311ad","msg":"form_api: JSON output","ctx":{"bytes":64380}}
{"ts":"2026-03-09T15:42:11.066","level":"debug","req":"29dced9f","msg":"form_api: JSON output","ctx":{"bytes":60495}}
{"ts":"2026-03-09T15:42:11.303","level":"debug","req":"e14a83c4","msg":"form_api: JSON output","ctx":{"bytes":64382}}
{"ts":"2026-03-09T15:42:11.540","level":"debug","req":"0a1583c8","msg":"form_api: JSON output","ctx":{"bytes":15964}}
{"ts":"2026-03-09T15:42:16.645","level":"debug","req":"3d2d9c2f","msg":"form_api: JSON output","ctx":{"bytes":12626}}
{"ts":"2026-03-09T15:45:49.247","level":"debug","req":"aaeca027","msg":"form_api: JSON output","ctx":{"bytes":41230}}
{"ts":"2026-03-09T15:45:49.499","level":"debug","req":"62919ba8","msg":"form_api: JSON output","ctx":{"bytes":41230}}
{"ts":"2026-03-09T15:45:51.959","level":"debug","req":"b3138bba","msg":"form_api: JSON output","ctx":{"bytes":8952}}
{"ts":"2026-03-09T15:45:52.171","level":"debug","req":"65f7c93d","msg":"form_api: JSON output","ctx":{"bytes":8952}}
{"ts":"2026-03-09T15:45:54.751","level":"debug","req":"66fbef50","msg":"form_api: JSON output","ctx":{"bytes":12588}}
{"ts":"2026-03-09T15:45:54.976","level":"debug","req":"36120e17","msg":"form_api: JSON output","ctx":{"bytes":1213}}
{"ts":"2026-03-09T15:45:55.109","level":"debug","req":"4bf0fa68","msg":"form_api: JSON output","ctx":{"bytes":6892}}
{"ts":"2026-03-09T15:45:58.682","level":"debug","req":"d5147021","msg":"form_api: JSON output","ctx":{"bytes":12594}}
{"ts":"2026-03-09T15:45:59.371","level":"debug","req":"5704e3c7","msg":"form_api: JSON output","ctx":{"bytes":12594}}
{"ts":"2026-03-09T15:46:00.453","level":"debug","req":"8c74ae70","msg":"form_api: JSON output","ctx":{"bytes":6510}}
{"ts":"2026-03-09T15:46:02.588","level":"debug","req":"97b17c9d","msg":"form_api: JSON output","ctx":{"bytes":774401}}
{"ts":"2026-03-09T15:46:02.901","level":"debug","req":"67a8fbb5","msg":"form_api: JSON output","ctx":{"bytes":774401}}
{"ts":"2026-03-09T15:46:10.420","level":"debug","req":"eee61225","msg":"form_api: JSON output","ctx":{"bytes":15849}}
{"ts":"2026-03-09T15:46:11.447","level":"debug","req":"aad78174","msg":"form_api: JSON output","ctx":{"bytes":13715}}
{"ts":"2026-03-09T15:46:17.306","level":"debug","req":"4637748c","msg":"form_api: JSON output","ctx":{"bytes":36338}}
{"ts":"2026-03-09T15:46:17.542","level":"debug","req":"dde03941","msg":"form_api: JSON output","ctx":{"bytes":36338}}
{"ts":"2026-03-09T15:46:27.863","level":"debug","req":"bb524c91","msg":"form_api: JSON output","ctx":{"bytes":15021}}
{"ts":"2026-03-09T15:46:28.887","level":"debug","req":"36c34b60","msg":"form_api: JSON output","ctx":{"bytes":17091}}
{"ts":"2026-03-09T15:47:22.471","level":"debug","req":"38d7b874","msg":"form_api: JSON output","ctx":{"bytes":12329}}
{"ts":"2026-03-09T15:49:10.839","level":"debug","req":"79802ec9","msg":"form_api: JSON output","ctx":{"bytes":99287}}
{"ts":"2026-03-09T15:49:11.350","level":"debug","req":"2b788e88","msg":"form_api: JSON output","ctx":{"bytes":99287}}
{"ts":"2026-03-09T15:49:12.766","level":"debug","req":"68fda0bf","msg":"form_api: JSON output","ctx":{"bytes":2071}}
{"ts":"2026-03-09T15:49:13.109","level":"debug","req":"2e368950","msg":"form_api: JSON output","ctx":{"bytes":2567}}
{"ts":"2026-03-09T15:49:15.881","level":"debug","req":"fc90d70d","msg":"form_api: JSON output","ctx":{"bytes":99287}}
{"ts":"2026-03-09T15:49:16.411","level":"debug","req":"27da4550","msg":"form_api: JSON output","ctx":{"bytes":99287}}
{"ts":"2026-03-09T15:49:16.705","level":"debug","req":"6b6420a2","msg":"form_api: JSON output","ctx":{"bytes":463782}}
{"ts":"2026-03-09T15:49:16.944","level":"debug","req":"fc706eda","msg":"form_api: JSON output","ctx":{"bytes":463784}}
{"ts":"2026-03-09T15:49:22.385","level":"debug","req":"e68bcb2c","msg":"form_api: JSON output","ctx":{"bytes":2230}}
{"ts":"2026-03-09T15:49:22.886","level":"debug","req":"b91e053c","msg":"form_api: JSON output","ctx":{"bytes":458044}}
{"ts":"2026-03-09T15:49:22.909","level":"debug","req":"6aff0c1c","msg":"form_api: JSON output","ctx":{"bytes":5520}}
{"ts":"2026-03-09T15:49:24.954","level":"debug","req":"2d89be4b","msg":"form_api: JSON output","ctx":{"bytes":57184}}
{"ts":"2026-03-09T15:58:18.497","level":"debug","req":"ba74ad7c","msg":"form_api: JSON output","ctx":{"bytes":2230}}
{"ts":"2026-03-09T15:58:18.753","level":"debug","req":"65e3b402","msg":"form_api: JSON output","ctx":{"bytes":2230}}
{"ts":"2026-03-09T15:58:19.153","level":"debug","req":"645ac729","msg":"form_api: JSON output","ctx":{"bytes":5520}}
{"ts":"2026-03-09T15:58:19.451","level":"debug","req":"33593949","msg":"form_api: JSON output","ctx":{"bytes":5520}}
{"ts":"2026-03-09T15:58:24.082","level":"debug","req":"4923fdaf","msg":"form_api: JSON output","ctx":{"bytes":29483}}
{"ts":"2026-03-09T16:01:11.064","level":"debug","req":"639275e1","msg":"form_api: JSON output","ctx":{"bytes":8952}}
{"ts":"2026-03-09T16:01:11.262","level":"debug","req":"8ad042d8","msg":"form_api: JSON output","ctx":{"bytes":8952}}
{"ts":"2026-03-09T16:01:12.361","level":"debug","req":"911b1169","msg":"form_api: JSON output","ctx":{"bytes":1825}}
{"ts":"2026-03-09T16:01:12.874","level":"debug","req":"866d6c4a","msg":"form_api: JSON output","ctx":{"bytes":1825}}
{"ts":"2026-03-09T16:01:17.311","level":"debug","req":"4afc527f","msg":"form_api: JSON output","ctx":{"bytes":1802}}
{"ts":"2026-03-09T16:01:17.738","level":"debug","req":"5e3d8456","msg":"form_api: JSON output","ctx":{"bytes":1802}}
{"ts":"2026-03-09T16:02:30.183","level":"debug","req":"099262d1","msg":"form_api: JSON output","ctx":{"bytes":774401}}
{"ts":"2026-03-09T16:02:30.512","level":"debug","req":"4eeb0357","msg":"form_api: JSON output","ctx":{"bytes":774401}}
{"ts":"2026-03-09T16:02:37.787","level":"debug","req":"284603dd","msg":"form_api: JSON output","ctx":{"bytes":774401}}
{"ts":"2026-03-09T16:02:38.117","level":"debug","req":"b861fc99","msg":"form_api: JSON output","ctx":{"bytes":774401}}
{"ts":"2026-03-09T16:02:44.151","level":"debug","req":"090b4613","msg":"form_api: JSON output","ctx":{"bytes":15021}}
{"ts":"2026-03-09T16:02:44.983","level":"debug","req":"4fa8ce9b","msg":"form_api: JSON output","ctx":{"bytes":17091}}
{"ts":"2026-03-09T16:02:56.492","level":"debug","req":"5c1a9d78","msg":"form_api: JSON output","ctx":{"bytes":13649}}
{"ts":"2026-03-09T16:02:57.620","level":"debug","req":"615f4086","msg":"form_api: JSON output","ctx":{"bytes":67520}}
{"ts":"2026-03-09T16:02:57.852","level":"debug","req":"9fc94540","msg":"form_api: JSON output","ctx":{"bytes":67518}}
{"ts":"2026-03-09T16:02:58.000","level":"debug","req":"37e147d1","msg":"form_api: JSON output","ctx":{"bytes":51694}}
{"ts":"2026-03-09T16:02:58.250","level":"debug","req":"a6b19699","msg":"form_api: JSON output","ctx":{"bytes":51692}}
{"ts":"2026-03-09T16:02:58.288","level":"debug","req":"a4c82d37","msg":"form_api: JSON output","ctx":{"bytes":127429}}
{"ts":"2026-03-09T16:03:00.334","level":"debug","req":"427e5d51","msg":"form_api: JSON output","ctx":{"bytes":51694}}
{"ts":"2026-03-09T16:03:00.589","level":"debug","req":"c9e36ab3","msg":"form_api: JSON output","ctx":{"bytes":51694}}
{"ts":"2026-03-09T16:03:02.677","level":"debug","req":"4937f018","msg":"form_api: JSON output","ctx":{"bytes":11443}}
{"ts":"2026-03-09T16:03:03.706","level":"debug","req":"92b1903a","msg":"form_api: JSON output","ctx":{"bytes":11443}}
{"ts":"2026-03-09T16:03:04.796","level":"debug","req":"1f520509","msg":"form_api: JSON output","ctx":{"bytes":1403}}
{"ts":"2026-03-09T16:03:04.926","level":"debug","req":"cfc8aaba","msg":"form_api: JSON output","ctx":{"bytes":6487}}
{"ts":"2026-03-09T16:03:08.627","level":"debug","req":"a2d099d0","msg":"form_api: JSON output","ctx":{"bytes":11833}}
{"ts":"2026-03-09T16:03:09.150","level":"debug","req":"acad34d6","msg":"form_api: JSON output","ctx":{"bytes":11833}}
{"ts":"2026-03-09T16:03:10.350","level":"debug","req":"c91e4147","msg":"form_api: JSON output","ctx":{"bytes":11398}}
{"ts":"2026-03-09T16:03:15.292","level":"debug","req":"3f48238e","msg":"resolveJsonFormFkLabels: query failed","ctx":{"field":"fkEvaluatieDocumentIncidenteel","sql":"SELECT TOP 1 tblEvalDocument.ID, tblEvalTemplate.afdeling & \"- \" & tblEvalDocument.Naam & iif( tblEvalTemplate.bActive=True and tblEvalDocument.bActive=True,'', ' (NIET ACTIEF)')  as Descr \r\nFROM (tblEvalTemplate INNER JOIN (tblOpleidingen INNER JOIN tblAgenda ON tblOpleidingen.ID = tblAgenda.fkOpleiding) ON tblEvalTemplate.ID = tblOpleidingen.fkEvaluatieTemplate) INNER JOIN tblEvalDocument ON tblEvalTemplate.ID = tblEvalDocument.fkEvalTemplate \r\nWHERE ((tblEvalDocument.fkEvalType<>10 and tblAgenda.ID=[id]) AND ([tblEvalDocument].[ID] = 1)) ORDER BY tblEvalDocument.Sortorder, tblEvalDocument.Naam","error":"Native ODBC error: [Microsoft][ODBC Microsoft Access-stuurprogramma] Het opgegeven veld [id] kan naar meer dan een tabel verwijzen in de component FROM van uw SQL-instructie."}}
{"ts":"2026-03-09T16:03:15.376","level":"debug","req":"3f48238e","msg":"form_api: JSON output","ctx":{"bytes":11586}}
{"ts":"2026-03-09T16:03:16.168","level":"debug","req":"b100b479","msg":"form_api: JSON output","ctx":{"bytes":11435}}
{"ts":"2026-03-09T16:03:17.472","level":"debug","req":"380ce286","msg":"form_api: JSON output","ctx":{"bytes":4290}}
{"ts":"2026-03-09T16:03:27.968","level":"debug","req":"c860fb53","msg":"form_api: JSON output","ctx":{"bytes":51692}}
{"ts":"2026-03-09T16:03:28.197","level":"debug","req":"7dfc8acd","msg":"form_api: JSON output","ctx":{"bytes":51694}}
{"ts":"2026-03-09T16:03:35.525","level":"debug","req":"ac1c28fb","msg":"form_api: JSON output","ctx":{"bytes":774399}}
{"ts":"2026-03-09T16:03:35.818","level":"debug","req":"a2ff365e","msg":"form_api: JSON output","ctx":{"bytes":774401}}
{"ts":"2026-03-09T16:03:43.496","level":"debug","req":"164e967e","msg":"form_api: JSON output","ctx":{"bytes":14952}}
{"ts":"2026-03-09T16:03:44.653","level":"debug","req":"49221266","msg":"form_api: JSON output","ctx":{"bytes":14952}}
{"ts":"2026-03-09T16:03:45.591","level":"debug","req":"f07c65af","msg":"form_api: JSON output","ctx":{"bytes":10351}}
{"ts":"2026-03-09T16:03:52.405","level":"debug","req":"609b4478","msg":"form_api: JSON output","ctx":{"bytes":22547}}
{"ts":"2026-03-09T16:03:52.644","level":"debug","req":"3b1c975e","msg":"form_api: JSON output","ctx":{"bytes":22547}}
{"ts":"2026-03-09T16:03:58.472","level":"debug","req":"7ecb08a2","msg":"form_api: JSON output","ctx":{"bytes":5319}}
{"ts":"2026-03-09T16:04:08.422","level":"debug","req":"a44e2174","msg":"form_api: JSON output","ctx":{"bytes":36103}}
{"ts":"2026-03-09T16:04:08.637","level":"debug","req":"87b4d654","msg":"form_api: JSON output","ctx":{"bytes":4929}}
{"ts":"2026-03-09T16:04:08.673","level":"debug","req":"5ca4cddb","msg":"form_api: JSON output","ctx":{"bytes":36103}}
{"ts":"2026-03-09T16:04:08.935","level":"debug","req":"16607aa6","msg":"form_api: JSON output","ctx":{"bytes":12651}}
{"ts":"2026-03-09T16:04:09.272","level":"debug","req":"976667cf","msg":"form_api: JSON output","ctx":{"bytes":12651}}
{"ts":"2026-03-09T16:05:59.226","level":"debug","req":"4a192bd2","msg":"form_api: JSON output","ctx":{"bytes":3336}}
{"ts":"2026-03-09T16:06:00.036","level":"debug","req":"3dae41a4","msg":"form_api: JSON output","ctx":{"bytes":12742}}
{"ts":"2026-03-09T16:06:00.423","level":"debug","req":"8603ce39","msg":"form_api: JSON output","ctx":{"bytes":12234}}
{"ts":"2026-03-09T16:06:00.982","level":"debug","req":"65132716","msg":"form_api: JSON output","ctx":{"bytes":12234}}
{"ts":"2026-03-09T16:06:02.370","level":"debug","req":"24cc9f6a","msg":"form_api: JSON output","ctx":{"bytes":5396}}
{"ts":"2026-03-09T16:06:06.658","level":"debug","req":"b7c7f65a","msg":"form_api: JSON output","ctx":{"bytes":12623}}
{"ts":"2026-03-09T16:06:09.853","level":"debug","req":"73b64d91","msg":"form_api: JSON output","ctx":{"bytes":15021}}
{"ts":"2026-03-09T16:06:10.819","level":"debug","req":"cd4f9147","msg":"form_api: JSON output","ctx":{"bytes":15021}}
{"ts":"2026-03-09T16:06:11.846","level":"debug","req":"90d8f51f","msg":"form_api: JSON output","ctx":{"bytes":17091}}
{"ts":"2026-03-09T16:06:17.263","level":"debug","req":"25d55f2b","msg":"form_api: JSON output","ctx":{"bytes":51694}}
{"ts":"2026-03-09T16:06:17.470","level":"debug","req":"84547dde","msg":"form_api: JSON output","ctx":{"bytes":51694}}
{"ts":"2026-03-09T16:06:25.256","level":"debug","req":"2eff558b","msg":"form_api: JSON output","ctx":{"bytes":51694}}
{"ts":"2026-03-09T16:06:25.496","level":"debug","req":"73d13bd5","msg":"form_api: JSON output","ctx":{"bytes":51694}}
{"ts":"2026-03-09T16:06:28.315","level":"debug","req":"efce3b99","msg":"form_api: JSON output","ctx":{"bytes":51692}}
{"ts":"2026-03-09T16:06:28.550","level":"debug","req":"048a3dce","msg":"form_api: JSON output","ctx":{"bytes":51694}}
{"ts":"2026-03-09T16:09:27.721","level":"debug","req":"0a5aeaf2","msg":"form_api: JSON output","ctx":{"bytes":51694}}
{"ts":"2026-03-09T16:09:27.960","level":"debug","req":"c88465cc","msg":"form_api: JSON output","ctx":{"bytes":51694}}
{"ts":"2026-03-09T16:09:33.267","level":"debug","req":"e3a0fb92","msg":"form_api: JSON output","ctx":{"bytes":12203}}
{"ts":"2026-03-09T16:09:37.421","level":"debug","req":"bbb35bf1","msg":"form_api: JSON output","ctx":{"bytes":51694}}
{"ts":"2026-03-09T16:09:37.650","level":"debug","req":"3440fc74","msg":"form_api: JSON output","ctx":{"bytes":51694}}
{"ts":"2026-03-09T16:09:41.935","level":"debug","req":"862a3fab","msg":"form_api: JSON output","ctx":{"bytes":51694}}
{"ts":"2026-03-09T16:09:42.183","level":"debug","req":"7cc84d79","msg":"form_api: JSON output","ctx":{"bytes":51692}}
{"ts":"2026-03-09T16:09:45.439","level":"debug","req":"e29ed1e9","msg":"form_api: JSON output","ctx":{"bytes":51694}}
{"ts":"2026-03-09T16:09:45.696","level":"debug","req":"cf98b820","msg":"form_api: JSON output","ctx":{"bytes":51694}}
{"ts":"2026-03-09T16:09:47.788","level":"debug","req":"71dd4861","msg":"form_api: JSON output","ctx":{"bytes":51694}}
{"ts":"2026-03-09T16:09:48.020","level":"debug","req":"0556979c","msg":"form_api: JSON output","ctx":{"bytes":51694}}
{"ts":"2026-03-09T16:10:34.015","level":"debug","req":"e668c403","msg":"form_api: JSON output","ctx":{"bytes":11428}}
{"ts":"2026-03-09T16:10:35.217","level":"debug","req":"59539210","msg":"form_api: JSON output","ctx":{"bytes":11428}}
{"ts":"2026-03-09T16:10:35.807","level":"debug","req":"ef9d5511","msg":"form_api: JSON output","ctx":{"bytes":13820}}
{"ts":"2026-03-09T16:10:42.808","level":"debug","req":"2088b214","msg":"form_api: JSON output","ctx":{"bytes":11428}}
{"ts":"2026-03-09T16:10:43.103","level":"debug","req":"8ca2a80e","msg":"form_api: JSON output","ctx":{"bytes":11428}}
{"ts":"2026-03-09T16:10:44.002","level":"debug","req":"133c5e41","msg":"form_api: JSON output","ctx":{"bytes":13820}}
{"ts":"2026-03-09T16:10:44.323","level":"debug","req":"ff6a21f3","msg":"form_api: JSON output","ctx":{"bytes":13820}}
{"ts":"2026-03-09T16:12:21.001","level":"debug","req":"3eba10a3","msg":"form_api: JSON output","ctx":{"bytes":32822}}
{"ts":"2026-03-09T16:12:21.218","level":"debug","req":"1d3b3793","msg":"form_api: JSON output","ctx":{"bytes":32826}}
{"ts":"2026-03-09T16:12:22.297","level":"debug","req":"49cbb1f6","msg":"form_api: JSON output","ctx":{"bytes":2427}}
{"ts":"2026-03-09T16:12:22.707","level":"debug","req":"41bc8f7e","msg":"form_api: JSON output","ctx":{"bytes":2427}}
{"ts":"2026-03-09T16:12:28.935","level":"debug","req":"baf43f19","msg":"form_api: JSON output","ctx":{"bytes":36085}}
{"ts":"2026-03-09T16:12:29.155","level":"debug","req":"02906628","msg":"form_api: JSON output","ctx":{"bytes":36083}}
{"ts":"2026-03-09T16:12:30.710","level":"debug","req":"9b71cdbc","msg":"form_api: JSON output","ctx":{"bytes":63585}}
{"ts":"2026-03-09T16:12:30.839","level":"debug","req":"baf97d26","msg":"form_api: JSON output","ctx":{"bytes":60495}}
{"ts":"2026-03-09T16:12:30.942","level":"debug","req":"55d80f47","msg":"form_api: JSON output","ctx":{"bytes":63585}}
{"ts":"2026-03-09T16:12:33.453","level":"debug","req":"1a3bcc5d","msg":"form_api: JSON output","ctx":{"bytes":20157}}
{"ts":"2026-03-09T16:12:33.664","level":"debug","req":"a0948114","msg":"form_api: JSON output","ctx":{"bytes":20157}}
{"ts":"2026-03-09T16:12:35.179","level":"debug","req":"2cbae65b","msg":"form_api: JSON output","ctx":{"bytes":10043}}
{"ts":"2026-03-09T16:12:35.387","level":"debug","req":"a71dde14","msg":"form_api: JSON output","ctx":{"bytes":10043}}
{"ts":"2026-03-09T16:13:45.409","level":"debug","req":"9b3f05de","msg":"form_api: JSON output","ctx":{"bytes":10041}}
{"ts":"2026-03-09T16:13:45.621","level":"debug","req":"e3364f70","msg":"form_api: JSON output","ctx":{"bytes":10043}}
{"ts":"2026-03-09T16:13:46.992","level":"debug","req":"923e23e9","msg":"form_api: JSON output","ctx":{"bytes":10904}}
{"ts":"2026-03-09T16:13:47.220","level":"debug","req":"fe19f4cc","msg":"form_api: JSON output","ctx":{"bytes":10498}}
{"ts":"2026-03-09T16:13:48.424","level":"debug","req":"aecc72ee","msg":"form_api: JSON output","ctx":{"bytes":10498}}
{"ts":"2026-03-09T16:15:47.324","level":"debug","req":"475f479d","msg":"form_api: JSON output","ctx":{"bytes":36085}}
{"ts":"2026-03-09T16:15:47.577","level":"debug","req":"ffe5b42b","msg":"form_api: JSON output","ctx":{"bytes":36083}}
{"ts":"2026-03-09T16:15:49.119","level":"debug","req":"4066217c","msg":"form_api: JSON output","ctx":{"bytes":36083}}
{"ts":"2026-03-09T16:15:49.387","level":"debug","req":"e1a14ba8","msg":"form_api: JSON output","ctx":{"bytes":36085}}
{"ts":"2026-03-09T16:15:52.083","level":"debug","req":"589814a5","msg":"form_api: JSON output","ctx":{"bytes":36085}}
{"ts":"2026-03-09T16:15:52.353","level":"debug","req":"9c8e781e","msg":"form_api: JSON output","ctx":{"bytes":36085}}
{"ts":"2026-03-09T16:18:29.403","level":"debug","req":"240e8897","msg":"form_api: JSON output","ctx":{"bytes":12602}}
{"ts":"2026-03-09T16:18:30.439","level":"debug","req":"da836812","msg":"form_api: JSON output","ctx":{"bytes":12602}}
{"ts":"2026-03-09T16:18:31.497","level":"debug","req":"3c4c8875","msg":"form_api: JSON output","ctx":{"bytes":1163}}
{"ts":"2026-03-09T16:18:31.726","level":"debug","req":"49ce1c87","msg":"form_api: JSON output","ctx":{"bytes":15005}}
{"ts":"2026-03-09T16:21:12.584","level":"debug","req":"d1d5dc8f","msg":"form_api: JSON output","ctx":{"bytes":36085}}
{"ts":"2026-03-09T16:21:12.836","level":"debug","req":"9f839d3f","msg":"form_api: JSON output","ctx":{"bytes":36085}}
{"ts":"2026-03-09T16:21:15.474","level":"debug","req":"57a7da5f","msg":"form_api: JSON output","ctx":{"bytes":8952}}
{"ts":"2026-03-09T16:21:15.682","level":"debug","req":"900bcd4c","msg":"form_api: JSON output","ctx":{"bytes":8952}}
{"ts":"2026-03-09T16:21:17.369","level":"debug","req":"a2083e71","msg":"form_api: JSON output","ctx":{"bytes":1962}}
{"ts":"2026-03-09T16:21:17.780","level":"debug","req":"44276dcf","msg":"form_api: JSON output","ctx":{"bytes":1962}}
{"ts":"2026-03-09T16:21:20.998","level":"debug","req":"7970eed5","msg":"form_api: JSON output","ctx":{"bytes":1178}}
{"ts":"2026-03-09T16:21:27.791","level":"debug","req":"010d6591","msg":"form_api: JSON output","ctx":{"bytes":1320}}
{"ts":"2026-03-09T16:21:28.197","level":"debug","req":"bbb8891f","msg":"form_api: JSON output","ctx":{"bytes":1320}}
{"ts":"2026-03-09T16:21:31.616","level":"debug","req":"a017fbf9","msg":"form_api: JSON output","ctx":{"bytes":1864}}
{"ts":"2026-03-09T16:21:32.018","level":"debug","req":"43f79357","msg":"form_api: JSON output","ctx":{"bytes":1864}}
{"ts":"2026-03-09T16:21:34.468","level":"debug","req":"2722ff05","msg":"form_api: JSON output","ctx":{"bytes":1789}}
{"ts":"2026-03-09T16:21:41.488","level":"debug","req":"a2d9e26b","msg":"form_api: JSON output","ctx":{"bytes":36085}}
{"ts":"2026-03-09T16:21:41.713","level":"debug","req":"873e24ec","msg":"form_api: JSON output","ctx":{"bytes":36085}}
{"ts":"2026-03-09T16:21:43.553","level":"debug","req":"d178a046","msg":"form_api: JSON output","ctx":{"bytes":4953}}
{"ts":"2026-03-09T16:21:43.775","level":"debug","req":"886dd6f9","msg":"form_api: JSON output","ctx":{"bytes":774399}}
{"ts":"2026-03-09T16:21:44.098","level":"debug","req":"f2b6c63c","msg":"form_api: JSON output","ctx":{"bytes":774401}}
{"ts":"2026-03-09T16:21:53.864","level":"debug","req":"353379ad","msg":"form_api: JSON output","ctx":{"bytes":16021}}
{"ts":"2026-03-09T16:21:54.776","level":"debug","req":"91e1e42c","msg":"form_api: JSON output","ctx":{"bytes":16021}}
{"ts":"2026-03-09T16:21:55.604","level":"debug","req":"115bdea5","msg":"form_api: JSON output","ctx":{"bytes":14329}}
{"ts":"2026-03-09T16:22:16.920","level":"debug","req":"ce3cc643","msg":"form_api: JSON output","ctx":{"bytes":49317}}
{"ts":"2026-03-09T16:22:17.165","level":"debug","req":"1f58a44c","msg":"form_api: JSON output","ctx":{"bytes":49315}}
{"ts":"2026-03-09T16:22:21.483","level":"debug","req":"a15f8c23","msg":"form_api: JSON output","ctx":{"bytes":6460}}
{"ts":"2026-03-09T16:22:22.266","level":"debug","req":"38caacf4","msg":"form_api: JSON output","ctx":{"bytes":6460}}
{"ts":"2026-03-09T16:22:22.633","level":"debug","req":"f48cc158","msg":"form_api: JSON output","ctx":{"bytes":6995}}
{"ts":"2026-03-09T16:22:29.608","level":"debug","req":"d21dea66","msg":"form_api: JSON output","ctx":{"bytes":8698}}
{"ts":"2026-03-09T16:22:29.865","level":"debug","req":"442dcc0a","msg":"form_api: JSON output","ctx":{"bytes":8700}}
{"ts":"2026-03-09T16:23:04.202","level":"debug","req":"9dd2d24a","msg":"form_api: JSON output","ctx":{"bytes":14952}}
{"ts":"2026-03-09T16:23:04.524","level":"debug","req":"56023e90","msg":"form_api: JSON output","ctx":{"bytes":15918}}
{"ts":"2026-03-09T16:23:05.325","level":"debug","req":"506d6029","msg":"form_api: JSON output","ctx":{"bytes":15918}}
{"ts":"2026-03-09T16:23:05.660","level":"debug","req":"57f336b0","msg":"form_api: JSON output","ctx":{"bytes":15746}}
{"ts":"2026-03-09T16:23:09.059","level":"debug","req":"109dd080","msg":"form_api: JSON output","ctx":{"bytes":2473}}
{"ts":"2026-03-09T16:23:09.250","level":"debug","req":"4e780384","msg":"form_api: JSON output","ctx":{"bytes":2473}}
{"ts":"2026-03-09T16:26:42.094","level":"debug","req":"f9a93270","msg":"form_api: JSON output","ctx":{"bytes":2473}}
{"ts":"2026-03-09T16:26:42.308","level":"debug","req":"ea793c99","msg":"form_api: JSON output","ctx":{"bytes":2473}}
{"ts":"2026-03-09T16:26:43.449","level":"debug","req":"909dbfa6","msg":"form_api: JSON output","ctx":{"bytes":63503}}
{"ts":"2026-03-09T16:26:43.693","level":"debug","req":"972111ee","msg":"form_api: JSON output","ctx":{"bytes":63503}}
{"ts":"2026-03-09T16:26:44.140","level":"debug","req":"ff30156d","msg":"form_api: JSON output","ctx":{"bytes":63503}}
{"ts":"2026-03-09T16:26:44.400","level":"debug","req":"3762ec7e","msg":"form_api: JSON output","ctx":{"bytes":63501}}
{"ts":"2026-03-09T16:26:47.697","level":"debug","req":"6b8ef17c","msg":"form_api: JSON output","ctx":{"bytes":52304}}
{"ts":"2026-03-09T16:26:47.951","level":"debug","req":"ebed3c5a","msg":"form_api: JSON output","ctx":{"bytes":52304}}
{"ts":"2026-03-09T16:26:50.206","level":"debug","req":"92b03236","msg":"form_api: JSON output","ctx":{"bytes":52302}}
{"ts":"2026-03-09T16:26:50.468","level":"debug","req":"2fccfa63","msg":"form_api: JSON output","ctx":{"bytes":52304}}
{"ts":"2026-03-09T16:26:57.568","level":"debug","req":"fbd36047","msg":"form_api: JSON output","ctx":{"bytes":52302}}
{"ts":"2026-03-09T16:26:57.800","level":"debug","req":"2328aed1","msg":"form_api: JSON output","ctx":{"bytes":52302}}
{"ts":"2026-03-09T16:26:59.859","level":"debug","req":"1f7adaf0","msg":"form_api: JSON output","ctx":{"bytes":32826}}
{"ts":"2026-03-09T16:27:00.076","level":"debug","req":"3337c480","msg":"form_api: JSON output","ctx":{"bytes":32822}}
{"ts":"2026-03-09T16:27:01.017","level":"debug","req":"12751d6a","msg":"form_api: JSON output","ctx":{"bytes":2320}}
{"ts":"2026-03-09T16:27:01.489","level":"debug","req":"b985c70d","msg":"form_api: JSON output","ctx":{"bytes":2320}}
{"ts":"2026-03-09T16:27:07.758","level":"debug","req":"2390737e","msg":"form_api: JSON output","ctx":{"bytes":29007}}
{"ts":"2026-03-09T16:27:07.988","level":"debug","req":"e32abeae","msg":"form_api: JSON output","ctx":{"bytes":29007}}
{"ts":"2026-03-09T16:27:56.622","level":"debug","req":"40691555","msg":"form_api: JSON output","ctx":{"bytes":29007}}
{"ts":"2026-03-09T16:27:56.862","level":"debug","req":"137ad248","msg":"form_api: JSON output","ctx":{"bytes":29007}}
{"ts":"2026-03-09T16:28:01.704","level":"debug","req":"810a3f54","msg":"form_api: JSON output","ctx":{"bytes":11320}}
{"ts":"2026-03-09T16:28:02.022","level":"debug","req":"34864539","msg":"form_api: JSON output","ctx":{"bytes":11341}}
{"ts":"2026-03-09T16:28:02.988","level":"debug","req":"d3b75e62","msg":"form_api: JSON output","ctx":{"bytes":8677}}
{"ts":"2026-03-09T16:28:03.053","level":"debug","req":"ff2aefe8","msg":"form_api: JSON output","ctx":{"bytes":166250}}
{"ts":"2026-03-09T16:28:03.317","level":"debug","req":"d35dca1b","msg":"form_api: JSON output","ctx":{"bytes":166250}}
{"ts":"2026-03-09T16:28:17.479","level":"debug","req":"a1843852","msg":"form_api: JSON output","ctx":{"bytes":1072}}
{"ts":"2026-03-09T16:28:26.351","level":"debug","req":"04af606f","msg":"form_api: JSON output","ctx":{"bytes":1673}}
{"ts":"2026-03-09T16:28:35.635","level":"debug","req":"e96dc15f","msg":"form_api: JSON output","ctx":{"bytes":12511}}
{"ts":"2026-03-09T16:28:36.035","level":"debug","req":"0b174292","msg":"form_api: JSON output","ctx":{"bytes":1665}}
{"ts":"2026-03-09T16:36:16.566","level":"debug","req":"f7906489","msg":"form_api: JSON output","ctx":{"bytes":1665}}
{"ts":"2026-03-09T16:36:16.850","level":"debug","req":"65dc294c","msg":"form_api: JSON output","ctx":{"bytes":1665}}
