{"ts":"2026-01-13T07:20:25.294","level":"debug","req":"573348f3","msg":"form_api: JSON output","ctx":{"bytes":5514}}
{"ts":"2026-01-13T07:20:26.000","level":"debug","req":"03a5d0a7","msg":"form_api: JSON output","ctx":{"bytes":111641}}
{"ts":"2026-01-13T07:20:26.452","level":"debug","req":"76cf8c0f","msg":"form_api: JSON output","ctx":{"bytes":111618}}
{"ts":"2026-01-13T07:20:47.593","level":"debug","req":"42c3f12c","msg":"form_api: JSON output","ctx":{"bytes":788883}}
{"ts":"2026-01-13T07:20:48.652","level":"debug","req":"d610fb29","msg":"form_api: JSON output","ctx":{"bytes":788864}}
{"ts":"2026-01-13T07:20:49.686","level":"debug","req":"81b7068a","msg":"form_api: JSON output","ctx":{"bytes":1083}}
{"ts":"2026-01-13T07:20:50.765","level":"debug","req":"81afa9f9","msg":"form_api: JSON output","ctx":{"bytes":1096}}
{"ts":"2026-01-13T07:20:51.169","level":"debug","req":"6e8bbd98","msg":"form_api: JSON output","ctx":{"bytes":1086}}
{"ts":"2026-01-13T07:20:51.565","level":"debug","req":"9d02bb2a","msg":"form_api: JSON output","ctx":{"bytes":1101}}
{"ts":"2026-01-13T07:20:52.024","level":"debug","req":"8411ee88","msg":"form_api: JSON output","ctx":{"bytes":1104}}
{"ts":"2026-01-13T07:20:52.568","level":"debug","req":"4c33bc1f","msg":"form_api: JSON output","ctx":{"bytes":1066}}
{"ts":"2026-01-13T07:20:53.129","level":"debug","req":"834c63a7","msg":"form_api: JSON output","ctx":{"bytes":1083}}
{"ts":"2026-01-13T07:20:54.155","level":"debug","req":"91cd06a4","msg":"form_api: JSON output","ctx":{"bytes":1079}}
{"ts":"2026-01-13T07:20:55.364","level":"debug","req":"8de71b5e","msg":"form_api: JSON output","ctx":{"bytes":372696}}
{"ts":"2026-01-13T07:20:55.756","level":"debug","req":"c3d74237","msg":"form_api: JSON output","ctx":{"bytes":1111}}
{"ts":"2026-01-13T07:22:51.878","level":"debug","req":"617ca85e","msg":"form_api: JSON output","ctx":{"bytes":371897}}
{"ts":"2026-01-13T07:22:53.065","level":"debug","req":"ac5b3f94","msg":"form_api: JSON output","ctx":{"bytes":371926}}
{"ts":"2026-01-13T07:23:01.445","level":"debug","req":"c41dfc0a","msg":"form_api: JSON output","ctx":{"bytes":372171}}
{"ts":"2026-01-13T07:23:02.598","level":"debug","req":"ab11d3d7","msg":"form_api: JSON output","ctx":{"bytes":372203}}
{"ts":"2026-01-13T07:23:08.041","level":"debug","req":"0f426083","msg":"form_api: JSON output","ctx":{"bytes":375590}}
{"ts":"2026-01-13T07:23:09.226","level":"debug","req":"38cf30f4","msg":"form_api: JSON output","ctx":{"bytes":375620}}
{"ts":"2026-01-13T07:23:16.863","level":"debug","req":"60848558","msg":"form_api: JSON output","ctx":{"bytes":1103}}
{"ts":"2026-01-13T07:40:01.990","level":"debug","req":"67848731","msg":"form_api: JSON output","ctx":{"bytes":1084}}
{"ts":"2026-01-13T07:40:08.133","level":"debug","req":"01955893","msg":"form_api: JSON output","ctx":{"bytes":5513}}
{"ts":"2026-01-13T07:40:08.663","level":"debug","req":"fd7c529a","msg":"form_api: JSON output","ctx":{"bytes":111641}}
{"ts":"2026-01-13T07:40:09.235","level":"debug","req":"31497a2e","msg":"form_api: JSON output","ctx":{"bytes":5545}}
{"ts":"2026-01-13T07:40:09.776","level":"debug","req":"a0868817","msg":"form_api: JSON output","ctx":{"bytes":111646}}
{"ts":"2026-01-13T07:40:10.873","level":"debug","req":"da3bf362","msg":"form_api: JSON output","ctx":{"bytes":3180}}
{"ts":"2026-01-13T07:40:12.004","level":"debug","req":"244b68dc","msg":"form_api: JSON output","ctx":{"bytes":3178}}
{"ts":"2026-01-13T07:40:13.277","level":"debug","req":"bd298754","msg":"form_api: JSON output","ctx":{"bytes":3176}}
{"ts":"2026-01-13T07:40:14.247","level":"debug","req":"d578b546","msg":"form_api: JSON output","ctx":{"bytes":37455}}
{"ts":"2026-01-13T07:40:15.026","level":"debug","req":"a57572df","msg":"form_api: JSON output","ctx":{"bytes":83081}}
{"ts":"2026-01-13T07:44:08.915","level":"debug","req":"3fc8b215","msg":"form_api: JSON output","ctx":{"bytes":3195}}
{"ts":"2026-01-13T07:44:09.498","level":"debug","req":"8df02799","msg":"form_api: JSON output","ctx":{"bytes":3285}}
{"ts":"2026-01-13T07:44:13.523","level":"debug","req":"ba20eb28","msg":"form_api: JSON output","ctx":{"bytes":2783}}
{"ts":"2026-01-13T07:44:14.875","level":"debug","req":"d496bc75","msg":"form_api: JSON output","ctx":{"bytes":111623}}
{"ts":"2026-01-13T07:44:15.404","level":"debug","req":"d36ee347","msg":"form_api: JSON output","ctx":{"bytes":111643}}
{"ts":"2026-01-13T07:44:16.157","level":"debug","req":"85c2d084","msg":"form_api: JSON output","ctx":{"bytes":3162}}
{"ts":"2026-01-13T07:44:19.778","level":"debug","req":"c371ec2d","msg":"form_api: JSON output","ctx":{"bytes":2933}}
{"ts":"2026-01-13T07:44:20.533","level":"debug","req":"557c00f2","msg":"form_api: JSON output","ctx":{"bytes":2728}}
{"ts":"2026-01-13T07:44:23.800","level":"debug","req":"53e80da2","msg":"form_api: JSON output","ctx":{"bytes":111623}}
{"ts":"2026-01-13T07:44:24.315","level":"debug","req":"51056dc6","msg":"form_api: JSON output","ctx":{"bytes":111637}}
{"ts":"2026-01-13T07:44:25.051","level":"debug","req":"e8fc3725","msg":"form_api: JSON output","ctx":{"bytes":2758}}
{"ts":"2026-01-13T07:44:25.810","level":"debug","req":"afd20fb4","msg":"form_api: JSON output","ctx":{"bytes":2752}}
{"ts":"2026-01-13T07:44:43.045","level":"debug","req":"87a398bc","msg":"form_api: JSON output","ctx":{"bytes":222696}}
{"ts":"2026-01-13T07:44:43.693","level":"debug","req":"33198268","msg":"form_api: JSON output","ctx":{"bytes":222706}}
{"ts":"2026-01-13T07:44:51.071","level":"debug","req":"0e18c05f","msg":"form_api: JSON output","ctx":{"bytes":220474}}
{"ts":"2026-01-13T07:44:51.758","level":"debug","req":"09e52451","msg":"form_api: JSON output","ctx":{"bytes":220491}}
{"ts":"2026-01-13T07:49:19.657","level":"debug","req":"8a0e97e8","msg":"form_api: JSON output","ctx":{"bytes":2835}}
{"ts":"2026-01-13T07:49:20.211","level":"debug","req":"fc7b58af","msg":"form_api: JSON output","ctx":{"bytes":2835}}
{"ts":"2026-01-13T07:49:22.324","level":"debug","req":"d4adff77","msg":"form_api: JSON output","ctx":{"bytes":128081}}
{"ts":"2026-01-13T07:49:23.153","level":"debug","req":"fc0e6fef","msg":"form_api: JSON output","ctx":{"bytes":128087}}
{"ts":"2026-01-13T07:49:25.254","level":"debug","req":"22ccaf06","msg":"form_api: JSON output","ctx":{"bytes":60964}}
{"ts":"2026-01-13T07:49:25.962","level":"debug","req":"36d806d9","msg":"form_api: JSON output","ctx":{"bytes":60981}}
{"ts":"2026-01-13T07:49:28.494","level":"debug","req":"d75a5503","msg":"form_api: JSON output","ctx":{"bytes":5517}}
{"ts":"2026-01-13T07:49:28.985","level":"debug","req":"e3285eeb","msg":"form_api: JSON output","ctx":{"bytes":111641}}
{"ts":"2026-01-13T07:49:29.496","level":"debug","req":"fda56d85","msg":"form_api: JSON output","ctx":{"bytes":5540}}
{"ts":"2026-01-13T07:49:30.050","level":"debug","req":"e70de481","msg":"form_api: JSON output","ctx":{"bytes":111648}}
{"ts":"2026-01-13T07:49:31.243","level":"debug","req":"7683f310","msg":"form_api: JSON output","ctx":{"bytes":3209}}
{"ts":"2026-01-13T07:49:32.457","level":"debug","req":"62ee5dd5","msg":"form_api: JSON output","ctx":{"bytes":3209}}
{"ts":"2026-01-13T07:49:32.958","level":"debug","req":"5a28e26c","msg":"form_api: JSON output","ctx":{"bytes":3018}}
{"ts":"2026-01-13T07:49:33.513","level":"debug","req":"5a3c8f2e","msg":"form_api: JSON output","ctx":{"bytes":3236}}
{"ts":"2026-01-13T07:49:35.339","level":"debug","req":"2377e47e","msg":"form_api: JSON output","ctx":{"bytes":3218}}
{"ts":"2026-01-13T07:49:36.226","level":"debug","req":"9d3f8bb6","msg":"form_api: JSON output","ctx":{"bytes":80422}}
{"ts":"2026-01-13T07:49:36.855","level":"debug","req":"ede2a3ae","msg":"form_api: JSON output","ctx":{"bytes":41340}}
{"ts":"2026-01-13T07:49:53.578","level":"debug","req":"f5c0aab5","msg":"form_api: JSON output","ctx":{"bytes":112178}}
{"ts":"2026-01-13T07:49:54.146","level":"debug","req":"792aea69","msg":"form_api: JSON output","ctx":{"bytes":112198}}
{"ts":"2026-01-13T07:49:54.850","level":"debug","req":"87dcb053","msg":"form_api: JSON output","ctx":{"bytes":2105}}
{"ts":"2026-01-13T07:49:56.651","level":"debug","req":"cc51bc14","msg":"form_api: JSON output","ctx":{"bytes":111637}}
{"ts":"2026-01-13T07:49:57.183","level":"debug","req":"61b0f1d5","msg":"form_api: JSON output","ctx":{"bytes":111641}}
{"ts":"2026-01-13T07:49:58.358","level":"debug","req":"46ecbee7","msg":"form_api: JSON output","ctx":{"bytes":2726}}
{"ts":"2026-01-13T07:49:59.718","level":"debug","req":"1c9d89f0","msg":"form_api: JSON output","ctx":{"bytes":3263}}
{"ts":"2026-01-13T07:50:01.809","level":"debug","req":"a28c7cae","msg":"form_api: JSON output","ctx":{"bytes":3259}}
{"ts":"2026-01-13T07:50:02.551","level":"debug","req":"1260757c","msg":"form_api: JSON output","ctx":{"bytes":47483}}
{"ts":"2026-01-13T07:50:03.126","level":"debug","req":"7614ac41","msg":"form_api: JSON output","ctx":{"bytes":81423}}
{"ts":"2026-01-13T07:50:05.266","level":"debug","req":"6816cb26","msg":"form_api: JSON output","ctx":{"bytes":112263}}
{"ts":"2026-01-13T07:50:05.821","level":"debug","req":"f029f5af","msg":"form_api: JSON output","ctx":{"bytes":112265}}
{"ts":"2026-01-13T07:50:59.486","level":"debug","req":"0da90fc3","msg":"form_api: JSON output","ctx":{"bytes":2093}}
{"ts":"2026-01-13T07:50:59.943","level":"debug","req":"95e6369a","msg":"form_api: JSON output","ctx":{"bytes":2088}}
{"ts":"2026-01-13T07:59:27.377","level":"debug","req":"8359ac23","msg":"form_api: JSON output","ctx":{"bytes":128067}}
{"ts":"2026-01-13T07:59:27.968","level":"debug","req":"65cf5b8f","msg":"form_api: JSON output","ctx":{"bytes":112261}}
{"ts":"2026-01-13T07:59:28.699","level":"debug","req":"2ab4853b","msg":"form_api: JSON output","ctx":{"bytes":128101}}
{"ts":"2026-01-13T07:59:29.294","level":"debug","req":"0cb1becd","msg":"form_api: JSON output","ctx":{"bytes":112279}}
{"ts":"2026-01-13T07:59:30.023","level":"debug","req":"395a1030","msg":"form_api: JSON output","ctx":{"bytes":2107}}
{"ts":"2026-01-13T07:59:32.101","level":"debug","req":"7c7efa42","msg":"form_api: JSON output","ctx":{"bytes":2095}}
{"ts":"2026-01-13T07:59:33.298","level":"debug","req":"054208ed","msg":"form_api: JSON output","ctx":{"bytes":83550}}
{"ts":"2026-01-13T07:59:34.086","level":"debug","req":"ed356997","msg":"form_api: JSON output","ctx":{"bytes":122630}}
{"ts":"2026-01-13T07:59:35.043","level":"debug","req":"bfe6ffdd","msg":"form_api: JSON output","ctx":{"bytes":2076}}
{"ts":"2026-01-13T07:59:36.679","level":"debug","req":"1eba2fa3","msg":"form_api: JSON output","ctx":{"bytes":2080}}
{"ts":"2026-01-13T07:59:37.683","level":"debug","req":"8c6cd9c4","msg":"form_api: JSON output","ctx":{"bytes":124147}}
{"ts":"2026-01-13T07:59:38.288","level":"debug","req":"e50ad530","msg":"form_api: JSON output","ctx":{"bytes":9074}}
{"ts":"2026-01-13T08:02:40.285","level":"debug","req":"130adf57","msg":"form_api: JSON output","ctx":{"bytes":2061}}
{"ts":"2026-01-13T08:02:40.768","level":"debug","req":"6feb06a7","msg":"form_api: JSON output","ctx":{"bytes":2090}}
{"ts":"2026-01-13T08:02:43.934","level":"debug","req":"d0143333","msg":"form_api: JSON output","ctx":{"bytes":112249}}
{"ts":"2026-01-13T08:02:44.504","level":"debug","req":"187de796","msg":"form_api: JSON output","ctx":{"bytes":112261}}
{"ts":"2026-01-13T08:02:45.293","level":"debug","req":"7de59658","msg":"form_api: JSON output","ctx":{"bytes":2103}}
{"ts":"2026-01-13T08:02:45.993","level":"debug","req":"7e67e837","msg":"form_api: JSON output","ctx":{"bytes":2109}}
{"ts":"2026-01-13T08:02:48.069","level":"debug","req":"026db45b","msg":"form_api: JSON output","ctx":{"bytes":2089}}
{"ts":"2026-01-13T08:02:49.040","level":"debug","req":"4bdf480b","msg":"form_api: JSON output","ctx":{"bytes":9067}}
{"ts":"2026-01-13T08:02:49.758","level":"debug","req":"12df36ea","msg":"form_api: JSON output","ctx":{"bytes":122630}}
{"ts":"2026-01-13T08:02:52.878","level":"debug","req":"9afbe508","msg":"form_api: JSON output","ctx":{"bytes":2076}}
{"ts":"2026-01-13T08:02:53.542","level":"debug","req":"76051b72","msg":"SAVE REQUEST","ctx":{"jsonForm":"rooster","recordId":"613","POST":{"action":"save","ID":"613","jsonForm":"rooster","bActief":"False"}}}
{"ts":"2026-01-13T08:02:53.543","level":"debug","req":"76051b72","msg":"SAVE: POST keys","ctx":{"keys":["action","ID","jsonForm","bActief"]}}
{"ts":"2026-01-13T08:02:53.544","level":"debug","req":"76051b72","msg":"SAVE: userLevel NOT in POST"}
{"ts":"2026-01-13T08:02:53.545","level":"debug","req":"76051b72","msg":"SAVE changelog data","ctx":{"keys":[],"changelogLength":0,"changelogPreview":""}}
{"ts":"2026-01-13T08:02:53.772","level":"debug","req":"76051b72","msg":"SAVE: Valid fields","ctx":{"fields":["_group_0","bactief","fkopleiding","fkopleidingsblok","omschrijving","datum","tijd","eindtijd","bonline","promptusid","_group_11","fktoets","_group_13","draaiboektitel","visiblestate","bwijzigbaardocent","draaiboekpdf","_group_19","locatie","locatieadres","locatiepostcode","locatieplaats","rinozaal","route_aanvullend","zoommeetingid","zoomjoinurl","zoompassword","_group_29","presentieopmerking","docentakkoord","datumreminderom","_group_33","bevaluatiedeelnemer","bblokkeerblokevaluatie","fkeindevaluatie","bblokkeereindevaluatie","fkevaluatiedocumentincidenteel","evaluatie_eind_statistieken_verzonden","evaluatie_tussendoor_statistieken_verzonden","evaluatie_statistieken_tussen_hoofdopl_verzonden","evaluatie_statistieken_eind_hoofdopl_verzonden","evaluatie_statistieken_hoofddoc_verzonden"]}}
{"ts":"2026-01-13T08:02:53.773","level":"debug","req":"76051b72","msg":"SAVE: SQL","ctx":{"sql":"UPDATE [tblAgenda] SET [bActief] = False WHERE [ID] = 613"}}
{"ts":"2026-01-13T08:02:53.785","level":"debug","req":"76051b72","msg":"SAVE: Rows affected","ctx":{"count":1}}
{"ts":"2026-01-13T08:02:53.786","level":"debug","req":"76051b72","msg":"SAVE: Skipping verification for Access","ctx":{"id":"613"}}
{"ts":"2026-01-13T08:02:53.787","level":"debug","req":"76051b72","msg":"logMonitoring START","ctx":{"form":"rooster","action":"edit","recordId":"613"}}
{"ts":"2026-01-13T08:02:53.788","level":"debug","req":"76051b72","msg":"logMonitoring: username=Diederik Stenvers"}
{"ts":"2026-01-13T08:02:53.788","level":"debug","req":"76051b72","msg":"logMonitoring: changelog_length=0"}
{"ts":"2026-01-13T08:02:53.789","level":"debug","req":"76051b72","msg":"logMonitoring: notification_length=97"}
{"ts":"2026-01-13T08:02:53.789","level":"debug","req":"76051b72","msg":"logMonitoring: Executing INSERT","ctx":{"sqlLength":264}}
{"ts":"2026-01-13T08:02:53.798","level":"debug","req":"76051b72","msg":"logMonitoring: INSERT successful"}
{"ts":"2026-01-13T08:02:53.799","level":"debug","req":"76051b72","msg":"logMonitoring END"}
{"ts":"2026-01-13T08:02:54.310","level":"debug","req":"a966a113","msg":"form_api: JSON output","ctx":{"bytes":2118}}
{"ts":"2026-01-13T08:02:55.972","level":"debug","req":"a0919155","msg":"form_api: JSON output","ctx":{"bytes":2104}}
{"ts":"2026-01-13T08:02:56.921","level":"debug","req":"3fc85c61","msg":"form_api: JSON output","ctx":{"bytes":122614}}
{"ts":"2026-01-13T08:02:57.570","level":"debug","req":"5e18129b","msg":"form_api: JSON output","ctx":{"bytes":91493}}
{"ts":"2026-01-13T10:14:47.352","level":"debug","req":"45e24a53","msg":"form_api: JSON output","ctx":{"bytes":5529}}
{"ts":"2026-01-13T10:15:51.930","level":"debug","req":"094443eb","msg":"form_api: JSON output","ctx":{"bytes":128064}}
{"ts":"2026-01-13T10:15:52.492","level":"debug","req":"91e8b578","msg":"form_api: JSON output","ctx":{"bytes":112255}}
{"ts":"2026-01-13T10:15:53.074","level":"debug","req":"c3863830","msg":"form_api: JSON output","ctx":{"bytes":112240}}
{"ts":"2026-01-13T10:15:54.944","level":"debug","req":"730de7dc","msg":"form_api: JSON output","ctx":{"bytes":60983}}
{"ts":"2026-01-13T10:15:55.560","level":"debug","req":"1ceccd35","msg":"form_api: JSON output","ctx":{"bytes":66762}}
{"ts":"2026-01-13T10:15:56.153","level":"debug","req":"25ec0549","msg":"form_api: JSON output","ctx":{"bytes":66747}}
{"ts":"2026-01-13T10:16:00.303","level":"debug","req":"edde8ebe","msg":"form_api: JSON output","ctx":{"bytes":1432}}
{"ts":"2026-01-13T10:16:06.776","level":"debug","req":"3cff7b11","msg":"form_api: JSON output","ctx":{"bytes":1428}}
{"ts":"2026-01-13T10:16:16.486","level":"debug","req":"5ee6b520","msg":"form_api: JSON output","ctx":{"bytes":1426}}
{"ts":"2026-01-13T10:16:21.077","level":"debug","req":"d83959e8","msg":"form_api: JSON output","ctx":{"bytes":1429}}
{"ts":"2026-01-13T10:16:25.374","level":"debug","req":"6a5a21e9","msg":"form_api: JSON output","ctx":{"bytes":1430}}
{"ts":"2026-01-13T10:17:41.540","level":"debug","req":"0bf0d93f","msg":"form_api: JSON output","ctx":{"bytes":1428}}
{"ts":"2026-01-13T10:21:04.400","level":"debug","req":"4a7a1123","msg":"form_api: JSON output","ctx":{"bytes":60963}}
{"ts":"2026-01-13T10:21:04.955","level":"debug","req":"a70e3754","msg":"form_api: JSON output","ctx":{"bytes":66762}}
{"ts":"2026-01-13T10:21:05.550","level":"debug","req":"75b1100d","msg":"form_api: JSON output","ctx":{"bytes":60991}}
{"ts":"2026-01-13T10:21:06.076","level":"debug","req":"761b6399","msg":"form_api: JSON output","ctx":{"bytes":66778}}
{"ts":"2026-01-13T10:21:12.740","level":"debug","req":"fe3fa7e5","msg":"form_api: JSON output","ctx":{"bytes":1427}}
{"ts":"2026-01-13T10:21:40.433","level":"debug","req":"fc2dd5e2","msg":"form_api: JSON output","ctx":{"bytes":66743}}
{"ts":"2026-01-13T10:21:40.985","level":"debug","req":"576e188b","msg":"form_api: JSON output","ctx":{"bytes":66762}}
{"ts":"2026-01-13T10:21:42.498","level":"debug","req":"075e1b89","msg":"form_api: JSON output","ctx":{"bytes":1429}}
{"ts":"2026-01-13T10:21:49.502","level":"debug","req":"07481d97","msg":"form_api: JSON output","ctx":{"bytes":5531}}
{"ts":"2026-01-13T10:21:50.220","level":"debug","req":"c1da0833","msg":"form_api: JSON output","ctx":{"bytes":5535}}
{"ts":"2026-01-13T10:22:27.919","level":"debug","req":"4e36aec1","msg":"form_api: JSON output","ctx":{"bytes":128070}}
{"ts":"2026-01-13T10:22:28.460","level":"debug","req":"cf12a813","msg":"form_api: JSON output","ctx":{"bytes":112253}}
{"ts":"2026-01-13T10:22:28.994","level":"debug","req":"14bb7212","msg":"form_api: JSON output","ctx":{"bytes":128087}}
{"ts":"2026-01-13T10:22:29.492","level":"debug","req":"c3c62cd3","msg":"form_api: JSON output","ctx":{"bytes":112267}}
{"ts":"2026-01-13T10:22:30.075","level":"debug","req":"039e9a6d","msg":"form_api: JSON output","ctx":{"bytes":2101}}
{"ts":"2026-01-13T10:22:31.341","level":"debug","req":"16a1724b","msg":"form_api: JSON output","ctx":{"bytes":2092}}
{"ts":"2026-01-13T10:22:32.051","level":"debug","req":"95e0113c","msg":"form_api: JSON output","ctx":{"bytes":83543}}
{"ts":"2026-01-13T10:22:32.617","level":"debug","req":"5a4de90c","msg":"form_api: JSON output","ctx":{"bytes":122630}}
{"ts":"2026-01-13T10:22:50.281","level":"debug","req":"eec41951","msg":"form_api: JSON output","ctx":{"bytes":2091}}
{"ts":"2026-01-13T10:22:52.340","level":"debug","req":"315f070e","msg":"form_api: JSON output","ctx":{"bytes":112237}}
{"ts":"2026-01-13T10:22:52.817","level":"debug","req":"0333630c","msg":"form_api: JSON output","ctx":{"bytes":112253}}
{"ts":"2026-01-13T10:22:53.534","level":"debug","req":"dfaef78a","msg":"form_api: JSON output","ctx":{"bytes":2109}}
{"ts":"2026-01-13T10:22:54.229","level":"debug","req":"a66fef6a","msg":"form_api: JSON output","ctx":{"bytes":2103}}
{"ts":"2026-01-13T10:22:54.689","level":"debug","req":"eb570826","msg":"form_api: JSON output","ctx":{"bytes":2078}}
{"ts":"2026-01-13T10:22:55.100","level":"debug","req":"79faaa9f","msg":"form_api: JSON output","ctx":{"bytes":2078}}
{"ts":"2026-01-13T10:22:56.931","level":"debug","req":"4bcbc975","msg":"form_api: JSON output","ctx":{"bytes":2089}}
{"ts":"2026-01-13T10:22:58.090","level":"debug","req":"b276f0bd","msg":"form_api: JSON output","ctx":{"bytes":2074}}
{"ts":"2026-01-13T10:22:58.901","level":"debug","req":"564966fe","msg":"form_api: JSON output","ctx":{"bytes":124143}}
{"ts":"2026-01-13T10:22:59.440","level":"debug","req":"fd434340","msg":"form_api: JSON output","ctx":{"bytes":9078}}
{"ts":"2026-01-13T10:24:52.655","level":"debug","req":"20722a02","msg":"form_api: JSON output","ctx":{"bytes":112241}}
{"ts":"2026-01-13T10:24:53.175","level":"debug","req":"47e61157","msg":"form_api: JSON output","ctx":{"bytes":112249}}
{"ts":"2026-01-13T10:24:55.005","level":"debug","req":"c58e7d23","msg":"form_api: JSON output","ctx":{"bytes":2078}}
{"ts":"2026-01-13T10:24:55.824","level":"debug","req":"505cf10a","msg":"form_api: JSON output","ctx":{"bytes":124147}}
{"ts":"2026-01-13T10:24:56.338","level":"debug","req":"478758b9","msg":"form_api: JSON output","ctx":{"bytes":9070}}
{"ts":"2026-01-13T10:25:03.981","level":"debug","req":"515ff3ff","msg":"form_api: JSON output","ctx":{"bytes":2079}}
{"ts":"2026-01-13T10:25:07.028","level":"debug","req":"0717968d","msg":"form_api: JSON output","ctx":{"bytes":2091}}
{"ts":"2026-01-13T10:25:08.595","level":"debug","req":"9171aa33","msg":"form_api: JSON output","ctx":{"bytes":2095}}
{"ts":"2026-01-13T10:25:09.304","level":"debug","req":"b2820771","msg":"form_api: JSON output","ctx":{"bytes":122614}}
{"ts":"2026-01-13T10:25:09.835","level":"debug","req":"56e67dda","msg":"form_api: JSON output","ctx":{"bytes":9080}}
{"ts":"2026-01-13T10:26:07.604","level":"debug","req":"9abfe730","msg":"form_api: JSON output","ctx":{"bytes":112249}}
{"ts":"2026-01-13T10:26:08.131","level":"debug","req":"8ed85561","msg":"form_api: JSON output","ctx":{"bytes":112255}}
{"ts":"2026-01-13T10:26:08.634","level":"debug","req":"9fa18a9b","msg":"form_api: JSON output","ctx":{"bytes":2111}}
{"ts":"2026-01-13T10:26:09.541","level":"debug","req":"5d9ad339","msg":"form_api: JSON output","ctx":{"bytes":122630}}
{"ts":"2026-01-13T10:26:10.067","level":"debug","req":"e9fba445","msg":"form_api: JSON output","ctx":{"bytes":9074}}
{"ts":"2026-01-13T10:26:18.979","level":"debug","req":"c496e998","msg":"form_api: JSON output","ctx":{"bytes":2095}}
{"ts":"2026-01-13T10:26:21.039","level":"debug","req":"1e3c540b","msg":"form_api: JSON output","ctx":{"bytes":2095}}
{"ts":"2026-01-13T10:26:21.509","level":"debug","req":"5a6a75dd","msg":"form_api: JSON output","ctx":{"bytes":2109}}
{"ts":"2026-01-13T10:26:22.001","level":"debug","req":"c9cdc350","msg":"form_api: JSON output","ctx":{"bytes":2085}}
{"ts":"2026-01-13T10:26:24.029","level":"debug","req":"adb0fed4","msg":"form_api: JSON output","ctx":{"bytes":2077}}
{"ts":"2026-01-13T10:26:24.751","level":"debug","req":"b246ba31","msg":"form_api: JSON output","ctx":{"bytes":122610}}
{"ts":"2026-01-13T10:26:25.310","level":"debug","req":"e85e68fe","msg":"form_api: JSON output","ctx":{"bytes":8644}}
{"ts":"2026-01-13T10:29:12.696","level":"debug","req":"dc9d07d6","msg":"form_api: JSON output","ctx":{"bytes":2835}}
{"ts":"2026-01-13T10:29:13.270","level":"debug","req":"c05abe6f","msg":"form_api: JSON output","ctx":{"bytes":2839}}
{"ts":"2026-01-13T10:29:16.105","level":"debug","req":"00247cae","msg":"form_api: JSON output","ctx":{"bytes":66762}}
{"ts":"2026-01-13T10:29:16.642","level":"debug","req":"b3342201","msg":"form_api: JSON output","ctx":{"bytes":60981}}
{"ts":"2026-01-13T10:29:17.149","level":"debug","req":"0706e296","msg":"form_api: JSON output","ctx":{"bytes":60991}}
{"ts":"2026-01-13T10:29:17.668","level":"debug","req":"fe398c24","msg":"form_api: JSON output","ctx":{"bytes":66769}}
{"ts":"2026-01-13T10:29:18.301","level":"debug","req":"3e1b0323","msg":"form_api: JSON output","ctx":{"bytes":16449}}
{"ts":"2026-01-13T10:29:22.331","level":"debug","req":"53643083","msg":"form_api: JSON output","ctx":{"bytes":2837}}
{"ts":"2026-01-13T10:29:22.826","level":"debug","req":"65bdbbeb","msg":"form_api: JSON output","ctx":{"bytes":2835}}
{"ts":"2026-01-13T10:29:23.837","level":"debug","req":"309a48c2","msg":"form_api: JSON output","ctx":{"bytes":70122}}
{"ts":"2026-01-13T10:29:24.664","level":"debug","req":"119d330d","msg":"form_api: JSON output","ctx":{"bytes":580229}}
{"ts":"2026-01-13T10:29:25.201","level":"debug","req":"b5bbfb9c","msg":"form_api: JSON output","ctx":{"bytes":70134}}
{"ts":"2026-01-13T10:29:25.979","level":"debug","req":"a281d8c0","msg":"form_api: JSON output","ctx":{"bytes":580245}}
{"ts":"2026-01-13T10:29:26.893","level":"debug","req":"8642ee42","msg":"form_api: JSON output","ctx":{"bytes":128087}}
{"ts":"2026-01-13T10:29:27.404","level":"debug","req":"f1e0733a","msg":"form_api: JSON output","ctx":{"bytes":112257}}
{"ts":"2026-01-13T10:29:27.975","level":"debug","req":"cc10c451","msg":"form_api: JSON output","ctx":{"bytes":128101}}
{"ts":"2026-01-13T10:29:28.520","level":"debug","req":"95618b08","msg":"form_api: JSON output","ctx":{"bytes":112259}}
{"ts":"2026-01-13T10:29:30.253","level":"debug","req":"91611209","msg":"form_api: JSON output","ctx":{"bytes":2111}}
{"ts":"2026-01-13T10:29:31.564","level":"debug","req":"b5b74abc","msg":"form_api: JSON output","ctx":{"bytes":5535}}
{"ts":"2026-01-13T10:29:32.069","level":"debug","req":"7d6af3e5","msg":"form_api: JSON output","ctx":{"bytes":111629}}
{"ts":"2026-01-13T10:29:32.633","level":"debug","req":"b0ac515a","msg":"form_api: JSON output","ctx":{"bytes":5545}}
{"ts":"2026-01-13T10:29:33.170","level":"debug","req":"8fe3049c","msg":"form_api: JSON output","ctx":{"bytes":111647}}
{"ts":"2026-01-13T10:29:35.492","level":"debug","req":"cf6e1d07","msg":"form_api: JSON output","ctx":{"bytes":2103}}
{"ts":"2026-01-13T10:29:37.084","level":"debug","req":"62aa03b2","msg":"form_api: JSON output","ctx":{"bytes":122630}}
{"ts":"2026-01-13T10:29:37.746","level":"debug","req":"e364dcf5","msg":"form_api: JSON output","ctx":{"bytes":84379}}
{"ts":"2026-01-13T10:30:11.259","level":"debug","req":"5a4878d4","msg":"form_api: JSON output","ctx":{"bytes":3158}}
{"ts":"2026-01-13T10:30:11.800","level":"debug","req":"14f4223a","msg":"form_api: JSON output","ctx":{"bytes":3231}}
{"ts":"2026-01-13T10:30:14.104","level":"debug","req":"35e27e6a","msg":"form_api: JSON output","ctx":{"bytes":111623}}
{"ts":"2026-01-13T10:30:14.677","level":"debug","req":"3becefe5","msg":"form_api: JSON output","ctx":{"bytes":111639}}
{"ts":"2026-01-13T10:30:15.700","level":"debug","req":"7b31d7ea","msg":"form_api: JSON output","ctx":{"bytes":3287}}
{"ts":"2026-01-13T10:30:16.233","level":"debug","req":"9c205397","msg":"form_api: JSON output","ctx":{"bytes":3262}}
{"ts":"2026-01-13T10:30:21.650","level":"debug","req":"2e84e1ad","msg":"form_api: JSON output","ctx":{"bytes":3166}}
{"ts":"2026-01-13T10:30:23.044","level":"debug","req":"13e680aa","msg":"form_api: JSON output","ctx":{"bytes":3162}}
{"ts":"2026-01-13T10:30:23.837","level":"debug","req":"64c19b9d","msg":"form_api: JSON output","ctx":{"bytes":83071}}
{"ts":"2026-01-13T10:30:24.415","level":"debug","req":"8b1b6d79","msg":"form_api: JSON output","ctx":{"bytes":37469}}
{"ts":"2026-01-13T10:44:22.592","level":"debug","req":"3fe83365","msg":"form_api: JSON output","ctx":{"bytes":5525}}
{"ts":"2026-01-13T10:44:23.156","level":"debug","req":"068aad40","msg":"form_api: JSON output","ctx":{"bytes":111648}}
{"ts":"2026-01-13T10:44:23.679","level":"debug","req":"8342ac06","msg":"form_api: JSON output","ctx":{"bytes":5547}}
{"ts":"2026-01-13T10:44:24.209","level":"debug","req":"5fba13a1","msg":"form_api: JSON output","ctx":{"bytes":111653}}
{"ts":"2026-01-13T10:44:26.248","level":"debug","req":"4b9bac19","msg":"form_api: JSON output","ctx":{"bytes":3172}}
{"ts":"2026-01-13T10:44:27.105","level":"debug","req":"5b8dbed6","msg":"form_api: JSON output","ctx":{"bytes":83078}}
{"ts":"2026-01-13T10:44:27.683","level":"debug","req":"0cefbc2a","msg":"form_api: JSON output","ctx":{"bytes":37473}}
{"ts":"2026-01-13T10:44:32.850","level":"debug","req":"2a339c5c","msg":"form_api: JSON output","ctx":{"bytes":3242}}
{"ts":"2026-01-13T10:44:33.381","level":"debug","req":"c01ece8b","msg":"form_api: JSON output","ctx":{"bytes":3278}}
{"ts":"2026-01-13T10:44:34.923","level":"debug","req":"fb03cf0d","msg":"form_api: JSON output","ctx":{"bytes":3266}}
{"ts":"2026-01-13T10:44:35.624","level":"debug","req":"aac35239","msg":"form_api: JSON output","ctx":{"bytes":83870}}
{"ts":"2026-01-13T10:44:36.199","level":"debug","req":"4010ea4f","msg":"form_api: JSON output","ctx":{"bytes":43225}}
{"ts":"2026-01-13T10:44:37.923","level":"debug","req":"ae5dc4be","msg":"form_api: JSON output","ctx":{"bytes":3264}}
{"ts":"2026-01-13T10:44:39.926","level":"debug","req":"59a34192","msg":"form_api: JSON output","ctx":{"bytes":3258}}
{"ts":"2026-01-13T10:44:40.689","level":"debug","req":"0cbdef54","msg":"form_api: JSON output","ctx":{"bytes":41064}}
{"ts":"2026-01-13T10:44:41.359","level":"debug","req":"7665a070","msg":"form_api: JSON output","ctx":{"bytes":84385}}
{"ts":"2026-01-13T10:44:50.196","level":"debug","req":"f110da48","msg":"form_api: JSON output","ctx":{"bytes":3217}}
{"ts":"2026-01-13T10:44:55.944","level":"debug","req":"9a6733d1","msg":"form_api: JSON output","ctx":{"bytes":3188}}
{"ts":"2026-01-13T10:44:56.463","level":"debug","req":"aaa5309e","msg":"form_api: JSON output","ctx":{"bytes":2748}}
{"ts":"2026-01-13T10:44:57.759","level":"debug","req":"104a1ce4","msg":"form_api: JSON output","ctx":{"bytes":2746}}
{"ts":"2026-01-13T10:44:58.469","level":"debug","req":"f323880f","msg":"form_api: JSON output","ctx":{"bytes":94770}}
{"ts":"2026-01-13T10:44:59.070","level":"debug","req":"cb1a65ae","msg":"form_api: JSON output","ctx":{"bytes":7948}}
{"ts":"2026-01-13T10:45:15.136","level":"debug","req":"51d6d436","msg":"form_api: JSON output","ctx":{"bytes":3282}}
{"ts":"2026-01-13T10:45:15.826","level":"debug","req":"b3ff0261","msg":"form_api: JSON output","ctx":{"bytes":83869}}
{"ts":"2026-01-13T10:45:16.356","level":"debug","req":"8cda7a95","msg":"form_api: JSON output","ctx":{"bytes":43229}}
{"ts":"2026-01-13T10:45:48.710","level":"debug","req":"ef255b57","msg":"form_api: JSON output","ctx":{"bytes":111623}}
{"ts":"2026-01-13T10:45:49.205","level":"debug","req":"9f000ee9","msg":"form_api: JSON output","ctx":{"bytes":111637}}
{"ts":"2026-01-13T10:45:50.142","level":"debug","req":"585984fa","msg":"form_api: JSON output","ctx":{"bytes":3242}}
{"ts":"2026-01-13T10:45:51.921","level":"debug","req":"98ad0541","msg":"form_api: JSON output","ctx":{"bytes":3260}}
{"ts":"2026-01-13T10:45:52.639","level":"debug","req":"d4321102","msg":"form_api: JSON output","ctx":{"bytes":84205}}
{"ts":"2026-01-13T10:45:53.220","level":"debug","req":"e78b6f3c","msg":"form_api: JSON output","ctx":{"bytes":44864}}
{"ts":"2026-01-13T10:47:03.498","level":"debug","req":"ba5e9baf","msg":"form_api: JSON output","ctx":{"bytes":3291}}
{"ts":"2026-01-13T10:47:04.320","level":"debug","req":"91f57447","msg":"form_api: JSON output","ctx":{"bytes":3242}}
{"ts":"2026-01-13T10:47:08.543","level":"debug","req":"20cdef27","msg":"form_api: JSON output","ctx":{"bytes":3258}}
{"ts":"2026-01-13T10:47:09.230","level":"debug","req":"518f641b","msg":"form_api: JSON output","ctx":{"bytes":84207}}
{"ts":"2026-01-13T10:47:09.888","level":"debug","req":"6f889575","msg":"form_api: JSON output","ctx":{"bytes":44864}}
{"ts":"2026-01-13T10:47:11.764","level":"debug","req":"86d7f935","msg":"form_api: JSON output","ctx":{"bytes":3257}}
{"ts":"2026-01-13T10:47:12.439","level":"debug","req":"2a17ff48","msg":"form_api: JSON output","ctx":{"bytes":84204}}
{"ts":"2026-01-13T10:47:13.025","level":"debug","req":"e70899f1","msg":"form_api: JSON output","ctx":{"bytes":44862}}
{"ts":"2026-01-13T10:48:03.519","level":"debug","req":"616b9b59","msg":"form_api: JSON output","ctx":{"bytes":3320}}
{"ts":"2026-01-13T10:48:04.038","level":"debug","req":"2942f41d","msg":"form_api: JSON output","ctx":{"bytes":3280}}
{"ts":"2026-01-13T10:48:04.768","level":"debug","req":"53c11a07","msg":"form_api: JSON output","ctx":{"bytes":3262}}
{"ts":"2026-01-13T10:48:05.410","level":"debug","req":"6acbfc18","msg":"form_api: JSON output","ctx":{"bytes":84206}}
{"ts":"2026-01-13T10:48:05.936","level":"debug","req":"3f2ff1bd","msg":"form_api: JSON output","ctx":{"bytes":44858}}
{"ts":"2026-01-13T10:48:07.669","level":"debug","req":"f40448f0","msg":"form_api: JSON output","ctx":{"bytes":3247}}
{"ts":"2026-01-13T10:48:08.225","level":"debug","req":"be1002c5","msg":"form_api: JSON output","ctx":{"bytes":84207}}
{"ts":"2026-01-13T10:48:08.791","level":"debug","req":"61b622cb","msg":"form_api: JSON output","ctx":{"bytes":44860}}
{"ts":"2026-01-13T10:48:12.175","level":"debug","req":"c041e2b1","msg":"form_api: JSON output","ctx":{"bytes":3287}}
{"ts":"2026-01-13T10:48:12.773","level":"debug","req":"317f20a0","msg":"form_api: JSON output","ctx":{"bytes":84304}}
{"ts":"2026-01-13T10:48:13.344","level":"debug","req":"d8032c4b","msg":"form_api: JSON output","ctx":{"bytes":41693}}
{"ts":"2026-01-13T11:28:42.773","level":"debug","req":"4f0fc785","msg":"form_api: JSON output","ctx":{"bytes":3281}}
{"ts":"2026-01-13T11:40:02.884","level":"debug","req":"77040918","msg":"form_api: JSON output","ctx":{"bytes":111623}}
{"ts":"2026-01-13T11:40:03.441","level":"debug","req":"0ff00ae9","msg":"form_api: JSON output","ctx":{"bytes":5533}}
{"ts":"2026-01-13T11:40:03.919","level":"debug","req":"2170b82e","msg":"form_api: JSON output","ctx":{"bytes":111641}}
{"ts":"2026-01-13T11:40:04.598","level":"debug","req":"a0b7c1fe","msg":"form_api: JSON output","ctx":{"bytes":1234}}
{"ts":"2026-01-13T11:40:06.186","level":"debug","req":"36cea79f","msg":"form_api: JSON output","ctx":{"bytes":3296}}
{"ts":"2026-01-13T11:40:07.402","level":"debug","req":"034f2edf","msg":"form_api: JSON output","ctx":{"bytes":3282}}
{"ts":"2026-01-13T11:40:08.174","level":"debug","req":"9fd75841","msg":"form_api: JSON output","ctx":{"bytes":83871}}
{"ts":"2026-01-13T11:40:08.762","level":"debug","req":"1ed833e8","msg":"form_api: JSON output","ctx":{"bytes":43225}}
{"ts":"2026-01-13T11:40:12.039","level":"debug","req":"9e4a7c26","msg":"form_api: JSON output","ctx":{"bytes":3263}}
{"ts":"2026-01-13T11:40:13.205","level":"debug","req":"8a8c716d","msg":"form_api: JSON output","ctx":{"bytes":3279}}
{"ts":"2026-01-13T11:40:13.967","level":"debug","req":"fda982ab","msg":"form_api: JSON output","ctx":{"bytes":81411}}
{"ts":"2026-01-13T11:40:14.535","level":"debug","req":"e4e6bc33","msg":"form_api: JSON output","ctx":{"bytes":47496}}
{"ts":"2026-01-13T11:44:41.800","level":"debug","req":"d98d4243","msg":"form_api: JSON output","ctx":{"bytes":111641}}
{"ts":"2026-01-13T11:44:42.365","level":"debug","req":"a0300a75","msg":"form_api: JSON output","ctx":{"bytes":3279}}
{"ts":"2026-01-13T11:44:42.902","level":"debug","req":"64aa26fe","msg":"form_api: JSON output","ctx":{"bytes":111641}}
{"ts":"2026-01-13T11:44:43.796","level":"debug","req":"3c574483","msg":"form_api: JSON output","ctx":{"bytes":81425}}
{"ts":"2026-01-13T11:44:44.407","level":"debug","req":"fb83f8e4","msg":"form_api: JSON output","ctx":{"bytes":47496}}
{"ts":"2026-01-13T11:44:47.348","level":"debug","req":"c14921a4","msg":"form_api: JSON output","ctx":{"bytes":3191}}
{"ts":"2026-01-13T11:44:47.920","level":"debug","req":"66144d18","msg":"form_api: JSON output","ctx":{"bytes":3280}}
{"ts":"2026-01-13T11:44:49.127","level":"debug","req":"04ead593","msg":"form_api: JSON output","ctx":{"bytes":3278}}
{"ts":"2026-01-13T11:44:49.993","level":"debug","req":"3d763a89","msg":"form_api: JSON output","ctx":{"bytes":84363}}
{"ts":"2026-01-13T11:44:50.597","level":"debug","req":"b22c5d32","msg":"form_api: JSON output","ctx":{"bytes":41083}}
{"ts":"2026-01-13T11:44:53.960","level":"debug","req":"dfbc2be1","msg":"form_api: JSON output","ctx":{"bytes":3270}}
{"ts":"2026-01-13T11:44:55.213","level":"debug","req":"4dd6e086","msg":"form_api: JSON output","ctx":{"bytes":3276}}
{"ts":"2026-01-13T11:44:55.887","level":"debug","req":"aba956cb","msg":"form_api: JSON output","ctx":{"bytes":81478}}
{"ts":"2026-01-13T11:45:02.900","level":"debug","req":"e8799e49","msg":"form_api: JSON output","ctx":{"bytes":111573}}
{"ts":"2026-01-13T11:45:07.413","level":"debug","req":"1514ca8a","msg":"form_api: JSON output","ctx":{"bytes":3273}}
{"ts":"2026-01-13T11:45:09.430","level":"debug","req":"3c27a4fd","msg":"form_api: JSON output","ctx":{"bytes":5515}}
{"ts":"2026-01-13T11:45:09.978","level":"debug","req":"44bfc01f","msg":"form_api: JSON output","ctx":{"bytes":3289}}
{"ts":"2026-01-13T11:45:10.740","level":"debug","req":"348d928c","msg":"form_api: JSON output","ctx":{"bytes":84858}}
{"ts":"2026-01-13T11:45:11.336","level":"debug","req":"e2c46f45","msg":"form_api: JSON output","ctx":{"bytes":42700}}
{"ts":"2026-01-13T11:46:19.760","level":"debug","req":"3b37ec49","msg":"form_api: JSON output","ctx":{"bytes":3317}}
{"ts":"2026-01-13T11:50:47.211","level":"debug","req":"589918d2","msg":"form_api: JSON output","ctx":{"bytes":3276}}
{"ts":"2026-01-13T11:50:47.836","level":"debug","req":"11f67ecd","msg":"form_api: JSON output","ctx":{"bytes":3207}}
{"ts":"2026-01-13T11:50:49.247","level":"debug","req":"0ac0da18","msg":"form_api: JSON output","ctx":{"bytes":3192}}
{"ts":"2026-01-13T11:50:49.814","level":"debug","req":"f2054385","msg":"form_api: JSON output","ctx":{"bytes":3198}}
{"ts":"2026-01-13T11:50:50.437","level":"debug","req":"75f449a4","msg":"form_api: JSON output","ctx":{"bytes":3182}}
{"ts":"2026-01-13T11:50:50.972","level":"debug","req":"a653af19","msg":"form_api: JSON output","ctx":{"bytes":3220}}
{"ts":"2026-01-13T11:50:51.518","level":"debug","req":"a13214c7","msg":"form_api: JSON output","ctx":{"bytes":2783}}
{"ts":"2026-01-13T11:50:52.072","level":"debug","req":"12c7672d","msg":"form_api: JSON output","ctx":{"bytes":2758}}
{"ts":"2026-01-13T11:50:52.619","level":"debug","req":"9786669b","msg":"form_api: JSON output","ctx":{"bytes":3211}}
{"ts":"2026-01-13T11:50:53.166","level":"debug","req":"98e3a171","msg":"form_api: JSON output","ctx":{"bytes":3207}}
{"ts":"2026-01-13T11:50:55.080","level":"debug","req":"a299d3c2","msg":"form_api: JSON output","ctx":{"bytes":3195}}
{"ts":"2026-01-13T11:50:55.796","level":"debug","req":"85f8a48a","msg":"form_api: JSON output","ctx":{"bytes":81643}}
{"ts":"2026-01-13T11:50:56.449","level":"debug","req":"08f81ac1","msg":"form_api: JSON output","ctx":{"bytes":46078}}
{"ts":"2026-01-13T12:09:45.756","level":"debug","req":"5001c4a9","msg":"form_api: JSON output","ctx":{"bytes":111618}}
{"ts":"2026-01-13T12:09:46.161","level":"debug","req":"5a26b990","msg":"form_api: JSON output","ctx":{"bytes":111620}}
{"ts":"2026-01-13T12:09:46.993","level":"debug","req":"1867eaa1","msg":"form_api: JSON output","ctx":{"bytes":3180}}
{"ts":"2026-01-13T12:09:48.535","level":"debug","req":"d8f8f0a7","msg":"form_api: JSON output","ctx":{"bytes":3163}}
{"ts":"2026-01-13T12:09:48.937","level":"debug","req":"05019ce4","msg":"form_api: JSON output","ctx":{"bytes":83068}}
{"ts":"2026-01-13T12:09:49.391","level":"debug","req":"2372eaac","msg":"form_api: JSON output","ctx":{"bytes":37477}}
{"ts":"2026-01-13T12:10:33.947","level":"debug","req":"26944997","msg":"form_api: JSON output","ctx":{"bytes":3241}}
{"ts":"2026-01-13T12:10:34.428","level":"debug","req":"0d4b7884","msg":"form_api: JSON output","ctx":{"bytes":3282}}
{"ts":"2026-01-13T12:10:35.483","level":"debug","req":"89f30782","msg":"form_api: JSON output","ctx":{"bytes":3263}}
{"ts":"2026-01-13T12:10:35.990","level":"debug","req":"9472486d","msg":"form_api: JSON output","ctx":{"bytes":43208}}
{"ts":"2026-01-13T12:10:36.629","level":"debug","req":"458a9ed9","msg":"form_api: JSON output","ctx":{"bytes":83889}}
{"ts":"2026-01-13T12:19:56.960","level":"debug","req":"01461233","msg":"form_api: JSON output","ctx":{"bytes":5527}}
{"ts":"2026-01-13T12:19:57.458","level":"debug","req":"588a798c","msg":"form_api: JSON output","ctx":{"bytes":111637}}
{"ts":"2026-01-13T12:19:57.972","level":"debug","req":"d5c58fcc","msg":"form_api: JSON output","ctx":{"bytes":5533}}
{"ts":"2026-01-13T12:19:58.462","level":"debug","req":"49388091","msg":"form_api: JSON output","ctx":{"bytes":111648}}
{"ts":"2026-01-13T12:20:00.222","level":"debug","req":"8da7012d","msg":"form_api: JSON output","ctx":{"bytes":3286}}
{"ts":"2026-01-13T12:20:00.920","level":"debug","req":"a81ca01b","msg":"form_api: JSON output","ctx":{"bytes":83870}}
{"ts":"2026-01-13T12:20:01.507","level":"debug","req":"093d4cc1","msg":"form_api: JSON output","ctx":{"bytes":43229}}
{"ts":"2026-01-13T12:20:03.857","level":"debug","req":"d860b5bb","msg":"form_api: JSON output","ctx":{"bytes":2724}}
{"ts":"2026-01-13T12:20:04.391","level":"debug","req":"766e7ac3","msg":"form_api: JSON output","ctx":{"bytes":3186}}
{"ts":"2026-01-13T12:20:05.495","level":"debug","req":"77f66877","msg":"form_api: JSON output","ctx":{"bytes":3180}}
{"ts":"2026-01-13T12:20:06.122","level":"debug","req":"5fa30552","msg":"form_api: JSON output","ctx":{"bytes":51104}}
{"ts":"2026-01-13T12:20:06.708","level":"debug","req":"6bf61c6f","msg":"form_api: JSON output","ctx":{"bytes":84869}}
{"ts":"2026-01-13T12:20:08.322","level":"debug","req":"fb7ee4aa","msg":"form_api: JSON output","ctx":{"bytes":3268}}
{"ts":"2026-01-13T12:20:09.600","level":"debug","req":"bc3d77d9","msg":"form_api: JSON output","ctx":{"bytes":3268}}
{"ts":"2026-01-13T12:20:10.155","level":"debug","req":"9fcd6fad","msg":"form_api: JSON output","ctx":{"bytes":45945}}
{"ts":"2026-01-13T12:20:10.819","level":"debug","req":"46a095d9","msg":"form_api: JSON output","ctx":{"bytes":83126}}
{"ts":"2026-01-13T12:20:13.096","level":"debug","req":"98c4e5ae","msg":"form_api: JSON output","ctx":{"bytes":3213}}
{"ts":"2026-01-13T12:20:15.731","level":"debug","req":"893fb223","msg":"form_api: JSON output","ctx":{"bytes":111623}}
{"ts":"2026-01-13T12:20:16.262","level":"debug","req":"54a86c55","msg":"form_api: JSON output","ctx":{"bytes":111623}}
{"ts":"2026-01-13T12:20:23.110","level":"debug","req":"36a31d08","msg":"form_api: JSON output","ctx":{"bytes":3270}}
{"ts":"2026-01-13T12:20:25.767","level":"debug","req":"6300a0c9","msg":"form_api: JSON output","ctx":{"bytes":3265}}
{"ts":"2026-01-13T12:20:27.039","level":"debug","req":"9759e6a5","msg":"form_api: JSON output","ctx":{"bytes":3263}}
{"ts":"2026-01-13T12:20:27.669","level":"debug","req":"138443c5","msg":"form_api: JSON output","ctx":{"bytes":83979}}
{"ts":"2026-01-13T12:20:28.187","level":"debug","req":"197b2a42","msg":"form_api: JSON output","ctx":{"bytes":40023}}
{"ts":"2026-01-13T12:22:03.121","level":"debug","req":"1ebf9b44","msg":"form_api: JSON output","ctx":{"bytes":2764}}
{"ts":"2026-01-13T12:22:05.025","level":"debug","req":"aa3f34be","msg":"form_api: JSON output","ctx":{"bytes":2930}}
{"ts":"2026-01-13T12:22:05.656","level":"debug","req":"6bbdac37","msg":"form_api: JSON output","ctx":{"bytes":3312}}
{"ts":"2026-01-13T12:36:40.376","level":"debug","req":"1746fc38","msg":"form_api: JSON output","ctx":{"bytes":3269}}
{"ts":"2026-01-13T12:36:46.322","level":"debug","req":"6ff5357f","msg":"form_api: JSON output","ctx":{"bytes":3240}}
{"ts":"2026-01-13T12:36:46.929","level":"debug","req":"a07490fb","msg":"form_api: JSON output","ctx":{"bytes":2893}}
{"ts":"2026-01-13T13:01:26.942","level":"debug","req":"dabe2a0f","msg":"form_api: JSON output","ctx":{"bytes":2751}}
{"ts":"2026-01-13T13:01:33.791","level":"debug","req":"be562385","msg":"form_api: JSON output","ctx":{"bytes":111623}}
{"ts":"2026-01-13T13:01:34.843","level":"debug","req":"654585d9","msg":"form_api: JSON output","ctx":{"bytes":5533}}
{"ts":"2026-01-13T13:01:35.273","level":"debug","req":"6d0af2c3","msg":"form_api: JSON output","ctx":{"bytes":111644}}
{"ts":"2026-01-13T13:01:35.952","level":"debug","req":"cdd460b4","msg":"form_api: JSON output","ctx":{"bytes":1232}}
{"ts":"2026-01-13T13:01:36.471","level":"debug","req":"ca46b87a","msg":"form_api: JSON output","ctx":{"bytes":2746}}
{"ts":"2026-01-13T13:01:37.488","level":"debug","req":"d1e6b91f","msg":"form_api: JSON output","ctx":{"bytes":2748}}
{"ts":"2026-01-13T13:01:51.904","level":"debug","req":"d95ecf75","msg":"form_api: JSON output","ctx":{"bytes":3245}}
{"ts":"2026-01-13T13:01:55.507","level":"debug","req":"6f605fcb","msg":"form_api: JSON output","ctx":{"bytes":3210}}
{"ts":"2026-01-13T13:01:57.209","level":"debug","req":"8581fb65","msg":"form_api: JSON output","ctx":{"bytes":3204}}
{"ts":"2026-01-13T13:01:57.768","level":"debug","req":"cc45d162","msg":"form_api: JSON output","ctx":{"bytes":83232}}
{"ts":"2026-01-13T13:01:58.376","level":"debug","req":"b107adc2","msg":"form_api: JSON output","ctx":{"bytes":56723}}
{"ts":"2026-01-13T13:02:01.249","level":"debug","req":"47fe12a3","msg":"form_api: JSON output","ctx":{"bytes":3267}}
{"ts":"2026-01-13T13:02:01.872","level":"debug","req":"54c300cb","msg":"form_api: JSON output","ctx":{"bytes":3267}}
{"ts":"2026-01-13T13:02:02.553","level":"debug","req":"98a0132e","msg":"form_api: JSON output","ctx":{"bytes":83126}}
{"ts":"2026-01-13T13:02:03.163","level":"debug","req":"9efac9d5","msg":"form_api: JSON output","ctx":{"bytes":45965}}
{"ts":"2026-01-13T13:02:03.679","level":"debug","req":"d9beeceb","msg":"form_api: JSON output","ctx":{"bytes":3300}}
{"ts":"2026-01-13T13:02:06.489","level":"debug","req":"c5b904f5","msg":"form_api: JSON output","ctx":{"bytes":3265}}
{"ts":"2026-01-13T13:02:06.993","level":"debug","req":"784b454b","msg":"form_api: JSON output","ctx":{"bytes":3209}}
{"ts":"2026-01-13T13:02:08.310","level":"debug","req":"ab7773cb","msg":"form_api: JSON output","ctx":{"bytes":3190}}
{"ts":"2026-01-13T13:02:08.769","level":"debug","req":"f401b1c6","msg":"form_api: JSON output","ctx":{"bytes":44494}}
{"ts":"2026-01-13T13:02:09.428","level":"debug","req":"6ac6efd6","msg":"form_api: JSON output","ctx":{"bytes":82810}}
{"ts":"2026-01-13T13:02:10.354","level":"debug","req":"32d55348","msg":"form_api: JSON output","ctx":{"bytes":82810}}
{"ts":"2026-01-13T13:02:14.922","level":"debug","req":"af7c2c89","msg":"form_api: JSON output","ctx":{"bytes":3267}}
{"ts":"2026-01-13T13:02:15.987","level":"debug","req":"3d62cea4","msg":"form_api: JSON output","ctx":{"bytes":83998}}
{"ts":"2026-01-13T13:02:16.585","level":"debug","req":"e3cb24f5","msg":"form_api: JSON output","ctx":{"bytes":40023}}
{"ts":"2026-01-13T13:02:17.114","level":"debug","req":"19337af0","msg":"form_api: JSON output","ctx":{"bytes":3299}}
{"ts":"2026-01-13T13:02:20.102","level":"debug","req":"485fb777","msg":"form_api: JSON output","ctx":{"bytes":3175}}
{"ts":"2026-01-13T13:02:21.370","level":"debug","req":"7e5cba7b","msg":"form_api: JSON output","ctx":{"bytes":3179}}
{"ts":"2026-01-13T13:02:21.897","level":"debug","req":"a87270fc","msg":"form_api: JSON output","ctx":{"bytes":34816}}
{"ts":"2026-01-13T13:02:22.362","level":"debug","req":"83af5a56","msg":"form_api: JSON output","ctx":{"bytes":82374}}
{"ts":"2026-01-13T13:31:29.295","level":"debug","req":"61949f76","msg":"form_api: JSON output","ctx":{"bytes":3209}}
{"ts":"2026-01-13T13:46:49.693","level":"debug","req":"3be87adc","msg":"form_api: JSON output","ctx":{"bytes":111625}}
{"ts":"2026-01-13T13:46:50.240","level":"debug","req":"fed699ad","msg":"form_api: JSON output","ctx":{"bytes":5533}}
{"ts":"2026-01-13T13:46:50.650","level":"debug","req":"a536d0c5","msg":"form_api: JSON output","ctx":{"bytes":111639}}
{"ts":"2026-01-13T13:46:51.377","level":"debug","req":"01e80b3b","msg":"form_api: JSON output","ctx":{"bytes":1232}}
{"ts":"2026-01-13T13:47:00.438","level":"debug","req":"ba91d580","msg":"form_api: JSON output","ctx":{"bytes":3246}}
{"ts":"2026-01-13T13:47:01.371","level":"debug","req":"203683be","msg":"form_api: JSON output","ctx":{"bytes":3192}}
{"ts":"2026-01-13T13:47:06.436","level":"debug","req":"fae6d388","msg":"form_api: JSON output","ctx":{"bytes":111625}}
{"ts":"2026-01-13T13:47:07.001","level":"debug","req":"c4570b4c","msg":"form_api: JSON output","ctx":{"bytes":111621}}
{"ts":"2026-01-13T13:47:07.771","level":"debug","req":"1a517b21","msg":"form_api: JSON output","ctx":{"bytes":3209}}
{"ts":"2026-01-13T13:47:08.468","level":"debug","req":"83832403","msg":"form_api: JSON output","ctx":{"bytes":3209}}
{"ts":"2026-01-13T13:47:10.218","level":"debug","req":"ad48b970","msg":"form_api: JSON output","ctx":{"bytes":3317}}
{"ts":"2026-01-13T13:47:12.001","level":"debug","req":"20ffcd1a","msg":"form_api: JSON output","ctx":{"bytes":2740}}
{"ts":"2026-01-13T13:47:13.328","level":"debug","req":"90aa0bde","msg":"form_api: JSON output","ctx":{"bytes":87173}}
{"ts":"2026-01-13T13:47:13.999","level":"debug","req":"0df6da6f","msg":"form_api: JSON output","ctx":{"bytes":77511}}
{"ts":"2026-01-13T13:47:14.546","level":"debug","req":"92eedfb2","msg":"form_api: JSON output","ctx":{"bytes":7979}}
{"ts":"2026-01-13T13:47:16.658","level":"debug","req":"a563b316","msg":"form_api: JSON output","ctx":{"bytes":3189}}
{"ts":"2026-01-13T13:47:18.010","level":"debug","req":"32f443c9","msg":"form_api: JSON output","ctx":{"bytes":78357}}
{"ts":"2026-01-13T13:47:18.693","level":"debug","req":"2d078a08","msg":"form_api: JSON output","ctx":{"bytes":119795}}
{"ts":"2026-01-13T13:47:19.257","level":"debug","req":"0d1d03ce","msg":"form_api: JSON output","ctx":{"bytes":39258}}
{"ts":"2026-01-13T13:47:20.754","level":"debug","req":"96469c37","msg":"form_api: JSON output","ctx":{"bytes":3273}}
{"ts":"2026-01-13T13:47:22.052","level":"debug","req":"c36cafe8","msg":"form_api: JSON output","ctx":{"bytes":42684}}
{"ts":"2026-01-13T13:47:22.432","level":"debug","req":"37605e4c","msg":"form_api: JSON output","ctx":{"bytes":84872}}
{"ts":"2026-01-13T13:47:22.934","level":"debug","req":"570c556b","msg":"form_api: JSON output","ctx":{"bytes":129826}}
{"ts":"2026-01-13T13:47:24.486","level":"debug","req":"5cdaaf43","msg":"form_api: JSON output","ctx":{"bytes":3181}}
{"ts":"2026-01-13T13:47:25.475","level":"debug","req":"52445fa7","msg":"form_api: JSON output","ctx":{"bytes":129821}}
{"ts":"2026-01-13T13:47:27.261","level":"debug","req":"a51405ee","msg":"form_api: JSON output","ctx":{"bytes":129823}}
{"ts":"2026-01-13T13:47:28.578","level":"debug","req":"ed20ea9a","msg":"form_api: JSON output","ctx":{"bytes":129826}}
{"ts":"2026-01-13T13:47:29.573","level":"debug","req":"4527d1de","msg":"form_api: JSON output","ctx":{"bytes":119793}}
{"ts":"2026-01-13T13:47:31.158","level":"debug","req":"9d66563a","msg":"form_api: JSON output","ctx":{"bytes":87180}}
{"ts":"2026-01-13T13:47:34.078","level":"debug","req":"98d6e688","msg":"form_api: JSON output","ctx":{"bytes":83674}}
{"ts":"2026-01-13T13:47:34.721","level":"debug","req":"e58e29bc","msg":"form_api: JSON output","ctx":{"bytes":123379}}
{"ts":"2026-01-13T13:47:35.300","level":"debug","req":"f86768c5","msg":"form_api: JSON output","ctx":{"bytes":37521}}
{"ts":"2026-01-13T13:47:38.814","level":"debug","req":"79486bc5","msg":"form_api: JSON output","ctx":{"bytes":3287}}
{"ts":"2026-01-13T13:49:17.775","level":"debug","req":"5bc097fd","msg":"form_api: JSON output","ctx":{"bytes":111614}}
{"ts":"2026-01-13T13:49:18.238","level":"debug","req":"0ae89397","msg":"form_api: JSON output","ctx":{"bytes":111620}}
{"ts":"2026-01-13T13:49:19.795","level":"debug","req":"c8be848e","msg":"form_api: JSON output","ctx":{"bytes":3190}}
{"ts":"2026-01-13T13:49:20.295","level":"debug","req":"db402874","msg":"form_api: JSON output","ctx":{"bytes":3204}}
{"ts":"2026-01-13T13:49:21.068","level":"debug","req":"b60ad6ba","msg":"form_api: JSON output","ctx":{"bytes":142137}}
{"ts":"2026-01-13T13:49:21.582","level":"debug","req":"01425eea","msg":"form_api: JSON output","ctx":{"bytes":83234}}
{"ts":"2026-01-13T13:49:22.143","level":"debug","req":"5c32c857","msg":"form_api: JSON output","ctx":{"bytes":56727}}
{"ts":"2026-01-13T13:49:23.075","level":"debug","req":"623f4d96","msg":"form_api: JSON output","ctx":{"bytes":3207}}
{"ts":"2026-01-13T13:49:23.843","level":"debug","req":"16a64a1a","msg":"form_api: JSON output","ctx":{"bytes":123377}}
{"ts":"2026-01-13T13:49:25.183","level":"debug","req":"df789a9a","msg":"form_api: JSON output","ctx":{"bytes":3164}}
{"ts":"2026-01-13T13:49:25.911","level":"debug","req":"3c3a3cc1","msg":"form_api: JSON output","ctx":{"bytes":122701}}
{"ts":"2026-01-13T13:49:26.461","level":"debug","req":"8a60370e","msg":"form_api: JSON output","ctx":{"bytes":83087}}
{"ts":"2026-01-13T13:49:27.027","level":"debug","req":"7c3c4f05","msg":"form_api: JSON output","ctx":{"bytes":37491}}
{"ts":"2026-01-13T13:49:28.130","level":"debug","req":"cc0e41b8","msg":"form_api: JSON output","ctx":{"bytes":3189}}
{"ts":"2026-01-13T13:49:28.957","level":"debug","req":"2b6b064b","msg":"form_api: JSON output","ctx":{"bytes":129486}}
{"ts":"2026-01-13T13:49:29.525","level":"debug","req":"bac4adb7","msg":"form_api: JSON output","ctx":{"bytes":82804}}
{"ts":"2026-01-13T13:49:30.035","level":"debug","req":"54a715c9","msg":"form_api: JSON output","ctx":{"bytes":44506}}
{"ts":"2026-01-13T13:49:31.160","level":"debug","req":"872c7133","msg":"form_api: JSON output","ctx":{"bytes":3246}}
{"ts":"2026-01-13T13:49:32.589","level":"debug","req":"742683fc","msg":"form_api: JSON output","ctx":{"bytes":128461}}
{"ts":"2026-01-13T13:49:33.081","level":"debug","req":"32e1b81d","msg":"form_api: JSON output","ctx":{"bytes":82439}}
{"ts":"2026-01-13T13:49:33.567","level":"debug","req":"90fad94a","msg":"form_api: JSON output","ctx":{"bytes":43821}}
{"ts":"2026-01-13T13:49:39.466","level":"debug","req":"0dc93ffc","msg":"form_api: JSON output","ctx":{"bytes":2841}}
{"ts":"2026-01-13T13:49:40.036","level":"debug","req":"941d0d00","msg":"form_api: JSON output","ctx":{"bytes":2821}}
{"ts":"2026-01-13T13:49:42.217","level":"debug","req":"62bedca9","msg":"form_api: JSON output","ctx":{"bytes":1311}}
{"ts":"2026-01-13T13:49:44.090","level":"debug","req":"cf9ba4c9","msg":"FormDataProvider: Field","ctx":{"field":"Route_Omschrijving","bytes":4082,"last30hex":"3c2f6c693e0d0a093c6c693e266e6273703b3c2f6c693e0d0a3c2f756c3e"}}
{"ts":"2026-01-13T13:49:44.091","level":"debug","req":"cf9ba4c9","msg":"FormDataProvider: Record","ctx":{"field":"Route_Omschrijving","bytes":4082,"last30hex":"3c2f6c693e0d0a093c6c693e266e6273703b3c2f6c693e0d0a3c2f756c3e"}}
{"ts":"2026-01-13T13:49:44.092","level":"debug","req":"cf9ba4c9","msg":"form_api: Before json_encode","ctx":{"field":"Route_Omschrijving","bytes":4082,"last30hex":"3c2f6c693e0d0a093c6c693e266e6273703b3c2f6c693e0d0a3c2f756c3e"}}
{"ts":"2026-01-13T13:49:44.092","level":"debug","req":"cf9ba4c9","msg":"form_api: JSON output","ctx":{"bytes":5033}}
{"ts":"2026-01-13T13:49:45.529","level":"debug","req":"40274be9","msg":"FormDataProvider: Field","ctx":{"field":"Route_Omschrijving","bytes":4082,"last30hex":"3c2f6c693e0d0a093c6c693e266e6273703b3c2f6c693e0d0a3c2f756c3e"}}
{"ts":"2026-01-13T13:49:45.530","level":"debug","req":"40274be9","msg":"FormDataProvider: Record","ctx":{"field":"Route_Omschrijving","bytes":4082,"last30hex":"3c2f6c693e0d0a093c6c693e266e6273703b3c2f6c693e0d0a3c2f756c3e"}}
{"ts":"2026-01-13T13:49:45.535","level":"debug","req":"40274be9","msg":"form_api: Before json_encode","ctx":{"field":"Route_Omschrijving","bytes":4082,"last30hex":"3c2f6c693e0d0a093c6c693e266e6273703b3c2f6c693e0d0a3c2f756c3e"}}
{"ts":"2026-01-13T13:49:45.536","level":"debug","req":"40274be9","msg":"form_api: JSON output","ctx":{"bytes":5626}}
{"ts":"2026-01-13T13:49:48.011","level":"debug","req":"b481ab08","msg":"form_api: JSON output","ctx":{"bytes":1323}}
{"ts":"2026-01-13T13:49:54.375","level":"debug","req":"01f78a78","msg":"FormDataProvider: Field","ctx":{"field":"Route_Omschrijving","bytes":4082,"last30hex":"3c2f6c693e0d0a093c6c693e266e6273703b3c2f6c693e0d0a3c2f756c3e"}}
{"ts":"2026-01-13T13:49:54.376","level":"debug","req":"01f78a78","msg":"FormDataProvider: Record","ctx":{"field":"Route_Omschrijving","bytes":4082,"last30hex":"3c2f6c693e0d0a093c6c693e266e6273703b3c2f6c693e0d0a3c2f756c3e"}}
{"ts":"2026-01-13T13:49:54.381","level":"debug","req":"01f78a78","msg":"form_api: Before json_encode","ctx":{"field":"Route_Omschrijving","bytes":4082,"last30hex":"3c2f6c693e0d0a093c6c693e266e6273703b3c2f6c693e0d0a3c2f756c3e"}}
{"ts":"2026-01-13T13:49:54.382","level":"debug","req":"01f78a78","msg":"form_api: JSON output","ctx":{"bytes":5638}}
{"ts":"2026-01-13T13:50:06.057","level":"debug","req":"dcb1b8c9","msg":"FormDataProvider: Field","ctx":{"field":"Route_Omschrijving","bytes":4082,"last30hex":"3c2f6c693e0d0a093c6c693e266e6273703b3c2f6c693e0d0a3c2f756c3e"}}
{"ts":"2026-01-13T13:50:06.058","level":"debug","req":"dcb1b8c9","msg":"FormDataProvider: Record","ctx":{"field":"Route_Omschrijving","bytes":4082,"last30hex":"3c2f6c693e0d0a093c6c693e266e6273703b3c2f6c693e0d0a3c2f756c3e"}}
{"ts":"2026-01-13T13:50:06.064","level":"debug","req":"dcb1b8c9","msg":"form_api: Before json_encode","ctx":{"field":"Route_Omschrijving","bytes":4082,"last30hex":"3c2f6c693e0d0a093c6c693e266e6273703b3c2f6c693e0d0a3c2f756c3e"}}
{"ts":"2026-01-13T13:50:06.065","level":"debug","req":"dcb1b8c9","msg":"form_api: JSON output","ctx":{"bytes":5642}}
{"ts":"2026-01-13T13:50:33.504","level":"debug","req":"9a454887","msg":"form_api: JSON output","ctx":{"bytes":6189}}
{"ts":"2026-01-13T13:50:35.964","level":"debug","req":"604acb8d","msg":"form_api: JSON output","ctx":{"bytes":6177}}
{"ts":"2026-01-13T13:50:38.038","level":"debug","req":"a7443c07","msg":"form_api: JSON output","ctx":{"bytes":11748}}
{"ts":"2026-01-13T13:50:38.569","level":"debug","req":"82f07aa3","msg":"form_api: JSON output","ctx":{"bytes":11004}}
{"ts":"2026-01-13T13:50:42.095","level":"debug","req":"fbe74326","msg":"form_api: JSON output","ctx":{"bytes":2964}}
{"ts":"2026-01-13T13:50:42.635","level":"debug","req":"9902695c","msg":"form_api: JSON output","ctx":{"bytes":2949}}
{"ts":"2026-01-13T13:50:44.662","level":"debug","req":"65feac72","msg":"form_api: JSON output","ctx":{"bytes":1306}}
{"ts":"2026-01-13T13:50:51.298","level":"debug","req":"207fd0c3","msg":"form_api: JSON output","ctx":{"bytes":1308}}
{"ts":"2026-01-13T13:50:53.402","level":"debug","req":"ce06af8e","msg":"form_api: JSON output","ctx":{"bytes":1313}}
{"ts":"2026-01-13T13:50:55.394","level":"debug","req":"d5348596","msg":"form_api: JSON output","ctx":{"bytes":1316}}
{"ts":"2026-01-13T13:50:57.960","level":"debug","req":"173c5fd6","msg":"form_api: JSON output","ctx":{"bytes":1306}}
{"ts":"2026-01-13T13:53:06.208","level":"debug","req":"36f62e0d","msg":"form_api: JSON output","ctx":{"bytes":1314}}
{"ts":"2026-01-13T13:54:00.036","level":"debug","req":"ebfa8d31","msg":"form_api: JSON output","ctx":{"bytes":23787}}
{"ts":"2026-01-13T13:54:00.586","level":"debug","req":"7facb8d5","msg":"form_api: JSON output","ctx":{"bytes":18694}}
{"ts":"2026-01-13T13:54:00.991","level":"debug","req":"dbf0cc5c","msg":"form_api: JSON output","ctx":{"bytes":23790}}
{"ts":"2026-01-13T13:54:01.631","level":"debug","req":"e0d308a1","msg":"form_api: JSON output","ctx":{"bytes":17379}}
{"ts":"2026-01-13T13:54:02.068","level":"debug","req":"4cda7630","msg":"form_api: JSON output","ctx":{"bytes":1731}}
{"ts":"2026-01-13T13:54:03.281","level":"debug","req":"014a98d0","msg":"form_api: JSON output","ctx":{"bytes":2351}}
{"ts":"2026-01-13T13:54:04.772","level":"debug","req":"6b6b9aae","msg":"form_api: JSON output","ctx":{"bytes":1707}}
{"ts":"2026-01-13T13:54:05.190","level":"debug","req":"4365994f","msg":"form_api: JSON output","ctx":{"bytes":1620}}
{"ts":"2026-01-13T13:54:06.302","level":"debug","req":"491953ff","msg":"form_api: JSON output","ctx":{"bytes":2253}}
{"ts":"2026-01-13T13:54:12.631","level":"debug","req":"67f9045f","msg":"form_api: JSON output","ctx":{"bytes":2959}}
{"ts":"2026-01-13T13:54:13.157","level":"debug","req":"4044d1dd","msg":"form_api: JSON output","ctx":{"bytes":2950}}
{"ts":"2026-01-13T13:54:15.352","level":"debug","req":"55f97f48","msg":"form_api: JSON output","ctx":{"bytes":1306}}
{"ts":"2026-01-13T13:56:29.700","level":"debug","req":"361fa519","msg":"form_api: JSON output","ctx":{"bytes":2945}}
{"ts":"2026-01-13T13:56:30.151","level":"debug","req":"972be95b","msg":"form_api: JSON output","ctx":{"bytes":2942}}
{"ts":"2026-01-13T13:56:46.408","level":"debug","req":"321b921e","msg":"form_api: JSON output","ctx":{"bytes":1407}}
{"ts":"2026-01-13T13:57:50.926","level":"debug","req":"ea040216","msg":"form_api: JSON output","ctx":{"bytes":2949}}
{"ts":"2026-01-13T13:57:51.378","level":"debug","req":"033812ef","msg":"form_api: JSON output","ctx":{"bytes":2945}}
{"ts":"2026-01-13T13:58:15.592","level":"debug","req":"3118ca6e","msg":"form_api: JSON output","ctx":{"bytes":1402}}
{"ts":"2026-01-13T13:59:09.057","level":"debug","req":"9bf392e6","msg":"form_api: JSON output","ctx":{"bytes":1422}}
{"ts":"2026-01-13T14:00:18.773","level":"debug","req":"7606efc3","msg":"form_api: JSON output","ctx":{"bytes":1422}}
{"ts":"2026-01-13T14:02:22.337","level":"debug","req":"ad43f828","msg":"form_api: JSON output","ctx":{"bytes":2942}}
{"ts":"2026-01-13T14:02:22.809","level":"debug","req":"09fa1950","msg":"form_api: JSON output","ctx":{"bytes":2964}}
{"ts":"2026-01-13T14:02:28.602","level":"debug","req":"e4362860","msg":"form_api: JSON output","ctx":{"bytes":1407}}
{"ts":"2026-01-13T14:02:35.649","level":"debug","req":"e85e1702","msg":"form_api: JSON output","ctx":{"bytes":1424}}
{"ts":"2026-01-13T14:02:39.225","level":"debug","req":"77c3724e","msg":"form_api: JSON output","ctx":{"bytes":1416}}
{"ts":"2026-01-13T14:02:42.415","level":"debug","req":"402b9b36","msg":"form_api: JSON output","ctx":{"bytes":1404}}
{"ts":"2026-01-13T14:12:23.293","level":"debug","req":"b826eb20","msg":"form_api: JSON output","ctx":{"bytes":5508}}
{"ts":"2026-01-13T14:12:23.793","level":"debug","req":"0d1737e6","msg":"form_api: JSON output","ctx":{"bytes":111639}}
{"ts":"2026-01-13T14:12:24.353","level":"debug","req":"50a3bc26","msg":"form_api: JSON output","ctx":{"bytes":5533}}
{"ts":"2026-01-13T14:12:24.864","level":"debug","req":"24efdc9a","msg":"form_api: JSON output","ctx":{"bytes":111650}}
{"ts":"2026-01-13T14:12:26.010","level":"debug","req":"973f55b6","msg":"form_api: JSON output","ctx":{"bytes":124956}}
{"ts":"2026-01-13T14:12:27.236","level":"debug","req":"34409ab0","msg":"form_api: JSON output","ctx":{"bytes":124283}}
{"ts":"2026-01-13T14:12:28.485","level":"debug","req":"47b31967","msg":"form_api: JSON output","ctx":{"bytes":124280}}
{"ts":"2026-01-13T14:12:28.994","level":"debug","req":"c9f393ba","msg":"form_api: JSON output","ctx":{"bytes":83298}}
{"ts":"2026-01-13T14:12:29.371","level":"debug","req":"86a5fc7a","msg":"form_api: JSON output","ctx":{"bytes":38750}}
{"ts":"2026-01-13T14:12:30.996","level":"debug","req":"52b7ff6d","msg":"form_api: JSON output","ctx":{"bytes":124934}}
{"ts":"2026-01-13T14:12:33.943","level":"debug","req":"6a93edc6","msg":"form_api: JSON output","ctx":{"bytes":124949}}
{"ts":"2026-01-13T14:12:34.406","level":"debug","req":"24845959","msg":"form_api: JSON output","ctx":{"bytes":83920}}
{"ts":"2026-01-13T14:12:34.969","level":"debug","req":"fe58644b","msg":"form_api: JSON output","ctx":{"bytes":38784}}
{"ts":"2026-01-13T14:12:36.250","level":"debug","req":"0d0037af","msg":"form_api: JSON output","ctx":{"bytes":87225}}
{"ts":"2026-01-13T14:12:38.419","level":"debug","req":"a1f49cae","msg":"form_api: JSON output","ctx":{"bytes":87229}}
{"ts":"2026-01-13T14:12:38.845","level":"debug","req":"c40764dd","msg":"form_api: JSON output","ctx":{"bytes":76173}}
{"ts":"2026-01-13T14:12:39.407","level":"debug","req":"e98406b2","msg":"form_api: JSON output","ctx":{"bytes":9242}}
{"ts":"2026-01-13T14:14:45.608","level":"debug","req":"9eb65b7c","msg":"form_api: JSON output","ctx":{"bytes":139722}}
{"ts":"2026-01-13T14:14:47.005","level":"debug","req":"fa596ec9","msg":"form_api: JSON output","ctx":{"bytes":88791}}
{"ts":"2026-01-13T14:14:47.743","level":"debug","req":"af4c30a4","msg":"form_api: JSON output","ctx":{"bytes":60981}}
{"ts":"2026-01-13T14:14:48.240","level":"debug","req":"5743cdee","msg":"form_api: JSON output","ctx":{"bytes":50605}}
{"ts":"2026-01-13T14:14:48.656","level":"debug","req":"4b6d0f49","msg":"form_api: JSON output","ctx":{"bytes":60995}}
{"ts":"2026-01-13T14:14:49.197","level":"debug","req":"b90237f9","msg":"form_api: JSON output","ctx":{"bytes":50599}}
{"ts":"2026-01-13T14:14:51.989","level":"debug","req":"b78b7e60","msg":"form_api: JSON output","ctx":{"bytes":66676}}
{"ts":"2026-01-13T14:14:52.511","level":"debug","req":"1050e92a","msg":"form_api: JSON output","ctx":{"bytes":66699}}
{"ts":"2026-01-13T14:14:53.316","level":"debug","req":"f176a889","msg":"form_api: JSON output","ctx":{"bytes":2472}}
{"ts":"2026-01-13T14:14:54.188","level":"debug","req":"d85bff8c","msg":"form_api: JSON output","ctx":{"bytes":2470}}
{"ts":"2026-01-13T14:14:55.520","level":"debug","req":"aa1709f2","msg":"form_api: JSON output","ctx":{"bytes":2453}}
{"ts":"2026-01-13T14:14:56.052","level":"debug","req":"56b8c69c","msg":"form_api: JSON output","ctx":{"bytes":1663}}
{"ts":"2026-01-13T14:15:01.082","level":"debug","req":"d21faa8e","msg":"form_api: JSON output","ctx":{"bytes":2467}}
{"ts":"2026-01-13T14:15:15.380","level":"debug","req":"8541d77b","msg":"form_api: JSON output","ctx":{"bytes":2448}}
{"ts":"2026-01-13T14:15:15.939","level":"debug","req":"1435e4fb","msg":"form_api: JSON output","ctx":{"bytes":2492}}
{"ts":"2026-01-13T14:15:19.758","level":"debug","req":"66e29c1a","msg":"form_api: JSON output","ctx":{"bytes":2469}}
{"ts":"2026-01-13T14:15:20.174","level":"debug","req":"43a1bbd5","msg":"form_api: JSON output","ctx":{"bytes":1655}}
{"ts":"2026-01-13T14:15:24.113","level":"debug","req":"01628444","msg":"form_api: JSON output","ctx":{"bytes":2482}}
{"ts":"2026-01-13T14:15:26.094","level":"debug","req":"c2065b23","msg":"form_api: JSON output","ctx":{"bytes":2479}}
{"ts":"2026-01-13T14:15:26.578","level":"debug","req":"63401466","msg":"form_api: JSON output","ctx":{"bytes":1661}}
{"ts":"2026-01-13T14:15:28.163","level":"debug","req":"1c75e977","msg":"form_api: JSON output","ctx":{"bytes":2477}}
{"ts":"2026-01-13T14:15:29.540","level":"debug","req":"f2925841","msg":"form_api: JSON output","ctx":{"bytes":2483}}
{"ts":"2026-01-13T14:15:30.081","level":"debug","req":"13c21271","msg":"form_api: JSON output","ctx":{"bytes":1661}}
{"ts":"2026-01-13T14:15:32.330","level":"debug","req":"5d726ce4","msg":"form_api: JSON output","ctx":{"bytes":2454}}
{"ts":"2026-01-13T14:15:33.623","level":"debug","req":"8d9d6802","msg":"form_api: JSON output","ctx":{"bytes":2454}}
{"ts":"2026-01-13T14:15:34.163","level":"debug","req":"441e9759","msg":"form_api: JSON output","ctx":{"bytes":1657}}
{"ts":"2026-01-13T14:18:06.605","level":"debug","req":"88c3747e","msg":"form_api: JSON output","ctx":{"bytes":2451}}
{"ts":"2026-01-13T14:18:07.188","level":"debug","req":"eb7fda05","msg":"form_api: JSON output","ctx":{"bytes":2463}}
{"ts":"2026-01-13T14:18:08.590","level":"debug","req":"a98dc98a","msg":"form_api: JSON output","ctx":{"bytes":2445}}
{"ts":"2026-01-13T14:18:08.934","level":"debug","req":"832dd310","msg":"form_api: JSON output","ctx":{"bytes":1659}}
{"ts":"2026-01-13T14:18:11.482","level":"debug","req":"727c91ea","msg":"form_api: JSON output","ctx":{"bytes":2463}}
{"ts":"2026-01-13T14:18:11.986","level":"debug","req":"d62ea76a","msg":"form_api: JSON output","ctx":{"bytes":1655}}
{"ts":"2026-01-13T14:18:12.787","level":"debug","req":"f1f8a091","msg":"form_api: JSON output","ctx":{"bytes":2481}}
{"ts":"2026-01-13T14:18:16.720","level":"debug","req":"cc946b4a","msg":"form_api: JSON output","ctx":{"bytes":66748}}
{"ts":"2026-01-13T14:18:17.301","level":"debug","req":"ea99ea13","msg":"form_api: JSON output","ctx":{"bytes":66760}}
{"ts":"2026-01-13T14:18:27.517","level":"debug","req":"5636d182","msg":"form_api: JSON output","ctx":{"bytes":2461}}
{"ts":"2026-01-13T14:18:28.687","level":"debug","req":"b47d78af","msg":"form_api: JSON output","ctx":{"bytes":2485}}
{"ts":"2026-01-13T14:18:29.101","level":"debug","req":"691e4cf3","msg":"form_api: JSON output","ctx":{"bytes":1675}}
{"ts":"2026-01-13T14:18:29.729","level":"debug","req":"777907a2","msg":"form_api: JSON output","ctx":{"bytes":2475}}
{"ts":"2026-01-13T14:18:31.079","level":"debug","req":"9551a0de","msg":"form_api: JSON output","ctx":{"bytes":2453}}
{"ts":"2026-01-13T14:18:31.507","level":"debug","req":"7c775456","msg":"form_api: JSON output","ctx":{"bytes":1659}}
{"ts":"2026-01-13T14:18:34.118","level":"debug","req":"685d7cbe","msg":"form_api: JSON output","ctx":{"bytes":2471}}
{"ts":"2026-01-13T14:18:35.405","level":"debug","req":"d569f3e4","msg":"form_api: JSON output","ctx":{"bytes":2457}}
{"ts":"2026-01-13T14:18:36.617","level":"debug","req":"3f92ccb8","msg":"form_api: JSON output","ctx":{"bytes":2453}}
{"ts":"2026-01-13T14:18:37.164","level":"debug","req":"0049d12d","msg":"form_api: JSON output","ctx":{"bytes":1657}}
{"ts":"2026-01-13T14:18:39.408","level":"debug","req":"02aceaa7","msg":"form_api: JSON output","ctx":{"bytes":2839}}
{"ts":"2026-01-13T14:18:39.942","level":"debug","req":"da381da8","msg":"form_api: JSON output","ctx":{"bytes":2823}}
{"ts":"2026-01-13T14:18:40.850","level":"debug","req":"6cc0abf1","msg":"form_api: JSON output","ctx":{"bytes":1409}}
{"ts":"2026-01-13T14:18:42.116","level":"debug","req":"40a254b8","msg":"form_api: JSON output","ctx":{"bytes":1429}}
{"ts":"2026-01-13T14:18:44.769","level":"debug","req":"bc151b21","msg":"FormDataProvider: Field","ctx":{"field":"Route_Omschrijving","bytes":4082,"last30hex":"3c2f6c693e0d0a093c6c693e266e6273703b3c2f6c693e0d0a3c2f756c3e"}}
{"ts":"2026-01-13T14:18:44.769","level":"debug","req":"bc151b21","msg":"FormDataProvider: Record","ctx":{"field":"Route_Omschrijving","bytes":4082,"last30hex":"3c2f6c693e0d0a093c6c693e266e6273703b3c2f6c693e0d0a3c2f756c3e"}}
{"ts":"2026-01-13T14:18:44.773","level":"debug","req":"bc151b21","msg":"form_api: Before json_encode","ctx":{"field":"Route_Omschrijving","bytes":4082,"last30hex":"3c2f6c693e0d0a093c6c693e266e6273703b3c2f6c693e0d0a3c2f756c3e"}}
{"ts":"2026-01-13T14:18:44.773","level":"debug","req":"bc151b21","msg":"form_api: JSON output","ctx":{"bytes":5724}}
{"ts":"2026-01-13T14:18:45.870","level":"debug","req":"f52e6610","msg":"FormDataProvider: Field","ctx":{"field":"Route_Omschrijving","bytes":4082,"last30hex":"3c2f6c693e0d0a093c6c693e266e6273703b3c2f6c693e0d0a3c2f756c3e"}}
{"ts":"2026-01-13T14:18:45.871","level":"debug","req":"f52e6610","msg":"FormDataProvider: Record","ctx":{"field":"Route_Omschrijving","bytes":4082,"last30hex":"3c2f6c693e0d0a093c6c693e266e6273703b3c2f6c693e0d0a3c2f756c3e"}}
{"ts":"2026-01-13T14:18:45.876","level":"debug","req":"f52e6610","msg":"form_api: Before json_encode","ctx":{"field":"Route_Omschrijving","bytes":4082,"last30hex":"3c2f6c693e0d0a093c6c693e266e6273703b3c2f6c693e0d0a3c2f756c3e"}}
{"ts":"2026-01-13T14:18:45.877","level":"debug","req":"f52e6610","msg":"form_api: JSON output","ctx":{"bytes":5738}}
{"ts":"2026-01-13T14:18:53.600","level":"debug","req":"699e3521","msg":"form_api: JSON output","ctx":{"bytes":2835}}
{"ts":"2026-01-13T14:18:54.032","level":"debug","req":"b30803dd","msg":"form_api: JSON output","ctx":{"bytes":2819}}
{"ts":"2026-01-13T14:18:54.711","level":"debug","req":"7389bcfc","msg":"FormDataProvider: Field","ctx":{"field":"Route_Omschrijving","bytes":4082,"last30hex":"3c2f6c693e0d0a093c6c693e266e6273703b3c2f6c693e0d0a3c2f756c3e"}}
{"ts":"2026-01-13T14:18:54.712","level":"debug","req":"7389bcfc","msg":"FormDataProvider: Record","ctx":{"field":"Route_Omschrijving","bytes":4082,"last30hex":"3c2f6c693e0d0a093c6c693e266e6273703b3c2f6c693e0d0a3c2f756c3e"}}
{"ts":"2026-01-13T14:18:54.719","level":"debug","req":"7389bcfc","msg":"form_api: Before json_encode","ctx":{"field":"Route_Omschrijving","bytes":4082,"last30hex":"3c2f6c693e0d0a093c6c693e266e6273703b3c2f6c693e0d0a3c2f756c3e"}}
{"ts":"2026-01-13T14:18:54.719","level":"debug","req":"7389bcfc","msg":"form_api: JSON output","ctx":{"bytes":5742}}
{"ts":"2026-01-13T14:18:56.022","level":"debug","req":"98be5133","msg":"FormDataProvider: Field","ctx":{"field":"Route_Omschrijving","bytes":4082,"last30hex":"3c2f6c693e0d0a093c6c693e266e6273703b3c2f6c693e0d0a3c2f756c3e"}}
{"ts":"2026-01-13T14:18:56.023","level":"debug","req":"98be5133","msg":"FormDataProvider: Record","ctx":{"field":"Route_Omschrijving","bytes":4082,"last30hex":"3c2f6c693e0d0a093c6c693e266e6273703b3c2f6c693e0d0a3c2f756c3e"}}
{"ts":"2026-01-13T14:18:56.026","level":"debug","req":"98be5133","msg":"form_api: Before json_encode","ctx":{"field":"Route_Omschrijving","bytes":4082,"last30hex":"3c2f6c693e0d0a093c6c693e266e6273703b3c2f6c693e0d0a3c2f756c3e"}}
{"ts":"2026-01-13T14:18:56.026","level":"debug","req":"98be5133","msg":"form_api: JSON output","ctx":{"bytes":5740}}
{"ts":"2026-01-13T14:19:35.706","level":"debug","req":"7b3d8dfb","msg":"form_api: JSON output","ctx":{"bytes":128087}}
{"ts":"2026-01-13T14:19:36.211","level":"debug","req":"d94294ee","msg":"form_api: JSON output","ctx":{"bytes":112255}}
{"ts":"2026-01-13T14:19:36.659","level":"debug","req":"6c2406f8","msg":"form_api: JSON output","ctx":{"bytes":112236}}
{"ts":"2026-01-13T14:19:37.574","level":"debug","req":"66afe17f","msg":"form_api: JSON output","ctx":{"bytes":133619}}
{"ts":"2026-01-13T14:19:39.012","level":"debug","req":"9583f3d4","msg":"form_api: JSON output","ctx":{"bytes":133624}}
{"ts":"2026-01-13T14:19:39.560","level":"debug","req":"1f86cc30","msg":"form_api: JSON output","ctx":{"bytes":122843}}
{"ts":"2026-01-13T14:19:40.102","level":"debug","req":"3bda7eec","msg":"form_api: JSON output","ctx":{"bytes":9498}}
{"ts":"2026-01-13T14:19:40.674","level":"debug","req":"ec97d71e","msg":"form_api: JSON output","ctx":{"bytes":133633}}
{"ts":"2026-01-13T14:19:52.557","level":"debug","req":"80689004","msg":"form_api: JSON output","ctx":{"bytes":112233}}
{"ts":"2026-01-13T14:19:53.527","level":"debug","req":"d8383523","msg":"form_api: JSON output","ctx":{"bytes":112255}}
{"ts":"2026-01-13T14:19:54.263","level":"debug","req":"9de56469","msg":"form_api: JSON output","ctx":{"bytes":133614}}
{"ts":"2026-01-13T14:20:03.867","level":"debug","req":"3f450b42","msg":"form_api: JSON output","ctx":{"bytes":111641}}
{"ts":"2026-01-13T14:20:04.429","level":"debug","req":"b04e95b9","msg":"form_api: JSON output","ctx":{"bytes":111621}}
{"ts":"2026-01-13T14:20:05.416","level":"debug","req":"a2adfc7d","msg":"form_api: JSON output","ctx":{"bytes":106028}}
{"ts":"2026-01-13T14:20:07.031","level":"debug","req":"c8636799","msg":"form_api: JSON output","ctx":{"bytes":106026}}
{"ts":"2026-01-13T14:20:07.617","level":"debug","req":"40c1154f","msg":"form_api: JSON output","ctx":{"bytes":94997}}
{"ts":"2026-01-13T14:20:08.157","level":"debug","req":"4f9a73b8","msg":"form_api: JSON output","ctx":{"bytes":9229}}
{"ts":"2026-01-13T14:20:08.818","level":"debug","req":"af216132","msg":"form_api: JSON output","ctx":{"bytes":106034}}
{"ts":"2026-01-13T14:20:19.508","level":"debug","req":"9c067be5","msg":"form_api: JSON output","ctx":{"bytes":28013}}
{"ts":"2026-01-13T14:20:20.264","level":"debug","req":"8c88ee58","msg":"form_api: JSON output","ctx":{"bytes":68671}}
{"ts":"2026-01-13T14:20:20.853","level":"debug","req":"9360b2d8","msg":"form_api: JSON output","ctx":{"bytes":2304}}
{"ts":"2026-01-13T14:20:21.611","level":"debug","req":"d07e4103","msg":"form_api: JSON output","ctx":{"bytes":79615}}
{"ts":"2026-01-13T14:20:23.767","level":"debug","req":"c07eac21","msg":"form_api: JSON output","ctx":{"bytes":217420}}
{"ts":"2026-01-13T14:20:24.508","level":"debug","req":"0f069abc","msg":"form_api: JSON output","ctx":{"bytes":151070}}
{"ts":"2026-01-13T14:20:25.152","level":"debug","req":"2007542f","msg":"form_api: JSON output","ctx":{"bytes":79605}}
{"ts":"2026-01-13T14:20:27.972","level":"debug","req":"f6d7366d","msg":"form_api: JSON output","ctx":{"bytes":1845}}
{"ts":"2026-01-13T14:20:33.070","level":"debug","req":"8e95744b","msg":"form_api: JSON output","ctx":{"bytes":1834}}
{"ts":"2026-01-13T14:20:36.165","level":"debug","req":"f3b96ae4","msg":"form_api: JSON output","ctx":{"bytes":1786}}
{"ts":"2026-01-13T14:21:47.273","level":"debug","req":"49364394","msg":"form_api: JSON output","ctx":{"bytes":217345}}
{"ts":"2026-01-13T14:21:47.785","level":"debug","req":"c6d10ee5","msg":"form_api: JSON output","ctx":{"bytes":151006}}
{"ts":"2026-01-13T14:21:48.462","level":"debug","req":"5a6bb052","msg":"form_api: JSON output","ctx":{"bytes":150583}}
{"ts":"2026-01-13T14:31:08.091","level":"debug","req":"ec766875","msg":"form_api: JSON output","ctx":{"bytes":111618}}
{"ts":"2026-01-13T14:31:09.029","level":"debug","req":"7be72440","msg":"form_api: JSON output","ctx":{"bytes":111635}}
{"ts":"2026-01-13T14:31:09.970","level":"debug","req":"672c2680","msg":"form_api: JSON output","ctx":{"bytes":106027}}
{"ts":"2026-01-13T14:31:10.532","level":"debug","req":"68486f52","msg":"form_api: JSON output","ctx":{"bytes":94997}}
{"ts":"2026-01-13T14:31:11.101","level":"debug","req":"561629cc","msg":"form_api: JSON output","ctx":{"bytes":9232}}
{"ts":"2026-01-13T14:31:13.268","level":"debug","req":"c4f688fb","msg":"form_api: JSON output","ctx":{"bytes":143862}}
{"ts":"2026-01-13T14:31:13.951","level":"debug","req":"1509cb06","msg":"form_api: JSON output","ctx":{"bytes":127846}}
{"ts":"2026-01-13T14:31:15.139","level":"debug","req":"bed4432d","msg":"form_api: JSON output","ctx":{"bytes":84213}}
{"ts":"2026-01-13T14:31:15.717","level":"debug","req":"1f558b4d","msg":"form_api: JSON output","ctx":{"bytes":41307}}
{"ts":"2026-01-13T14:31:16.409","level":"debug","req":"5090145f","msg":"form_api: JSON output","ctx":{"bytes":127861}}
{"ts":"2026-01-13T14:31:19.605","level":"debug","req":"13ed2f54","msg":"form_api: JSON output","ctx":{"bytes":129851}}
{"ts":"2026-01-13T14:31:43.496","level":"debug","req":"9d6d88e7","msg":"form_api: JSON output","ctx":{"bytes":124933}}
{"ts":"2026-01-13T14:31:45.930","level":"debug","req":"95d687a9","msg":"form_api: JSON output","ctx":{"bytes":111623}}
{"ts":"2026-01-13T14:31:46.486","level":"debug","req":"576132dc","msg":"form_api: JSON output","ctx":{"bytes":111619}}
{"ts":"2026-01-13T14:31:48.005","level":"debug","req":"252e6108","msg":"form_api: JSON output","ctx":{"bytes":139755}}
{"ts":"2026-01-13T14:31:49.353","level":"debug","req":"05041182","msg":"form_api: JSON output","ctx":{"bytes":85086}}
{"ts":"2026-01-13T14:31:49.939","level":"debug","req":"cc9c7396","msg":"form_api: JSON output","ctx":{"bytes":52405}}
{"ts":"2026-01-13T14:31:50.508","level":"debug","req":"78cd5855","msg":"form_api: JSON output","ctx":{"bytes":139754}}
{"ts":"2026-01-13T14:31:51.537","level":"debug","req":"7bedc0ad","msg":"form_api: JSON output","ctx":{"bytes":139742}}
