{"ts":"2026-01-25T13:57:51.693","level":"debug","req":"cbb8b675","msg":"form_api: JSON output","ctx":{"bytes":60450}}
{"ts":"2026-01-25T13:57:52.190","level":"debug","req":"72ddda19","msg":"form_api: JSON output","ctx":{"bytes":79357}}
{"ts":"2026-01-25T13:57:52.541","level":"debug","req":"a50fca77","msg":"form_api: JSON output","ctx":{"bytes":79357}}
{"ts":"2026-01-25T13:57:57.678","level":"debug","req":"2e6ade69","msg":"form_api: JSON output","ctx":{"bytes":60450}}
{"ts":"2026-01-25T13:58:24.278","level":"debug","req":"914d3e1d","msg":"form_api: JSON output","ctx":{"bytes":60450}}
{"ts":"2026-01-25T13:59:18.547","level":"debug","req":"235bfa87","msg":"form_api: JSON output","ctx":{"bytes":4898}}
{"ts":"2026-01-25T13:59:18.807","level":"debug","req":"bfd1efce","msg":"form_api: JSON output","ctx":{"bytes":73882}}
{"ts":"2026-01-25T13:59:19.033","level":"debug","req":"9ae04813","msg":"form_api: JSON output","ctx":{"bytes":73882}}
{"ts":"2026-01-25T13:59:19.297","level":"debug","req":"99efc2bd","msg":"form_api: JSON output","ctx":{"bytes":4898}}
{"ts":"2026-01-25T13:59:20.353","level":"debug","req":"cae3440e","msg":"form_api: JSON output","ctx":{"bytes":2755}}
{"ts":"2026-01-25T13:59:21.009","level":"debug","req":"c03a6fca","msg":"form_api: JSON output","ctx":{"bytes":4898}}
{"ts":"2026-01-25T13:59:21.248","level":"debug","req":"eb9ebd6f","msg":"form_api: JSON output","ctx":{"bytes":2269}}
{"ts":"2026-01-25T13:59:21.501","level":"debug","req":"e4166cd8","msg":"form_api: JSON output","ctx":{"bytes":21537}}
{"ts":"2026-01-25T13:59:21.878","level":"debug","req":"34356ebc","msg":"form_api: JSON output","ctx":{"bytes":5462}}
{"ts":"2026-01-25T14:02:51.922","level":"debug","req":"5d3b379b","msg":"form_api: JSON output","ctx":{"bytes":73882}}
{"ts":"2026-01-25T14:02:52.158","level":"debug","req":"9b4c061a","msg":"form_api: JSON output","ctx":{"bytes":73882}}
{"ts":"2026-01-25T14:02:53.190","level":"debug","req":"354ccaa9","msg":"form_api: JSON output","ctx":{"bytes":2269}}
{"ts":"2026-01-25T14:02:53.526","level":"debug","req":"46cdcfdd","msg":"form_api: JSON output","ctx":{"bytes":21537}}
{"ts":"2026-01-25T14:02:54.006","level":"debug","req":"84ae55ed","msg":"form_api: JSON output","ctx":{"bytes":5462}}
{"ts":"2026-01-25T14:03:06.038","level":"debug","req":"3132f866","msg":"form_api: JSON output","ctx":{"bytes":2832}}
{"ts":"2026-01-25T14:03:06.590","level":"debug","req":"96ee28b1","msg":"form_api: JSON output","ctx":{"bytes":2524}}
{"ts":"2026-01-25T14:03:08.146","level":"debug","req":"72d3e8c8","msg":"form_api: JSON output","ctx":{"bytes":2731}}
{"ts":"2026-01-25T14:03:28.875","level":"debug","req":"9354c1e4","msg":"form_api: JSON output","ctx":{"bytes":2728}}
{"ts":"2026-01-25T14:03:30.673","level":"debug","req":"e0c6b0ff","msg":"form_api: JSON output","ctx":{"bytes":2310}}
{"ts":"2026-01-25T14:03:31.481","level":"debug","req":"f7f43798","msg":"form_api: JSON output","ctx":{"bytes":2865}}
{"ts":"2026-01-25T14:03:56.773","level":"debug","req":"092b6ff8","msg":"form_api: JSON output","ctx":{"bytes":2815}}
{"ts":"2026-01-25T14:03:57.051","level":"debug","req":"895ec18f","msg":"form_api: JSON output","ctx":{"bytes":2725}}
{"ts":"2026-01-25T14:03:57.332","level":"debug","req":"b6f17c38","msg":"form_api: JSON output","ctx":{"bytes":2733}}
{"ts":"2026-01-25T14:03:58.657","level":"debug","req":"cd4fd7a9","msg":"form_api: JSON output","ctx":{"bytes":2733}}
{"ts":"2026-01-25T14:03:58.961","level":"debug","req":"88014263","msg":"form_api: JSON output","ctx":{"bytes":4898}}
{"ts":"2026-01-25T14:03:59.248","level":"debug","req":"161afa0f","msg":"form_api: JSON output","ctx":{"bytes":9051}}
{"ts":"2026-01-25T14:03:59.656","level":"debug","req":"43e97bcd","msg":"form_api: JSON output","ctx":{"bytes":17398}}
{"ts":"2026-01-25T14:06:04.716","level":"debug","req":"a8c79678","msg":"form_api: JSON output","ctx":{"bytes":2269}}
{"ts":"2026-01-25T14:06:07.203","level":"debug","req":"d65950f5","msg":"form_api: JSON output","ctx":{"bytes":4898}}
{"ts":"2026-01-25T14:06:09.097","level":"debug","req":"7e4e630e","msg":"form_api: JSON output","ctx":{"bytes":73817}}
{"ts":"2026-01-25T14:06:10.780","level":"debug","req":"86943ebd","msg":"form_api: JSON output","ctx":{"bytes":127511}}
{"ts":"2026-01-25T14:06:11.064","level":"debug","req":"3ae5f5df","msg":"form_api: JSON output","ctx":{"bytes":134243}}
{"ts":"2026-01-25T14:06:11.382","level":"debug","req":"640182f8","msg":"form_api: JSON output","ctx":{"bytes":127511}}
{"ts":"2026-01-25T14:06:11.684","level":"debug","req":"36297e96","msg":"form_api: JSON output","ctx":{"bytes":134245}}
{"ts":"2026-01-25T14:06:11.904","level":"debug","req":"e3d44225","msg":"form_api: JSON output","ctx":{"bytes":7968}}
{"ts":"2026-01-25T14:06:12.352","level":"debug","req":"431237e4","msg":"form_api: JSON output","ctx":{"bytes":1592}}
{"ts":"2026-01-25T14:06:12.689","level":"debug","req":"9b2097f4","msg":"form_api: JSON output","ctx":{"bytes":7663}}
{"ts":"2026-01-25T14:06:13.281","level":"error","req":"2cfb6832","msg":"Subform configuration error: parentField is empty and SQL has no [id] placeholder","ctx":{"parentFormId":"rooster","subformName":"Docenten","subformIndex":1,"jsonFormName":"rooster_docenten","parentId":"3536","sql":"SELECT tblDocentenPerAgendapunt.ID, tblDocenten.VolledigeNaam as Naam,  bVoorlopig as Voorlopig, iif(tblDocentenPerAgendapunt.blnEvaluatie=true,\"Ja\" & iif(tblDocentenPerAgendapunt.bBlokkeerEvaluatie=True,\" (geblokkeerd)\",\"\") ,\"Nee\")  as Evaluatie, tblDocentenPerAgendapunt.EersteBijeenkomstMail as [Stuur voorbereidingsmail] \r\nFROM tblDocenten INNER JOIN tblDocentenPerAgendapunt ON tblDocenten.ID = tblDocentenPerAgendapunt.fkDocent\r\nORDER BY tblDocenten.Achternaam"},"url":"/cma/form_api.php?action=subforms&form=rooster&ParentID=3536&indices=1,2,3,4","method":"GET","ip":"172.29.208.1"}
{"ts":"2026-01-25T14:06:13.304","level":"error","req":"2cfb6832","msg":"Subform configuration error: parentField is empty and SQL has no [id] placeholder","ctx":{"parentFormId":"rooster","subformName":"Evaluatie verzoeken","subformIndex":4,"jsonFormName":"rooster_evaluatie_verzoeken","parentId":"3536","sql":"SELECT tblEvalDeelname.ID, tblDeelnemers.VolledigeNaam AS Deelnemer, tblDocenten.VolledigeNaam AS Docent, tblEvalDocument.Naam AS SoortEvaluatie, lcase(format(tblEvalDeelname.datum_verzonden,'dd MMM yyyy')) as Datum_Verzonden, lcase(format(tblEvalDeelname.datum_reminder,'dd MMM yyyy')) as Datum_Reminder, lcase(format(tblEvalDeelname.datum_ingevuld,'dd MMM yyyy')) as Datum_Ingevuld\r\nFROM tblEvalDocument INNER JOIN (tblDocenten RIGHT JOIN (tblDeelnemers RIGHT JOIN tblEvalDeelname ON tblDeelnemers.ID = tblEvalDeelname.fkDeelnemer) ON tblDocenten.ID = tblEvalDeelname.fkDocent) ON tblEvalDocument.ID = tblEvalDeelname.fkEvalDocument\r\nORDER BY  tblEvalDocument.Naam, tblDeelnemers.VolledigeNaam, tblDocenten.VolledigeNaam;"},"url":"/cma/form_api.php?action=subforms&form=rooster&ParentID=3536&indices=1,2,3,4","method":"GET","ip":"172.29.208.1"}
{"ts":"2026-01-25T14:06:13.305","level":"debug","req":"2cfb6832","msg":"form_api: JSON output","ctx":{"bytes":2057}}
{"ts":"2026-01-25T16:52:19.791","level":"debug","req":"3f816f5a","msg":"form_api: JSON output","ctx":{"bytes":127511}}
{"ts":"2026-01-25T16:52:20.140","level":"debug","req":"f72c9943","msg":"form_api: JSON output","ctx":{"bytes":8035}}
{"ts":"2026-01-25T16:52:20.718","level":"debug","req":"6ee153fd","msg":"form_api: JSON output","ctx":{"bytes":127511}}
{"ts":"2026-01-25T16:52:20.959","level":"debug","req":"94013983","msg":"form_api: JSON output","ctx":{"bytes":8033}}
{"ts":"2026-01-25T16:52:21.927","level":"debug","req":"b907cb12","msg":"form_api: JSON output","ctx":{"bytes":127511}}
{"ts":"2026-01-25T16:52:22.204","level":"debug","req":"9e010829","msg":"form_api: JSON output","ctx":{"bytes":1592}}
{"ts":"2026-01-25T16:52:22.939","level":"debug","req":"4d205d4e","msg":"form_api: JSON output","ctx":{"bytes":7663}}
{"ts":"2026-01-25T16:52:23.515","level":"error","req":"304889d6","msg":"Subform table query failed","ctx":{"error":"<div class=\"db-error-diagnostic\"><strong>Database veld niet gevonden</strong><br><br><b>Velden:</b> <code>fkAgenda</code>, <code>VolledigeNaam</code><br><b>Tabel:</b> <code>tblEvalDocument</code></div><details><summary>Technische details</summary><div><b>Beschikbare velden:</b><br><code>ID, fkEvalTemplate, fkEvalType, Naam, Sortorder, bStandaardIntro, Intro, nStandaardResponseTermijn, nEvaluatieSluitNa, bHoofddocentRapportage, guid, bActive</code><br><br><b>SQL:</b><pre>SELECT TOP 500 tblEvalDeelname.ID, tblDeelnemers.VolledigeNaam AS Deelnemer, tblDocenten.VolledigeNaam AS Docent, tblEvalDocument.Naam AS SoortEvaluatie, lcase(format(tblEvalDeelname.datum_verzonden,&#039;dd MMM yyyy&#039;)) as Datum_Verzonden, lcase(format(tblEvalDeelname.datum_reminder,&#039;dd MMM yyyy&#039;)) as Datum_Reminder, lcase(format(tblEvalDeelname.datum_ingevuld,&#039;dd MMM yyyy&#039;)) as Datum_Ingevuld FROM tblEvalDocument INNER JOIN (tblDocenten RIGHT JOIN (tblDeelnemers RIGHT JOIN tblEvalDeelname ON tblDeelnemers.ID = tblEvalDeelname.fkDeelnemer) ON tblDocenten.ID = tblEvalDeelname.fkDocent) ON tblEvalDocument.ID = tblEvalDeelname.fkEvalDocument WHERE tblEvalDeelname.fkAgenda = 3536 ORDER BY tblEvalDocument.Naam, tblDeelnemers.VolledigeNaam, tblDocenten.VolledigeNaam</pre><b>Foutmelding:</b><pre>&lt;div class=&quot;db-error-diagnostic&quot;&gt;&lt;strong&gt;Database veld niet gevonden&lt;/strong&gt;&lt;br&gt;&lt;br&gt;&lt;b&gt;Velden:&lt;/b&gt; &lt;code&gt;fkAgenda&lt;/code&gt;, &lt;code&gt;VolledigeNaam&lt;/code&gt;&lt;br&gt;&lt;b&gt;Tabel:&lt;/b&gt; &lt;code&gt;tblEvalDocument&lt;/code&gt;&lt;/div&gt;&lt;details&gt;&lt;summary&gt;Technische details&lt;/summary&gt;&lt;div&gt;&lt;b&gt;Beschikbare velden:&lt;/b&gt;&lt;br&gt;&lt;code&gt;ID, fkEvalTemplate, fkEvalType, Naam, Sortorder, bStandaardIntro, Intro, nStandaardResponseTermijn, nEvaluatieSluitNa, bHoofddocentRapportage, guid, bActive&lt;/code&gt;&lt;br&gt;&lt;br&gt;&lt;b&gt;SQL:&lt;/b&gt;&lt;pre&gt;SELECT TOP 500 tblEvalDeelname.ID, tblDeelnemers.VolledigeNaam AS Deelnemer, tblDocenten.VolledigeNaam AS Docent, tblEvalDocument.Naam AS SoortEvaluatie, lcase(format(tblEvalDeelname.datum_verzonden,&amp;#039;dd MMM yyyy&amp;#039;)) as Datum_Verzonden, lcase(format(tblEvalDeelname.datum_reminder,&amp;#039;dd MMM yyyy&amp;#039;)) as Datum_Reminder, lcase(format(tblEvalDeelname.datum_ingevuld,&amp;#039;dd MMM yyyy&amp;#039;)) as Datum_Ingevuld FROM tblEvalDocument INNER JOIN (tblDocenten RIGHT JOIN (tblDeelnemers RIGHT JOIN tblEvalDeelname ON tblDeelnemers.ID = tblEvalDeelname.fkDeelnemer) ON tblDocenten.ID = tblEvalDeelname.fkDocent) ON tblEvalDocument.ID = tblEvalDeelname.fkEvalDocument WHERE tblEvalDeelname.fkAgenda = 3536 ORDER BY tblEvalDocument.Naam, tblDeelnemers.VolledigeNaam, tblDocenten.VolledigeNaam&lt;/pre&gt;&lt;b&gt;Foutmelding:&lt;/b&gt;&lt;pre&gt;Er zijn te weinig parameters. Het verwachte aantal is: 1.&lt;/pre&gt;&lt;/div&gt;&lt;/details&gt;</pre></div></details>","sql":"SELECT TOP 500 tblEvalDeelname.ID, tblDeelnemers.VolledigeNaam AS Deelnemer, tblDocenten.VolledigeNaam AS Docent, tblEvalDocument.Naam AS SoortEvaluatie, lcase(format(tblEvalDeelname.datum_verzonden,'dd MMM yyyy')) as Datum_Verzonden, lcase(format(tblEvalDeelname.datum_reminder,'dd MMM yyyy')) as Datum_Reminder, lcase(format(tblEvalDeelname.datum_ingevuld,'dd MMM yyyy')) as Datum_Ingevuld\r\nFROM tblEvalDocument INNER JOIN (tblDocenten RIGHT JOIN (tblDeelnemers RIGHT JOIN tblEvalDeelname ON tblDeelnemers.ID = tblEvalDeelname.fkDeelnemer) ON tblDocenten.ID = tblEvalDeelname.fkDocent) ON tblEvalDocument.ID = tblEvalDeelname.fkEvalDocument\r\n WHERE tblEvalDeelname.fkAgenda=3536 ORDER BY  tblEvalDocument.Naam, tblDeelnemers.VolledigeNaam, tblDocenten.VolledigeNaam","sqlOriginal":"SELECT tblEvalDeelname.ID, tblDeelnemers.VolledigeNaam AS Deelnemer, tblDocenten.VolledigeNaam AS Docent, tblEvalDocument.Naam AS SoortEvaluatie, lcase(format(tblEvalDeelname.datum_verzonden,'dd MMM yyyy')) as Datum_Verzonden, lcase(format(tblEvalDeelname.datum_reminder,'dd MMM yyyy')) as Datum_Reminder, lcase(format(tblEvalDeelname.datum_ingevuld,'dd MMM yyyy')) as Datum_Ingevuld\r\nFROM tblEvalDocument INNER JOIN (tblDocenten RIGHT JOIN (tblDeelnemers RIGHT JOIN tblEvalDeelname ON tblDeelnemers.ID = tblEvalDeelname.fkDeelnemer) ON tblDocenten.ID = tblEvalDeelname.fkDocent) ON tblEvalDocument.ID = tblEvalDeelname.fkEvalDocument\r\nORDER BY  tblEvalDocument.Naam, tblDeelnemers.VolledigeNaam, tblDocenten.VolledigeNaam;","parentFormId":"rooster","subformIndex":4,"subformName":"Evaluatie verzoeken","parentId":"3536","parentField":"fkAgenda","jsonFormName":"rooster_evaluatie_verzoeken"},"url":"/cma/form_api.php?action=subforms&form=rooster&ParentID=3536&indices=1,2,3,4","method":"GET","ip":"172.29.208.1"}
{"ts":"2026-01-25T16:52:23.517","level":"debug","req":"304889d6","msg":"form_api: JSON output","ctx":{"bytes":6526}}
{"ts":"2026-01-25T16:53:07.933","level":"debug","req":"01e32092","msg":"form_api: JSON output","ctx":{"bytes":60450}}
{"ts":"2026-01-25T16:53:08.322","level":"debug","req":"957aecfc","msg":"form_api: JSON output","ctx":{"bytes":82333}}
{"ts":"2026-01-25T16:53:08.649","level":"debug","req":"9dfdffe1","msg":"form_api: JSON output","ctx":{"bytes":60450}}
{"ts":"2026-01-25T16:53:09.016","level":"debug","req":"91dd393e","msg":"form_api: JSON output","ctx":{"bytes":82331}}
{"ts":"2026-01-25T16:53:10.531","level":"debug","req":"73848df2","msg":"form_api: JSON output","ctx":{"bytes":60450}}
{"ts":"2026-01-25T16:53:14.444","level":"debug","req":"0a198595","msg":"form_api: JSON output","ctx":{"bytes":60450}}
{"ts":"2026-01-25T16:53:18.415","level":"debug","req":"f493bcf2","msg":"form_api: JSON output","ctx":{"bytes":2203}}
{"ts":"2026-01-25T16:53:18.637","level":"debug","req":"cf8398ac","msg":"form_api: JSON output","ctx":{"bytes":2203}}
{"ts":"2026-01-25T16:53:22.337","level":"debug","req":"9852ee48","msg":"FormDataProvider: Field","ctx":{"field":"Route_Omschrijving","bytes":4082,"last30hex":"3c2f6c693e0d0a093c6c693e266e6273703b3c2f6c693e0d0a3c2f756c3e"}}
{"ts":"2026-01-25T16:53:22.338","level":"debug","req":"9852ee48","msg":"FormDataProvider: Record","ctx":{"field":"Route_Omschrijving","bytes":4082,"last30hex":"3c2f6c693e0d0a093c6c693e266e6273703b3c2f6c693e0d0a3c2f756c3e"}}
{"ts":"2026-01-25T16:53:22.339","level":"debug","req":"9852ee48","msg":"form_api: Before json_encode","ctx":{"field":"Route_Omschrijving","bytes":4082,"last30hex":"3c2f6c693e0d0a093c6c693e266e6273703b3c2f6c693e0d0a3c2f756c3e"}}
{"ts":"2026-01-25T16:53:22.340","level":"debug","req":"9852ee48","msg":"form_api: JSON output","ctx":{"bytes":4577}}
{"ts":"2026-01-25T16:53:23.268","level":"debug","req":"8ce68974","msg":"FormDataProvider: Field","ctx":{"field":"Route_Omschrijving","bytes":4082,"last30hex":"3c2f6c693e0d0a093c6c693e266e6273703b3c2f6c693e0d0a3c2f756c3e"}}
{"ts":"2026-01-25T16:53:23.269","level":"debug","req":"8ce68974","msg":"FormDataProvider: Record","ctx":{"field":"Route_Omschrijving","bytes":4082,"last30hex":"3c2f6c693e0d0a093c6c693e266e6273703b3c2f6c693e0d0a3c2f756c3e"}}
{"ts":"2026-01-25T16:53:23.270","level":"debug","req":"8ce68974","msg":"form_api: Before json_encode","ctx":{"field":"Route_Omschrijving","bytes":4082,"last30hex":"3c2f6c693e0d0a093c6c693e266e6273703b3c2f6c693e0d0a3c2f756c3e"}}
{"ts":"2026-01-25T16:53:23.271","level":"debug","req":"8ce68974","msg":"form_api: JSON output","ctx":{"bytes":4577}}
{"ts":"2026-01-25T16:54:16.432","level":"debug","req":"2c689192","msg":"form_api: JSON output","ctx":{"bytes":8033}}
{"ts":"2026-01-25T16:54:16.642","level":"debug","req":"77e67472","msg":"form_api: JSON output","ctx":{"bytes":8033}}
{"ts":"2026-01-25T16:54:18.904","level":"debug","req":"a0278cd9","msg":"form_api: JSON output","ctx":{"bytes":134178}}
{"ts":"2026-01-25T16:54:19.448","level":"debug","req":"6082eb33","msg":"form_api: JSON output","ctx":{"bytes":1643}}
{"ts":"2026-01-25T16:54:20.613","level":"debug","req":"498444e2","msg":"form_api: JSON output","ctx":{"bytes":127511}}
{"ts":"2026-01-25T16:54:20.829","level":"debug","req":"33a2fcb7","msg":"form_api: JSON output","ctx":{"bytes":1643}}
{"ts":"2026-01-25T16:54:21.166","level":"debug","req":"5457cd57","msg":"form_api: JSON output","ctx":{"bytes":7951}}
{"ts":"2026-01-25T16:54:21.747","level":"debug","req":"5c5a16fe","msg":"form_api: JSON output","ctx":{"bytes":6443}}
{"ts":"2026-01-25T16:54:30.104","level":"debug","req":"4059f99f","msg":"form_api: JSON output","ctx":{"bytes":82333}}
{"ts":"2026-01-25T16:54:30.479","level":"debug","req":"f0c00066","msg":"form_api: JSON output","ctx":{"bytes":82333}}
{"ts":"2026-01-25T16:54:32.134","level":"debug","req":"18e69879","msg":"form_api: JSON output","ctx":{"bytes":60450}}
{"ts":"2026-01-25T16:54:42.059","level":"debug","req":"a8cb019f","msg":"form_api: JSON output","ctx":{"bytes":4898}}
{"ts":"2026-01-25T16:54:42.288","level":"debug","req":"a4d6347c","msg":"form_api: JSON output","ctx":{"bytes":73882}}
{"ts":"2026-01-25T16:54:42.518","level":"debug","req":"a41ac997","msg":"form_api: JSON output","ctx":{"bytes":73882}}
{"ts":"2026-01-25T16:54:43.393","level":"debug","req":"1f5b3e94","msg":"form_api: JSON output","ctx":{"bytes":2731}}
{"ts":"2026-01-25T16:54:44.931","level":"debug","req":"1ad0ea4f","msg":"form_api: JSON output","ctx":{"bytes":2731}}
{"ts":"2026-01-25T16:54:45.199","level":"debug","req":"84ba81f3","msg":"form_api: JSON output","ctx":{"bytes":5742}}
{"ts":"2026-01-25T16:54:45.599","level":"debug","req":"075acb81","msg":"form_api: JSON output","ctx":{"bytes":13144}}
{"ts":"2026-01-25T16:54:57.981","level":"debug","req":"95799f3f","msg":"form_api: JSON output","ctx":{"bytes":73882}}
{"ts":"2026-01-25T16:54:58.193","level":"debug","req":"7d2284bb","msg":"form_api: JSON output","ctx":{"bytes":73882}}
{"ts":"2026-01-25T16:54:58.829","level":"debug","req":"b82b8f88","msg":"form_api: JSON output","ctx":{"bytes":2728}}
{"ts":"2026-01-25T16:54:59.424","level":"debug","req":"d2e3a119","msg":"form_api: JSON output","ctx":{"bytes":2728}}
{"ts":"2026-01-25T16:54:59.734","level":"debug","req":"d49bfcfc","msg":"form_api: JSON output","ctx":{"bytes":11873}}
{"ts":"2026-01-25T16:55:00.131","level":"debug","req":"cdd58b78","msg":"form_api: JSON output","ctx":{"bytes":19786}}
{"ts":"2026-01-25T16:55:01.780","level":"debug","req":"f12b7534","msg":"form_api: JSON output","ctx":{"bytes":170647}}
{"ts":"2026-01-25T16:55:02.078","level":"debug","req":"75d7a8fc","msg":"form_api: JSON output","ctx":{"bytes":170647}}
{"ts":"2026-01-25T16:55:04.589","level":"debug","req":"a2769c4d","msg":"form_api: JSON output","ctx":{"bytes":92109}}
{"ts":"2026-01-25T16:55:04.998","level":"debug","req":"e976af48","msg":"form_api: JSON output","ctx":{"bytes":92109}}
{"ts":"2026-01-25T16:55:05.646","level":"debug","req":"f7dafce8","msg":"form_api: JSON output","ctx":{"bytes":18102}}
{"ts":"2026-01-25T16:55:06.609","level":"debug","req":"1889aa4a","msg":"form_api: JSON output","ctx":{"bytes":16883}}
{"ts":"2026-01-25T16:56:14.846","level":"debug","req":"74ab8d5c","msg":"form_api: JSON output","ctx":{"bytes":32798}}
{"ts":"2026-01-25T16:56:15.037","level":"debug","req":"fa9390b0","msg":"form_api: JSON output","ctx":{"bytes":32798}}
{"ts":"2026-01-25T16:56:15.941","level":"debug","req":"994e493d","msg":"form_api: JSON output","ctx":{"bytes":2339}}
{"ts":"2026-01-25T16:56:16.574","level":"debug","req":"d92561fd","msg":"form_api: JSON output","ctx":{"bytes":2339}}
{"ts":"2026-01-25T16:56:18.667","level":"debug","req":"8673061c","msg":"form_api: JSON output","ctx":{"bytes":2371}}
{"ts":"2026-01-25T16:56:18.856","level":"debug","req":"ff973ff6","msg":"form_api: JSON output","ctx":{"bytes":2371}}
{"ts":"2026-01-25T16:56:22.798","level":"debug","req":"ddfd3dd7","msg":"form_api: JSON output","ctx":{"bytes":4749}}
{"ts":"2026-01-25T16:56:23.041","level":"debug","req":"a1e95c77","msg":"form_api: JSON output","ctx":{"bytes":4749}}
{"ts":"2026-01-25T16:56:26.862","level":"debug","req":"bbf4eec7","msg":"form_api: JSON output","ctx":{"bytes":1825}}
{"ts":"2026-01-25T16:56:31.419","level":"debug","req":"5e210478","msg":"form_api: JSON output","ctx":{"bytes":5781}}
{"ts":"2026-01-25T16:56:31.619","level":"debug","req":"7452fff1","msg":"form_api: JSON output","ctx":{"bytes":5781}}
{"ts":"2026-01-25T16:56:33.381","level":"debug","req":"e93c6644","msg":"form_api: JSON output","ctx":{"bytes":22746}}
{"ts":"2026-01-25T16:56:33.540","level":"debug","req":"b9a03eb0","msg":"form_api: JSON output","ctx":{"bytes":22746}}
{"ts":"2026-01-25T16:56:34.761","level":"debug","req":"06dabe99","msg":"form_api: JSON output","ctx":{"bytes":63192}}
{"ts":"2026-01-25T16:56:35.047","level":"debug","req":"ae9a2012","msg":"form_api: JSON output","ctx":{"bytes":63718}}
{"ts":"2026-01-25T16:56:35.340","level":"debug","req":"80336093","msg":"form_api: JSON output","ctx":{"bytes":63192}}
{"ts":"2026-01-25T16:56:35.647","level":"debug","req":"a2c70159","msg":"form_api: JSON output","ctx":{"bytes":63718}}
{"ts":"2026-01-25T16:56:39.654","level":"debug","req":"1c34d98e","msg":"form_api: JSON output","ctx":{"bytes":63192}}
{"ts":"2026-01-25T16:57:17.324","level":"debug","req":"9a1b31ed","msg":"form_api: JSON output","ctx":{"bytes":329440}}
{"ts":"2026-01-25T16:57:17.615","level":"debug","req":"a95bbaaf","msg":"form_api: JSON output","ctx":{"bytes":36870}}
{"ts":"2026-01-25T16:57:17.901","level":"debug","req":"d9b86721","msg":"form_api: JSON output","ctx":{"bytes":36870}}
{"ts":"2026-01-25T16:57:18.178","level":"debug","req":"51c24624","msg":"form_api: JSON output","ctx":{"bytes":329440}}
{"ts":"2026-01-25T16:57:20.416","level":"debug","req":"89e7a9a8","msg":"form_api: JSON output","ctx":{"bytes":242838}}
{"ts":"2026-01-25T16:57:20.669","level":"debug","req":"dd1cbcf0","msg":"form_api: JSON output","ctx":{"bytes":242836}}
{"ts":"2026-01-25T16:57:22.369","level":"debug","req":"da713cfa","msg":"form_api: JSON output","ctx":{"bytes":238853}}
{"ts":"2026-01-25T16:57:22.627","level":"debug","req":"4f4da404","msg":"form_api: JSON output","ctx":{"bytes":238853}}
{"ts":"2026-01-25T16:57:23.308","level":"debug","req":"a5c7e1d0","msg":"form_api: JSON output","ctx":{"bytes":1180}}
{"ts":"2026-01-25T16:57:24.405","level":"debug","req":"b31c23b1","msg":"form_api: JSON output","ctx":{"bytes":1180}}
{"ts":"2026-01-25T16:57:24.629","level":"debug","req":"16c9873d","msg":"form_api: JSON output","ctx":{"bytes":1077}}
{"ts":"2026-01-25T16:57:25.044","level":"debug","req":"6812e288","msg":"form_api: JSON output","ctx":{"bytes":23511}}
{"ts":"2026-01-25T16:57:28.025","level":"debug","req":"773333b6","msg":"form_api: JSON output","ctx":{"bytes":2896}}
{"ts":"2026-01-25T16:57:28.240","level":"debug","req":"60fd92c5","msg":"form_api: JSON output","ctx":{"bytes":2896}}
{"ts":"2026-01-25T16:57:31.703","level":"debug","req":"2c773483","msg":"form_api: JSON output","ctx":{"bytes":56068}}
{"ts":"2026-01-25T16:57:31.899","level":"debug","req":"d2190bea","msg":"form_api: JSON output","ctx":{"bytes":56068}}
{"ts":"2026-01-25T16:57:33.607","level":"debug","req":"a2442f9e","msg":"form_api: JSON output","ctx":{"bytes":4401}}
{"ts":"2026-01-25T16:57:33.804","level":"debug","req":"b5bea7b8","msg":"form_api: JSON output","ctx":{"bytes":4401}}
{"ts":"2026-01-25T16:58:12.922","level":"debug","req":"8b684174","msg":"form_api: JSON output","ctx":{"bytes":39229}}
{"ts":"2026-01-25T16:58:13.046","level":"debug","req":"fd5f62f6","msg":"form_api: JSON output","ctx":{"bytes":39229}}
{"ts":"2026-01-25T16:58:15.266","level":"debug","req":"c8a32d4e","msg":"form_api: JSON output","ctx":{"bytes":1751}}
{"ts":"2026-01-25T16:59:13.331","level":"debug","req":"e8b16b42","msg":"form_api: JSON output","ctx":{"bytes":4671}}
{"ts":"2026-01-25T16:59:13.539","level":"debug","req":"8beabe52","msg":"form_api: JSON output","ctx":{"bytes":4671}}
{"ts":"2026-01-25T16:59:15.078","level":"debug","req":"a694d835","msg":"form_api: JSON output","ctx":{"bytes":92025}}
{"ts":"2026-01-25T16:59:15.258","level":"debug","req":"43d5d286","msg":"form_api: JSON output","ctx":{"bytes":9442}}
{"ts":"2026-01-25T16:59:15.444","level":"debug","req":"0976cb6b","msg":"form_api: JSON output","ctx":{"bytes":9152}}
{"ts":"2026-01-25T16:59:21.563","level":"debug","req":"694c0b61","msg":"logMonitoring START","ctx":{"form":"groups","action":"delete","recordId":"13"}}
{"ts":"2026-01-25T16:59:21.564","level":"debug","req":"694c0b61","msg":"logMonitoring: username=Diederik Stenvers"}
{"ts":"2026-01-25T16:59:21.564","level":"debug","req":"694c0b61","msg":"logMonitoring: changelog_length=0"}
{"ts":"2026-01-25T16:59:21.564","level":"debug","req":"694c0b61","msg":"logMonitoring: notification_length=141"}
{"ts":"2026-01-25T16:59:21.564","level":"debug","req":"694c0b61","msg":"logMonitoring: Executing INSERT","ctx":{"sqlLength":308}}
{"ts":"2026-01-25T16:59:21.581","level":"debug","req":"694c0b61","msg":"logMonitoring: INSERT successful"}
{"ts":"2026-01-25T16:59:21.582","level":"debug","req":"694c0b61","msg":"logMonitoring END"}
{"ts":"2026-01-25T16:59:23.223","level":"debug","req":"84157cdb","msg":"form_api: JSON output","ctx":{"bytes":92057}}
{"ts":"2026-01-25T16:59:23.404","level":"debug","req":"08c63792","msg":"form_api: JSON output","ctx":{"bytes":9442}}
{"ts":"2026-01-25T16:59:23.581","level":"debug","req":"5448853a","msg":"form_api: JSON output","ctx":{"bytes":9248}}
{"ts":"2026-01-25T16:59:28.168","level":"debug","req":"506da3a8","msg":"form_api: JSON output","ctx":{"bytes":92057}}
{"ts":"2026-01-25T16:59:28.305","level":"debug","req":"3da12fbb","msg":"form_api: JSON output","ctx":{"bytes":9442}}
{"ts":"2026-01-25T16:59:28.477","level":"debug","req":"976d3080","msg":"form_api: JSON output","ctx":{"bytes":9248}}
{"ts":"2026-01-25T17:01:18.422","level":"debug","req":"ebde12b2","msg":"SAVE REQUEST","ctx":{"jsonForm":"groups","recordId":"2","POST":{"action":"save","jsonForm":"groups","ID":"2","actie":"","_changelog":"<table cellspacing=\"0\" cellpadding=\"3\"><tr><th style=\"font-size:10pt;background-color:#002350;color:white;text-align:left\">Veld</th><th style=\"font-size:10pt;background-color:#002350;color:white;text-align:left\">was</th><th style=\"font-size:10pt;background-color:#002350;color:white;text-align:left\">gewijzigd in</th></tr>\r\n<TR id=\"group_menu_rights_menu_83\" vAlign=\"Top\"><TD style=\"border-bottom:1px solid #003366;border-left:1px solid #003366\">group_menu_rights_menu_83</TD><TD style=\"border-bottom:1px solid #003366\">Aan&nbsp;</TD><TD style=\"border-bottom:1px solid #003366;border-right:1px solid #003366\">Uit&nbsp;</TD></TR>\r\n<TR id=\"group_menu_rights_menu_83\" vAlign=\"Top\"><TD style=\"border-bottom:1px solid #003366;border-left:1px solid #003366\">group_menu_rights_menu_83</TD><TD style=\"border-bottom:1px solid #003366\">Uit&nbsp;</TD><TD style=\"border-bottom:1px solid #003366;border-right:1px solid #003366\">Aan&nbsp;</TD></TR>\r\n<TR id=\"group_menu_rights_menu_83_btn2\" vAlign=\"Top\"><TD style=\"border-bottom:1px solid #003366;border-left:1px solid #003366\">group_menu_rights_menu_83_btn2</TD><TD style=\"border-bottom:1px solid #003366\">Aan&nbsp;</TD><TD style=\"border-bottom:1px solid #003366;border-right:1px solid #003366\">Uit&nbsp;</TD></TR>\r\n<TR id=\"group_menu_rights_form_69\" vAlign=\"Top\"><TD style=\"border-bottom:1px solid #003366;border-left:1px solid #003366\">group_menu_rights_form_69</TD><TD style=\"border-bottom:1px solid #003366\">Aan&nbsp;</TD><TD style=\"border-bottom:1px solid #003366;border-right:1px solid #003366\">Uit&nbsp;</TD></TR>\r\n<TR id=\"group_menu_rights_form_69\" vAlign=\"Top\"><TD style=\"border-bottom:1px solid #003366;border-left:1px solid #003366\">group_menu_rights_form_69</TD><TD style=\"border-bottom:1px solid #003366\">Uit&nbsp;</TD><TD style=\"border-bottom:1px solid #003366;border-right:1px solid #003366\">Aan&nbsp;</TD></TR>\r\n<TR id=\"group_menu_rights_form_110\" vAlign=\"Top\"><TD style=\"border-bottom:1px solid #003366;border-left:1px solid #003366\">group_menu_rights_form_110</TD><TD style=\"border-bottom:1px solid #003366\">Aan&nbsp;</TD><TD style=\"border-bottom:1px solid #003366;border-right:1px solid #003366\">Uit&nbsp;</TD></TR>\r\n<TR id=\"group_menu_rights_form_110\" vAlign=\"Top\"><TD style=\"border-bottom:1px solid #003366;border-left:1px solid #003366\">group_menu_rights_form_110</TD><TD style=\"border-bottom:1px solid #003366\">Uit&nbsp;</TD><TD style=\"border-bottom:1px solid #003366;border-right:1px solid #003366\">Aan&nbsp;</TD></TR>\r\n<TR id=\"group_menu_rights_form_153\" vAlign=\"Top\"><TD style=\"border-bottom:1px solid #003366;border-left:1px solid #003366\">group_menu_rights_form_153</TD><TD style=\"border-bottom:1px solid #003366\">Aan&nbsp;</TD><TD style=\"border-bottom:1px solid #003366;border-right:1px solid #003366\">Uit&nbsp;</TD></TR>\r\n<TR id=\"group_menu_rights_form_153\" vAlign=\"Top\"><TD style=\"border-bottom:1px solid #003366;border-left:1px solid #003366\">group_menu_rights_form_153</TD><TD style=\"border-bottom:1px solid #003366\">Uit&nbsp;</TD><TD style=\"border-bottom:1px solid #003366;border-right:1px solid #003366\">Aan&nbsp;</TD></TR>\r\n<TR id=\"group_menu_rights_form_104\" vAlign=\"Top\"><TD style=\"border-bottom:1px solid #003366;border-left:1px solid #003366\">group_menu_rights_form_104</TD><TD style=\"border-bottom:1px solid #003366\">Aan&nbsp;</TD><TD style=\"border-bottom:1px solid #003366;border-right:1px solid #003366\">Uit&nbsp;</TD></TR>\r\n<TR id=\"group_menu_rights_form_104\" vAlign=\"Top\"><TD style=\"border-bottom:1px solid #003366;border-left:1px solid #003366\">group_menu_rights_form_104</TD><TD style=\"border-bottom:1px solid #003366\">Uit&nbsp;</TD><TD style=\"border-bottom:1px solid #003366;border-right:1px solid #003366\">Aan&nbsp;</TD></TR>\r\n<TR id=\"group_menu_rights_form_105\" vAlign=\"Top\"><TD style=\"border-bottom:1px solid #003366;border-left:1px solid #003366\">group_menu_rights_form_105</TD><TD style=\"border-bottom:1px solid #003366\">Aan&nbsp;</TD><TD style=\"border-bottom:1px solid #003366;border-right:1px solid #003366\">Uit&nbsp;</TD></TR>\r\n<TR id=\"group_menu_rights_form_105\" vAlign=\"Top\"><TD style=\"border-bottom:1px solid #003366;border-left:1px solid #003366\">group_menu_rights_form_105</TD><TD style=\"border-bottom:1px solid #003366\">Uit&nbsp;</TD><TD style=\"border-bottom:1px solid #003366;border-right:1px solid #003366\">Aan&nbsp;</TD></TR>\r\n<TR id=\"group_menu_rights_form_145\" vAlign=\"Top\"><TD style=\"border-bottom:1px solid #003366;border-left:1px solid #003366\">group_menu_rights_form_145</TD><TD style=\"border-bottom:1px solid #003366\">Aan&nbsp;</TD><TD style=\"border-bottom:1px solid #003366;border-right:1px solid #003366\">Uit&nbsp;</TD></TR>\r\n<TR id=\"group_menu_rights_form_145\" vAlign=\"Top\"><TD style=\"border-bottom:1px solid #003366;border-left:1px solid #003366\">group_menu_rights_form_145</TD><TD style=\"border-bottom:1px solid #003366\">Uit&nbsp;</TD><TD style=\"border-bottom:1px solid #003366;border-right:1px solid #003366\">Aan&nbsp;</TD></TR>\r\n<TR id=\"group_menu_rights_menu_74_btn1\" vAlign=\"Top\"><TD style=\"border-bottom:1px solid #003366;border-left:1px solid #003366\">group_menu_rights_menu_74_btn1</TD><TD style=\"border-bottom:1px solid #003366\">Aan&nbsp;</TD><TD style=\"border-bottom:1px solid #003366;border-right:1px solid #003366\">Uit&nbsp;</TD></TR>\r\n<TR id=\"group_menu_rights_menu_99_btn1\" vAlign=\"Top\"><TD style=\"border-bottom:1px solid #003366;border-left:1px solid #003366\">group_menu_rights_menu_99_btn1</TD><TD style=\"border-bottom:1px solid #003366\">Aan&nbsp;</TD><TD style=\"border-bottom:1px solid #003366;border-right:1px solid #003366\">Uit&nbsp;</TD></TR>\r\n<TR id=\"group_menu_rights_menu_144\" vAlign=\"Top\"><TD style=\"border-bottom:1px solid #003366;border-left:1px solid #003366\">group_menu_rights_menu_144</TD><TD style=\"border-bottom:1px solid #003366\">Aan&nbsp;</TD><TD style=\"border-bottom:1px solid #003366;border-right:1px solid #003366\">Uit&nbsp;</TD></TR>\r\n<TR id=\"group_menu_rights_menu_80_btn1\" vAlign=\"Top\"><TD style=\"border-bottom:1px solid #003366;border-left:1px solid #003366\">group_menu_rights_menu_80_btn1</TD><TD style=\"border-bottom:1px solid #003366\">Aan&nbsp;</TD><TD style=\"border-bottom:1px solid #003366;border-right:1px solid #003366\">Uit&nbsp;</TD></TR>\r\n<TR id=\"group_menu_rights_form_159\" vAlign=\"Top\"><TD style=\"border-bottom:1px solid #003366;border-left:1px solid #003366\">group_menu_rights_form_159</TD><TD style=\"border-bottom:1px solid #003366\">Aan&nbsp;</TD><TD style=\"border-bottom:1px solid #003366;border-right:1px solid #003366\">Uit&nbsp;</TD></TR>\r\n<TR id=\"group_menu_rights_form_156\" vAlign=\"Top\"><TD style=\"border-bottom:1px solid #003366;border-left:1px solid #003366\">group_menu_rights_form_156</TD><TD style=\"border-bottom:1px solid #003366\">Aan&nbsp;</TD><TD style=\"border-bottom:1px solid #003366;border-right:1px solid #003366\">Uit&nbsp;</TD></TR>\r\n</table>","_changelog_flds":"group_menu_rights_menu_83,group_menu_rights_menu_83,group_menu_rights_menu_83_btn2,group_menu_rights_form_69,group_menu_rights_form_69,group_menu_rights_form_110,group_menu_rights_form_110,group_menu_rights_form_153,group_menu_rights_form_153,group_menu_rights_form_104,group_menu_rights_form_104,group_menu_rights_form_105,group_menu_rights_form_105,group_menu_rights_form_145,group_menu_rights_form_145,group_menu_rights_menu_74_btn1,group_menu_rights_menu_99_btn1,group_menu_rights_menu_144,group_menu_rights_menu_80_btn1,group_menu_rights_form_159,group_menu_rights_form_156","_changelog_type":"edit","_changelog_email":"","_changelog_user":"Diederik Stenvers","_changelog_form":"groups","_changelog_formname":"groups","_changelog_copy":"","_changelog_copy_id":"","required":"","__fully_loaded":"Y","grpName":"Opleidingsmedewerkers","grpName__label":"Naam groep","groupIPAddresses":"","groupIPAddresses__label":"IP adres(sen)","group_menu_rights_menu_83":"30","group_menu_rights_form_69":"30","group_menu_rights_form_110":"30","group_menu_rights_form_153":"30","group_menu_rights_form_104":"30","group_menu_rights_form_105":"30","group_menu_rights_form_145":"10","group_menu_rights_form_89":"0","group_menu_rights_form_241":"0","group_menu_rights_form_242":"0","group_menu_rights_form_174":"0","group_menu_rights_form_125":"0","group_menu_rights_form_88":"0","group_menu_rights_form_129":"0","group_menu_rights_form_86":"0","group_menu_rights_form_130":"0","group_menu_rights_form_208":"0","group_menu_rights_form_71":"0","group_menu_rights_form_188":"0","group_menu_rights_form_146":"0","group_menu_rights_form_115":"0","group_menu_rights_form_127":"0","group_menu_rights_form_206":"0","group_menu_rights_menu_74":"0","group_menu_rights_menu_99":"0","group_menu_rights_menu_111":"0","group_menu_rights_menu_98":"0","group_menu_rights_menu_106":"0","group_menu_rights_menu_66":"0","group_menu_rights_menu_143":"0","group_menu_rights_menu_118":"0","group_menu_rights_menu_148":"0","group_menu_rights_menu_80":"0","group_menu_rights_menu_77":"0","group_menu_rights_menu_78":"0","group_menu_rights_menu_121":"0","group_menu_rights_menu_104":"0","group_menu_rights_menu_105":"0","group_menu_rights_menu_79":"0","group_menu_rights_menu_114":"0","group_menu_rights_menu_115":"0","group_menu_rights_menu_93":"0","group_menu_rights_menu_60":"0","group_menu_rights_menu_107":"0","group_menu_rights_menu_132":"0","group_menu_rights_menu_117":"0","group_menu_rights_menu_129":"0","group_menu_rights_menu_147":"0","group_menu_rights_menu_134":"0","group_menu_rights_menu_133":"0","group_menu_rights_menu_119":"0","group_menu_rights_menu_71":"0","group_menu_rights_menu_100":"0","group_menu_rights_menu_103":"0","group_menu_rights_menu_102":"0","group_menu_rights_menu_113":"0","group_menu_rights_menu_112":"0","group_menu_rights_menu_84":"0","group_menu_rights_menu_86":"0","group_menu_rights_menu_85":"0","group_menu_rights_menu_122":"0","group_menu_rights_menu_87":"0","group_menu_rights_menu_110":"0","group_menu_rights_menu_109":"0","group_menu_rights_menu_145":"0","group_menu_rights_menu_91":"0","group_menu_rights_menu_130":"0","group_menu_rights_menu_135":"0","group_menu_rights_menu_138":"0","group_menu_rights_menu_25":"0","group_menu_rights_menu_150":"0","group_menu_rights_menu_140":"0","group_menu_rights_menu_142":"0","group_menu_rights_menu_144":"0","group_menu_rights__label":"Rechten","group_report_rights__label":"Rapporten","group_members":["33","26","20","8","9","10","14","23","2","32","16","15"],"group_members__label":"Leden","isBeheer":"-1","isBeheer__label":"Is Beheer","group_menu_rights_menu_83_btn1":"False","group_menu_rights_menu_83_btn2":"False","group_menu_rights_menu_74_btn1":"False","group_menu_rights_menu_74_btn2":"False","group_menu_rights_menu_74_btn3":"False","group_menu_rights_menu_99_btn1":"False","group_menu_rights_menu_80_btn1":"False","group_menu_rights_menu_80_btn2":"False","group_menu_rights_menu_105_btn1":"False","group_menu_rights_menu_110_btn1":"False","group_report_rights_report_95":"False","group_report_rights_report_83":"False","group_report_rights_report_77":"False","group_report_rights_report_57":"False","group_report_rights_report_68":"False","group_report_rights_report_66":"False","group_report_rights_report_80":"False","group_report_rights_report_64":"False","group_report_rights_report_96":"False","group_report_rights_report_87":"False","group_report_rights_report_86":"False","group_report_rights_report_81":"False","group_report_rights_report_56":"False","group_report_rights_report_55":"False","group_report_rights_report_94":"False","group_report_rights_report_41":"False","group_report_rights_report_38":"False","group_report_rights_report_42":"False","group_report_rights_report_40":"False","group_report_rights_report_39":"False","group_report_rights_report_47":"False","group_report_rights_report_48":"False","group_report_rights_report_49":"False","group_report_rights_report_82":"False","group_report_rights_report_58":"False","group_report_rights_report_63":"False","group_report_rights_report_89":"False","group_report_rights_report_67":"False","group_report_rights_report_53":"False","group_report_rights_report_52":"False","group_report_rights_report_51":"False","group_report_rights_report_54":"False","group_report_rights_report_28":"False","group_report_rights_report_90":"False","group_report_rights_report_91":"False","group_report_rights_report_44":"False","group_report_rights_report_45":"False","group_report_rights_report_88":"False","group_report_rights_report_93":"False","group_report_rights_report_59":"False","group_report_rights_report_85":"False","group_report_rights_report_84":"False","group_report_rights_report_62":"False","group_report_rights_report_61":"False","group_report_rights_report_50":"False","group_report_rights_report_33":"False","group_report_rights_report_92":"False","group_report_rights_report_99":"False","group_report_rights_report_98":"False","group_report_rights_report_75":"False","group_report_rights_report_73":"False","group_report_rights_report_97":"False","group_report_rights_report_78":"False","group_report_rights_report_76":"False","group_menu_rights_form_194":"0","group_menu_rights_form_106":"0","group_menu_rights_form_72":"0","group_menu_rights_form_59":"0","group_menu_rights_form_219":"0","group_menu_rights_form_162":"0","group_menu_rights_form_193":"0","group_menu_rights_form_220":"0","group_menu_rights_form_103":"0","group_menu_rights_form_191":"0","group_menu_rights_form_80":"0","group_menu_rights_form_77":"0","group_menu_rights_form_93":"0","group_menu_rights_form_81":"0","group_menu_rights_form_83":"0","group_menu_rights_form_96":"0","group_menu_rights_form_79":"0","group_menu_rights_form_187":"0","group_menu_rights_form_186":"0","group_menu_rights_form_185":"0","group_menu_rights_form_196":"0","group_menu_rights_form_202":"0","group_menu_rights_form_82":"0","group_menu_rights_form_78":"0","group_menu_rights_form_97":"0","group_menu_rights_form_165":"0","group_menu_rights_form_166":"0","group_menu_rights_form_172":"0","group_menu_rights_form_171":"0","group_menu_rights_form_99":"0","group_menu_rights_form_101":"0","group_menu_rights_form_98":"0","group_menu_rights_form_85":"0","group_menu_rights_form_163":"0","group_menu_rights_form_177":"0","group_menu_rights_form_178":"0","group_menu_rights_form_204":"0","group_menu_rights_form_215":"0","group_menu_rights_form_138":"0","group_menu_rights_form_160":"0","group_menu_rights_form_159":"0","group_menu_rights_form_76":"0","group_menu_rights_form_155":"0","group_menu_rights_form_156":"0"}}}
{"ts":"2026-01-25T17:01:18.424","level":"debug","req":"ebde12b2","msg":"SAVE: POST keys","ctx":{"keys":["action","jsonForm","ID","actie","_changelog","_changelog_flds","_changelog_type","_changelog_email","_changelog_user","_changelog_form","_changelog_formname","_changelog_copy","_changelog_copy_id","required","__fully_loaded","grpName","grpName__label","groupIPAddresses","groupIPAddresses__label","group_menu_rights_menu_83","group_menu_rights_form_69","group_menu_rights_form_110","group_menu_rights_form_153","group_menu_rights_form_104","group_menu_rights_form_105","group_menu_rights_form_145","group_menu_rights_form_89","group_menu_rights_form_241","group_menu_rights_form_242","group_menu_rights_form_174","group_menu_rights_form_125","group_menu_rights_form_88","group_menu_rights_form_129","group_menu_rights_form_86","group_menu_rights_form_130","group_menu_rights_form_208","group_menu_rights_form_71","group_menu_rights_form_188","group_menu_rights_form_146","group_menu_rights_form_115","group_menu_rights_form_127","group_menu_rights_form_206","group_menu_rights_menu_74","group_menu_rights_menu_99","group_menu_rights_menu_111","group_menu_rights_menu_98","group_menu_rights_menu_106","group_menu_rights_menu_66","group_menu_rights_menu_143","group_menu_rights_menu_118","group_menu_rights_menu_148","group_menu_rights_menu_80","group_menu_rights_menu_77","group_menu_rights_menu_78","group_menu_rights_menu_121","group_menu_rights_menu_104","group_menu_rights_menu_105","group_menu_rights_menu_79","group_menu_rights_menu_114","group_menu_rights_menu_115","group_menu_rights_menu_93","group_menu_rights_menu_60","group_menu_rights_menu_107","group_menu_rights_menu_132","group_menu_rights_menu_117","group_menu_rights_menu_129","group_menu_rights_menu_147","group_menu_rights_menu_134","group_menu_rights_menu_133","group_menu_rights_menu_119","group_menu_rights_menu_71","group_menu_rights_menu_100","group_menu_rights_menu_103","group_menu_rights_menu_102","group_menu_rights_menu_113","group_menu_rights_menu_112","group_menu_rights_menu_84","group_menu_rights_menu_86","group_menu_rights_menu_85","group_menu_rights_menu_122","group_menu_rights_menu_87","group_menu_rights_menu_110","group_menu_rights_menu_109","group_menu_rights_menu_145","group_menu_rights_menu_91","group_menu_rights_menu_130","group_menu_rights_menu_135","group_menu_rights_menu_138","group_menu_rights_menu_25","group_menu_rights_menu_150","group_menu_rights_menu_140","group_menu_rights_menu_142","group_menu_rights_menu_144","group_menu_rights__label","group_report_rights__label","group_members","group_members__label","isBeheer","isBeheer__label","group_menu_rights_menu_83_btn1","group_menu_rights_menu_83_btn2","group_menu_rights_menu_74_btn1","group_menu_rights_menu_74_btn2","group_menu_rights_menu_74_btn3","group_menu_rights_menu_99_btn1","group_menu_rights_menu_80_btn1","group_menu_rights_menu_80_btn2","group_menu_rights_menu_105_btn1","group_menu_rights_menu_110_btn1","group_report_rights_report_95","group_report_rights_report_83","group_report_rights_report_77","group_report_rights_report_57","group_report_rights_report_68","group_report_rights_report_66","group_report_rights_report_80","group_report_rights_report_64","group_report_rights_report_96","group_report_rights_report_87","group_report_rights_report_86","group_report_rights_report_81","group_report_rights_report_56","group_report_rights_report_55","group_report_rights_report_94","group_report_rights_report_41","group_report_rights_report_38","group_report_rights_report_42","group_report_rights_report_40","group_report_rights_report_39","group_report_rights_report_47","group_report_rights_report_48","group_report_rights_report_49","group_report_rights_report_82","group_report_rights_report_58","group_report_rights_report_63","group_report_rights_report_89","group_report_rights_report_67","group_report_rights_report_53","group_report_rights_report_52","group_report_rights_report_51","group_report_rights_report_54","group_report_rights_report_28","group_report_rights_report_90","group_report_rights_report_91","group_report_rights_report_44","group_report_rights_report_45","group_report_rights_report_88","group_report_rights_report_93","group_report_rights_report_59","group_report_rights_report_85","group_report_rights_report_84","group_report_rights_report_62","group_report_rights_report_61","group_report_rights_report_50","group_report_rights_report_33","group_report_rights_report_92","group_report_rights_report_99","group_report_rights_report_98","group_report_rights_report_75","group_report_rights_report_73","group_report_rights_report_97","group_report_rights_report_78","group_report_rights_report_76","group_menu_rights_form_194","group_menu_rights_form_106","group_menu_rights_form_72","group_menu_rights_form_59","group_menu_rights_form_219","group_menu_rights_form_162","group_menu_rights_form_193","group_menu_rights_form_220","group_menu_rights_form_103","group_menu_rights_form_191","group_menu_rights_form_80","group_menu_rights_form_77","group_menu_rights_form_93","group_menu_rights_form_81","group_menu_rights_form_83","group_menu_rights_form_96","group_menu_rights_form_79","group_menu_rights_form_187","group_menu_rights_form_186","group_menu_rights_form_185","group_menu_rights_form_196","group_menu_rights_form_202","group_menu_rights_form_82","group_menu_rights_form_78","group_menu_rights_form_97","group_menu_rights_form_165","group_menu_rights_form_166","group_menu_rights_form_172","group_menu_rights_form_171","group_menu_rights_form_99","group_menu_rights_form_101","group_menu_rights_form_98","group_menu_rights_form_85","group_menu_rights_form_163","group_menu_rights_form_177","group_menu_rights_form_178","group_menu_rights_form_204","group_menu_rights_form_215","group_menu_rights_form_138","group_menu_rights_form_160","group_menu_rights_form_159","group_menu_rights_form_76","group_menu_rights_form_155","group_menu_rights_form_156"]}}
{"ts":"2026-01-25T17:01:18.425","level":"debug","req":"ebde12b2","msg":"SAVE: userLevel NOT in POST"}
{"ts":"2026-01-25T17:01:18.425","level":"debug","req":"ebde12b2","msg":"SAVE changelog data","ctx":{"keys":["_changelog","_changelog_flds","_changelog_type","_changelog_email","_changelog_user","_changelog_form","_changelog_formname","_changelog_copy","_changelog_copy_id"],"changelogLength":6824,"changelogPreview":"<table cellspacing=\"0\" cellpadding=\"3\"><tr><th style=\"font-size:10pt;background-color:#002350;color:white;text-align:left\">Veld</th><th style=\"font-size:10pt;background-color:#002350;color:white;text-"}}
{"ts":"2026-01-25T17:01:18.429","level":"debug","req":"ebde12b2","msg":"SAVE: Valid fields","ctx":{"fields":["grpname","groupipaddresses","isbeheer"]}}
{"ts":"2026-01-25T17:01:18.429","level":"debug","req":"ebde12b2","msg":"SAVE: SQL","ctx":{"sql":"UPDATE [tblGroups] SET [grpName] = 'Opleidingsmedewerkers', [groupIPAddresses] = NULL, [isBeheer] = -1 WHERE [ID] = 2"}}
{"ts":"2026-01-25T17:01:18.431","level":"debug","req":"ebde12b2","msg":"SAVE: Rows affected","ctx":{"count":1}}
{"ts":"2026-01-25T17:01:18.434","level":"debug","req":"ebde12b2","msg":"SAVE: Verified record exists","ctx":{"id":"2"}}
{"ts":"2026-01-25T17:01:18.435","level":"info","req":"ebde12b2","msg":"saveGroupRights: Called for group 2, found 184 rights keys"}
{"ts":"2026-01-25T17:01:18.435","level":"info","req":"ebde12b2","msg":"saveGroupRights: First 10 rights keys","ctx":{"keys":["group_menu_rights_menu_83","group_menu_rights_form_69","group_menu_rights_form_110","group_menu_rights_form_153","group_menu_rights_form_104","group_menu_rights_form_105","group_menu_rights_form_145","group_menu_rights_form_89","group_menu_rights_form_241","group_menu_rights_form_242"]}}
{"ts":"2026-01-25T17:01:18.435","level":"info","req":"ebde12b2","msg":"saveGroupRights: Sample values","ctx":{"group_menu_rights_menu_83":"30","group_menu_rights_form_69":"30","group_menu_rights_form_110":"30"}}
{"ts":"2026-01-25T17:01:18.436","level":"info","req":"ebde12b2","msg":"saveGroupRights: Parsed 172 unique rights from data"}
{"ts":"2026-01-25T17:01:18.436","level":"info","req":"ebde12b2","msg":"saveGroupRights: Sample parsed rights","ctx":{"sample":{"10_83":{"typeId":10,"objectId":83,"accessLevel":30,"buttons":[false,false,false,false,false]},"30_69":{"typeId":30,"objectId":69,"accessLevel":30,"buttons":[false,false,false,false,false]}}}}
{"ts":"2026-01-25T17:01:18.438","level":"error","req":"ebde12b2","msg":"saveGroupRights: Error","ctx":{"error":"SQLSTATE[HY000]: General error: 11 database disk image is malformed"},"url":"/cma/form_api.php","method":"POST","ip":"172.29.208.1"}
{"ts":"2026-01-25T17:01:18.446","level":"info","req":"ebde12b2","msg":"saveGroupMembers: Saved group members","ctx":{"groupId":2,"count":12}}
{"ts":"2026-01-25T17:01:18.446","level":"debug","req":"ebde12b2","msg":"logMonitoring START","ctx":{"form":"groups","action":"edit","recordId":"2"}}
{"ts":"2026-01-25T17:01:18.446","level":"debug","req":"ebde12b2","msg":"logMonitoring: username=Diederik Stenvers"}
{"ts":"2026-01-25T17:01:18.446","level":"debug","req":"ebde12b2","msg":"logMonitoring: changelog_length=6824"}
{"ts":"2026-01-25T17:01:18.446","level":"debug","req":"ebde12b2","msg":"logMonitoring: notification_length=6927"}
{"ts":"2026-01-25T17:01:18.447","level":"debug","req":"ebde12b2","msg":"logMonitoring: Executing INSERT","ctx":{"sqlLength":7091}}
{"ts":"2026-01-25T17:01:18.453","level":"debug","req":"ebde12b2","msg":"logMonitoring: INSERT successful"}
{"ts":"2026-01-25T17:01:18.454","level":"debug","req":"ebde12b2","msg":"logMonitoring END"}
{"ts":"2026-01-25T17:01:18.739","level":"debug","req":"be80609d","msg":"form_api: JSON output","ctx":{"bytes":4346}}
{"ts":"2026-01-25T17:01:20.549","level":"debug","req":"ddadea29","msg":"form_api: JSON output","ctx":{"bytes":92057}}
{"ts":"2026-01-25T17:01:20.729","level":"debug","req":"965a1e6c","msg":"form_api: JSON output","ctx":{"bytes":9442}}
{"ts":"2026-01-25T17:01:20.878","level":"debug","req":"1a7d392c","msg":"form_api: JSON output","ctx":{"bytes":9248}}
{"ts":"2026-01-25T17:01:23.449","level":"error","req":"f2d33aad","msg":"API Error","ctx":{"action":"renderer","jsonForm":"groups","exception":{"class":"PDOException","message":"SQLSTATE[HY000]: General error: 11 database disk image is malformed","code":"HY000","file":"C:\\lab\\ai_conversion\\site\\app\\library\\RecordSet.php","line":114,"trace":[{"file":"C:\\lab\\ai_conversion\\site\\app\\library\\RecordSet.php","line":114,"function":"fetch","class":"PDOStatement","type":"->","args":[2]},{"file":"C:\\lab\\ai_conversion\\site\\cma\\classes\\JsonFormRenderer.php","line":217,"function":"MoveNext","class":"App\\Library\\RecordSet","type":"->","args":[]},{"file":"C:\\lab\\ai_conversion\\site\\cma\\classes\\JsonFormRenderer.php","line":39,"function":"renderGroupMenuRights","class":"Cma\\JsonFormRenderer","type":"::","args":["group_menu_rights",{"options":[]},"4"]},{"file":"C:\\lab\\ai_conversion\\site\\cma\\form_api.php","line":948,"function":"render","class":"Cma\\JsonFormRenderer","type":"::","args":["group_menu_rights","group_menu_rights",{"options":[]},null,"4"]},{"file":"C:\\lab\\ai_conversion\\site\\_bootstrap_wrapper.php","line":26,"args":["C:\\lab\\ai_conversion\\site\\cma\\form_api.php"],"function":"include"}]}},"url":"/cma/form_api.php?action=renderer&renderer=group_menu_rights&field=group_menu_rights&id=4&form=groups","method":"GET","ip":"172.29.208.1"}
{"ts":"2026-01-25T17:01:23.630","level":"debug","req":"47367528","msg":"form_api: JSON output","ctx":{"bytes":9442}}
{"ts":"2026-01-25T17:01:23.901","level":"debug","req":"f0f66547","msg":"form_api: JSON output","ctx":{"bytes":9200}}
