{"ts":"2026-03-01T11:22:38.939","level":"debug","req":"00dca380","msg":"form_api: JSON output","ctx":{"bytes":127429}}
{"ts":"2026-03-01T11:22:39.442","level":"debug","req":"9d6f8613","msg":"form_api: JSON output","ctx":{"bytes":127429}}
{"ts":"2026-03-01T11:22:40.916","level":"debug","req":"d9abaf7b","msg":"form_api: JSON output","ctx":{"bytes":12170}}
{"ts":"2026-03-01T11:22:40.917","level":"debug","req":"7be5fae7","msg":"form_api: JSON output","ctx":{"bytes":12170}}
{"ts":"2026-03-01T11:22:41.383","level":"debug","req":"26533d1f","msg":"form_api: JSON output","ctx":{"bytes":6453}}
{"ts":"2026-03-01T11:22:41.384","level":"debug","req":"0533572c","msg":"form_api: JSON output","ctx":{"bytes":6453}}
{"ts":"2026-03-01T11:24:17.707","level":"debug","req":"2b471adc","msg":"form_api: JSON output","ctx":{"bytes":12170}}
{"ts":"2026-03-01T11:24:17.760","level":"debug","req":"3c1d0393","msg":"form_api: JSON output","ctx":{"bytes":12170}}
{"ts":"2026-03-01T11:24:18.612","level":"debug","req":"fd9641e3","msg":"form_api: JSON output","ctx":{"bytes":6453}}
{"ts":"2026-03-01T11:24:18.915","level":"debug","req":"73c41591","msg":"form_api: JSON output","ctx":{"bytes":6453}}
{"ts":"2026-03-01T11:25:37.853","level":"debug","req":"0f04f8dc","msg":"form_api: JSON output","ctx":{"bytes":12170}}
{"ts":"2026-03-01T11:25:37.884","level":"debug","req":"0e4ddb62","msg":"form_api: JSON output","ctx":{"bytes":12170}}
{"ts":"2026-03-01T11:25:39.027","level":"debug","req":"d103b0fa","msg":"form_api: JSON output","ctx":{"bytes":6453}}
{"ts":"2026-03-01T11:25:39.056","level":"debug","req":"c5f75106","msg":"form_api: JSON output","ctx":{"bytes":6453}}
{"ts":"2026-03-01T11:26:28.001","level":"debug","req":"dd9b8e23","msg":"form_api: JSON output","ctx":{"bytes":12170}}
{"ts":"2026-03-01T11:26:28.018","level":"debug","req":"aae816eb","msg":"form_api: JSON output","ctx":{"bytes":12170}}
{"ts":"2026-03-01T11:26:29.058","level":"debug","req":"814bd163","msg":"form_api: JSON output","ctx":{"bytes":6453}}
{"ts":"2026-03-01T11:26:29.275","level":"debug","req":"42d8047f","msg":"form_api: JSON output","ctx":{"bytes":6453}}
{"ts":"2026-03-01T11:27:31.372","level":"debug","req":"526134bd","msg":"form_api: JSON output","ctx":{"bytes":12170}}
{"ts":"2026-03-01T11:27:31.373","level":"debug","req":"e60987ee","msg":"form_api: JSON output","ctx":{"bytes":12170}}
{"ts":"2026-03-01T11:27:32.511","level":"debug","req":"1b9cb358","msg":"form_api: JSON output","ctx":{"bytes":6453}}
{"ts":"2026-03-01T11:27:32.559","level":"debug","req":"ae7d13ca","msg":"form_api: JSON output","ctx":{"bytes":6453}}
{"ts":"2026-03-01T11:31:23.037","level":"debug","req":"31671ba1","msg":"form_api: JSON output","ctx":{"bytes":12170}}
{"ts":"2026-03-01T11:31:23.047","level":"debug","req":"7bd8786f","msg":"form_api: JSON output","ctx":{"bytes":127429}}
{"ts":"2026-03-01T11:31:23.069","level":"debug","req":"0f02dee0","msg":"form_api: JSON output","ctx":{"bytes":127429}}
{"ts":"2026-03-01T11:31:23.344","level":"debug","req":"85ac1bb3","msg":"form_api: JSON output","ctx":{"bytes":12170}}
{"ts":"2026-03-01T11:31:24.239","level":"debug","req":"00dcaeaf","msg":"form_api: JSON output","ctx":{"bytes":6453}}
{"ts":"2026-03-01T11:31:24.484","level":"debug","req":"35523500","msg":"form_api: JSON output","ctx":{"bytes":6453}}
{"ts":"2026-03-01T11:37:25.878","level":"debug","req":"764b87c6","msg":"form_api: JSON output","ctx":{"bytes":127429}}
{"ts":"2026-03-01T11:37:25.881","level":"debug","req":"1ac3130e","msg":"form_api: JSON output","ctx":{"bytes":12170}}
{"ts":"2026-03-01T11:37:25.886","level":"debug","req":"8e94b1ff","msg":"form_api: JSON output","ctx":{"bytes":127429}}
{"ts":"2026-03-01T11:37:26.199","level":"debug","req":"a61cb883","msg":"form_api: JSON output","ctx":{"bytes":12170}}
{"ts":"2026-03-01T11:37:26.333","level":"debug","req":"200dc61b","msg":"form_api: JSON output","ctx":{"bytes":6453}}
{"ts":"2026-03-01T11:37:27.263","level":"debug","req":"cee71eda","msg":"form_api: JSON output","ctx":{"bytes":6453}}
{"ts":"2026-03-01T11:38:09.282","level":"debug","req":"b66eb7bf","msg":"form_api: JSON output","ctx":{"bytes":132130}}
{"ts":"2026-03-01T11:42:47.121","level":"debug","req":"0dd594ff","msg":"form_api: JSON output","ctx":{"bytes":127429}}
{"ts":"2026-03-01T11:42:47.125","level":"debug","req":"063b0701","msg":"form_api: JSON output","ctx":{"bytes":127429}}
{"ts":"2026-03-01T11:42:47.239","level":"debug","req":"70921390","msg":"form_api: JSON output","ctx":{"bytes":343894}}
{"ts":"2026-03-01T11:42:47.537","level":"debug","req":"df72d696","msg":"form_api: JSON output","ctx":{"bytes":343892}}
{"ts":"2026-03-01T12:18:59.141","level":"debug","req":"890378e5","msg":"form_api: JSON output","ctx":{"bytes":127429}}
{"ts":"2026-03-01T12:18:59.466","level":"debug","req":"fe1cee1a","msg":"form_api: JSON output","ctx":{"bytes":44846}}
{"ts":"2026-03-01T12:18:59.467","level":"debug","req":"6c69efcc","msg":"form_api: JSON output","ctx":{"bytes":44846}}
{"ts":"2026-03-01T12:18:59.501","level":"debug","req":"347844c2","msg":"form_api: JSON output","ctx":{"bytes":127429}}
{"ts":"2026-03-01T12:21:18.051","level":"debug","req":"9711f8b9","msg":"form_api: JSON output","ctx":{"bytes":4957}}
{"ts":"2026-03-01T12:21:18.053","level":"debug","req":"0e0bd15c","msg":"form_api: JSON output","ctx":{"bytes":4957}}
{"ts":"2026-03-01T12:21:18.372","level":"debug","req":"3c243954","msg":"form_api: JSON output","ctx":{"bytes":774405}}
{"ts":"2026-03-01T12:21:18.535","level":"debug","req":"b2b33b84","msg":"form_api: JSON output","ctx":{"bytes":774405}}
{"ts":"2026-03-01T12:26:06.925","level":"debug","req":"4224ad11","msg":"form_api: JSON output","ctx":{"bytes":774405}}
{"ts":"2026-03-01T12:26:06.932","level":"debug","req":"88052c5e","msg":"form_api: JSON output","ctx":{"bytes":774405}}
{"ts":"2026-03-01T12:26:59.528","level":"debug","req":"e1781875","msg":"form_api: JSON output","ctx":{"bytes":4957}}
{"ts":"2026-03-01T12:26:59.556","level":"debug","req":"00959172","msg":"form_api: JSON output","ctx":{"bytes":4957}}
{"ts":"2026-03-01T12:26:59.767","level":"debug","req":"f0a80858","msg":"form_api: JSON output","ctx":{"bytes":774405}}
{"ts":"2026-03-01T12:27:00.151","level":"debug","req":"d0718330","msg":"form_api: JSON output","ctx":{"bytes":774405}}
{"ts":"2026-03-01T12:27:12.339","level":"debug","req":"f7fbffa3","msg":"form_api: JSON output","ctx":{"bytes":774403}}
{"ts":"2026-03-01T12:27:12.361","level":"debug","req":"62bff2ec","msg":"form_api: JSON output","ctx":{"bytes":774405}}
{"ts":"2026-03-01T12:30:44.246","level":"debug","req":"879639e6","msg":"form_api: JSON output","ctx":{"bytes":774405}}
{"ts":"2026-03-01T12:30:44.261","level":"debug","req":"b9296ee9","msg":"form_api: JSON output","ctx":{"bytes":774405}}
{"ts":"2026-03-01T12:34:16.918","level":"debug","req":"40880566","msg":"form_api: JSON output","ctx":{"bytes":4957}}
{"ts":"2026-03-01T12:34:16.934","level":"debug","req":"d0a25718","msg":"form_api: JSON output","ctx":{"bytes":4957}}
{"ts":"2026-03-01T12:34:17.161","level":"debug","req":"b680ca04","msg":"form_api: JSON output","ctx":{"bytes":774405}}
{"ts":"2026-03-01T12:34:17.381","level":"debug","req":"4311ea64","msg":"form_api: JSON output","ctx":{"bytes":774405}}
{"ts":"2026-03-01T12:39:04.668","level":"debug","req":"ae32a137","msg":"form_api: JSON output","ctx":{"bytes":774405}}
{"ts":"2026-03-01T12:39:04.680","level":"debug","req":"d9d244a2","msg":"form_api: JSON output","ctx":{"bytes":774405}}
{"ts":"2026-03-01T12:40:57.638","level":"debug","req":"8cd464e8","msg":"form_api: JSON output","ctx":{"bytes":36911}}
{"ts":"2026-03-01T12:40:57.894","level":"debug","req":"1ee1a957","msg":"form_api: JSON output","ctx":{"bytes":1017363}}
{"ts":"2026-03-01T12:40:58.306","level":"debug","req":"eac51d8d","msg":"form_api: JSON output","ctx":{"bytes":1017363}}
{"ts":"2026-03-01T16:45:37.541","level":"debug","req":"9a35fca9","msg":"form_api: JSON output","ctx":{"bytes":4957}}
{"ts":"2026-03-01T16:45:37.759","level":"debug","req":"4d5096ed","msg":"form_api: JSON output","ctx":{"bytes":774405}}
{"ts":"2026-03-01T16:45:37.976","level":"debug","req":"0ee4e7fe","msg":"form_api: JSON output","ctx":{"bytes":4957}}
{"ts":"2026-03-01T16:45:38.094","level":"debug","req":"a48f8288","msg":"form_api: JSON output","ctx":{"bytes":774403}}
{"ts":"2026-03-01T16:45:46.677","level":"debug","req":"8582fe2c","msg":"form_api: JSON output","ctx":{"bytes":4957}}
{"ts":"2026-03-01T16:45:46.994","level":"debug","req":"1eab62d7","msg":"form_api: JSON output","ctx":{"bytes":14188}}
{"ts":"2026-03-01T16:45:47.468","level":"debug","req":"346ddc24","msg":"form_api: JSON output","ctx":{"bytes":19679}}
{"ts":"2026-03-01T16:48:41.602","level":"debug","req":"f46d795d","msg":"form_api: JSON output","ctx":{"bytes":14188}}
{"ts":"2026-03-01T16:48:41.698","level":"debug","req":"f8bd959a","msg":"form_api: JSON output","ctx":{"bytes":14188}}
{"ts":"2026-03-01T16:48:42.729","level":"debug","req":"7e5090a2","msg":"form_api: JSON output","ctx":{"bytes":19679}}
{"ts":"2026-03-01T16:48:42.783","level":"debug","req":"9bed9930","msg":"form_api: JSON output","ctx":{"bytes":19679}}
{"ts":"2026-03-01T16:57:19.167","level":"debug","req":"6a31c2d7","msg":"form_api: JSON output","ctx":{"bytes":127429}}
{"ts":"2026-03-01T16:57:19.177","level":"debug","req":"32986dc9","msg":"form_api: JSON output","ctx":{"bytes":127429}}
{"ts":"2026-03-01T16:57:19.298","level":"debug","req":"bd219e0e","msg":"form_api: JSON output","ctx":{"bytes":443375}}
{"ts":"2026-03-01T16:57:19.583","level":"debug","req":"27814bb2","msg":"form_api: JSON output","ctx":{"bytes":443375}}
{"ts":"2026-03-01T16:57:23.313","level":"debug","req":"a1b6971e","msg":"form_api: JSON output","ctx":{"bytes":127429}}
{"ts":"2026-03-01T16:57:55.346","level":"debug","req":"1a52e955","msg":"form_api: JSON output","ctx":{"bytes":443308}}
{"ts":"2026-03-01T16:57:56.827","level":"debug","req":"430e6f66","msg":"form_api: JSON output","ctx":{"bytes":2475}}
{"ts":"2026-03-01T16:57:56.832","level":"debug","req":"58ac4644","msg":"form_api: JSON output","ctx":{"bytes":2475}}
{"ts":"2026-03-01T16:57:59.559","level":"debug","req":"125b3f6e","msg":"FormDataProvider: Field","ctx":{"field":"Route_Omschrijving","bytes":4082,"last30hex":"3c2f6c693e0d0a093c6c693e266e6273703b3c2f6c693e0d0a3c2f756c3e"}}
{"ts":"2026-03-01T16:57:59.560","level":"debug","req":"125b3f6e","msg":"FormDataProvider: Record","ctx":{"field":"Route_Omschrijving","bytes":4082,"last30hex":"3c2f6c693e0d0a093c6c693e266e6273703b3c2f6c693e0d0a3c2f756c3e"}}
{"ts":"2026-03-01T16:57:59.562","level":"debug","req":"125b3f6e","msg":"form_api: Before json_encode","ctx":{"field":"Route_Omschrijving","bytes":4082,"last30hex":"3c2f6c693e0d0a093c6c693e266e6273703b3c2f6c693e0d0a3c2f756c3e"}}
{"ts":"2026-03-01T16:57:59.563","level":"debug","req":"125b3f6e","msg":"form_api: JSON output","ctx":{"bytes":4577}}
{"ts":"2026-03-01T16:58:44.588","level":"debug","req":"24dce4a2","msg":"SAVE REQUEST","ctx":{"jsonForm":"locaties","recordId":"1","POST":{"action":"save","jsonForm":"locaties","ID":"1","actie":"","_changelog":"<table cellspacing=\"0\" cellpadding=\"3\"><tr><th style=\"font-size:10pt;background-color:#002350;color:white;text-align:left\">Veld</th><th style=\"font-size:10pt;background-color:#002350;color:white;text-align:left\">was</th><th style=\"font-size:10pt;background-color:#002350;color:white;text-align:left\">gewijzigd in</th></tr>\r\n<TR id=\"Naam\" vAlign=\"Top\"><TD style=\"border-bottom:1px solid #003366;border-left:1px solid #003366\">Naam</TD><TD style=\"border-bottom:1px solid #003366\">RINO amsterdam&nbsp;</TD><TD style=\"border-bottom:1px solid #003366;border-right:1px solid #003366\">RINO amsterdams&nbsp;</TD></TR>\r\n</table>","_changelog_flds":"Naam","_changelog_type":"edit","_changelog_email":"","_changelog_user":"Diederik Stenvers","_changelog_form":"locaties","_changelog_formname":"locaties","_changelog_copy":"","_changelog_copy_id":"","required":"","__fully_loaded":"Y","Naam":"RINO amsterdams","Adres":"Leidseplein 5a","Postcode":"1017PR","Plaats":"Amsterdam","Geocode":"52.363214,4.8802003","Route_Omschrijving":"<h2><strong>Op de fiets?</strong></h2>\r\n\r\n<p>Als je in amsterdam woont is de fiets een geschikt vervoersmiddel om naar onze lesloactie te komen. Let daarbij wel op, want er gelden strenge regels voor het parkeren van uw fiets. Parkeren kan alleen in de daartoe aangegeven vakken en in de&nbsp;<a href=\"https://www.amsterdam.nl/parkeren-verkeer/fiets/parkeren/leidseplein/\" target=\"_blank\">fietsparkeerplaats onder het Leidseplein</a>. Fout geparkeerde fietsen worden bij controles weggehaald en opgeslagen in het fietsdepot enkele kilometers verderop, waar je jouw fiets kunt ophalen...<br />\r\n&nbsp;</p>\r\n\r\n<h2><strong>Met het openbaar vervoer</strong></h2>\r\n\r\n<ul>\r\n\t<li>Vanaf Centraal Station brengen de trams 2, 12<strong>&nbsp;</strong>en 11 je binnen 15 minuten naar het Leidseplein.\r\n\r\n\t<ul>\r\n\t\t<li>Een alternatief is om met de Noord/Zuidlijn vanaf Centraal Station naar de Vijzelgracht te reizen en vanaf daar tram 7, 1 of 19 naar het Leidseplein te nemen.</li>\r\n\t</ul>\r\n\t</li>\r\n\t<li>Vanaf Station Lelylaan reis je met tram 1 naar het Leidseplein (&plusmn; 15 minuten).</li>\r\n\t<li>Vanaf Amstelstation kun je de metro nemen naar het Weesperplein. Vanaf daar rijden de trams&nbsp;7, 1 of 19 naar het Leidseplein (&plusmn; 15 minuten).</li>\r\n\t<li>Vanaf Station Duivendrecht kun je de metro nemen naar het Weesperplein. Vanaf daar rijden de trams&nbsp;7, 1 of 19 naar het Leidseplein (&plusmn; 15 minuten).<br />\r\n\t&nbsp;</li>\r\n</ul>\r\n\r\n<h2><strong>Met de auto</strong></h2>\r\n\r\n<p>Op de ringweg Amsterdam A10 afslag S106 (Osdorp) nemen. Bij de stoplichten richting centrum. Weg volgen, verkeersplein (Surinameplein) recht oversteken. Op de brug bij de stoplichten naar links de Overtoom op. Weg volgen, aan het einde rechtsaf. Eerste mogelijkheid naar rechts: parkeergarage Byzantium (Tesselschadestraat 1). Vanaf daar loop je in 2 minuten naar het Leidseplein.</p>\r\n\r\n<p><strong>Tarieven parkeren parkeergarage Byzantium</strong></p>\r\n\r\n<p>20 minuten of een gedeelte hiervan&nbsp;&nbsp;&nbsp;&euro; 2,00</p>\r\n\r\n<p>Maximaal dagtarief &euro;68,00<br />\r\n&nbsp;</p>\r\n\r\n<p>Parkeren bij Qpark: er zijn twee parkeermogelijkheden gemaakt bij het Weesperplein: afslag 112, Wibautstraat doorrijden, vlak voor de Mauritskade naar links of naar rechts voor de parking. Vanaf daar kun je op het Weesperplein tram 1 nemen richting Leidseplein (&plusmn; 15 minuten). Kosten zijn 4 euro per uur met een maximum van 30 euro per dag. Het dagtarief op zaterdag en zondag is 10 euro.</p>\r\n\r\n<p><strong>P+R Locaties rond Amsterdam</strong></p>\r\n\r\n<p>Je kunt goedkoop parkeren op een P+R-locatie aan de rand van de stad. Vanaf deze locaties reis je makkelijk met het openbaar vervoer naar het centrumgebied van Amsterdam. Op de website van gemeente Amsterdam vind je&nbsp;<a href=\"https://www.amsterdam.nl/parkeren-verkeer/parkeren-reizen/\" target=\"_blank\">alle Parkeren + Reizen (P+R) locaties.</a></p>\r\n\r\n<h2>Bij staking openbaar vervoer</h2>\r\n\r\n<p>Het komt in Nederland weleens voor dat het openbaar vervoer staakt. Wat te doen bij een staking van openbaar vervoer? Heb je die dag een cursus op onze locatie aan het Leidseplein in Amsterdam? Dan raden we je aan om van te voren te bekijken welk effect deze staking heeft op je reis. Een staking van het openbaar vervoer valt buiten onze sfeer van invloed. Waar mogelijk denken we wel mee met docenten en cursisten, om de gevolgen voor de cursus of opleiding van een staking, zoveel mogelijk te beperken.</p>\r\n\r\n<h2><strong>Persoonlijke routebeschrijving</strong></h2>\r\n\r\n<p>Bekijk de locatie van RINO amsterdam in&nbsp;<a href=\"https://www.google.nl/maps/place/RINO+Amsterdam/@52.3642273,4.8813713,17z/data=!3m1!4b1!4m5!3m4!1s0x47c609e8f9e78e9f:0xf2840fef61dbb633!8m2!3d52.364224!4d4.88356?shorturl=1\" target=\"_blank\">Google maps</a>&nbsp;en maak een persoonlijke routebeschrijving</p>\r\n\r\n<h2><strong>Gerelateerde links</strong></h2>\r\n\r\n<ul>\r\n\t<li><a href=\"https://9292.nl/\" target=\"_blank\">reiswijzer van het openbaarvervoer</a></li>\r\n\t<li><a href=\"https://www.ns.nl/\" target=\"_blank\">de Nederlandse Spoorwegen</a></li>\r\n\t<li>&nbsp;</li>\r\n</ul>\r\n","Route_Omschrijving__label":"Routeomschrijving","Beeld":"","Beeld_resizetype":"2","Beeld_resizeheight":"276","Beeld_resizewidth":"688","Beeld_random":"Y","Beeld_width":"","Beeld_height":"","Beeld_path":"/uploads/locaties/"}}}
{"ts":"2026-03-01T16:58:44.681","level":"debug","req":"24dce4a2","msg":"SAVE: POST keys","ctx":{"keys":["action","jsonForm","ID","actie","_changelog","_changelog_flds","_changelog_type","_changelog_email","_changelog_user","_changelog_form","_changelog_formname","_changelog_copy","_changelog_copy_id","required","__fully_loaded","Naam","Adres","Postcode","Plaats","Geocode","Route_Omschrijving","Route_Omschrijving__label","Beeld","Beeld_resizetype","Beeld_resizeheight","Beeld_resizewidth","Beeld_random","Beeld_width","Beeld_height","Beeld_path"]}}
{"ts":"2026-03-01T16:58:44.682","level":"debug","req":"24dce4a2","msg":"SAVE: userLevel NOT in POST"}
{"ts":"2026-03-01T16:58:44.683","level":"debug","req":"24dce4a2","msg":"SAVE changelog data","ctx":{"keys":["_changelog","_changelog_flds","_changelog_type","_changelog_email","_changelog_user","_changelog_form","_changelog_formname","_changelog_copy","_changelog_copy_id"],"changelogLength":619,"changelogPreview":"<table cellspacing=\"0\" cellpadding=\"3\"><tr><th style=\"font-size:10pt;background-color:#002350;color:white;text-align:left\">Veld</th><th style=\"font-size:10pt;background-color:#002350;color:white;text-"}}
{"ts":"2026-03-01T16:58:44.685","level":"debug","req":"24dce4a2","msg":"SAVE: Valid fields","ctx":{"fields":["naam","adres","postcode","plaats","geocode","route_omschrijving","beeld"]}}
{"ts":"2026-03-01T16:58:44.685","level":"debug","req":"24dce4a2","msg":"SAVE: Received data keys","ctx":{"keys":["actie","required","Naam","Adres","Postcode","Plaats","Geocode","Route_Omschrijving","Route_Omschrijving__label","Beeld","Beeld_resizetype","Beeld_resizeheight","Beeld_resizewidth","Beeld_random","Beeld_width","Beeld_height","Beeld_path"]}}
{"ts":"2026-03-01T16:58:44.686","level":"debug","req":"24dce4a2","msg":"SAVE: userEmail NOT in received data"}
{"ts":"2026-03-01T16:58:44.687","level":"debug","req":"24dce4a2","msg":"SAVE: SQL","ctx":{"sql":"UPDATE [tblLocaties] SET [Naam] = 'RINO amsterdams', [Adres] = 'Leidseplein 5a', [Postcode] = '1017PR', [Plaats] = 'Amsterdam', [Geocode] = '52.363214,4.8802003', [Route_Omschrijving] = '<h2><strong>Op de fiets?</strong></h2>\r\n\r\n<p>Als je in amsterdam woont is de fiets een geschikt vervoersmiddel om naar onze lesloactie te komen. Let daarbij wel op, want er gelden strenge regels voor het parkeren van uw fiets. Parkeren kan alleen in de daartoe aangegeven vakken en in de&nbsp;<a href=\"https://www.amsterdam.nl/parkeren-verkeer/fiets/parkeren/leidseplein/\" target=\"_blank\">fietsparkeerplaats onder het Leidseplein</a>. Fout geparkeerde fietsen worden bij controles weggehaald en opgeslagen in het fietsdepot enkele kilometers verderop, waar je jouw fiets kunt ophalen...<br />\r\n&nbsp;</p>\r\n\r\n<h2><strong>Met het openbaar vervoer</strong></h2>\r\n\r\n<ul>\r\n\t<li>Vanaf Centraal Station brengen de trams 2, 12<strong>&nbsp;</strong>en 11 je binnen 15 minuten naar het Leidseplein.\r\n\r\n\t<ul>\r\n\t\t<li>Een alternatief is om met de Noord/Zuidlijn vanaf Centraal Station naar de Vijzelgracht te reizen en vanaf daar tram 7, 1 of 19 naar het Leidseplein te nemen.</li>\r\n\t</ul>\r\n\t</li>\r\n\t<li>Vanaf Station Lelylaan reis je met tram 1 naar het Leidseplein (&plusmn; 15 minuten).</li>\r\n\t<li>Vanaf Amstelstation kun je de metro nemen naar het Weesperplein. Vanaf daar rijden de trams&nbsp;7, 1 of 19 naar het Leidseplein (&plusmn; 15 minuten).</li>\r\n\t<li>Vanaf Station Duivendrecht kun je de metro nemen naar het Weesperplein. Vanaf daar rijden de trams&nbsp;7, 1 of 19 naar het Leidseplein (&plusmn; 15 minuten).<br />\r\n\t&nbsp;</li>\r\n</ul>\r\n\r\n<h2><strong>Met de auto</strong></h2>\r\n\r\n<p>Op de ringweg Amsterdam A10 afslag S106 (Osdorp) nemen. Bij de stoplichten richting centrum. Weg volgen, verkeersplein (Surinameplein) recht oversteken. Op de brug bij de stoplichten naar links de Overtoom op. Weg volgen, aan het einde rechtsaf. Eerste mogelijkheid naar rechts: parkeergarage Byzantium (Tesselschadestraat 1). Vanaf daar loop je in 2 minuten naar het Leidseplein.</p>\r\n\r\n<p><strong>Tarieven parkeren parkeergarage Byzantium</strong></p>\r\n\r\n<p>20 minuten of een gedeelte hiervan&nbsp;&nbsp;&nbsp;&euro; 2,00</p>\r\n\r\n<p>Maximaal dagtarief &euro;68,00<br />\r\n&nbsp;</p>\r\n\r\n<p>Parkeren bij Qpark: er zijn twee parkeermogelijkheden gemaakt bij het Weesperplein: afslag 112, Wibautstraat doorrijden, vlak voor de Mauritskade naar links of naar rechts voor de parking. Vanaf daar kun je op het Weesperplein tram 1 nemen richting Leidseplein (&plusmn; 15 minuten). Kosten zijn 4 euro per uur met een maximum van 30 euro per dag. Het dagtarief op zaterdag en zondag is 10 euro.</p>\r\n\r\n<p><strong>P+R Locaties rond Amsterdam</strong></p>\r\n\r\n<p>Je kunt goedkoop parkeren op een P+R-locatie aan de rand van de stad. Vanaf deze locaties reis je makkelijk met het openbaar vervoer naar het centrumgebied van Amsterdam. Op de website van gemeente Amsterdam vind je&nbsp;<a href=\"https://www.amsterdam.nl/parkeren-verkeer/parkeren-reizen/\" target=\"_blank\">alle Parkeren + Reizen (P+R) locaties.</a></p>\r\n\r\n<h2>Bij staking openbaar vervoer</h2>\r\n\r\n<p>Het komt in Nederland weleens voor dat het openbaar vervoer staakt. Wat te doen bij een staking van openbaar vervoer? Heb je die dag een cursus op onze locatie aan het Leidseplein in Amsterdam? Dan raden we je aan om van te voren te bekijken welk effect deze staking heeft op je reis. Een staking van het openbaar vervoer valt buiten onze sfeer van invloed. Waar mogelijk denken we wel mee met docenten en cursisten, om de gevolgen voor de cursus of opleiding van een staking, zoveel mogelijk te beperken.</p>\r\n\r\n<h2><strong>Persoonlijke routebeschrijving</strong></h2>\r\n\r\n<p>Bekijk de locatie van RINO amsterdam in&nbsp;<a href=\"https://www.google.nl/maps/place/RINO+Amsterdam/@52.3642273,4.8813713,17z/data=!3m1!4b1!4m5!3m4!1s0x47c609e8f9e78e9f:0xf2840fef61dbb633!8m2!3d52.364224!4d4.88356?shorturl=1\" target=\"_blank\">Google maps</a>&nbsp;en maak een persoonlijke routebeschrijving</p>\r\n\r\n<h2><strong>Gerelateerde links</strong></h2>\r\n\r\n<ul>\r\n\t<li><a href=\"https://9292.nl/\" target=\"_blank\">reiswijzer van het openbaarvervoer</a></li>\r\n\t<li><a href=\"https://www.ns.nl/\" target=\"_blank\">de Nederlandse Spoorwegen</a></li>\r\n\t<li>&nbsp;</li>\r\n</ul>', [Beeld] = NULL WHERE [ID] = 1"}}
{"ts":"2026-03-01T16:58:44.700","level":"debug","req":"24dce4a2","msg":"SAVE: Rows affected","ctx":{"count":1}}
{"ts":"2026-03-01T16:58:44.701","level":"debug","req":"24dce4a2","msg":"SAVE: Skipping verification for Access","ctx":{"id":"1"}}
{"ts":"2026-03-01T16:58:44.701","level":"debug","req":"24dce4a2","msg":"logMonitoring START","ctx":{"form":"locaties","action":"edit","recordId":"1"}}
{"ts":"2026-03-01T16:58:44.702","level":"debug","req":"24dce4a2","msg":"logMonitoring: username=Diederik Stenvers"}
{"ts":"2026-03-01T16:58:44.703","level":"debug","req":"24dce4a2","msg":"logMonitoring: changelog_length=619"}
{"ts":"2026-03-01T16:58:44.703","level":"debug","req":"24dce4a2","msg":"logMonitoring: notification_length=723"}
{"ts":"2026-03-01T16:58:44.704","level":"debug","req":"24dce4a2","msg":"logMonitoring: Executing INSERT","ctx":{"sqlLength":890}}
{"ts":"2026-03-01T16:58:44.723","level":"debug","req":"24dce4a2","msg":"logMonitoring: INSERT successful"}
{"ts":"2026-03-01T16:58:44.724","level":"debug","req":"24dce4a2","msg":"logMonitoring END"}
{"ts":"2026-03-01T16:58:45.006","level":"debug","req":"62bbe45c","msg":"getRowHtml: RESULT","ctx":{"htmlLength":387,"totalTds":5,"emptyTds":0,"htmlPreview":"<tr class=\"listrow\" data-id=\"1\"><td data-field=\"Naam\" data-type=\"text\"><span class=\"row-menu-trigger\" data-id=\"1\">&#8942;</span>RINO amsterdams</td><td data-field=\"Adres\" data-type=\"text\">Leidseplein 5a</td><td data-field=\"Postcode\" data-type=\"text\">1017PR</td><td data-field=\"Plaats\" data-type=\"text\">Amsterdam</td><td data-field=\"Geocode\" data-type=\"text\">52.363214,4.8802003</td></tr>"}}
{"ts":"2026-03-01T16:58:45.007","level":"debug","req":"62bbe45c","msg":"form_api: JSON output","ctx":{"bytes":1180}}
{"ts":"2026-03-01T16:58:52.649","level":"debug","req":"f342aa1c","msg":"form_api: JSON output","ctx":{"bytes":208270}}
