{"ts":"2026-01-26T08:24:36.769","level":"debug","req":"28609c17","msg":"form_api: JSON output","ctx":{"bytes":39247}}
{"ts":"2026-01-26T08:24:37.121","level":"debug","req":"16d1a81e","msg":"form_api: JSON output","ctx":{"bytes":39245}}
{"ts":"2026-01-26T08:24:50.637","level":"debug","req":"cd0ce8b9","msg":"form_api: JSON output","ctx":{"bytes":73882}}
{"ts":"2026-01-26T08:24:50.974","level":"debug","req":"9c8c1402","msg":"form_api: JSON output","ctx":{"bytes":4898}}
{"ts":"2026-01-26T08:24:51.269","level":"debug","req":"fe061c2e","msg":"form_api: JSON output","ctx":{"bytes":4898}}
{"ts":"2026-01-26T08:24:51.494","level":"debug","req":"002d6e9f","msg":"form_api: JSON output","ctx":{"bytes":73882}}
{"ts":"2026-01-26T08:24:52.558","level":"debug","req":"c7a3ca7d","msg":"form_api: JSON output","ctx":{"bytes":2832}}
{"ts":"2026-01-26T08:28:46.089","level":"debug","req":"91efacd5","msg":"form_api: JSON output","ctx":{"bytes":1970}}
{"ts":"2026-01-26T08:33:24.382","level":"debug","req":"844eed4b","msg":"form_api: JSON output","ctx":{"bytes":241388}}
{"ts":"2026-01-26T08:50:42.009","level":"debug","req":"52e03913","msg":"form_api: JSON output","ctx":{"bytes":1970}}
{"ts":"2026-01-26T09:45:56.463","level":"debug","req":"0ffe0fad","msg":"form_api: JSON output","ctx":{"bytes":241390}}
{"ts":"2026-01-26T09:49:32.986","level":"debug","req":"f23d22a7","msg":"form_api: JSON output","ctx":{"bytes":241390}}
{"ts":"2026-01-26T09:49:46.887","level":"debug","req":"63f08d3b","msg":"form_api: JSON output","ctx":{"bytes":238982}}
{"ts":"2026-01-26T09:55:02.070","level":"debug","req":"c98886d7","msg":"form_api: JSON output","ctx":{"bytes":241390}}
{"ts":"2026-01-26T09:56:24.767","level":"debug","req":"1fde82f4","msg":"form_api: JSON output","ctx":{"bytes":5471}}
{"ts":"2026-01-26T09:56:29.750","level":"debug","req":"6f0eb8ed","msg":"form_api: JSON output","ctx":{"bytes":4032}}
{"ts":"2026-01-26T09:56:31.388","level":"debug","req":"982a14cf","msg":"form_api: JSON output","ctx":{"bytes":5469}}
{"ts":"2026-01-26T09:56:47.674","level":"debug","req":"f9ef965e","msg":"logMonitoring START","ctx":{"form":"contentblocks","action":"delete","recordId":"C74"}}
{"ts":"2026-01-26T09:56:47.676","level":"debug","req":"f9ef965e","msg":"logMonitoring: username=Diederik Stenvers"}
{"ts":"2026-01-26T09:56:47.676","level":"debug","req":"f9ef965e","msg":"logMonitoring: changelog_length=0"}
{"ts":"2026-01-26T09:56:47.677","level":"debug","req":"f9ef965e","msg":"logMonitoring: notification_length=106"}
{"ts":"2026-01-26T09:56:47.678","level":"debug","req":"f9ef965e","msg":"logMonitoring: Executing INSERT","ctx":{"sqlLength":289}}
{"ts":"2026-01-26T09:56:47.687","level":"debug","req":"f9ef965e","msg":"logMonitoring: INSERT successful"}
{"ts":"2026-01-26T09:56:47.688","level":"debug","req":"f9ef965e","msg":"logMonitoring END"}
{"ts":"2026-01-26T09:56:52.240","level":"debug","req":"685121bc","msg":"form_api: JSON output","ctx":{"bytes":4032}}
{"ts":"2026-01-26T09:56:52.776","level":"debug","req":"4ec7fad0","msg":"form_api: JSON output","ctx":{"bytes":5125}}
{"ts":"2026-01-26T09:59:25.333","level":"debug","req":"7b141e37","msg":"form_api: JSON output","ctx":{"bytes":5125}}
{"ts":"2026-01-26T11:17:51.903","level":"debug","req":"31674bb2","msg":"form_api: JSON output","ctx":{"bytes":4032}}
{"ts":"2026-01-26T11:17:58.085","level":"debug","req":"b8e3391b","msg":"form_api: JSON output","ctx":{"bytes":4898}}
{"ts":"2026-01-26T11:17:58.481","level":"debug","req":"2a7034e4","msg":"form_api: JSON output","ctx":{"bytes":4898}}
{"ts":"2026-01-26T11:17:59.490","level":"debug","req":"724c1e75","msg":"form_api: JSON output","ctx":{"bytes":73884}}
{"ts":"2026-01-26T11:17:59.739","level":"debug","req":"30c5d79e","msg":"form_api: JSON output","ctx":{"bytes":73882}}
{"ts":"2026-01-26T11:18:01.246","level":"debug","req":"70577ea2","msg":"form_api: JSON output","ctx":{"bytes":2809}}
{"ts":"2026-01-26T11:18:02.179","level":"debug","req":"3a60afb5","msg":"form_api: JSON output","ctx":{"bytes":4898}}
{"ts":"2026-01-26T11:18:02.461","level":"debug","req":"c4d8d2f7","msg":"form_api: JSON output","ctx":{"bytes":2809}}
{"ts":"2026-01-26T11:18:02.773","level":"debug","req":"46827307","msg":"form_api: JSON output","ctx":{"bytes":10982}}
{"ts":"2026-01-26T11:18:03.377","level":"debug","req":"a8ac2cc1","msg":"form_api: JSON output","ctx":{"bytes":15374}}
{"ts":"2026-01-26T11:18:06.405","level":"debug","req":"c59e3467","msg":"form_api: JSON output","ctx":{"bytes":2735}}
{"ts":"2026-01-26T11:18:07.441","level":"debug","req":"d948786f","msg":"form_api: JSON output","ctx":{"bytes":4898}}
{"ts":"2026-01-26T11:18:07.742","level":"debug","req":"22d7cedd","msg":"form_api: JSON output","ctx":{"bytes":2735}}
{"ts":"2026-01-26T11:18:08.061","level":"debug","req":"68039dfa","msg":"form_api: JSON output","ctx":{"bytes":10746}}
{"ts":"2026-01-26T11:18:08.692","level":"debug","req":"c3518c32","msg":"form_api: JSON output","ctx":{"bytes":12286}}
{"ts":"2026-01-26T11:18:12.336","level":"debug","req":"f6521807","msg":"form_api: JSON output","ctx":{"bytes":2733}}
{"ts":"2026-01-26T11:18:13.353","level":"debug","req":"d92b65ec","msg":"form_api: JSON output","ctx":{"bytes":4898}}
{"ts":"2026-01-26T11:18:13.643","level":"debug","req":"0e6d634b","msg":"form_api: JSON output","ctx":{"bytes":2733}}
{"ts":"2026-01-26T11:18:14.013","level":"debug","req":"84283062","msg":"form_api: JSON output","ctx":{"bytes":9051}}
{"ts":"2026-01-26T11:18:14.600","level":"debug","req":"3b683833","msg":"form_api: JSON output","ctx":{"bytes":17398}}
{"ts":"2026-01-26T11:18:15.988","level":"debug","req":"676d1920","msg":"form_api: JSON output","ctx":{"bytes":2733}}
{"ts":"2026-01-26T11:18:17.143","level":"debug","req":"218fc625","msg":"form_api: JSON output","ctx":{"bytes":4898}}
{"ts":"2026-01-26T11:18:17.442","level":"debug","req":"7afc3e51","msg":"form_api: JSON output","ctx":{"bytes":2733}}
{"ts":"2026-01-26T11:18:17.870","level":"debug","req":"ce63e2fe","msg":"form_api: JSON output","ctx":{"bytes":9911}}
{"ts":"2026-01-26T11:18:18.484","level":"debug","req":"e45f1be9","msg":"form_api: JSON output","ctx":{"bytes":16213}}
{"ts":"2026-01-26T11:26:50.028","level":"debug","req":"3847d549","msg":"form_api: JSON output","ctx":{"bytes":4898}}
{"ts":"2026-01-26T11:26:50.269","level":"debug","req":"b6c6f66a","msg":"form_api: JSON output","ctx":{"bytes":73882}}
{"ts":"2026-01-26T11:26:50.582","level":"debug","req":"152ad456","msg":"form_api: JSON output","ctx":{"bytes":4898}}
{"ts":"2026-01-26T11:26:50.835","level":"debug","req":"76e90d2f","msg":"form_api: JSON output","ctx":{"bytes":73882}}
{"ts":"2026-01-26T11:26:51.903","level":"debug","req":"eca4ac97","msg":"form_api: JSON output","ctx":{"bytes":2728}}
{"ts":"2026-01-26T11:26:53.189","level":"debug","req":"bce0acf8","msg":"form_api: JSON output","ctx":{"bytes":4898}}
{"ts":"2026-01-26T11:26:53.460","level":"debug","req":"eb0ae227","msg":"form_api: JSON output","ctx":{"bytes":2728}}
{"ts":"2026-01-26T11:26:53.809","level":"debug","req":"9f946d4a","msg":"form_api: JSON output","ctx":{"bytes":11469}}
{"ts":"2026-01-26T11:26:54.337","level":"debug","req":"375679be","msg":"form_api: JSON output","ctx":{"bytes":22151}}
{"ts":"2026-01-26T14:28:40.849","level":"debug","req":"560ca711","msg":"form_api: JSON output","ctx":{"bytes":5125}}
{"ts":"2026-01-26T14:51:22.234","level":"debug","req":"6346eb0b","msg":"form_api: JSON output","ctx":{"bytes":4032}}
{"ts":"2026-01-26T14:51:41.182","level":"debug","req":"479534dd","msg":"form_api: JSON output","ctx":{"bytes":4032}}
{"ts":"2026-01-26T15:23:31.318","level":"debug","req":"8ea772cf","msg":"form_api: JSON output","ctx":{"bytes":12463}}
{"ts":"2026-01-26T15:23:33.685","level":"debug","req":"063399f3","msg":"form_api: JSON output","ctx":{"bytes":1087}}
{"ts":"2026-01-26T15:23:33.935","level":"debug","req":"c23c3df4","msg":"form_api: JSON output","ctx":{"bytes":16883}}
{"ts":"2026-01-26T15:23:34.172","level":"debug","req":"d220b9a6","msg":"form_api: JSON output","ctx":{"bytes":12024}}
{"ts":"2026-01-26T15:23:35.694","level":"debug","req":"b7ba4d35","msg":"form_api: JSON output","ctx":{"bytes":12463}}
{"ts":"2026-01-26T15:23:37.363","level":"debug","req":"76ef60f2","msg":"form_api: JSON output","ctx":{"bytes":12463}}
{"ts":"2026-01-26T15:23:37.626","level":"debug","req":"2e62cfa6","msg":"form_api: JSON output","ctx":{"bytes":15964}}
{"ts":"2026-01-26T15:23:38.013","level":"debug","req":"76cabdaa","msg":"form_api: JSON output","ctx":{"bytes":15964}}
{"ts":"2026-01-26T15:23:38.265","level":"debug","req":"15af7ff9","msg":"form_api: JSON output","ctx":{"bytes":15964}}
{"ts":"2026-01-26T15:23:39.607","level":"debug","req":"4d170b45","msg":"form_api: JSON output","ctx":{"bytes":24808}}
{"ts":"2026-01-26T15:23:40.062","level":"debug","req":"c8baf23c","msg":"form_api: JSON output","ctx":{"bytes":7081}}
{"ts":"2026-01-26T15:23:41.059","level":"debug","req":"5d03fe44","msg":"form_api: JSON output","ctx":{"bytes":39653}}
{"ts":"2026-01-26T15:23:42.984","level":"debug","req":"ad91fbef","msg":"form_api: JSON output","ctx":{"bytes":12463}}
{"ts":"2026-01-26T15:23:43.343","level":"debug","req":"ce4a574c","msg":"form_api: JSON output","ctx":{"bytes":8632}}
{"ts":"2026-01-26T15:23:44.350","level":"debug","req":"7e2c3a6b","msg":"form_api: JSON output","ctx":{"bytes":12463}}
{"ts":"2026-01-26T15:23:45.198","level":"debug","req":"998e6dbc","msg":"form_api: JSON output","ctx":{"bytes":16883}}
{"ts":"2026-01-26T15:23:45.428","level":"debug","req":"87bfab10","msg":"form_api: JSON output","ctx":{"bytes":16883}}
{"ts":"2026-01-26T15:23:46.468","level":"debug","req":"e7fd7660","msg":"form_api: JSON output","ctx":{"bytes":16883}}
{"ts":"2026-01-26T15:23:46.702","level":"debug","req":"979ae2c1","msg":"form_api: JSON output","ctx":{"bytes":16883}}
{"ts":"2026-01-26T15:23:46.939","level":"debug","req":"59f96267","msg":"form_api: JSON output","ctx":{"bytes":16883}}
{"ts":"2026-01-26T15:23:47.155","level":"debug","req":"80f9b909","msg":"form_api: JSON output","ctx":{"bytes":16883}}
{"ts":"2026-01-26T15:23:47.387","level":"debug","req":"e0273312","msg":"form_api: JSON output","ctx":{"bytes":16883}}
{"ts":"2026-01-26T15:23:47.954","level":"debug","req":"7fe7b17a","msg":"form_api: JSON output","ctx":{"bytes":16883}}
{"ts":"2026-01-26T15:23:48.176","level":"debug","req":"6cc8f410","msg":"form_api: JSON output","ctx":{"bytes":12463}}
{"ts":"2026-01-26T15:23:48.394","level":"debug","req":"e53176dc","msg":"form_api: JSON output","ctx":{"bytes":12463}}
{"ts":"2026-01-26T15:23:48.769","level":"debug","req":"36ed66ff","msg":"form_api: JSON output","ctx":{"bytes":16883}}
{"ts":"2026-01-26T15:23:48.998","level":"debug","req":"e9627df0","msg":"form_api: JSON output","ctx":{"bytes":16883}}
{"ts":"2026-01-26T15:23:49.881","level":"debug","req":"a941c484","msg":"form_api: JSON output","ctx":{"bytes":63434}}
{"ts":"2026-01-26T15:23:50.112","level":"debug","req":"97e51990","msg":"form_api: JSON output","ctx":{"bytes":16883}}
{"ts":"2026-01-26T15:23:51.112","level":"debug","req":"d9242180","msg":"form_api: JSON output","ctx":{"bytes":2479}}
{"ts":"2026-01-26T15:23:51.328","level":"debug","req":"f307034c","msg":"form_api: JSON output","ctx":{"bytes":2479}}
{"ts":"2026-01-26T15:23:51.544","level":"debug","req":"7a2794cd","msg":"form_api: JSON output","ctx":{"bytes":12463}}
{"ts":"2026-01-26T15:23:51.757","level":"debug","req":"6a861cd0","msg":"form_api: JSON output","ctx":{"bytes":1103}}
{"ts":"2026-01-26T15:23:54.181","level":"debug","req":"40923a2a","msg":"form_api: JSON output","ctx":{"bytes":16883}}
{"ts":"2026-01-26T15:23:54.405","level":"debug","req":"3f14ac5f","msg":"form_api: JSON output","ctx":{"bytes":12024}}
{"ts":"2026-01-26T15:23:54.847","level":"debug","req":"e595c5fd","msg":"form_api: JSON output","ctx":{"bytes":6448}}
{"ts":"2026-01-26T15:23:55.063","level":"debug","req":"c37c457f","msg":"form_api: JSON output","ctx":{"bytes":1087}}
{"ts":"2026-01-26T15:23:55.864","level":"debug","req":"948883d1","msg":"form_api: JSON output","ctx":{"bytes":1815}}
{"ts":"2026-01-26T15:23:56.819","level":"debug","req":"f3c97691","msg":"form_api: JSON output","ctx":{"bytes":1087}}
{"ts":"2026-01-26T15:23:57.026","level":"debug","req":"d8e1b41c","msg":"form_api: JSON output","ctx":{"bytes":1087}}
{"ts":"2026-01-26T15:23:58.447","level":"debug","req":"738d16d6","msg":"form_api: JSON output","ctx":{"bytes":12463}}
{"ts":"2026-01-26T15:23:58.867","level":"debug","req":"63cefe96","msg":"form_api: JSON output","ctx":{"bytes":12463}}
{"ts":"2026-01-26T15:23:59.284","level":"debug","req":"f07754e0","msg":"form_api: JSON output","ctx":{"bytes":12463}}
{"ts":"2026-01-26T15:23:59.493","level":"debug","req":"6cf2d4d8","msg":"form_api: JSON output","ctx":{"bytes":12463}}
{"ts":"2026-01-26T15:24:00.285","level":"debug","req":"cb73e618","msg":"form_api: JSON output","ctx":{"bytes":12024}}
{"ts":"2026-01-26T15:24:00.460","level":"debug","req":"80e2ac5e","msg":"form_api: JSON output","ctx":{"bytes":2479}}
{"ts":"2026-01-26T15:24:00.703","level":"debug","req":"d41a1106","msg":"form_api: JSON output","ctx":{"bytes":12463}}
{"ts":"2026-01-26T15:24:00.930","level":"debug","req":"6c8fc67a","msg":"form_api: JSON output","ctx":{"bytes":16883}}
{"ts":"2026-01-26T15:24:01.148","level":"debug","req":"6383a90b","msg":"form_api: JSON output","ctx":{"bytes":12463}}
{"ts":"2026-01-26T15:24:01.362","level":"debug","req":"b89b49e2","msg":"form_api: JSON output","ctx":{"bytes":12463}}
{"ts":"2026-01-26T15:24:02.156","level":"debug","req":"203bd75e","msg":"form_api: JSON output","ctx":{"bytes":8632}}
{"ts":"2026-01-26T15:24:02.539","level":"debug","req":"54707b3a","msg":"form_api: JSON output","ctx":{"bytes":12024}}
{"ts":"2026-01-26T15:24:02.763","level":"debug","req":"12fa2b40","msg":"form_api: JSON output","ctx":{"bytes":12024}}
{"ts":"2026-01-26T15:24:02.976","level":"debug","req":"dac695f8","msg":"form_api: JSON output","ctx":{"bytes":12463}}
{"ts":"2026-01-26T15:24:03.383","level":"debug","req":"bf68c82c","msg":"form_api: JSON output","ctx":{"bytes":8632}}
{"ts":"2026-01-26T15:24:03.591","level":"debug","req":"99d6cd39","msg":"form_api: JSON output","ctx":{"bytes":6448}}
{"ts":"2026-01-26T15:24:04.211","level":"debug","req":"5741992b","msg":"form_api: JSON output","ctx":{"bytes":1103}}
{"ts":"2026-01-26T15:24:04.732","level":"debug","req":"884ea758","msg":"form_api: JSON output","ctx":{"bytes":39653}}
{"ts":"2026-01-26T15:24:05.256","level":"debug","req":"7afc033f","msg":"form_api: JSON output","ctx":{"bytes":1087}}
{"ts":"2026-01-26T15:24:05.465","level":"debug","req":"223cb187","msg":"form_api: JSON output","ctx":{"bytes":1087}}
{"ts":"2026-01-26T15:24:06.086","level":"debug","req":"3e745ff9","msg":"form_api: JSON output","ctx":{"bytes":12463}}
{"ts":"2026-01-26T15:24:06.343","level":"debug","req":"b613df92","msg":"form_api: JSON output","ctx":{"bytes":45068}}
{"ts":"2026-01-26T15:24:06.630","level":"debug","req":"15ba80b7","msg":"form_api: JSON output","ctx":{"bytes":69480}}
{"ts":"2026-01-26T15:24:08.040","level":"debug","req":"d93a20d1","msg":"form_api: JSON output","ctx":{"bytes":16883}}
{"ts":"2026-01-26T15:24:08.618","level":"debug","req":"b69d3982","msg":"form_api: JSON output","ctx":{"bytes":1815}}
{"ts":"2026-01-26T15:24:09.036","level":"debug","req":"f9e513c4","msg":"form_api: JSON output","ctx":{"bytes":16883}}
{"ts":"2026-01-26T15:24:10.267","level":"debug","req":"91993416","msg":"form_api: JSON output","ctx":{"bytes":12463}}
{"ts":"2026-01-26T15:24:10.493","level":"debug","req":"930f6285","msg":"form_api: JSON output","ctx":{"bytes":16883}}
{"ts":"2026-01-26T15:24:10.717","level":"debug","req":"af04e230","msg":"form_api: JSON output","ctx":{"bytes":16883}}
{"ts":"2026-01-26T15:24:10.947","level":"debug","req":"8225d030","msg":"form_api: JSON output","ctx":{"bytes":16883}}
{"ts":"2026-01-26T15:24:11.344","level":"debug","req":"0f94428c","msg":"form_api: JSON output","ctx":{"bytes":16883}}
{"ts":"2026-01-26T15:24:11.719","level":"debug","req":"e97b4df0","msg":"form_api: JSON output","ctx":{"bytes":16883}}
{"ts":"2026-01-26T15:24:11.929","level":"debug","req":"bcc5abc6","msg":"form_api: JSON output","ctx":{"bytes":12463}}
{"ts":"2026-01-26T15:24:12.411","level":"debug","req":"c5745183","msg":"form_api: JSON output","ctx":{"bytes":51633}}
{"ts":"2026-01-26T15:24:12.640","level":"debug","req":"cf2f9341","msg":"form_api: JSON output","ctx":{"bytes":16883}}
{"ts":"2026-01-26T15:24:12.849","level":"debug","req":"ca926fe6","msg":"form_api: JSON output","ctx":{"bytes":16883}}
{"ts":"2026-01-26T15:24:13.077","level":"debug","req":"2cda273a","msg":"form_api: JSON output","ctx":{"bytes":16883}}
{"ts":"2026-01-26T15:24:13.300","level":"debug","req":"96a1c1fb","msg":"form_api: JSON output","ctx":{"bytes":16883}}
{"ts":"2026-01-26T15:24:13.882","level":"debug","req":"46374710","msg":"form_api: JSON output","ctx":{"bytes":69480}}
{"ts":"2026-01-26T15:24:14.086","level":"debug","req":"5c322fff","msg":"form_api: JSON output","ctx":{"bytes":16883}}
{"ts":"2026-01-26T15:24:15.831","level":"debug","req":"2a366f6b","msg":"form_api: JSON output","ctx":{"bytes":16883}}
{"ts":"2026-01-26T15:25:01.658","level":"debug","req":"13b750d9","msg":"form_api: JSON output","ctx":{"bytes":12463}}
{"ts":"2026-01-26T15:25:03.334","level":"debug","req":"47f33f63","msg":"form_api: JSON output","ctx":{"bytes":1087}}
{"ts":"2026-01-26T15:25:03.501","level":"debug","req":"7342fff7","msg":"form_api: JSON output","ctx":{"bytes":16883}}
{"ts":"2026-01-26T15:25:03.676","level":"debug","req":"b5973b36","msg":"form_api: JSON output","ctx":{"bytes":12024}}
{"ts":"2026-01-26T15:25:04.574","level":"debug","req":"69aee628","msg":"form_api: JSON output","ctx":{"bytes":12463}}
{"ts":"2026-01-26T15:25:05.850","level":"debug","req":"3c653124","msg":"form_api: JSON output","ctx":{"bytes":12463}}
{"ts":"2026-01-26T15:25:06.027","level":"debug","req":"ca4a36a6","msg":"form_api: JSON output","ctx":{"bytes":15964}}
{"ts":"2026-01-26T15:25:06.199","level":"debug","req":"06e8ac9f","msg":"form_api: JSON output","ctx":{"bytes":15964}}
{"ts":"2026-01-26T15:25:06.396","level":"debug","req":"b893005f","msg":"form_api: JSON output","ctx":{"bytes":15964}}
{"ts":"2026-01-26T15:25:07.581","level":"debug","req":"74464033","msg":"form_api: JSON output","ctx":{"bytes":24808}}
{"ts":"2026-01-26T15:25:07.908","level":"debug","req":"074b8894","msg":"form_api: JSON output","ctx":{"bytes":7081}}
{"ts":"2026-01-26T15:25:08.610","level":"debug","req":"2896f401","msg":"form_api: JSON output","ctx":{"bytes":39653}}
{"ts":"2026-01-26T15:25:10.012","level":"debug","req":"f79e6cf1","msg":"form_api: JSON output","ctx":{"bytes":12463}}
{"ts":"2026-01-26T15:25:10.172","level":"debug","req":"a7da2bca","msg":"form_api: JSON output","ctx":{"bytes":8632}}
{"ts":"2026-01-26T15:25:10.890","level":"debug","req":"99fb00a4","msg":"form_api: JSON output","ctx":{"bytes":12463}}
{"ts":"2026-01-26T15:25:11.513","level":"debug","req":"7a4ede9b","msg":"form_api: JSON output","ctx":{"bytes":16883}}
{"ts":"2026-01-26T15:25:11.693","level":"debug","req":"8380884e","msg":"form_api: JSON output","ctx":{"bytes":16883}}
{"ts":"2026-01-26T15:25:12.506","level":"debug","req":"fcdc9321","msg":"form_api: JSON output","ctx":{"bytes":16883}}
{"ts":"2026-01-26T15:25:13.607","level":"debug","req":"f24c0bc3","msg":"form_api: JSON output","ctx":{"bytes":16883}}
{"ts":"2026-01-26T15:25:13.748","level":"debug","req":"10f7246f","msg":"form_api: JSON output","ctx":{"bytes":16883}}
{"ts":"2026-01-26T15:25:13.923","level":"debug","req":"1bf7e245","msg":"form_api: JSON output","ctx":{"bytes":16883}}
{"ts":"2026-01-26T15:25:14.103","level":"debug","req":"945630e7","msg":"form_api: JSON output","ctx":{"bytes":16883}}
{"ts":"2026-01-26T15:25:14.403","level":"debug","req":"b217f196","msg":"form_api: JSON output","ctx":{"bytes":16883}}
{"ts":"2026-01-26T15:25:14.572","level":"debug","req":"ed8cbed6","msg":"form_api: JSON output","ctx":{"bytes":12463}}
{"ts":"2026-01-26T15:25:14.732","level":"debug","req":"6e95a8c5","msg":"form_api: JSON output","ctx":{"bytes":12463}}
{"ts":"2026-01-26T15:25:15.055","level":"debug","req":"f80effcf","msg":"form_api: JSON output","ctx":{"bytes":16883}}
{"ts":"2026-01-26T15:25:15.239","level":"debug","req":"81f5f102","msg":"form_api: JSON output","ctx":{"bytes":16883}}
{"ts":"2026-01-26T15:25:15.870","level":"debug","req":"bea91315","msg":"form_api: JSON output","ctx":{"bytes":63434}}
{"ts":"2026-01-26T15:25:16.038","level":"debug","req":"6f17344f","msg":"form_api: JSON output","ctx":{"bytes":16883}}
{"ts":"2026-01-26T15:25:16.880","level":"debug","req":"230b2d84","msg":"form_api: JSON output","ctx":{"bytes":2479}}
{"ts":"2026-01-26T15:25:17.040","level":"debug","req":"fd94f23d","msg":"form_api: JSON output","ctx":{"bytes":2479}}
{"ts":"2026-01-26T15:25:17.183","level":"debug","req":"cc610cec","msg":"form_api: JSON output","ctx":{"bytes":12463}}
{"ts":"2026-01-26T15:25:17.318","level":"debug","req":"73515c8d","msg":"form_api: JSON output","ctx":{"bytes":1103}}
{"ts":"2026-01-26T15:25:18.791","level":"debug","req":"52d385f8","msg":"form_api: JSON output","ctx":{"bytes":16883}}
{"ts":"2026-01-26T15:25:19.038","level":"debug","req":"424c4ded","msg":"form_api: JSON output","ctx":{"bytes":12024}}
{"ts":"2026-01-26T15:25:19.467","level":"debug","req":"f6ce083c","msg":"form_api: JSON output","ctx":{"bytes":6448}}
{"ts":"2026-01-26T15:25:19.668","level":"debug","req":"9df027d0","msg":"form_api: JSON output","ctx":{"bytes":1087}}
{"ts":"2026-01-26T15:25:20.315","level":"debug","req":"7fef77f8","msg":"form_api: JSON output","ctx":{"bytes":1815}}
{"ts":"2026-01-26T15:25:21.031","level":"debug","req":"466da755","msg":"form_api: JSON output","ctx":{"bytes":1087}}
{"ts":"2026-01-26T15:25:21.181","level":"debug","req":"3b2d9e5f","msg":"form_api: JSON output","ctx":{"bytes":1087}}
{"ts":"2026-01-26T15:25:22.518","level":"debug","req":"6237d7e6","msg":"form_api: JSON output","ctx":{"bytes":12463}}
{"ts":"2026-01-26T15:25:22.893","level":"debug","req":"71964ce0","msg":"form_api: JSON output","ctx":{"bytes":12463}}
{"ts":"2026-01-26T15:25:23.252","level":"debug","req":"276e48d1","msg":"form_api: JSON output","ctx":{"bytes":12463}}
{"ts":"2026-01-26T15:25:23.446","level":"debug","req":"a4358f85","msg":"form_api: JSON output","ctx":{"bytes":12463}}
{"ts":"2026-01-26T15:25:24.243","level":"debug","req":"13e47589","msg":"form_api: JSON output","ctx":{"bytes":12024}}
{"ts":"2026-01-26T15:25:24.451","level":"debug","req":"fc42bb75","msg":"form_api: JSON output","ctx":{"bytes":2479}}
{"ts":"2026-01-26T15:25:24.652","level":"debug","req":"01509222","msg":"form_api: JSON output","ctx":{"bytes":12463}}
{"ts":"2026-01-26T15:25:24.865","level":"debug","req":"e59ce277","msg":"form_api: JSON output","ctx":{"bytes":16883}}
{"ts":"2026-01-26T15:25:25.048","level":"debug","req":"8a989435","msg":"form_api: JSON output","ctx":{"bytes":12463}}
{"ts":"2026-01-26T15:25:25.241","level":"debug","req":"616de2b6","msg":"form_api: JSON output","ctx":{"bytes":12463}}
{"ts":"2026-01-26T15:25:26.075","level":"debug","req":"4aed5406","msg":"form_api: JSON output","ctx":{"bytes":8632}}
{"ts":"2026-01-26T15:25:26.485","level":"debug","req":"5b0dc577","msg":"form_api: JSON output","ctx":{"bytes":12024}}
{"ts":"2026-01-26T15:25:26.704","level":"debug","req":"169439af","msg":"form_api: JSON output","ctx":{"bytes":12024}}
{"ts":"2026-01-26T15:25:26.916","level":"debug","req":"61dfef5b","msg":"form_api: JSON output","ctx":{"bytes":12463}}
{"ts":"2026-01-26T15:25:27.351","level":"debug","req":"2f525dc3","msg":"form_api: JSON output","ctx":{"bytes":8632}}
{"ts":"2026-01-26T15:25:27.594","level":"debug","req":"cbbf7c49","msg":"form_api: JSON output","ctx":{"bytes":6448}}
{"ts":"2026-01-26T15:25:28.204","level":"debug","req":"0d6e0b5f","msg":"form_api: JSON output","ctx":{"bytes":1103}}
{"ts":"2026-01-26T15:25:28.728","level":"debug","req":"1d3ddd73","msg":"form_api: JSON output","ctx":{"bytes":39653}}
{"ts":"2026-01-26T15:25:29.130","level":"debug","req":"2544ac3a","msg":"form_api: JSON output","ctx":{"bytes":1087}}
{"ts":"2026-01-26T15:25:29.341","level":"debug","req":"faf4572e","msg":"form_api: JSON output","ctx":{"bytes":1087}}
{"ts":"2026-01-26T15:25:29.934","level":"debug","req":"09e96d9b","msg":"form_api: JSON output","ctx":{"bytes":12463}}
{"ts":"2026-01-26T15:25:30.178","level":"debug","req":"0e94f260","msg":"form_api: JSON output","ctx":{"bytes":45068}}
{"ts":"2026-01-26T15:25:30.454","level":"debug","req":"b3f4044b","msg":"form_api: JSON output","ctx":{"bytes":69480}}
{"ts":"2026-01-26T15:25:31.909","level":"debug","req":"2d255bbe","msg":"form_api: JSON output","ctx":{"bytes":16883}}
{"ts":"2026-01-26T15:25:32.537","level":"debug","req":"17eb49fb","msg":"form_api: JSON output","ctx":{"bytes":1815}}
{"ts":"2026-01-26T15:25:32.955","level":"debug","req":"af83385a","msg":"form_api: JSON output","ctx":{"bytes":16883}}
{"ts":"2026-01-26T15:25:34.115","level":"debug","req":"27bb248a","msg":"form_api: JSON output","ctx":{"bytes":12463}}
{"ts":"2026-01-26T15:25:34.327","level":"debug","req":"db26ed66","msg":"form_api: JSON output","ctx":{"bytes":16883}}
{"ts":"2026-01-26T15:25:34.543","level":"debug","req":"72c5b75e","msg":"form_api: JSON output","ctx":{"bytes":16883}}
{"ts":"2026-01-26T15:25:34.744","level":"debug","req":"e2621bb0","msg":"form_api: JSON output","ctx":{"bytes":16883}}
{"ts":"2026-01-26T15:25:35.168","level":"debug","req":"2b8ddf77","msg":"form_api: JSON output","ctx":{"bytes":16883}}
{"ts":"2026-01-26T15:25:35.599","level":"debug","req":"4e68cc90","msg":"form_api: JSON output","ctx":{"bytes":16883}}
{"ts":"2026-01-26T15:25:35.791","level":"debug","req":"f0b5b731","msg":"form_api: JSON output","ctx":{"bytes":12463}}
{"ts":"2026-01-26T15:25:36.283","level":"debug","req":"ada4d041","msg":"form_api: JSON output","ctx":{"bytes":51633}}
{"ts":"2026-01-26T15:25:36.520","level":"debug","req":"90ae6a51","msg":"form_api: JSON output","ctx":{"bytes":16883}}
{"ts":"2026-01-26T15:25:36.754","level":"debug","req":"d4fe1aab","msg":"form_api: JSON output","ctx":{"bytes":16883}}
{"ts":"2026-01-26T15:25:36.982","level":"debug","req":"3ee21681","msg":"form_api: JSON output","ctx":{"bytes":16883}}
{"ts":"2026-01-26T15:25:37.228","level":"debug","req":"b976a346","msg":"form_api: JSON output","ctx":{"bytes":16883}}
{"ts":"2026-01-26T15:25:37.724","level":"debug","req":"a3c87c71","msg":"form_api: JSON output","ctx":{"bytes":69480}}
{"ts":"2026-01-26T15:25:37.966","level":"debug","req":"9382a934","msg":"form_api: JSON output","ctx":{"bytes":16883}}
{"ts":"2026-01-26T15:25:39.797","level":"debug","req":"964fa127","msg":"form_api: JSON output","ctx":{"bytes":16883}}
{"ts":"2026-01-26T16:38:15.491","level":"debug","req":"b0b699e0","msg":"form_api: JSON output","ctx":{"bytes":4898}}
{"ts":"2026-01-26T16:38:15.859","level":"debug","req":"c0f2be59","msg":"form_api: JSON output","ctx":{"bytes":73884}}
{"ts":"2026-01-26T16:38:16.332","level":"debug","req":"f7cbb669","msg":"form_api: JSON output","ctx":{"bytes":4898}}
{"ts":"2026-01-26T16:38:16.590","level":"debug","req":"c4945a3a","msg":"form_api: JSON output","ctx":{"bytes":73882}}
{"ts":"2026-01-26T16:38:18.561","level":"debug","req":"8c9e3452","msg":"form_api: JSON output","ctx":{"bytes":127511}}
{"ts":"2026-01-26T16:38:18.963","level":"debug","req":"a2e4e376","msg":"form_api: JSON output","ctx":{"bytes":194272}}
{"ts":"2026-01-26T16:38:19.337","level":"debug","req":"6ba3c864","msg":"form_api: JSON output","ctx":{"bytes":127511}}
{"ts":"2026-01-26T16:38:19.667","level":"debug","req":"ad697055","msg":"form_api: JSON output","ctx":{"bytes":194272}}
